2025-05-06 10:38:58,097 - sim - INFO - Namespace(checkpoint='work_dirs/tga_tpi_boxbath/epoch_1.pth', config='configs/tga/tga_abs_boxbath.py', debug=0, device='cuda:0', tar_rollout=-1, val_rollout=-1, work_dir='predict/tga_tpi_boxbath')
2025-05-06 10:38:58,221 - sim - INFO - Number of parameters: 873633
2025-05-06 10:38:58,221 - sim - INFO - Loading network from work_dirs/tga_tpi_boxbath/epoch_1.pth
2025-05-06 10:38:59,690 - sim - INFO - Rollout 0 / 300
2025-05-06 10:39:13,736 - sim - INFO - Step 10 / 150: time per frame 0.205328
2025-05-06 10:39:15,146 - sim - INFO - Step 20 / 150: time per frame 0.130628
2025-05-06 10:39:16,820 - sim - INFO - Step 30 / 150: time per frame 0.114607
2025-05-06 10:39:18,866 - sim - INFO - Step 40 / 150: time per frame 0.109262
2025-05-06 10:39:20,509 - sim - INFO - Step 50 / 150: time per frame 0.103557
2025-05-06 10:39:22,360 - sim - INFO - Step 60 / 150: time per frame 0.100499
2025-05-06 10:39:24,127 - sim - INFO - Step 70 / 150: time per frame 0.099440
2025-05-06 10:39:25,727 - sim - INFO - Step 80 / 150: time per frame 0.097156
2025-05-06 10:39:27,358 - sim - INFO - Step 90 / 150: time per frame 0.095508
2025-05-06 10:39:28,813 - sim - INFO - Step 100 / 150: time per frame 0.093324
2025-05-06 10:39:30,634 - sim - INFO - Step 110 / 150: time per frame 0.094026
2025-05-06 10:39:32,346 - sim - INFO - Step 120 / 150: time per frame 0.093859
2025-05-06 10:39:33,906 - sim - INFO - Step 130 / 150: time per frame 0.092501
2025-05-06 10:39:35,279 - sim - INFO - Step 140 / 150: time per frame 0.090947
2025-05-06 10:39:36,566 - sim - INFO - MSE: 0.017002782962081152
2025-05-06 10:39:36,566 - sim - INFO - Materials MSE: 0.017344418695596976
2025-05-06 10:39:36,567 - sim - INFO - Time per frame: 0.0902196909930255
2025-05-06 10:39:36,576 - sim - INFO - Rollout 1 / 300
2025-05-06 10:39:49,753 - sim - INFO - Step 10 / 150: time per frame 0.083522
2025-05-06 10:39:51,270 - sim - INFO - Step 20 / 150: time per frame 0.081608
2025-05-06 10:39:52,860 - sim - INFO - Step 30 / 150: time per frame 0.082808
2025-05-06 10:39:54,535 - sim - INFO - Step 40 / 150: time per frame 0.084669
2025-05-06 10:39:56,187 - sim - INFO - Step 50 / 150: time per frame 0.083544
2025-05-06 10:39:58,131 - sim - INFO - Step 60 / 150: time per frame 0.085704
2025-05-06 10:39:59,657 - sim - INFO - Step 70 / 150: time per frame 0.083076
2025-05-06 10:40:01,673 - sim - INFO - Step 80 / 150: time per frame 0.085136
2025-05-06 10:40:03,552 - sim - INFO - Step 90 / 150: time per frame 0.085011
2025-05-06 10:40:05,452 - sim - INFO - Step 100 / 150: time per frame 0.084261
2025-05-06 10:40:07,885 - sim - INFO - Step 110 / 150: time per frame 0.085933
2025-05-06 10:40:09,732 - sim - INFO - Step 120 / 150: time per frame 0.086565
2025-05-06 10:40:11,396 - sim - INFO - Step 130 / 150: time per frame 0.087105
2025-05-06 10:40:13,307 - sim - INFO - Step 140 / 150: time per frame 0.088311
2025-05-06 10:40:14,817 - sim - INFO - MSE: 0.014916603650707393
2025-05-06 10:40:14,817 - sim - INFO - Materials MSE: 0.011056712114517125
2025-05-06 10:40:14,817 - sim - INFO - Time per frame: 0.0879560112953186
2025-05-06 10:40:14,826 - sim - INFO - Rollout 2 / 300
2025-05-06 10:40:28,037 - sim - INFO - Step 10 / 150: time per frame 0.119209
2025-05-06 10:40:29,826 - sim - INFO - Step 20 / 150: time per frame 0.099327
2025-05-06 10:40:31,553 - sim - INFO - Step 30 / 150: time per frame 0.091414
2025-05-06 10:40:33,539 - sim - INFO - Step 40 / 150: time per frame 0.092187
2025-05-06 10:40:35,343 - sim - INFO - Step 50 / 150: time per frame 0.092000
2025-05-06 10:40:36,999 - sim - INFO - Step 60 / 150: time per frame 0.088545
2025-05-06 10:40:38,577 - sim - INFO - Step 70 / 150: time per frame 0.086006
2025-05-06 10:40:40,609 - sim - INFO - Step 80 / 150: time per frame 0.090417
2025-05-06 10:40:42,656 - sim - INFO - Step 90 / 150: time per frame 0.091330
2025-05-06 10:40:44,733 - sim - INFO - Step 100 / 150: time per frame 0.092536
2025-05-06 10:40:46,343 - sim - INFO - Step 110 / 150: time per frame 0.091693
2025-05-06 10:40:48,304 - sim - INFO - Step 120 / 150: time per frame 0.092198
2025-05-06 10:40:50,132 - sim - INFO - Step 130 / 150: time per frame 0.092392
2025-05-06 10:40:51,575 - sim - INFO - Step 140 / 150: time per frame 0.090756
2025-05-06 10:40:53,309 - sim - INFO - MSE: 0.01573068323439479
2025-05-06 10:40:53,309 - sim - INFO - Materials MSE: 0.011540112686589048
2025-05-06 10:40:53,309 - sim - INFO - Time per frame: 0.09024821423195503
2025-05-06 10:40:53,313 - sim - INFO - Rollout 3 / 300
2025-05-06 10:41:08,030 - sim - INFO - Step 10 / 150: time per frame 0.078514
2025-05-06 10:41:09,628 - sim - INFO - Step 20 / 150: time per frame 0.084343
2025-05-06 10:41:11,427 - sim - INFO - Step 30 / 150: time per frame 0.089672
2025-05-06 10:41:13,111 - sim - INFO - Step 40 / 150: time per frame 0.089144
2025-05-06 10:41:14,720 - sim - INFO - Step 50 / 150: time per frame 0.087143
2025-05-06 10:41:16,300 - sim - INFO - Step 60 / 150: time per frame 0.085070
2025-05-06 10:41:18,085 - sim - INFO - Step 70 / 150: time per frame 0.086290
2025-05-06 10:41:19,575 - sim - INFO - Step 80 / 150: time per frame 0.085329
2025-05-06 10:41:21,343 - sim - INFO - Step 90 / 150: time per frame 0.087261
2025-05-06 10:41:23,162 - sim - INFO - Step 100 / 150: time per frame 0.089441
2025-05-06 10:41:25,142 - sim - INFO - Step 110 / 150: time per frame 0.090302
2025-05-06 10:41:26,833 - sim - INFO - Step 120 / 150: time per frame 0.089653
2025-05-06 10:41:28,609 - sim - INFO - Step 130 / 150: time per frame 0.090316
2025-05-06 10:41:30,794 - sim - INFO - Step 140 / 150: time per frame 0.092495
2025-05-06 10:41:32,680 - sim - INFO - MSE: 0.01618188372912421
2025-05-06 10:41:32,680 - sim - INFO - Materials MSE: 0.014535874801530745
2025-05-06 10:41:32,681 - sim - INFO - Time per frame: 0.09299080114106874
2025-05-06 10:41:32,685 - sim - INFO - Rollout 4 / 300
2025-05-06 10:41:45,806 - sim - INFO - Step 10 / 150: time per frame 0.118721
2025-05-06 10:41:47,785 - sim - INFO - Step 20 / 150: time per frame 0.111424
2025-05-06 10:41:49,320 - sim - INFO - Step 30 / 150: time per frame 0.096918
2025-05-06 10:41:50,897 - sim - INFO - Step 40 / 150: time per frame 0.091823
2025-05-06 10:41:52,542 - sim - INFO - Step 50 / 150: time per frame 0.089807
2025-05-06 10:41:54,389 - sim - INFO - Step 60 / 150: time per frame 0.089495
2025-05-06 10:41:55,914 - sim - INFO - Step 70 / 150: time per frame 0.087749
2025-05-06 10:41:57,331 - sim - INFO - Step 80 / 150: time per frame 0.085226
2025-05-06 10:41:59,059 - sim - INFO - Step 90 / 150: time per frame 0.084655
2025-05-06 10:42:00,692 - sim - INFO - Step 100 / 150: time per frame 0.084017
2025-05-06 10:42:02,302 - sim - INFO - Step 110 / 150: time per frame 0.083932
2025-05-06 10:42:03,896 - sim - INFO - Step 120 / 150: time per frame 0.083186
2025-05-06 10:42:05,621 - sim - INFO - Step 130 / 150: time per frame 0.083192
2025-05-06 10:42:07,290 - sim - INFO - Step 140 / 150: time per frame 0.083157
2025-05-06 10:42:08,841 - sim - INFO - MSE: 0.016049020125938732
2025-05-06 10:42:08,841 - sim - INFO - Materials MSE: 0.014736877539864208
2025-05-06 10:42:08,841 - sim - INFO - Time per frame: 0.08389706869383116
2025-05-06 10:42:08,851 - sim - INFO - Rollout 5 / 300
2025-05-06 10:42:21,864 - sim - INFO - Step 10 / 150: time per frame 0.073464
2025-05-06 10:42:23,590 - sim - INFO - Step 20 / 150: time per frame 0.080606
2025-05-06 10:42:25,659 - sim - INFO - Step 30 / 150: time per frame 0.092342
2025-05-06 10:42:27,639 - sim - INFO - Step 40 / 150: time per frame 0.095620
2025-05-06 10:42:29,650 - sim - INFO - Step 50 / 150: time per frame 0.099648
2025-05-06 10:42:31,650 - sim - INFO - Step 60 / 150: time per frame 0.101183
2025-05-06 10:42:33,704 - sim - INFO - Step 70 / 150: time per frame 0.100997
2025-05-06 10:42:35,273 - sim - INFO - Step 80 / 150: time per frame 0.100283
2025-05-06 10:42:37,130 - sim - INFO - Step 90 / 150: time per frame 0.101754
2025-05-06 10:42:39,147 - sim - INFO - Step 100 / 150: time per frame 0.101975
2025-05-06 10:42:40,855 - sim - INFO - Step 110 / 150: time per frame 0.099643
2025-05-06 10:42:42,532 - sim - INFO - Step 120 / 150: time per frame 0.098076
2025-05-06 10:42:44,311 - sim - INFO - Step 130 / 150: time per frame 0.096082
2025-05-06 10:42:45,618 - sim - INFO - Step 140 / 150: time per frame 0.093487
2025-05-06 10:42:47,185 - sim - INFO - MSE: 0.0174284518070788
2025-05-06 10:42:47,185 - sim - INFO - Materials MSE: 0.017566762679272194
2025-05-06 10:42:47,185 - sim - INFO - Time per frame: 0.09325571962305017
2025-05-06 10:42:47,189 - sim - INFO - Rollout 6 / 300
2025-05-06 10:43:00,650 - sim - INFO - Step 10 / 150: time per frame 0.086131
2025-05-06 10:43:02,508 - sim - INFO - Step 20 / 150: time per frame 0.089256
2025-05-06 10:43:04,123 - sim - INFO - Step 30 / 150: time per frame 0.085053
2025-05-06 10:43:05,684 - sim - INFO - Step 40 / 150: time per frame 0.084842
2025-05-06 10:43:07,830 - sim - INFO - Step 50 / 150: time per frame 0.092523
2025-05-06 10:43:09,706 - sim - INFO - Step 60 / 150: time per frame 0.095004
2025-05-06 10:43:11,615 - sim - INFO - Step 70 / 150: time per frame 0.095573
2025-05-06 10:43:13,687 - sim - INFO - Step 80 / 150: time per frame 0.096374
2025-05-06 10:43:15,220 - sim - INFO - Step 90 / 150: time per frame 0.093814
2025-05-06 10:43:17,372 - sim - INFO - Step 100 / 150: time per frame 0.094686
2025-05-06 10:43:18,992 - sim - INFO - Step 110 / 150: time per frame 0.093225
2025-05-06 10:43:20,792 - sim - INFO - Step 120 / 150: time per frame 0.092595
2025-05-06 10:43:22,441 - sim - INFO - Step 130 / 150: time per frame 0.091682
2025-05-06 10:43:24,376 - sim - INFO - Step 140 / 150: time per frame 0.091643
2025-05-06 10:43:26,101 - sim - INFO - MSE: 0.016502137960103754
2025-05-06 10:43:26,101 - sim - INFO - Materials MSE: 0.015678188446016927
2025-05-06 10:43:26,101 - sim - INFO - Time per frame: 0.09236605264045097
2025-05-06 10:43:26,106 - sim - INFO - Rollout 7 / 300
2025-05-06 10:43:37,618 - sim - INFO - Step 10 / 150: time per frame 0.077034
2025-05-06 10:43:39,535 - sim - INFO - Step 20 / 150: time per frame 0.087206
2025-05-06 10:43:41,323 - sim - INFO - Step 30 / 150: time per frame 0.085874
2025-05-06 10:43:43,367 - sim - INFO - Step 40 / 150: time per frame 0.090847
2025-05-06 10:43:45,151 - sim - INFO - Step 50 / 150: time per frame 0.087386
2025-05-06 10:43:46,775 - sim - INFO - Step 60 / 150: time per frame 0.085822
2025-05-06 10:43:48,354 - sim - INFO - Step 70 / 150: time per frame 0.085970
2025-05-06 10:43:50,379 - sim - INFO - Step 80 / 150: time per frame 0.088812
2025-05-06 10:43:52,415 - sim - INFO - Step 90 / 150: time per frame 0.091528
2025-05-06 10:43:54,271 - sim - INFO - Step 100 / 150: time per frame 0.091260
2025-05-06 10:43:55,982 - sim - INFO - Step 110 / 150: time per frame 0.090057
2025-05-06 10:43:57,818 - sim - INFO - Step 120 / 150: time per frame 0.089820
2025-05-06 10:43:59,920 - sim - INFO - Step 130 / 150: time per frame 0.091477
2025-05-06 10:44:01,531 - sim - INFO - Step 140 / 150: time per frame 0.090626
2025-05-06 10:44:03,348 - sim - INFO - MSE: 0.015142723576330917
2025-05-06 10:44:03,349 - sim - INFO - Materials MSE: 0.013265003649067342
2025-05-06 10:44:03,349 - sim - INFO - Time per frame: 0.09059150798900707
2025-05-06 10:44:03,353 - sim - INFO - Rollout 8 / 300
