2025-05-07 21:39:31,548 - sim - INFO - Namespace(checkpoint='work_dirs/tga_tpi_boxbath/epoch_2.pth', config='configs/tga/tga_abs_boxbath.py', debug=0, device='cuda:0', tar_rollout=-1, val_rollout=-1, work_dir='predict/tga_tpi_boxbath')
2025-05-07 21:39:31,949 - sim - INFO - Number of parameters: 873633
2025-05-07 21:39:31,949 - sim - INFO - Loading network from work_dirs/tga_tpi_boxbath/epoch_2.pth
2025-05-07 21:39:36,803 - sim - INFO - Rollout 0 / 300
2025-05-07 21:39:44,549 - sim - INFO - Step 10 / 150: time per frame 0.410983
2025-05-07 21:39:45,024 - sim - INFO - Step 20 / 150: time per frame 0.209078
2025-05-07 21:39:45,495 - sim - INFO - Step 30 / 150: time per frame 0.146610
2025-05-07 21:39:45,978 - sim - INFO - Step 40 / 150: time per frame 0.116126
2025-05-07 21:39:46,426 - sim - INFO - Step 50 / 150: time per frame 0.098038
2025-05-07 21:39:46,876 - sim - INFO - Step 60 / 150: time per frame 0.086034
2025-05-07 21:39:47,356 - sim - INFO - Step 70 / 150: time per frame 0.077567
2025-05-07 21:39:47,810 - sim - INFO - Step 80 / 150: time per frame 0.071238
2025-05-07 21:39:48,409 - sim - INFO - Step 90 / 150: time per frame 0.066489
2025-05-07 21:39:48,970 - sim - INFO - Step 100 / 150: time per frame 0.062823
2025-05-07 21:39:49,509 - sim - INFO - Step 110 / 150: time per frame 0.059753
2025-05-07 21:39:50,023 - sim - INFO - Step 120 / 150: time per frame 0.057023
2025-05-07 21:39:50,476 - sim - INFO - Step 130 / 150: time per frame 0.054712
2025-05-07 21:39:50,951 - sim - INFO - Step 140 / 150: time per frame 0.052851
2025-05-07 21:39:51,473 - sim - INFO - MSE: 0.015234683605147488
2025-05-07 21:39:51,473 - sim - INFO - Materials MSE: 0.02955431904481633
2025-05-07 21:39:51,474 - sim - INFO - Time per frame: 0.05136378713556238
2025-05-07 21:39:51,496 - sim - INFO - Rollout 1 / 300
2025-05-07 21:39:55,310 - sim - INFO - Step 10 / 150: time per frame 0.028349
