2024-11-24 21:39:58,379 - sim - INFO - Namespace(config='configs/tie/tie_boxbath.py', save_dir='render_out/tie_boxbath/', show_only=False, src_dir='predict/', tar_rollout=-1, val_rollout=-1)
2024-11-24 21:39:58,379 - sim - INFO - Loading rollouts from predict/
2024-11-24 21:39:58,513 - sim - INFO - Rollout 0 / 10
2024-11-24 21:39:58,518 - sim - INFO - Separate Materials MSE: [0.022726573738822142, 0.0497789780994724]
2024-11-24 21:39:58,518 - sim - INFO - MSE: 0.04785453809016337
2024-11-24 21:39:58,518 - sim - INFO - Materials MSE: 0.03625277591914727
2024-11-24 21:39:58,518 - sim - INFO - Time per frame per particle: 1.7867790491991198e-05
2024-11-24 21:39:58,519 - sim - INFO - n_particles 1024
2024-11-24 21:39:58,519 - sim - INFO - n_shapes 0
2024-11-24 21:40:09,071 - sim - INFO - Rollout 1 / 10
2024-11-24 21:40:09,079 - sim - INFO - Separate Materials MSE: [0.02165196820307326, 0.0477179301320084]
2024-11-24 21:40:09,079 - sim - INFO - MSE: 0.04586485800945068
2024-11-24 21:40:09,079 - sim - INFO - Materials MSE: 0.034684949167540835
2024-11-24 21:40:09,079 - sim - INFO - Time per frame per particle: 1.7381048188737934e-05
2024-11-24 21:40:09,080 - sim - INFO - n_particles 1024
2024-11-24 21:40:09,080 - sim - INFO - n_shapes 0
2024-11-24 21:40:19,624 - sim - INFO - Rollout 2 / 10
2024-11-24 21:40:19,637 - sim - INFO - Separate Materials MSE: [0.016122199518969954, 0.05401915173268621]
2024-11-24 21:40:19,637 - sim - INFO - MSE: 0.05139961752438566
2024-11-24 21:40:19,637 - sim - INFO - Materials MSE: 0.03507067562582808
2024-11-24 21:40:19,637 - sim - INFO - Time per frame per particle: 1.727923669860902e-05
2024-11-24 21:40:19,640 - sim - INFO - n_particles 1024
2024-11-24 21:40:19,640 - sim - INFO - n_shapes 0
2024-11-24 21:40:30,177 - sim - INFO - Rollout 3 / 10
2024-11-24 21:40:30,199 - sim - INFO - Separate Materials MSE: [0.03279824716680202, 0.050073255227745916]
2024-11-24 21:40:30,200 - sim - INFO - MSE: 0.048755503243256976
2024-11-24 21:40:30,200 - sim - INFO - Materials MSE: 0.04143575119727397
2024-11-24 21:40:30,200 - sim - INFO - Time per frame per particle: 1.7415989382411717e-05
2024-11-24 21:40:30,205 - sim - INFO - n_particles 1024
2024-11-24 21:40:30,205 - sim - INFO - n_shapes 0
2024-11-24 21:40:40,768 - sim - INFO - Rollout 4 / 10
2024-11-24 21:40:40,789 - sim - INFO - Separate Materials MSE: [0.024826897408095617, 0.052920531060320436]
2024-11-24 21:40:40,789 - sim - INFO - MSE: 0.05091606535668196
2024-11-24 21:40:40,790 - sim - INFO - Materials MSE: 0.038873714234208025
2024-11-24 21:40:40,790 - sim - INFO - Time per frame per particle: 1.7734997048244107e-05
2024-11-24 21:40:40,795 - sim - INFO - n_particles 1024
2024-11-24 21:40:40,795 - sim - INFO - n_shapes 0
2024-11-24 21:40:51,340 - sim - INFO - Rollout 5 / 10
2024-11-24 21:40:51,345 - sim - INFO - Separate Materials MSE: [0.021246538150341335, 0.051663314947508046]
2024-11-24 21:40:51,345 - sim - INFO - MSE: 0.049520467241233816
2024-11-24 21:40:51,345 - sim - INFO - Materials MSE: 0.03645492654892469
2024-11-24 21:40:51,345 - sim - INFO - Time per frame per particle: 1.7476359574196674e-05
2024-11-24 21:40:51,346 - sim - INFO - n_particles 1024
2024-11-24 21:40:51,346 - sim - INFO - n_shapes 0
2024-11-24 21:41:01,859 - sim - INFO - Rollout 6 / 10
2024-11-24 21:41:01,879 - sim - INFO - Separate Materials MSE: [0.02185983358306687, 0.04863326582438199]
2024-11-24 21:41:01,880 - sim - INFO - MSE: 0.046731743965717186
2024-11-24 21:41:01,880 - sim - INFO - Materials MSE: 0.03524654970372443
2024-11-24 21:41:01,880 - sim - INFO - Time per frame per particle: 1.7263493670535024e-05
2024-11-24 21:41:01,885 - sim - INFO - n_particles 1024
2024-11-24 21:41:01,885 - sim - INFO - n_shapes 0
2024-11-24 21:41:12,434 - sim - INFO - Rollout 7 / 10
2024-11-24 21:41:12,442 - sim - INFO - Separate Materials MSE: [0.042365843768613146, 0.05202282653839613]
2024-11-24 21:41:12,442 - sim - INFO - MSE: 0.05116941445874782
2024-11-24 21:41:12,442 - sim - INFO - Materials MSE: 0.04719433515350464
2024-11-24 21:41:12,442 - sim - INFO - Time per frame per particle: 1.734678017546111e-05
2024-11-24 21:41:12,443 - sim - INFO - n_particles 1024
2024-11-24 21:41:12,443 - sim - INFO - n_shapes 0
2024-11-24 21:41:22,956 - sim - INFO - Rollout 8 / 10
2024-11-24 21:41:22,961 - sim - INFO - Separate Materials MSE: [0.023542969349308218, 0.05278554418062756]
2024-11-24 21:41:22,961 - sim - INFO - MSE: 0.050710274491504545
2024-11-24 21:41:22,961 - sim - INFO - Materials MSE: 0.03816425676496789
2024-11-24 21:41:22,961 - sim - INFO - Time per frame per particle: 1.727998815579633e-05
2024-11-24 21:41:22,962 - sim - INFO - n_particles 1024
2024-11-24 21:41:22,963 - sim - INFO - n_shapes 0
2024-11-24 21:41:33,485 - sim - INFO - Rollout 9 / 10
2024-11-24 21:41:33,505 - sim - INFO - Separate Materials MSE: [0.023587083323192006, 0.04949170412871696]
2024-11-24 21:41:33,505 - sim - INFO - MSE: 0.04764004790695101
2024-11-24 21:41:33,506 - sim - INFO - Materials MSE: 0.03653939372595448
2024-11-24 21:41:33,506 - sim - INFO - Time per frame per particle: 1.7542218534520553e-05
2024-11-24 21:41:33,511 - sim - INFO - n_particles 1024
2024-11-24 21:41:33,511 - sim - INFO - n_shapes 0
2024-11-24 21:41:44,062 - sim - INFO - Mean pos MSE: 0.0490562530288093, std 0.0018840260838301791
2024-11-24 21:41:44,064 - sim - INFO - Mean pos Materials MSE: 0.037991732804107434, std 0.013896021929343782
2024-11-24 21:41:44,065 - sim - INFO - Mean pos Separate Materials MSE: [0.02507282 0.05091065], std [0.00696867 0.0019595 ]
2024-11-24 21:41:44,066 - sim - INFO - Time per frame per particle MSE: 1.7458790192050368e-05, std 1.9329065496528764e-07
