2025-01-17 17:24:40,743 - sim - INFO - Namespace(config='configs/tie/tie_boxbath.py', save_dir='render_out/tie_boxbath/', show_only=False, src_dir='predict/tie_boxbath/', tar_rollout=-1, val_rollout=-1)
2025-01-17 17:24:40,744 - sim - INFO - Loading rollouts from predict/tie_boxbath/
2025-01-17 17:24:42,119 - sim - INFO - Rollout 0 / 300
2025-01-17 17:24:42,239 - sim - INFO - Separate Materials MSE: [0.006674111626154493, 0.019102468401117387]
2025-01-17 17:24:42,240 - sim - INFO - MSE: 0.018236649960297942
2025-01-17 17:24:42,240 - sim - INFO - Materials MSE: 0.01288829001363594
2025-01-17 17:24:42,241 - sim - INFO - Time per frame per particle: 1.875141177764693e-05
2025-01-17 17:24:42,352 - sim - INFO - n_particles 1024
2025-01-17 17:24:42,352 - sim - INFO - n_shapes 0
2025-01-17 17:24:53,255 - sim - INFO - Rollout 1 / 300
2025-01-17 17:24:53,316 - sim - INFO - Separate Materials MSE: [0.01544574847274733, 0.019961175984753943]
2025-01-17 17:24:53,316 - sim - INFO - MSE: 0.019583339987968525
2025-01-17 17:24:53,317 - sim - INFO - Materials MSE: 0.017703462228750636
2025-01-17 17:24:53,317 - sim - INFO - Time per frame per particle: 1.6803420269751984e-05
2025-01-17 17:24:53,332 - sim - INFO - n_particles 1024
2025-01-17 17:24:53,332 - sim - INFO - n_shapes 0
2025-01-17 17:25:03,962 - sim - INFO - Rollout 2 / 300
2025-01-17 17:25:04,027 - sim - INFO - Separate Materials MSE: [0.029360236732142102, 0.019341867188625135]
2025-01-17 17:25:04,027 - sim - INFO - MSE: 0.01987098897175629
2025-01-17 17:25:04,028 - sim - INFO - Materials MSE: 0.02435105196038362
2025-01-17 17:25:04,028 - sim - INFO - Time per frame per particle: 1.6906992987663636e-05
2025-01-17 17:25:04,033 - sim - INFO - n_particles 1024
2025-01-17 17:25:04,033 - sim - INFO - n_shapes 0
2025-01-17 17:25:14,720 - sim - INFO - Rollout 3 / 300
2025-01-17 17:25:14,795 - sim - INFO - Separate Materials MSE: [0.013052491553025257, 0.019753314403074984]
2025-01-17 17:25:14,795 - sim - INFO - MSE: 0.019240564904125942
2025-01-17 17:25:14,796 - sim - INFO - Materials MSE: 0.01640290297805012
2025-01-17 17:25:14,796 - sim - INFO - Time per frame per particle: 1.7063757915685693e-05
2025-01-17 17:25:14,802 - sim - INFO - n_particles 1024
2025-01-17 17:25:14,802 - sim - INFO - n_shapes 0
2025-01-17 17:25:25,497 - sim - INFO - Rollout 4 / 300
2025-01-17 17:25:25,562 - sim - INFO - Separate Materials MSE: [0.008679286699452636, 0.01813146764688287]
2025-01-17 17:25:25,562 - sim - INFO - MSE: 0.017455474528447545
2025-01-17 17:25:25,563 - sim - INFO - Materials MSE: 0.013405377173167752
2025-01-17 17:25:25,563 - sim - INFO - Time per frame per particle: 1.6777629632869424e-05
2025-01-17 17:25:25,569 - sim - INFO - n_particles 1024
2025-01-17 17:25:25,570 - sim - INFO - n_shapes 0
2025-01-17 17:25:36,178 - sim - INFO - Rollout 5 / 300
2025-01-17 17:25:36,244 - sim - INFO - Separate Materials MSE: [0.007792152484036314, 0.019160961987680383]
2025-01-17 17:25:36,245 - sim - INFO - MSE: 0.018360759248932452
2025-01-17 17:25:36,245 - sim - INFO - Materials MSE: 0.013476557235858349
2025-01-17 17:25:36,246 - sim - INFO - Time per frame per particle: 1.683520847431071e-05
2025-01-17 17:25:36,252 - sim - INFO - n_particles 1024
2025-01-17 17:25:36,252 - sim - INFO - n_shapes 0
2025-01-17 17:25:46,921 - sim - INFO - Rollout 6 / 300
2025-01-17 17:25:46,989 - sim - INFO - Separate Materials MSE: [0.008267457679080275, 0.019411218660989205]
2025-01-17 17:25:46,989 - sim - INFO - MSE: 0.018623797090389478
2025-01-17 17:25:46,990 - sim - INFO - Materials MSE: 0.01383933817003474
2025-01-17 17:25:46,990 - sim - INFO - Time per frame per particle: 1.680004497455235e-05
2025-01-17 17:25:46,996 - sim - INFO - n_particles 1024
2025-01-17 17:25:46,996 - sim - INFO - n_shapes 0
2025-01-17 17:25:57,606 - sim - INFO - Rollout 7 / 300
2025-01-17 17:25:57,665 - sim - INFO - Separate Materials MSE: [0.01172441304637186, 0.018576965775300484]
2025-01-17 17:25:57,665 - sim - INFO - MSE: 0.018060495217936116
2025-01-17 17:25:57,665 - sim - INFO - Materials MSE: 0.015150689410836173
2025-01-17 17:25:57,665 - sim - INFO - Time per frame per particle: 1.693353664726931e-05
2025-01-17 17:25:57,667 - sim - INFO - n_particles 1024
2025-01-17 17:25:57,667 - sim - INFO - n_shapes 0
2025-01-17 17:26:08,311 - sim - INFO - Rollout 8 / 300
2025-01-17 17:26:08,382 - sim - INFO - Separate Materials MSE: [0.01757888554468457, 0.019845624229935088]
2025-01-17 17:26:08,383 - sim - INFO - MSE: 0.01960820984994898
2025-01-17 17:26:08,383 - sim - INFO - Materials MSE: 0.018712254887309827
2025-01-17 17:26:08,384 - sim - INFO - Time per frame per particle: 1.682387242953308e-05
2025-01-17 17:26:08,403 - sim - INFO - n_particles 1024
2025-01-17 17:26:08,403 - sim - INFO - n_shapes 0
2025-01-17 17:26:19,028 - sim - INFO - Rollout 9 / 300
2025-01-17 17:26:19,089 - sim - INFO - Separate Materials MSE: [0.009255707063366325, 0.02034883521946412]
2025-01-17 17:26:19,090 - sim - INFO - MSE: 0.019560006863693875
2025-01-17 17:26:19,090 - sim - INFO - Materials MSE: 0.014802271141415222
2025-01-17 17:26:19,090 - sim - INFO - Time per frame per particle: 1.687602982047514e-05
2025-01-17 17:26:19,096 - sim - INFO - n_particles 1024
2025-01-17 17:26:19,097 - sim - INFO - n_shapes 0
2025-01-17 17:26:29,802 - sim - INFO - Rollout 10 / 300
2025-01-17 17:26:29,862 - sim - INFO - Separate Materials MSE: [0.00832699501154143, 0.019154794892267162]
2025-01-17 17:26:29,863 - sim - INFO - MSE: 0.018388270920617233
2025-01-17 17:26:29,863 - sim - INFO - Materials MSE: 0.013740894951904295
2025-01-17 17:26:29,863 - sim - INFO - Time per frame per particle: 1.7090599027094672e-05
2025-01-17 17:26:29,879 - sim - INFO - n_particles 1024
2025-01-17 17:26:29,879 - sim - INFO - n_shapes 0
2025-01-17 17:26:40,486 - sim - INFO - Rollout 11 / 300
2025-01-17 17:26:40,548 - sim - INFO - Separate Materials MSE: [0.008305736207724804, 0.018855997622472167]
2025-01-17 17:26:40,548 - sim - INFO - MSE: 0.01810818740026012
2025-01-17 17:26:40,549 - sim - INFO - Materials MSE: 0.013580866915098485
2025-01-17 17:26:40,549 - sim - INFO - Time per frame per particle: 1.7117152079915185e-05
2025-01-17 17:26:40,555 - sim - INFO - n_particles 1024
2025-01-17 17:26:40,555 - sim - INFO - n_shapes 0
2025-01-17 17:26:51,198 - sim - INFO - Rollout 12 / 300
2025-01-17 17:26:51,260 - sim - INFO - Separate Materials MSE: [0.009031809422608578, 0.019042922108793527]
2025-01-17 17:26:51,261 - sim - INFO - MSE: 0.018327736664226178
2025-01-17 17:26:51,261 - sim - INFO - Materials MSE: 0.014037365765701052
2025-01-17 17:26:51,262 - sim - INFO - Time per frame per particle: 1.6796322130403586e-05
2025-01-17 17:26:51,268 - sim - INFO - n_particles 1024
2025-01-17 17:26:51,268 - sim - INFO - n_shapes 0
2025-01-17 17:27:01,914 - sim - INFO - Rollout 13 / 300
2025-01-17 17:27:01,979 - sim - INFO - Separate Materials MSE: [0.017495071310408356, 0.01927598387062042]
2025-01-17 17:27:01,979 - sim - INFO - MSE: 0.019071554013276714
2025-01-17 17:27:01,979 - sim - INFO - Materials MSE: 0.018385527590514386
2025-01-17 17:27:01,979 - sim - INFO - Time per frame per particle: 1.6877838014332086e-05
2025-01-17 17:27:01,994 - sim - INFO - n_particles 1024
2025-01-17 17:27:01,994 - sim - INFO - n_shapes 0
2025-01-17 17:27:12,671 - sim - INFO - Rollout 14 / 300
2025-01-17 17:27:12,744 - sim - INFO - Separate Materials MSE: [0.008773287442704818, 0.01895249005852325]
2025-01-17 17:27:12,744 - sim - INFO - MSE: 0.01822728945822685
2025-01-17 17:27:12,745 - sim - INFO - Materials MSE: 0.013862888750614035
2025-01-17 17:27:12,745 - sim - INFO - Time per frame per particle: 1.6763212613623852e-05
2025-01-17 17:27:12,751 - sim - INFO - n_particles 1024
2025-01-17 17:27:12,752 - sim - INFO - n_shapes 0
2025-01-17 17:27:23,589 - sim - INFO - Rollout 15 / 300
2025-01-17 17:27:23,652 - sim - INFO - Separate Materials MSE: [0.0052568838586117324, 0.01841751307399395]
2025-01-17 17:27:23,653 - sim - INFO - MSE: 0.01750947824877098
2025-01-17 17:27:23,653 - sim - INFO - Materials MSE: 0.01183719846630284
2025-01-17 17:27:23,653 - sim - INFO - Time per frame per particle: 1.677474435037734e-05
2025-01-17 17:27:23,670 - sim - INFO - n_particles 1024
2025-01-17 17:27:23,670 - sim - INFO - n_shapes 0
