2025-05-14 13:03:49,603 - sim - INFO - Environment info:
------------------------------------------------------------
sys.platform: linux
Python: 3.8.20 (default, Oct  3 2024, 15:24:27) [GCC 11.2.0]
CUDA available: True
GPU 0: NVIDIA GeForce RTX 2080 Ti
CUDA_HOME: /usr/local/cuda-11.3
NVCC: Cuda compilation tools, release 11.3, V11.3.109
GCC: gcc (Ubuntu 6.5.0-2ubuntu1~16.04) 6.5.0 20181026
PyTorch: 1.12.1
PyTorch compiling details: PyTorch built with:
  - GCC 9.3
  - C++ Version: 201402
  - Intel(R) oneAPI Math Kernel Library Version 2023.1-Product Build 20230303 for Intel(R) 64 architecture applications
  - Intel(R) MKL-DNN v2.6.0 (Git Hash 52b5f107dd9cf10910aaa19cb47f3abf9b349815)
  - OpenMP 201511 (a.k.a. OpenMP 4.5)
  - LAPACK is enabled (usually provided by MKL)
  - NNPACK is enabled
  - CPU capability usage: AVX2
  - CUDA Runtime 11.3
  - NVCC architecture flags: -gencode;arch=compute_37,code=sm_37;-gencode;arch=compute_50,code=sm_50;-gencode;arch=compute_60,code=sm_60;-gencode;arch=compute_61,code=sm_61;-gencode;arch=compute_70,code=sm_70;-gencode;arch=compute_75,code=sm_75;-gencode;arch=compute_80,code=sm_80;-gencode;arch=compute_86,code=sm_86;-gencode;arch=compute_37,code=compute_37
  - CuDNN 8.3.2  (built against CUDA 11.5)
  - Magma 2.5.2
  - Build settings: BLAS_INFO=mkl, BUILD_TYPE=Release, CUDA_VERSION=11.3, CUDNN_VERSION=8.3.2, CXX_COMPILER=/opt/rh/devtoolset-9/root/usr/bin/c++, CXX_FLAGS= -fabi-version=11 -Wno-deprecated -fvisibility-inlines-hidden -DUSE_PTHREADPOOL -fopenmp -DNDEBUG -DUSE_KINETO -DUSE_FBGEMM -DUSE_QNNPACK -DUSE_PYTORCH_QNNPACK -DUSE_XNNPACK -DSYMBOLICATE_MOBILE_DEBUG_HANDLE -DEDGE_PROFILER_USE_KINETO -O2 -fPIC -Wno-narrowing -Wall -Wextra -Werror=return-type -Wno-missing-field-initializers -Wno-type-limits -Wno-array-bounds -Wno-unknown-pragmas -Wno-unused-parameter -Wno-unused-function -Wno-unused-result -Wno-unused-local-typedefs -Wno-strict-overflow -Wno-strict-aliasing -Wno-error=deprecated-declarations -Wno-stringop-overflow -Wno-psabi -Wno-error=pedantic -Wno-error=redundant-decls -Wno-error=old-style-cast -fdiagnostics-color=always -faligned-new -Wno-unused-but-set-variable -Wno-maybe-uninitialized -fno-math-errno -fno-trapping-math -Werror=format -Werror=cast-function-type -Wno-stringop-overflow, LAPACK_INFO=mkl, PERF_WITH_AVX=1, PERF_WITH_AVX2=1, PERF_WITH_AVX512=1, TORCH_VERSION=1.12.1, USE_CUDA=ON, USE_CUDNN=ON, USE_EXCEPTION_PTR=1, USE_GFLAGS=OFF, USE_GLOG=OFF, USE_MKL=ON, USE_MKLDNN=OFF, USE_MPI=OFF, USE_NCCL=ON, USE_NNPACK=ON, USE_OPENMP=ON, USE_ROCM=OFF, 

TorchVision: 0.13.1
OpenCV: 4.10.0
MMCV: 1.7.0
MMCV Compiler: GCC 9.3
MMCV CUDA Compiler: 11.3
Simulation: 0.7.0+2c5efa2
------------------------------------------------------------

2025-05-14 13:03:49,603 - sim - INFO - Distributed training: False
2025-05-14 13:03:49,835 - sim - INFO - Config:
model = dict(
    type='ParticleSimulator',
    backbone=dict(
        type='TPI',
        attr_dim=6,
        state_dim=6,
        position_dim=3,
        embed_dims=128,
        num_heads=8,
        num_encoder_layers=4,
        order=('selfattn', 'norm', 'ffn', 'norm')),
    head=dict(
        type='ParticleHead',
        in_channels=128,
        out_channels=3,
        seperate=False,
        rotation_dim=0,
        weighted=False,
        loss=dict(type='MSELoss', loss_weight=1.0)))
dataset_type = 'PhysicsFleXDataset'
pstep = 2
env_cfg = dict(
    env='FluidShake',
    num_abs_token=0,
    hierarchy=False,
    eval_ratio=10000000.0,
    dataf='./data/data_FluidShake/',
    n_rollout=2000,
    time_step=301,
    time_step_clip=0,
    attn_mask=8,
    dt=0.016666666666666666,
    nf_relation=300,
    nf_particle=200,
    nf_effect=200,
    train_valid_ratio=0.9,
    n_instance=1,
    n_stages=2,
    n_his=0,
    shape_state_dim=14,
    attr_dim=6,
    state_dim=6,
    position_dim=3,
    relation_dim=1,
    neighbor_radius=0.08,
    pstep=2,
    phases_dict=dict(root_num=[[]], instance=['fluid'], material=['fluid']))
data = dict(
    samples_per_gpu=8,
    workers_per_gpu=8,
    train=dict(
        type='PhysicsFleXDataset',
        phase='train',
        env_cfg=dict(
            env='FluidShake',
            num_abs_token=0,
            hierarchy=False,
            eval_ratio=10000000.0,
            dataf='./data/data_FluidShake/',
            n_rollout=2000,
            time_step=301,
            time_step_clip=0,
            attn_mask=8,
            dt=0.016666666666666666,
            nf_relation=300,
            nf_particle=200,
            nf_effect=200,
            train_valid_ratio=0.9,
            n_instance=1,
            n_stages=2,
            n_his=0,
            shape_state_dim=14,
            attr_dim=6,
            state_dim=6,
            position_dim=3,
            relation_dim=1,
            neighbor_radius=0.08,
            pstep=2,
            phases_dict=dict(
                root_num=[[]], instance=['fluid'], material=['fluid'])),
        verbose=False),
    val=dict(
        type='PhysicsFleXDataset',
        phase='valid',
        env_cfg=dict(
            env='FluidShake',
            num_abs_token=0,
            hierarchy=False,
            eval_ratio=10000000.0,
            dataf='./data/data_FluidShake/',
            n_rollout=2000,
            time_step=301,
            time_step_clip=0,
            attn_mask=8,
            dt=0.016666666666666666,
            nf_relation=300,
            nf_particle=200,
            nf_effect=200,
            train_valid_ratio=0.9,
            n_instance=1,
            n_stages=2,
            n_his=0,
            shape_state_dim=14,
            attr_dim=6,
            state_dim=6,
            position_dim=3,
            relation_dim=1,
            neighbor_radius=0.08,
            pstep=2,
            phases_dict=dict(
                root_num=[[]], instance=['fluid'], material=['fluid'])),
        verbose=False),
    test=dict(
        type='PhysicsFleXDataset',
        phase='valid',
        env_cfg=dict(
            env='FluidShake',
            num_abs_token=0,
            hierarchy=False,
            eval_ratio=10000000.0,
            dataf='./data/data_FluidShake/',
            n_rollout=2000,
            time_step=301,
            time_step_clip=0,
            attn_mask=8,
            dt=0.016666666666666666,
            nf_relation=300,
            nf_particle=200,
            nf_effect=200,
            train_valid_ratio=0.9,
            n_instance=1,
            n_stages=2,
            n_his=0,
            shape_state_dim=14,
            attr_dim=6,
            state_dim=6,
            position_dim=3,
            relation_dim=1,
            neighbor_radius=0.08,
            pstep=2,
            phases_dict=dict(
                root_num=[[]], instance=['fluid'], material=['fluid'])),
        verbose=False))
optimizer = dict(
    type='Adam', lr=0.0008, betas=(0.9, 0.999), weight_decay=0, amsgrad=False)
optimizer_config = dict(grad_clip=None)
lr_config = dict(policy='Plateau', mode='min', factor=0.8, patience=3)
runner = dict(type='EpochBasedRunner', max_epochs=5)
checkpoint_config = dict(interval=1)
log_config = dict(interval=100, hooks=[dict(type='TextLoggerHook')])
dist_params = dict(backend='nccl', port='29594')
log_level = 'INFO'
load_from = None
resume_from = None
workflow = [('train', 1)]
find_unused_parameters = True
work_dir = 'work_dirs/tpi_fluidshake/'
gpu_ids = range(0, 1)

2025-05-14 13:03:49,855 - sim - INFO - Model parameters: 2408963
2025-05-14 13:03:51,263 - sim - INFO - Start running, host: zbl@lab601-2, work_dir: /home/zbl/sim/TIE_ECCV2022/work_dirs/tpi_fluidshake
2025-05-14 13:03:51,263 - sim - INFO - Hooks will be executed in the following order:
before_run:
(VERY_HIGH   ) PlateauLrUpdaterHook               
(NORMAL      ) CheckpointHook                     
(VERY_LOW    ) TextLoggerHook                     
 -------------------- 
before_train_epoch:
(VERY_HIGH   ) PlateauLrUpdaterHook               
(NORMAL      ) MSEAccuracy                        
(LOW         ) IterTimerHook                      
(VERY_LOW    ) TextLoggerHook                     
 -------------------- 
before_train_iter:
(VERY_HIGH   ) PlateauLrUpdaterHook               
(LOW         ) IterTimerHook                      
 -------------------- 
after_train_iter:
(ABOVE_NORMAL) OptimizerHook                      
(NORMAL      ) CheckpointHook                     
(LOW         ) IterTimerHook                      
(VERY_LOW    ) TextLoggerHook                     
 -------------------- 
after_train_epoch:
(NORMAL      ) CheckpointHook                     
(VERY_LOW    ) TextLoggerHook                     
 -------------------- 
before_val_epoch:
(NORMAL      ) MSEAccuracy                        
(LOW         ) IterTimerHook                      
(VERY_LOW    ) TextLoggerHook                     
 -------------------- 
before_val_iter:
(LOW         ) IterTimerHook                      
 -------------------- 
after_val_iter:
(LOW         ) IterTimerHook                      
 -------------------- 
after_val_epoch:
(VERY_LOW    ) TextLoggerHook                     
 -------------------- 
after_run:
(VERY_LOW    ) TextLoggerHook                     
 -------------------- 
2025-05-14 13:03:51,264 - sim - INFO - workflow: [('train', 1)], max: 5 epochs
2025-05-14 13:03:51,264 - sim - INFO - Checkpoints will be saved to /home/zbl/sim/TIE_ECCV2022/work_dirs/tpi_fluidshake by HardDiskBackend.
2025-05-14 13:04:18,819 - sim - INFO - Epoch [1][100/67500]	lr: 8.000e-04, eta: 1 day, 1:49:23, time: 0.276, data_time: 0.215, memory: 1835, loss: 0.3384, Batch std: 0.4443, Agg std: 0.5678
2025-05-14 13:04:37,331 - sim - INFO - Epoch [1][200/67500]	lr: 8.000e-04, eta: 21:34:10, time: 0.185, data_time: 0.126, memory: 1835, loss: 0.1491, Batch std: 0.3152, Agg std: 0.4110
2025-05-14 13:04:56,626 - sim - INFO - Epoch [1][300/67500]	lr: 8.000e-04, eta: 20:24:05, time: 0.193, data_time: 0.131, memory: 1835, loss: 0.1097, Batch std: 0.2717, Agg std: 0.3558
2025-05-14 13:05:13,717 - sim - INFO - Epoch [1][400/67500]	lr: 8.000e-04, eta: 19:17:45, time: 0.171, data_time: 0.116, memory: 1835, loss: 0.1045, Batch std: 0.2651, Agg std: 0.3331
2025-05-14 13:05:33,116 - sim - INFO - Epoch [1][500/67500]	lr: 8.000e-04, eta: 19:03:49, time: 0.194, data_time: 0.139, memory: 1835, loss: 0.1443, Batch std: 0.2895, Agg std: 0.3204
2025-05-14 13:05:49,196 - sim - INFO - Epoch [1][600/67500]	lr: 8.000e-04, eta: 18:23:24, time: 0.161, data_time: 0.105, memory: 1835, loss: 0.1113, Batch std: 0.2647, Agg std: 0.3123
2025-05-14 13:06:07,865 - sim - INFO - Epoch [1][700/67500]	lr: 8.000e-04, eta: 18:15:11, time: 0.187, data_time: 0.128, memory: 1835, loss: 0.0968, Batch std: 0.2466, Agg std: 0.3037
2025-05-14 13:06:23,965 - sim - INFO - Epoch [1][800/67500]	lr: 8.000e-04, eta: 17:51:03, time: 0.161, data_time: 0.102, memory: 1835, loss: 0.1323, Batch std: 0.2826, Agg std: 0.2983
2025-05-14 13:06:41,381 - sim - INFO - Epoch [1][900/67500]	lr: 8.000e-04, eta: 17:40:13, time: 0.174, data_time: 0.119, memory: 1835, loss: 0.0879, Batch std: 0.2368, Agg std: 0.2942
2025-05-14 13:06:57,859 - sim - INFO - Epoch [1][1000/67500]	lr: 8.000e-04, eta: 17:26:17, time: 0.165, data_time: 0.107, memory: 1835, loss: 0.0940, Batch std: 0.2394, Agg std: 0.2878
2025-05-14 13:07:15,898 - sim - INFO - Epoch [1][1100/67500]	lr: 8.000e-04, eta: 17:22:52, time: 0.180, data_time: 0.121, memory: 1835, loss: 0.0981, Batch std: 0.2435, Agg std: 0.2839
2025-05-14 13:07:31,746 - sim - INFO - Epoch [1][1200/67500]	lr: 8.000e-04, eta: 17:09:38, time: 0.158, data_time: 0.098, memory: 1835, loss: 0.0893, Batch std: 0.2340, Agg std: 0.2796
2025-05-14 13:07:50,088 - sim - INFO - Epoch [1][1300/67500]	lr: 8.000e-04, eta: 17:09:12, time: 0.183, data_time: 0.120, memory: 1835, loss: 0.0737, Batch std: 0.2174, Agg std: 0.2753
2025-05-14 13:08:06,217 - sim - INFO - Epoch [1][1400/67500]	lr: 8.000e-04, eta: 16:59:58, time: 0.161, data_time: 0.102, memory: 1835, loss: 0.0801, Batch std: 0.2233, Agg std: 0.2711
2025-05-14 13:08:23,837 - sim - INFO - Epoch [1][1500/67500]	lr: 8.000e-04, eta: 16:57:26, time: 0.176, data_time: 0.114, memory: 1835, loss: 0.0641, Batch std: 0.2117, Agg std: 0.2674
2025-05-14 13:08:40,385 - sim - INFO - Epoch [1][1600/67500]	lr: 8.000e-04, eta: 16:51:29, time: 0.166, data_time: 0.105, memory: 1835, loss: 0.0682, Batch std: 0.2095, Agg std: 0.2639
2025-05-14 13:08:58,350 - sim - INFO - Epoch [1][1700/67500]	lr: 8.000e-04, eta: 16:50:49, time: 0.180, data_time: 0.120, memory: 1835, loss: 0.0794, Batch std: 0.2277, Agg std: 0.2612
2025-05-14 13:09:14,924 - sim - INFO - Epoch [1][1800/67500]	lr: 8.000e-04, eta: 16:45:54, time: 0.166, data_time: 0.105, memory: 1835, loss: 0.0738, Batch std: 0.2146, Agg std: 0.2589
