2024-11-24 20:38:25,596 - sim - INFO - Environment info:
------------------------------------------------------------
sys.platform: linux
Python: 3.6.15 | packaged by conda-forge | (default, Dec  3 2021, 18:49:41) [GCC 9.4.0]
CUDA available: True
GPU 0: NVIDIA GeForce RTX 2080 Ti
CUDA_HOME: /usr/local/cuda-9.1
NVCC: Cuda compilation tools, release 9.1, V9.1.85
GCC: gcc (Ubuntu 5.4.0-6ubuntu1~16.04.12) 5.4.0 20160609
PyTorch: 1.7.0
PyTorch compiling details: PyTorch built with:
  - GCC 7.3
  - C++ Version: 201402
  - Intel(R) Math Kernel Library Version 2020.0.2 Product Build 20200624 for Intel(R) 64 architecture applications
  - Intel(R) MKL-DNN v1.6.0 (Git Hash 5ef631a030a6f73131c77892041042805a06064f)
  - OpenMP 201511 (a.k.a. OpenMP 4.5)
  - NNPACK is enabled
  - CPU capability usage: AVX2
  - CUDA Runtime 9.2
  - NVCC architecture flags: -gencode;arch=compute_37,code=sm_37;-gencode;arch=compute_50,code=sm_50;-gencode;arch=compute_60,code=sm_60;-gencode;arch=compute_61,code=sm_61;-gencode;arch=compute_70,code=sm_70;-gencode;arch=compute_37,code=compute_37
  - CuDNN 7.6.3
  - Magma 2.5.2
  - Build settings: BLAS=MKL, BUILD_TYPE=Release, CXX_FLAGS= -Wno-deprecated -fvisibility-inlines-hidden -DUSE_PTHREADPOOL -fopenmp -DNDEBUG -DUSE_FBGEMM -DUSE_QNNPACK -DUSE_PYTORCH_QNNPACK -DUSE_XNNPACK -DUSE_VULKAN_WRAPPER -O2 -fPIC -Wno-narrowing -Wall -Wextra -Werror=return-type -Wno-missing-field-initializers -Wno-type-limits -Wno-array-bounds -Wno-unknown-pragmas -Wno-sign-compare -Wno-unused-parameter -Wno-unused-variable -Wno-unused-function -Wno-unused-result -Wno-unused-local-typedefs -Wno-strict-overflow -Wno-strict-aliasing -Wno-error=deprecated-declarations -Wno-stringop-overflow -Wno-psabi -Wno-error=pedantic -Wno-error=redundant-decls -Wno-error=old-style-cast -fdiagnostics-color=always -faligned-new -Wno-unused-but-set-variable -Wno-maybe-uninitialized -fno-math-errno -fno-trapping-math -Werror=format -Wno-stringop-overflow, PERF_WITH_AVX=1, PERF_WITH_AVX2=1, PERF_WITH_AVX512=1, USE_CUDA=ON, USE_EXCEPTION_PTR=1, USE_GFLAGS=OFF, USE_GLOG=OFF, USE_MKL=ON, USE_MKLDNN=ON, USE_MPI=OFF, USE_NCCL=ON, USE_NNPACK=ON, USE_OPENMP=ON, 

TorchVision: 0.8.0
OpenCV: 4.8.0
MMCV: 1.3.1
MMCV Compiler: GCC 7.3
MMCV CUDA Compiler: 9.2
Simulation: 0.7.0+724ac66
------------------------------------------------------------

2024-11-24 20:38:25,596 - sim - INFO - Distributed training: False
2024-11-24 20:38:25,748 - sim - INFO - Config:
model = dict(
    type='ParticleSimulator',
    backbone=dict(
        type='TRANS',
        attr_dim=7,
        state_dim=6,
        position_dim=3,
        embed_dims=128,
        num_heads=8,
        num_encoder_layers=4,
        order=('selfattn', 'norm', 'ffn', 'norm')),
    head=dict(
        type='ParticleHead',
        in_channels=128,
        out_channels=3,
        seperate=False,
        rotation_dim=4,
        weighted=False,
        loss=dict(type='MSELoss', loss_weight=1.0)))
dataset_type = 'PhysicsFleXDataset'
pstep = 2
env_cfg = dict(
    gen_data=False,
    scene_params=[0.25, 0.25, 0.25, 0.25, 0, 8, 15, 8],
    env='BoxBath',
    hierarchy=False,
    num_abs_token=0,
    eval_ratio=10000000.0,
    dataf='./data/data_BoxBath',
    n_rollout=100,
    time_step=151,
    time_step_clip=0,
    attn_mask=8,
    dt=0.016666666666666666,
    nf_relation=300,
    nf_particle=200,
    nf_effect=200,
    train_valid_ratio=0.9,
    n_instance=2,
    n_stages=4,
    n_his=0,
    shape_state_dim=14,
    attr_dim=7,
    state_dim=6,
    position_dim=3,
    relation_dim=1,
    pstep=2,
    neighbor_radius=0.08,
    phases_dict=dict(
        instance_idx=[0, 64, 1024],
        root_num=[[8], []],
        root_sib_radius=[[0.4], []],
        root_des_radius=[[0.08], []],
        root_pstep=[[2], []],
        instance=['cube', 'fluid'],
        material=['rigid', 'fluid']))
data = dict(
    samples_per_gpu=2,
    workers_per_gpu=8,
    train=dict(
        type='PhysicsFleXDataset',
        phase='train',
        env_cfg=dict(
            gen_data=False,
            scene_params=[0.25, 0.25, 0.25, 0.25, 0, 8, 15, 8],
            env='BoxBath',
            hierarchy=False,
            num_abs_token=0,
            eval_ratio=10000000.0,
            dataf='./data/data_BoxBath',
            n_rollout=100,
            time_step=151,
            time_step_clip=0,
            attn_mask=8,
            dt=0.016666666666666666,
            nf_relation=300,
            nf_particle=200,
            nf_effect=200,
            train_valid_ratio=0.9,
            n_instance=2,
            n_stages=4,
            n_his=0,
            shape_state_dim=14,
            attr_dim=7,
            state_dim=6,
            position_dim=3,
            relation_dim=1,
            pstep=2,
            neighbor_radius=0.08,
            phases_dict=dict(
                instance_idx=[0, 64, 1024],
                root_num=[[8], []],
                root_sib_radius=[[0.4], []],
                root_des_radius=[[0.08], []],
                root_pstep=[[2], []],
                instance=['cube', 'fluid'],
                material=['rigid', 'fluid'])),
        verbose=False),
    val=dict(
        type='PhysicsFleXDataset',
        phase='valid',
        env_cfg=dict(
            gen_data=False,
            scene_params=[0.25, 0.25, 0.25, 0.25, 0, 8, 15, 8],
            env='BoxBath',
            hierarchy=False,
            num_abs_token=0,
            eval_ratio=10000000.0,
            dataf='./data/data_BoxBath',
            n_rollout=100,
            time_step=151,
            time_step_clip=0,
            attn_mask=8,
            dt=0.016666666666666666,
            nf_relation=300,
            nf_particle=200,
            nf_effect=200,
            train_valid_ratio=0.9,
            n_instance=2,
            n_stages=4,
            n_his=0,
            shape_state_dim=14,
            attr_dim=7,
            state_dim=6,
            position_dim=3,
            relation_dim=1,
            pstep=2,
            neighbor_radius=0.08,
            phases_dict=dict(
                instance_idx=[0, 64, 1024],
                root_num=[[8], []],
                root_sib_radius=[[0.4], []],
                root_des_radius=[[0.08], []],
                root_pstep=[[2], []],
                instance=['cube', 'fluid'],
                material=['rigid', 'fluid'])),
        verbose=False),
    test=dict(
        type='PhysicsFleXDataset',
        phase='valid',
        env_cfg=dict(
            gen_data=False,
            scene_params=[0.25, 0.25, 0.25, 0.25, 0, 8, 15, 8],
            env='BoxBath',
            hierarchy=False,
            num_abs_token=0,
            eval_ratio=10000000.0,
            dataf='./data/data_BoxBath',
            n_rollout=100,
            time_step=151,
            time_step_clip=0,
            attn_mask=8,
            dt=0.016666666666666666,
            nf_relation=300,
            nf_particle=200,
            nf_effect=200,
            train_valid_ratio=0.9,
            n_instance=2,
            n_stages=4,
            n_his=0,
            shape_state_dim=14,
            attr_dim=7,
            state_dim=6,
            position_dim=3,
            relation_dim=1,
            pstep=2,
            neighbor_radius=0.08,
            phases_dict=dict(
                instance_idx=[0, 64, 1024],
                root_num=[[8], []],
                root_sib_radius=[[0.4], []],
                root_des_radius=[[0.08], []],
                root_pstep=[[2], []],
                instance=['cube', 'fluid'],
                material=['rigid', 'fluid'])),
        verbose=False))
optimizer = dict(
    type='Adam', lr=0.0008, betas=(0.9, 0.999), weight_decay=0, amsgrad=False)
optimizer_config = dict(grad_clip=None)
lr_config = dict(policy='Plateau', mode='min', factor=0.8, patience=3)
runner = dict(type='EpochBasedRunner', max_epochs=5)
checkpoint_config = dict(interval=1)
log_config = dict(interval=100, hooks=[dict(type='TextLoggerHook')])
dist_params = dict(backend='nccl', port='29511')
log_level = 'INFO'
load_from = None
resume_from = None
workflow = [('train', 1)]
find_unused_parameters = True
work_dir = './work_dirs/transformer_boxbath'
gpu_ids = range(0, 1)

2024-11-24 20:38:25,764 - sim - INFO - Model parameters: 2541831
2024-11-24 20:38:27,198 - sim - INFO - Start running, host: zbl@lab601-2, work_dir: /home/zbl/sim/TIE_ECCV2022/work_dirs/transformer_boxbath
2024-11-24 20:38:27,198 - sim - INFO - workflow: [('train', 1)], max: 5 epochs
2024-11-24 20:38:35,971 - sim - INFO - Epoch [1][100/6750]	lr: 8.000e-04, eta: 0:49:08, time: 0.088, data_time: 0.061, memory: 1155, loss: 1.4685, Batch std: 0.9608, Agg std: 1.2442
2024-11-24 20:38:41,731 - sim - INFO - Epoch [1][200/6750]	lr: 8.000e-04, eta: 0:40:36, time: 0.058, data_time: 0.031, memory: 1155, loss: 0.9774, Batch std: 0.8216, Agg std: 0.9250
2024-11-24 20:38:47,553 - sim - INFO - Epoch [1][300/6750]	lr: 8.000e-04, eta: 0:37:48, time: 0.058, data_time: 0.032, memory: 1155, loss: 0.8347, Batch std: 0.7588, Agg std: 0.8769
2024-11-24 20:38:53,164 - sim - INFO - Epoch [1][400/6750]	lr: 8.000e-04, eta: 0:36:04, time: 0.056, data_time: 0.029, memory: 1155, loss: 0.8109, Batch std: 0.7554, Agg std: 0.8323
2024-11-24 20:38:59,110 - sim - INFO - Epoch [1][500/6750]	lr: 8.000e-04, eta: 0:35:21, time: 0.059, data_time: 0.033, memory: 1155, loss: 0.7214, Batch std: 0.7124, Agg std: 0.8136
2024-11-24 20:39:04,790 - sim - INFO - Epoch [1][600/6750]	lr: 8.000e-04, eta: 0:34:36, time: 0.057, data_time: 0.030, memory: 1155, loss: 0.6044, Batch std: 0.6688, Agg std: 0.7922
2024-11-24 20:39:10,702 - sim - INFO - Epoch [1][700/6750]	lr: 8.000e-04, eta: 0:34:13, time: 0.059, data_time: 0.032, memory: 1155, loss: 0.3772, Batch std: 0.5290, Agg std: 0.7633
2024-11-24 20:39:16,388 - sim - INFO - Epoch [1][800/6750]	lr: 8.000e-04, eta: 0:33:45, time: 0.057, data_time: 0.030, memory: 1155, loss: 0.2483, Batch std: 0.4333, Agg std: 0.7251
2024-11-24 20:39:22,264 - sim - INFO - Epoch [1][900/6750]	lr: 8.000e-04, eta: 0:33:29, time: 0.059, data_time: 0.032, memory: 1155, loss: 0.1631, Batch std: 0.3451, Agg std: 0.6843
2024-11-24 20:39:27,952 - sim - INFO - Epoch [1][1000/6750]	lr: 8.000e-04, eta: 0:33:09, time: 0.057, data_time: 0.030, memory: 1155, loss: 0.1860, Batch std: 0.3712, Agg std: 0.6485
2024-11-24 20:39:33,896 - sim - INFO - Epoch [1][1100/6750]	lr: 8.000e-04, eta: 0:32:59, time: 0.059, data_time: 0.033, memory: 1155, loss: 0.1523, Batch std: 0.3345, Agg std: 0.6224
2024-11-24 20:39:39,568 - sim - INFO - Epoch [1][1200/6750]	lr: 8.000e-04, eta: 0:32:42, time: 0.057, data_time: 0.030, memory: 1155, loss: 0.1261, Batch std: 0.2940, Agg std: 0.5948
2024-11-24 20:39:45,476 - sim - INFO - Epoch [1][1300/6750]	lr: 8.000e-04, eta: 0:32:33, time: 0.059, data_time: 0.032, memory: 1155, loss: 0.1553, Batch std: 0.3276, Agg std: 0.5722
2024-11-24 20:39:51,130 - sim - INFO - Epoch [1][1400/6750]	lr: 8.000e-04, eta: 0:32:19, time: 0.057, data_time: 0.030, memory: 1155, loss: 0.1386, Batch std: 0.3176, Agg std: 0.5534
2024-11-24 20:39:57,147 - sim - INFO - Epoch [1][1500/6750]	lr: 8.000e-04, eta: 0:32:13, time: 0.060, data_time: 0.033, memory: 1155, loss: 0.1248, Batch std: 0.3013, Agg std: 0.5368
2024-11-24 20:40:02,742 - sim - INFO - Epoch [1][1600/6750]	lr: 8.000e-04, eta: 0:31:59, time: 0.056, data_time: 0.029, memory: 1155, loss: 0.1066, Batch std: 0.2714, Agg std: 0.5206
2024-11-24 20:40:08,636 - sim - INFO - Epoch [1][1700/6750]	lr: 8.000e-04, eta: 0:31:52, time: 0.059, data_time: 0.032, memory: 1155, loss: 0.1201, Batch std: 0.2888, Agg std: 0.5052
2024-11-24 20:40:14,389 - sim - INFO - Epoch [1][1800/6750]	lr: 8.000e-04, eta: 0:31:42, time: 0.058, data_time: 0.031, memory: 1155, loss: 0.1192, Batch std: 0.2971, Agg std: 0.4938
2024-11-24 20:40:20,304 - sim - INFO - Epoch [1][1900/6750]	lr: 8.000e-04, eta: 0:31:35, time: 0.059, data_time: 0.033, memory: 1155, loss: 0.1172, Batch std: 0.2933, Agg std: 0.4830
2024-11-24 20:40:25,930 - sim - INFO - Epoch [1][2000/6750]	lr: 8.000e-04, eta: 0:31:24, time: 0.056, data_time: 0.030, memory: 1155, loss: 0.1158, Batch std: 0.2858, Agg std: 0.4734
2024-11-24 20:40:31,801 - sim - INFO - Epoch [1][2100/6750]	lr: 8.000e-04, eta: 0:31:17, time: 0.059, data_time: 0.032, memory: 1155, loss: 0.1122, Batch std: 0.2856, Agg std: 0.4643
2024-11-24 20:40:37,493 - sim - INFO - Epoch [1][2200/6750]	lr: 8.000e-04, eta: 0:31:08, time: 0.057, data_time: 0.030, memory: 1155, loss: 0.1360, Batch std: 0.3121, Agg std: 0.4563
2024-11-24 20:40:43,459 - sim - INFO - Epoch [1][2300/6750]	lr: 8.000e-04, eta: 0:31:02, time: 0.060, data_time: 0.033, memory: 1155, loss: 0.1184, Batch std: 0.2952, Agg std: 0.4495
2024-11-24 20:40:49,101 - sim - INFO - Epoch [1][2400/6750]	lr: 8.000e-04, eta: 0:30:53, time: 0.056, data_time: 0.030, memory: 1155, loss: 0.1505, Batch std: 0.3331, Agg std: 0.4437
2024-11-24 20:40:55,022 - sim - INFO - Epoch [1][2500/6750]	lr: 8.000e-04, eta: 0:30:47, time: 0.059, data_time: 0.032, memory: 1155, loss: 0.1483, Batch std: 0.3241, Agg std: 0.4391
2024-11-24 20:41:00,733 - sim - INFO - Epoch [1][2600/6750]	lr: 8.000e-04, eta: 0:30:39, time: 0.057, data_time: 0.030, memory: 1155, loss: 0.1246, Batch std: 0.3031, Agg std: 0.4343
2024-11-24 20:41:06,985 - sim - INFO - Epoch [1][2700/6750]	lr: 8.000e-04, eta: 0:30:37, time: 0.063, data_time: 0.036, memory: 1155, loss: 0.1069, Batch std: 0.2644, Agg std: 0.4284
2024-11-24 20:41:12,523 - sim - INFO - Epoch [1][2800/6750]	lr: 8.000e-04, eta: 0:30:27, time: 0.055, data_time: 0.029, memory: 1155, loss: 0.1150, Batch std: 0.2900, Agg std: 0.4230
2024-11-24 20:41:18,444 - sim - INFO - Epoch [1][2900/6750]	lr: 8.000e-04, eta: 0:30:21, time: 0.059, data_time: 0.033, memory: 1155, loss: 0.0868, Batch std: 0.2525, Agg std: 0.4176
2024-11-24 20:41:24,068 - sim - INFO - Epoch [1][3000/6750]	lr: 8.000e-04, eta: 0:30:12, time: 0.056, data_time: 0.030, memory: 1155, loss: 0.1006, Batch std: 0.2579, Agg std: 0.4122
2024-11-24 20:41:30,021 - sim - INFO - Epoch [1][3100/6750]	lr: 8.000e-04, eta: 0:30:07, time: 0.060, data_time: 0.033, memory: 1155, loss: 0.1131, Batch std: 0.2800, Agg std: 0.4073
2024-11-24 20:41:35,758 - sim - INFO - Epoch [1][3200/6750]	lr: 8.000e-04, eta: 0:29:59, time: 0.057, data_time: 0.031, memory: 1155, loss: 0.1403, Batch std: 0.3198, Agg std: 0.4039
2024-11-24 20:41:41,623 - sim - INFO - Epoch [1][3300/6750]	lr: 8.000e-04, eta: 0:29:53, time: 0.059, data_time: 0.032, memory: 1155, loss: 0.1076, Batch std: 0.2796, Agg std: 0.4008
2024-11-24 20:41:47,309 - sim - INFO - Epoch [1][3400/6750]	lr: 8.000e-04, eta: 0:29:46, time: 0.057, data_time: 0.031, memory: 1155, loss: 0.1320, Batch std: 0.3117, Agg std: 0.3976
2024-11-24 20:41:53,203 - sim - INFO - Epoch [1][3500/6750]	lr: 8.000e-04, eta: 0:29:40, time: 0.059, data_time: 0.033, memory: 1155, loss: 0.1175, Batch std: 0.2856, Agg std: 0.3949
2024-11-24 20:41:58,940 - sim - INFO - Epoch [1][3600/6750]	lr: 8.000e-04, eta: 0:29:33, time: 0.057, data_time: 0.031, memory: 1155, loss: 0.1055, Batch std: 0.2687, Agg std: 0.3915
2024-11-24 20:42:04,828 - sim - INFO - Epoch [1][3700/6750]	lr: 8.000e-04, eta: 0:29:27, time: 0.059, data_time: 0.032, memory: 1155, loss: 0.1150, Batch std: 0.2930, Agg std: 0.3884
2024-11-24 20:42:10,565 - sim - INFO - Epoch [1][3800/6750]	lr: 8.000e-04, eta: 0:29:20, time: 0.057, data_time: 0.030, memory: 1155, loss: 0.1038, Batch std: 0.2714, Agg std: 0.3858
2024-11-24 20:42:16,531 - sim - INFO - Epoch [1][3900/6750]	lr: 8.000e-04, eta: 0:29:15, time: 0.060, data_time: 0.032, memory: 1155, loss: 0.0981, Batch std: 0.2568, Agg std: 0.3825
2024-11-24 20:42:22,132 - sim - INFO - Epoch [1][4000/6750]	lr: 8.000e-04, eta: 0:29:07, time: 0.056, data_time: 0.028, memory: 1155, loss: 0.1047, Batch std: 0.2713, Agg std: 0.3795
2024-11-24 20:42:28,090 - sim - INFO - Epoch [1][4100/6750]	lr: 8.000e-04, eta: 0:29:01, time: 0.060, data_time: 0.032, memory: 1155, loss: 0.1071, Batch std: 0.2772, Agg std: 0.3767
2024-11-24 20:42:33,774 - sim - INFO - Epoch [1][4200/6750]	lr: 8.000e-04, eta: 0:28:54, time: 0.057, data_time: 0.029, memory: 1155, loss: 0.0939, Batch std: 0.2555, Agg std: 0.3741
2024-11-24 20:42:39,683 - sim - INFO - Epoch [1][4300/6750]	lr: 8.000e-04, eta: 0:28:49, time: 0.059, data_time: 0.031, memory: 1155, loss: 0.0992, Batch std: 0.2683, Agg std: 0.3716
2024-11-24 20:42:45,368 - sim - INFO - Epoch [1][4400/6750]	lr: 8.000e-04, eta: 0:28:41, time: 0.057, data_time: 0.029, memory: 1155, loss: 0.0836, Batch std: 0.2452, Agg std: 0.3689
2024-11-24 20:42:51,271 - sim - INFO - Epoch [1][4500/6750]	lr: 8.000e-04, eta: 0:28:36, time: 0.059, data_time: 0.031, memory: 1155, loss: 0.0935, Batch std: 0.2549, Agg std: 0.3660
2024-11-24 20:42:56,931 - sim - INFO - Epoch [1][4600/6750]	lr: 8.000e-04, eta: 0:28:29, time: 0.057, data_time: 0.029, memory: 1155, loss: 0.0986, Batch std: 0.2735, Agg std: 0.3640
2024-11-24 20:43:02,863 - sim - INFO - Epoch [1][4700/6750]	lr: 8.000e-04, eta: 0:28:23, time: 0.059, data_time: 0.032, memory: 1155, loss: 0.1060, Batch std: 0.2808, Agg std: 0.3620
2024-11-24 20:43:08,531 - sim - INFO - Epoch [1][4800/6750]	lr: 8.000e-04, eta: 0:28:16, time: 0.057, data_time: 0.029, memory: 1155, loss: 0.1015, Batch std: 0.2740, Agg std: 0.3605
2024-11-24 20:43:14,459 - sim - INFO - Epoch [1][4900/6750]	lr: 8.000e-04, eta: 0:28:11, time: 0.059, data_time: 0.031, memory: 1155, loss: 0.0960, Batch std: 0.2569, Agg std: 0.3583
2024-11-24 20:43:20,167 - sim - INFO - Epoch [1][5000/6750]	lr: 8.000e-04, eta: 0:28:04, time: 0.057, data_time: 0.029, memory: 1155, loss: 0.1032, Batch std: 0.2752, Agg std: 0.3565
2024-11-24 20:43:26,086 - sim - INFO - Epoch [1][5100/6750]	lr: 8.000e-04, eta: 0:27:58, time: 0.059, data_time: 0.031, memory: 1155, loss: 0.1240, Batch std: 0.3009, Agg std: 0.3551
2024-11-24 20:43:31,841 - sim - INFO - Epoch [1][5200/6750]	lr: 8.000e-04, eta: 0:27:52, time: 0.058, data_time: 0.030, memory: 1155, loss: 0.1038, Batch std: 0.2750, Agg std: 0.3538
2024-11-24 20:43:37,822 - sim - INFO - Epoch [1][5300/6750]	lr: 8.000e-04, eta: 0:27:47, time: 0.060, data_time: 0.033, memory: 1155, loss: 0.1369, Batch std: 0.3201, Agg std: 0.3530
2024-11-24 20:43:43,647 - sim - INFO - Epoch [1][5400/6750]	lr: 8.000e-04, eta: 0:27:41, time: 0.058, data_time: 0.030, memory: 1155, loss: 0.0663, Batch std: 0.2159, Agg std: 0.3513
2024-11-24 20:43:49,520 - sim - INFO - Epoch [1][5500/6750]	lr: 8.000e-04, eta: 0:27:35, time: 0.059, data_time: 0.031, memory: 1155, loss: 0.0969, Batch std: 0.2667, Agg std: 0.3493
2024-11-24 20:43:55,204 - sim - INFO - Epoch [1][5600/6750]	lr: 8.000e-04, eta: 0:27:28, time: 0.057, data_time: 0.029, memory: 1155, loss: 0.0938, Batch std: 0.2571, Agg std: 0.3477
2024-11-24 20:44:01,116 - sim - INFO - Epoch [1][5700/6750]	lr: 8.000e-04, eta: 0:27:23, time: 0.059, data_time: 0.031, memory: 1155, loss: 0.0895, Batch std: 0.2498, Agg std: 0.3459
2024-11-24 20:44:06,827 - sim - INFO - Epoch [1][5800/6750]	lr: 8.000e-04, eta: 0:27:16, time: 0.057, data_time: 0.029, memory: 1155, loss: 0.1059, Batch std: 0.2703, Agg std: 0.3444
2024-11-24 20:44:12,687 - sim - INFO - Epoch [1][5900/6750]	lr: 8.000e-04, eta: 0:27:10, time: 0.059, data_time: 0.030, memory: 1155, loss: 0.1012, Batch std: 0.2729, Agg std: 0.3432
2024-11-24 20:44:18,381 - sim - INFO - Epoch [1][6000/6750]	lr: 8.000e-04, eta: 0:27:04, time: 0.057, data_time: 0.028, memory: 1155, loss: 0.0928, Batch std: 0.2546, Agg std: 0.3420
2024-11-24 20:44:24,328 - sim - INFO - Epoch [1][6100/6750]	lr: 8.000e-04, eta: 0:26:58, time: 0.059, data_time: 0.032, memory: 1155, loss: 0.0932, Batch std: 0.2565, Agg std: 0.3405
2024-11-24 20:44:30,008 - sim - INFO - Epoch [1][6200/6750]	lr: 8.000e-04, eta: 0:26:52, time: 0.057, data_time: 0.028, memory: 1155, loss: 0.0957, Batch std: 0.2589, Agg std: 0.3392
2024-11-24 20:44:35,832 - sim - INFO - Epoch [1][6300/6750]	lr: 8.000e-04, eta: 0:26:46, time: 0.058, data_time: 0.031, memory: 1155, loss: 0.0885, Batch std: 0.2490, Agg std: 0.3377
2024-11-24 20:44:41,631 - sim - INFO - Epoch [1][6400/6750]	lr: 8.000e-04, eta: 0:26:39, time: 0.058, data_time: 0.030, memory: 1155, loss: 0.0848, Batch std: 0.2442, Agg std: 0.3363
2024-11-24 20:44:47,480 - sim - INFO - Epoch [1][6500/6750]	lr: 8.000e-04, eta: 0:26:34, time: 0.058, data_time: 0.031, memory: 1155, loss: 0.0768, Batch std: 0.2364, Agg std: 0.3348
2024-11-24 20:44:53,156 - sim - INFO - Epoch [1][6600/6750]	lr: 8.000e-04, eta: 0:26:27, time: 0.057, data_time: 0.029, memory: 1155, loss: 0.0913, Batch std: 0.2544, Agg std: 0.3334
2024-11-24 20:44:59,036 - sim - INFO - Epoch [1][6700/6750]	lr: 8.000e-04, eta: 0:26:21, time: 0.059, data_time: 0.031, memory: 1155, loss: 0.0977, Batch std: 0.2665, Agg std: 0.3325
2024-11-24 20:45:01,827 - sim - INFO - Saving checkpoint at 1 epochs
2024-11-24 20:45:45,871 - sim - INFO - Epoch(val) [1][6750]	pos mse mean: 16.6959, pos mse std: 0.3893, vel mean: 0.23576700687408447, vel std: 0.1505289077758789, eval ratio: 10000000.0000
2024-11-24 20:45:54,492 - sim - INFO - Epoch [2][100/6750]	lr: 8.000e-04, eta: 0:26:12, time: 0.086, data_time: 0.060, memory: 1155, loss: 0.0884, Batch std: 0.2468, Agg std: 0.2707
2024-11-24 20:46:00,182 - sim - INFO - Epoch [2][200/6750]	lr: 8.000e-04, eta: 0:26:05, time: 0.057, data_time: 0.030, memory: 1155, loss: 0.0881, Batch std: 0.2532, Agg std: 0.2705
2024-11-24 20:46:06,069 - sim - INFO - Epoch [2][300/6750]	lr: 8.000e-04, eta: 0:26:00, time: 0.059, data_time: 0.032, memory: 1155, loss: 0.0871, Batch std: 0.2442, Agg std: 0.2702
2024-11-24 20:46:11,705 - sim - INFO - Epoch [2][400/6750]	lr: 8.000e-04, eta: 0:25:53, time: 0.056, data_time: 0.030, memory: 1155, loss: 0.0943, Batch std: 0.2523, Agg std: 0.2700
2024-11-24 20:46:17,756 - sim - INFO - Epoch [2][500/6750]	lr: 8.000e-04, eta: 0:25:48, time: 0.061, data_time: 0.034, memory: 1155, loss: 0.0808, Batch std: 0.2364, Agg std: 0.2697
2024-11-24 20:46:23,440 - sim - INFO - Epoch [2][600/6750]	lr: 8.000e-04, eta: 0:25:42, time: 0.057, data_time: 0.030, memory: 1155, loss: 0.0770, Batch std: 0.2390, Agg std: 0.2693
2024-11-24 20:46:29,424 - sim - INFO - Epoch [2][700/6750]	lr: 8.000e-04, eta: 0:25:36, time: 0.060, data_time: 0.033, memory: 1155, loss: 0.0780, Batch std: 0.2331, Agg std: 0.2689
2024-11-24 20:46:35,142 - sim - INFO - Epoch [2][800/6750]	lr: 8.000e-04, eta: 0:25:30, time: 0.057, data_time: 0.030, memory: 1155, loss: 0.0863, Batch std: 0.2506, Agg std: 0.2687
2024-11-24 20:46:41,061 - sim - INFO - Epoch [2][900/6750]	lr: 8.000e-04, eta: 0:25:24, time: 0.059, data_time: 0.032, memory: 1155, loss: 0.0845, Batch std: 0.2442, Agg std: 0.2684
2024-11-24 20:46:46,816 - sim - INFO - Epoch [2][1000/6750]	lr: 8.000e-04, eta: 0:25:18, time: 0.058, data_time: 0.030, memory: 1155, loss: 0.0785, Batch std: 0.2389, Agg std: 0.2682
2024-11-24 20:46:52,789 - sim - INFO - Epoch [2][1100/6750]	lr: 8.000e-04, eta: 0:25:13, time: 0.060, data_time: 0.032, memory: 1155, loss: 0.0816, Batch std: 0.2322, Agg std: 0.2677
2024-11-24 20:46:58,479 - sim - INFO - Epoch [2][1200/6750]	lr: 8.000e-04, eta: 0:25:07, time: 0.057, data_time: 0.029, memory: 1155, loss: 0.0813, Batch std: 0.2379, Agg std: 0.2674
2024-11-24 20:47:04,411 - sim - INFO - Epoch [2][1300/6750]	lr: 8.000e-04, eta: 0:25:01, time: 0.059, data_time: 0.031, memory: 1155, loss: 0.0901, Batch std: 0.2443, Agg std: 0.2672
2024-11-24 20:47:10,165 - sim - INFO - Epoch [2][1400/6750]	lr: 8.000e-04, eta: 0:24:55, time: 0.058, data_time: 0.029, memory: 1155, loss: 0.0844, Batch std: 0.2553, Agg std: 0.2669
2024-11-24 20:47:16,076 - sim - INFO - Epoch [2][1500/6750]	lr: 8.000e-04, eta: 0:24:49, time: 0.059, data_time: 0.031, memory: 1155, loss: 0.0756, Batch std: 0.2302, Agg std: 0.2667
2024-11-24 20:47:21,802 - sim - INFO - Epoch [2][1600/6750]	lr: 8.000e-04, eta: 0:24:43, time: 0.057, data_time: 0.029, memory: 1155, loss: 0.0577, Batch std: 0.2028, Agg std: 0.2662
2024-11-24 20:47:27,703 - sim - INFO - Epoch [2][1700/6750]	lr: 8.000e-04, eta: 0:24:37, time: 0.059, data_time: 0.031, memory: 1155, loss: 0.0772, Batch std: 0.2353, Agg std: 0.2657
2024-11-24 20:47:33,454 - sim - INFO - Epoch [2][1800/6750]	lr: 8.000e-04, eta: 0:24:31, time: 0.057, data_time: 0.029, memory: 1155, loss: 0.0970, Batch std: 0.2600, Agg std: 0.2654
2024-11-24 20:47:39,422 - sim - INFO - Epoch [2][1900/6750]	lr: 8.000e-04, eta: 0:24:26, time: 0.060, data_time: 0.031, memory: 1155, loss: 0.0953, Batch std: 0.2576, Agg std: 0.2655
2024-11-24 20:47:45,111 - sim - INFO - Epoch [2][2000/6750]	lr: 8.000e-04, eta: 0:24:20, time: 0.057, data_time: 0.029, memory: 1155, loss: 0.0803, Batch std: 0.2335, Agg std: 0.2653
2024-11-24 20:47:51,018 - sim - INFO - Epoch [2][2100/6750]	lr: 8.000e-04, eta: 0:24:14, time: 0.059, data_time: 0.031, memory: 1155, loss: 0.0745, Batch std: 0.2246, Agg std: 0.2649
2024-11-24 20:47:56,723 - sim - INFO - Epoch [2][2200/6750]	lr: 8.000e-04, eta: 0:24:08, time: 0.057, data_time: 0.029, memory: 1155, loss: 0.0753, Batch std: 0.2310, Agg std: 0.2646
2024-11-24 20:48:02,689 - sim - INFO - Epoch [2][2300/6750]	lr: 8.000e-04, eta: 0:24:02, time: 0.060, data_time: 0.032, memory: 1155, loss: 0.0717, Batch std: 0.2229, Agg std: 0.2642
2024-11-24 20:48:08,659 - sim - INFO - Epoch [2][2400/6750]	lr: 8.000e-04, eta: 0:23:57, time: 0.060, data_time: 0.031, memory: 1155, loss: 0.0637, Batch std: 0.2140, Agg std: 0.2638
2024-11-24 20:48:14,633 - sim - INFO - Epoch [2][2500/6750]	lr: 8.000e-04, eta: 0:23:51, time: 0.060, data_time: 0.032, memory: 1155, loss: 0.0737, Batch std: 0.2265, Agg std: 0.2634
2024-11-24 20:48:20,369 - sim - INFO - Epoch [2][2600/6750]	lr: 8.000e-04, eta: 0:23:45, time: 0.057, data_time: 0.029, memory: 1155, loss: 0.0738, Batch std: 0.2281, Agg std: 0.2630
2024-11-24 20:48:26,331 - sim - INFO - Epoch [2][2700/6750]	lr: 8.000e-04, eta: 0:23:40, time: 0.060, data_time: 0.031, memory: 1155, loss: 0.0698, Batch std: 0.2200, Agg std: 0.2627
2024-11-24 20:48:32,030 - sim - INFO - Epoch [2][2800/6750]	lr: 8.000e-04, eta: 0:23:33, time: 0.057, data_time: 0.028, memory: 1155, loss: 0.0612, Batch std: 0.2029, Agg std: 0.2622
2024-11-24 20:48:37,977 - sim - INFO - Epoch [2][2900/6750]	lr: 8.000e-04, eta: 0:23:28, time: 0.059, data_time: 0.031, memory: 1155, loss: 0.0753, Batch std: 0.2286, Agg std: 0.2618
2024-11-24 20:48:43,732 - sim - INFO - Epoch [2][3000/6750]	lr: 8.000e-04, eta: 0:23:22, time: 0.058, data_time: 0.029, memory: 1155, loss: 0.0727, Batch std: 0.2301, Agg std: 0.2616
2024-11-24 20:48:49,669 - sim - INFO - Epoch [2][3100/6750]	lr: 8.000e-04, eta: 0:23:16, time: 0.059, data_time: 0.031, memory: 1155, loss: 0.0914, Batch std: 0.2478, Agg std: 0.2613
2024-11-24 20:48:55,395 - sim - INFO - Epoch [2][3200/6750]	lr: 8.000e-04, eta: 0:23:10, time: 0.057, data_time: 0.028, memory: 1155, loss: 0.0794, Batch std: 0.2379, Agg std: 0.2612
2024-11-24 20:49:01,323 - sim - INFO - Epoch [2][3300/6750]	lr: 8.000e-04, eta: 0:23:04, time: 0.059, data_time: 0.031, memory: 1155, loss: 0.0933, Batch std: 0.2534, Agg std: 0.2610
2024-11-24 20:49:07,074 - sim - INFO - Epoch [2][3400/6750]	lr: 8.000e-04, eta: 0:22:58, time: 0.057, data_time: 0.028, memory: 1155, loss: 0.0805, Batch std: 0.2421, Agg std: 0.2610
2024-11-24 20:49:13,042 - sim - INFO - Epoch [2][3500/6750]	lr: 8.000e-04, eta: 0:22:53, time: 0.060, data_time: 0.030, memory: 1155, loss: 0.0660, Batch std: 0.2139, Agg std: 0.2607
2024-11-24 20:49:18,748 - sim - INFO - Epoch [2][3600/6750]	lr: 8.000e-04, eta: 0:22:47, time: 0.057, data_time: 0.028, memory: 1155, loss: 0.0588, Batch std: 0.2074, Agg std: 0.2602
2024-11-24 20:49:24,665 - sim - INFO - Epoch [2][3700/6750]	lr: 8.000e-04, eta: 0:22:41, time: 0.059, data_time: 0.030, memory: 1155, loss: 0.0854, Batch std: 0.2470, Agg std: 0.2599
2024-11-24 20:49:30,410 - sim - INFO - Epoch [2][3800/6750]	lr: 8.000e-04, eta: 0:22:35, time: 0.057, data_time: 0.029, memory: 1155, loss: 0.0829, Batch std: 0.2411, Agg std: 0.2598
2024-11-24 20:49:36,373 - sim - INFO - Epoch [2][3900/6750]	lr: 8.000e-04, eta: 0:22:29, time: 0.060, data_time: 0.031, memory: 1155, loss: 0.0697, Batch std: 0.2215, Agg std: 0.2597
2024-11-24 20:49:42,110 - sim - INFO - Epoch [2][4000/6750]	lr: 8.000e-04, eta: 0:22:23, time: 0.057, data_time: 0.028, memory: 1155, loss: 0.0646, Batch std: 0.2177, Agg std: 0.2593
2024-11-24 20:49:47,943 - sim - INFO - Epoch [2][4100/6750]	lr: 8.000e-04, eta: 0:22:17, time: 0.058, data_time: 0.030, memory: 1155, loss: 0.0726, Batch std: 0.2263, Agg std: 0.2590
2024-11-24 20:49:53,661 - sim - INFO - Epoch [2][4200/6750]	lr: 8.000e-04, eta: 0:22:11, time: 0.057, data_time: 0.030, memory: 1155, loss: 0.0675, Batch std: 0.2143, Agg std: 0.2586
2024-11-24 20:49:59,587 - sim - INFO - Epoch [2][4300/6750]	lr: 8.000e-04, eta: 0:22:06, time: 0.059, data_time: 0.031, memory: 1155, loss: 0.0767, Batch std: 0.2354, Agg std: 0.2583
2024-11-24 20:50:05,314 - sim - INFO - Epoch [2][4400/6750]	lr: 8.000e-04, eta: 0:21:59, time: 0.057, data_time: 0.029, memory: 1155, loss: 0.0877, Batch std: 0.2515, Agg std: 0.2582
2024-11-24 20:50:11,260 - sim - INFO - Epoch [2][4500/6750]	lr: 8.000e-04, eta: 0:21:54, time: 0.059, data_time: 0.032, memory: 1155, loss: 0.0742, Batch std: 0.2289, Agg std: 0.2581
2024-11-24 20:50:16,962 - sim - INFO - Epoch [2][4600/6750]	lr: 8.000e-04, eta: 0:21:48, time: 0.057, data_time: 0.029, memory: 1155, loss: 0.0538, Batch std: 0.1973, Agg std: 0.2577
2024-11-24 20:50:22,909 - sim - INFO - Epoch [2][4700/6750]	lr: 8.000e-04, eta: 0:21:42, time: 0.059, data_time: 0.031, memory: 1155, loss: 0.0714, Batch std: 0.2186, Agg std: 0.2573
2024-11-24 20:50:28,680 - sim - INFO - Epoch [2][4800/6750]	lr: 8.000e-04, eta: 0:21:36, time: 0.058, data_time: 0.029, memory: 1155, loss: 0.0804, Batch std: 0.2393, Agg std: 0.2571
2024-11-24 20:50:34,869 - sim - INFO - Epoch [2][4900/6750]	lr: 8.000e-04, eta: 0:21:31, time: 0.062, data_time: 0.033, memory: 1155, loss: 0.0678, Batch std: 0.2197, Agg std: 0.2569
2024-11-24 20:50:40,531 - sim - INFO - Epoch [2][5000/6750]	lr: 8.000e-04, eta: 0:21:25, time: 0.057, data_time: 0.028, memory: 1155, loss: 0.0577, Batch std: 0.1943, Agg std: 0.2565
2024-11-24 20:50:46,518 - sim - INFO - Epoch [2][5100/6750]	lr: 8.000e-04, eta: 0:21:19, time: 0.060, data_time: 0.031, memory: 1155, loss: 0.0644, Batch std: 0.2129, Agg std: 0.2561
2024-11-24 20:50:52,177 - sim - INFO - Epoch [2][5200/6750]	lr: 8.000e-04, eta: 0:21:13, time: 0.057, data_time: 0.028, memory: 1155, loss: 0.0630, Batch std: 0.2048, Agg std: 0.2558
2024-11-24 20:50:58,149 - sim - INFO - Epoch [2][5300/6750]	lr: 8.000e-04, eta: 0:21:07, time: 0.060, data_time: 0.031, memory: 1155, loss: 0.0672, Batch std: 0.2180, Agg std: 0.2555
2024-11-24 20:51:03,833 - sim - INFO - Epoch [2][5400/6750]	lr: 8.000e-04, eta: 0:21:01, time: 0.057, data_time: 0.028, memory: 1155, loss: 0.0617, Batch std: 0.2120, Agg std: 0.2552
2024-11-24 20:51:09,780 - sim - INFO - Epoch [2][5500/6750]	lr: 8.000e-04, eta: 0:20:56, time: 0.060, data_time: 0.032, memory: 1155, loss: 0.0627, Batch std: 0.2155, Agg std: 0.2549
2024-11-24 20:51:15,613 - sim - INFO - Epoch [2][5600/6750]	lr: 8.000e-04, eta: 0:20:50, time: 0.058, data_time: 0.030, memory: 1155, loss: 0.0615, Batch std: 0.2082, Agg std: 0.2545
2024-11-24 20:51:21,442 - sim - INFO - Epoch [2][5700/6750]	lr: 8.000e-04, eta: 0:20:44, time: 0.058, data_time: 0.031, memory: 1155, loss: 0.0539, Batch std: 0.1963, Agg std: 0.2542
2024-11-24 20:51:27,206 - sim - INFO - Epoch [2][5800/6750]	lr: 8.000e-04, eta: 0:20:38, time: 0.058, data_time: 0.029, memory: 1155, loss: 0.0732, Batch std: 0.2267, Agg std: 0.2539
2024-11-24 20:51:33,129 - sim - INFO - Epoch [2][5900/6750]	lr: 8.000e-04, eta: 0:20:32, time: 0.059, data_time: 0.031, memory: 1155, loss: 0.0763, Batch std: 0.2262, Agg std: 0.2537
2024-11-24 20:51:39,062 - sim - INFO - Epoch [2][6000/6750]	lr: 8.000e-04, eta: 0:20:26, time: 0.059, data_time: 0.032, memory: 1155, loss: 0.0696, Batch std: 0.2203, Agg std: 0.2535
2024-11-24 20:51:44,796 - sim - INFO - Epoch [2][6100/6750]	lr: 8.000e-04, eta: 0:20:20, time: 0.057, data_time: 0.031, memory: 1155, loss: 0.0669, Batch std: 0.2129, Agg std: 0.2532
2024-11-24 20:51:50,585 - sim - INFO - Epoch [2][6200/6750]	lr: 8.000e-04, eta: 0:20:15, time: 0.058, data_time: 0.031, memory: 1155, loss: 0.0626, Batch std: 0.2046, Agg std: 0.2529
2024-11-24 20:51:56,517 - sim - INFO - Epoch [2][6300/6750]	lr: 8.000e-04, eta: 0:20:09, time: 0.059, data_time: 0.032, memory: 1155, loss: 0.0713, Batch std: 0.2280, Agg std: 0.2527
2024-11-24 20:52:02,256 - sim - INFO - Epoch [2][6400/6750]	lr: 8.000e-04, eta: 0:20:03, time: 0.057, data_time: 0.030, memory: 1155, loss: 0.0629, Batch std: 0.2084, Agg std: 0.2524
2024-11-24 20:52:08,111 - sim - INFO - Epoch [2][6500/6750]	lr: 8.000e-04, eta: 0:19:57, time: 0.059, data_time: 0.031, memory: 1155, loss: 0.0665, Batch std: 0.2182, Agg std: 0.2521
2024-11-24 20:52:13,935 - sim - INFO - Epoch [2][6600/6750]	lr: 8.000e-04, eta: 0:19:51, time: 0.058, data_time: 0.031, memory: 1155, loss: 0.0674, Batch std: 0.2155, Agg std: 0.2519
2024-11-24 20:52:19,874 - sim - INFO - Epoch [2][6700/6750]	lr: 8.000e-04, eta: 0:19:45, time: 0.059, data_time: 0.032, memory: 1155, loss: 0.0572, Batch std: 0.2019, Agg std: 0.2516
2024-11-24 20:52:22,678 - sim - INFO - Saving checkpoint at 2 epochs
2024-11-24 20:53:06,709 - sim - INFO - Epoch(val) [2][6750]	pos mse mean: 13.2353, pos mse std: 0.2286, vel mean: 0.2118234932422638, vel std: 0.13661353290081024, eval ratio: 10000000.0000
2024-11-24 20:53:15,237 - sim - INFO - Epoch [3][100/6750]	lr: 8.000e-04, eta: 0:19:36, time: 0.085, data_time: 0.058, memory: 1155, loss: 0.0653, Batch std: 0.2120, Agg std: 0.2284
2024-11-24 20:53:21,031 - sim - INFO - Epoch [3][200/6750]	lr: 8.000e-04, eta: 0:19:30, time: 0.058, data_time: 0.031, memory: 1155, loss: 0.0556, Batch std: 0.2011, Agg std: 0.2283
2024-11-24 20:53:26,993 - sim - INFO - Epoch [3][300/6750]	lr: 8.000e-04, eta: 0:19:25, time: 0.060, data_time: 0.032, memory: 1155, loss: 0.0519, Batch std: 0.1927, Agg std: 0.2281
2024-11-24 20:53:32,664 - sim - INFO - Epoch [3][400/6750]	lr: 8.000e-04, eta: 0:19:19, time: 0.057, data_time: 0.029, memory: 1155, loss: 0.0651, Batch std: 0.2139, Agg std: 0.2280
2024-11-24 20:53:38,616 - sim - INFO - Epoch [3][500/6750]	lr: 8.000e-04, eta: 0:19:13, time: 0.060, data_time: 0.031, memory: 1155, loss: 0.0546, Batch std: 0.1917, Agg std: 0.2278
2024-11-24 20:53:44,386 - sim - INFO - Epoch [3][600/6750]	lr: 8.000e-04, eta: 0:19:07, time: 0.058, data_time: 0.029, memory: 1155, loss: 0.0613, Batch std: 0.2105, Agg std: 0.2277
2024-11-24 20:53:50,271 - sim - INFO - Epoch [3][700/6750]	lr: 8.000e-04, eta: 0:19:01, time: 0.059, data_time: 0.030, memory: 1155, loss: 0.0751, Batch std: 0.2276, Agg std: 0.2276
2024-11-24 20:53:56,086 - sim - INFO - Epoch [3][800/6750]	lr: 8.000e-04, eta: 0:18:55, time: 0.058, data_time: 0.029, memory: 1155, loss: 0.0608, Batch std: 0.2096, Agg std: 0.2276
2024-11-24 20:54:01,974 - sim - INFO - Epoch [3][900/6750]	lr: 8.000e-04, eta: 0:18:50, time: 0.059, data_time: 0.030, memory: 1155, loss: 0.0504, Batch std: 0.1892, Agg std: 0.2274
2024-11-24 20:54:07,740 - sim - INFO - Epoch [3][1000/6750]	lr: 8.000e-04, eta: 0:18:44, time: 0.058, data_time: 0.028, memory: 1155, loss: 0.0675, Batch std: 0.2190, Agg std: 0.2272
2024-11-24 20:54:13,630 - sim - INFO - Epoch [3][1100/6750]	lr: 8.000e-04, eta: 0:18:38, time: 0.059, data_time: 0.030, memory: 1155, loss: 0.0616, Batch std: 0.2116, Agg std: 0.2272
2024-11-24 20:54:19,353 - sim - INFO - Epoch [3][1200/6750]	lr: 8.000e-04, eta: 0:18:32, time: 0.057, data_time: 0.027, memory: 1155, loss: 0.0529, Batch std: 0.1892, Agg std: 0.2270
2024-11-24 20:54:25,258 - sim - INFO - Epoch [3][1300/6750]	lr: 8.000e-04, eta: 0:18:26, time: 0.059, data_time: 0.030, memory: 1155, loss: 0.0623, Batch std: 0.2099, Agg std: 0.2269
2024-11-24 20:54:31,000 - sim - INFO - Epoch [3][1400/6750]	lr: 8.000e-04, eta: 0:18:20, time: 0.057, data_time: 0.028, memory: 1155, loss: 0.0627, Batch std: 0.2134, Agg std: 0.2268
2024-11-24 20:54:36,894 - sim - INFO - Epoch [3][1500/6750]	lr: 8.000e-04, eta: 0:18:14, time: 0.059, data_time: 0.030, memory: 1155, loss: 0.0546, Batch std: 0.1897, Agg std: 0.2267
2024-11-24 20:54:42,571 - sim - INFO - Epoch [3][1600/6750]	lr: 8.000e-04, eta: 0:18:08, time: 0.057, data_time: 0.028, memory: 1155, loss: 0.0506, Batch std: 0.1867, Agg std: 0.2264
2024-11-24 20:54:48,549 - sim - INFO - Epoch [3][1700/6750]	lr: 8.000e-04, eta: 0:18:03, time: 0.060, data_time: 0.032, memory: 1155, loss: 0.0733, Batch std: 0.2227, Agg std: 0.2263
2024-11-24 20:54:54,270 - sim - INFO - Epoch [3][1800/6750]	lr: 8.000e-04, eta: 0:17:57, time: 0.057, data_time: 0.028, memory: 1155, loss: 0.0581, Batch std: 0.1967, Agg std: 0.2263
2024-11-24 20:55:00,221 - sim - INFO - Epoch [3][1900/6750]	lr: 8.000e-04, eta: 0:17:51, time: 0.060, data_time: 0.030, memory: 1155, loss: 0.0726, Batch std: 0.2322, Agg std: 0.2262
2024-11-24 20:55:05,955 - sim - INFO - Epoch [3][2000/6750]	lr: 8.000e-04, eta: 0:17:45, time: 0.057, data_time: 0.028, memory: 1155, loss: 0.0644, Batch std: 0.2111, Agg std: 0.2262
2024-11-24 20:55:11,889 - sim - INFO - Epoch [3][2100/6750]	lr: 8.000e-04, eta: 0:17:39, time: 0.059, data_time: 0.031, memory: 1155, loss: 0.0655, Batch std: 0.2168, Agg std: 0.2261
2024-11-24 20:55:17,884 - sim - INFO - Epoch [3][2200/6750]	lr: 8.000e-04, eta: 0:17:34, time: 0.060, data_time: 0.031, memory: 1155, loss: 0.0567, Batch std: 0.1938, Agg std: 0.2260
2024-11-24 20:55:23,908 - sim - INFO - Epoch [3][2300/6750]	lr: 8.000e-04, eta: 0:17:28, time: 0.060, data_time: 0.031, memory: 1155, loss: 0.0657, Batch std: 0.2188, Agg std: 0.2259
2024-11-24 20:55:29,616 - sim - INFO - Epoch [3][2400/6750]	lr: 8.000e-04, eta: 0:17:22, time: 0.057, data_time: 0.027, memory: 1155, loss: 0.0553, Batch std: 0.2026, Agg std: 0.2258
2024-11-24 20:55:35,537 - sim - INFO - Epoch [3][2500/6750]	lr: 8.000e-04, eta: 0:17:16, time: 0.059, data_time: 0.030, memory: 1155, loss: 0.0467, Batch std: 0.1796, Agg std: 0.2256
2024-11-24 20:55:41,228 - sim - INFO - Epoch [3][2600/6750]	lr: 8.000e-04, eta: 0:17:10, time: 0.057, data_time: 0.027, memory: 1155, loss: 0.0564, Batch std: 0.1929, Agg std: 0.2254
2024-11-24 20:55:47,211 - sim - INFO - Epoch [3][2700/6750]	lr: 8.000e-04, eta: 0:17:05, time: 0.060, data_time: 0.030, memory: 1155, loss: 0.0572, Batch std: 0.1973, Agg std: 0.2252
2024-11-24 20:55:52,870 - sim - INFO - Epoch [3][2800/6750]	lr: 8.000e-04, eta: 0:16:59, time: 0.057, data_time: 0.027, memory: 1155, loss: 0.0614, Batch std: 0.2102, Agg std: 0.2251
2024-11-24 20:55:58,847 - sim - INFO - Epoch [3][2900/6750]	lr: 8.000e-04, eta: 0:16:53, time: 0.060, data_time: 0.031, memory: 1155, loss: 0.0591, Batch std: 0.2021, Agg std: 0.2250
2024-11-24 20:56:04,505 - sim - INFO - Epoch [3][3000/6750]	lr: 8.000e-04, eta: 0:16:47, time: 0.057, data_time: 0.027, memory: 1155, loss: 0.0593, Batch std: 0.2047, Agg std: 0.2249
2024-11-24 20:56:10,410 - sim - INFO - Epoch [3][3100/6750]	lr: 8.000e-04, eta: 0:16:41, time: 0.059, data_time: 0.031, memory: 1155, loss: 0.0581, Batch std: 0.2037, Agg std: 0.2248
2024-11-24 20:56:16,211 - sim - INFO - Epoch [3][3200/6750]	lr: 8.000e-04, eta: 0:16:35, time: 0.058, data_time: 0.029, memory: 1155, loss: 0.0594, Batch std: 0.2032, Agg std: 0.2247
2024-11-24 20:56:22,062 - sim - INFO - Epoch [3][3300/6750]	lr: 8.000e-04, eta: 0:16:29, time: 0.058, data_time: 0.030, memory: 1155, loss: 0.0583, Batch std: 0.2036, Agg std: 0.2246
2024-11-24 20:56:27,770 - sim - INFO - Epoch [3][3400/6750]	lr: 8.000e-04, eta: 0:16:23, time: 0.057, data_time: 0.029, memory: 1155, loss: 0.0638, Batch std: 0.2129, Agg std: 0.2245
2024-11-24 20:56:33,688 - sim - INFO - Epoch [3][3500/6750]	lr: 8.000e-04, eta: 0:16:18, time: 0.059, data_time: 0.031, memory: 1155, loss: 0.0619, Batch std: 0.2100, Agg std: 0.2245
2024-11-24 20:56:39,457 - sim - INFO - Epoch [3][3600/6750]	lr: 8.000e-04, eta: 0:16:12, time: 0.058, data_time: 0.029, memory: 1155, loss: 0.0522, Batch std: 0.1862, Agg std: 0.2243
2024-11-24 20:56:45,361 - sim - INFO - Epoch [3][3700/6750]	lr: 8.000e-04, eta: 0:16:06, time: 0.059, data_time: 0.031, memory: 1155, loss: 0.0544, Batch std: 0.1964, Agg std: 0.2242
2024-11-24 20:56:51,104 - sim - INFO - Epoch [3][3800/6750]	lr: 8.000e-04, eta: 0:16:00, time: 0.057, data_time: 0.029, memory: 1155, loss: 0.0535, Batch std: 0.1946, Agg std: 0.2240
2024-11-24 20:56:57,024 - sim - INFO - Epoch [3][3900/6750]	lr: 8.000e-04, eta: 0:15:54, time: 0.059, data_time: 0.032, memory: 1155, loss: 0.0479, Batch std: 0.1812, Agg std: 0.2239
2024-11-24 20:57:02,719 - sim - INFO - Epoch [3][4000/6750]	lr: 8.000e-04, eta: 0:15:48, time: 0.057, data_time: 0.029, memory: 1155, loss: 0.0486, Batch std: 0.1820, Agg std: 0.2236
2024-11-24 20:57:08,692 - sim - INFO - Epoch [3][4100/6750]	lr: 8.000e-04, eta: 0:15:43, time: 0.060, data_time: 0.033, memory: 1155, loss: 0.0500, Batch std: 0.1831, Agg std: 0.2234
2024-11-24 20:57:14,356 - sim - INFO - Epoch [3][4200/6750]	lr: 8.000e-04, eta: 0:15:37, time: 0.057, data_time: 0.029, memory: 1155, loss: 0.0603, Batch std: 0.2102, Agg std: 0.2233
2024-11-24 20:57:20,293 - sim - INFO - Epoch [3][4300/6750]	lr: 8.000e-04, eta: 0:15:31, time: 0.059, data_time: 0.031, memory: 1155, loss: 0.0556, Batch std: 0.1930, Agg std: 0.2232
2024-11-24 20:57:26,024 - sim - INFO - Epoch [3][4400/6750]	lr: 8.000e-04, eta: 0:15:25, time: 0.057, data_time: 0.029, memory: 1155, loss: 0.0525, Batch std: 0.1929, Agg std: 0.2231
2024-11-24 20:57:31,938 - sim - INFO - Epoch [3][4500/6750]	lr: 8.000e-04, eta: 0:15:19, time: 0.059, data_time: 0.032, memory: 1155, loss: 0.0568, Batch std: 0.1990, Agg std: 0.2229
2024-11-24 20:57:37,782 - sim - INFO - Epoch [3][4600/6750]	lr: 8.000e-04, eta: 0:15:13, time: 0.058, data_time: 0.031, memory: 1155, loss: 0.0627, Batch std: 0.2076, Agg std: 0.2228
2024-11-24 20:57:43,798 - sim - INFO - Epoch [3][4700/6750]	lr: 8.000e-04, eta: 0:15:08, time: 0.060, data_time: 0.033, memory: 1155, loss: 0.0590, Batch std: 0.1983, Agg std: 0.2227
2024-11-24 20:57:49,692 - sim - INFO - Epoch [3][4800/6750]	lr: 8.000e-04, eta: 0:15:02, time: 0.059, data_time: 0.031, memory: 1155, loss: 0.0464, Batch std: 0.1826, Agg std: 0.2226
2024-11-24 20:57:55,459 - sim - INFO - Epoch [3][4900/6750]	lr: 8.000e-04, eta: 0:14:56, time: 0.058, data_time: 0.029, memory: 1155, loss: 0.0622, Batch std: 0.2037, Agg std: 0.2225
2024-11-24 20:58:01,323 - sim - INFO - Epoch [3][5000/6750]	lr: 8.000e-04, eta: 0:14:50, time: 0.059, data_time: 0.031, memory: 1155, loss: 0.0579, Batch std: 0.1986, Agg std: 0.2223
2024-11-24 20:58:07,216 - sim - INFO - Epoch [3][5100/6750]	lr: 8.000e-04, eta: 0:14:44, time: 0.059, data_time: 0.030, memory: 1155, loss: 0.0427, Batch std: 0.1759, Agg std: 0.2222
2024-11-24 20:58:13,000 - sim - INFO - Epoch [3][5200/6750]	lr: 8.000e-04, eta: 0:14:38, time: 0.058, data_time: 0.029, memory: 1155, loss: 0.0685, Batch std: 0.2189, Agg std: 0.2220
2024-11-24 20:58:18,845 - sim - INFO - Epoch [3][5300/6750]	lr: 8.000e-04, eta: 0:14:33, time: 0.058, data_time: 0.030, memory: 1155, loss: 0.0602, Batch std: 0.2028, Agg std: 0.2220
2024-11-24 20:58:24,671 - sim - INFO - Epoch [3][5400/6750]	lr: 8.000e-04, eta: 0:14:27, time: 0.058, data_time: 0.030, memory: 1155, loss: 0.0575, Batch std: 0.2010, Agg std: 0.2219
2024-11-24 20:58:30,493 - sim - INFO - Epoch [3][5500/6750]	lr: 8.000e-04, eta: 0:14:21, time: 0.058, data_time: 0.031, memory: 1155, loss: 0.0546, Batch std: 0.2014, Agg std: 0.2218
2024-11-24 20:58:36,394 - sim - INFO - Epoch [3][5600/6750]	lr: 8.000e-04, eta: 0:14:15, time: 0.059, data_time: 0.031, memory: 1155, loss: 0.0614, Batch std: 0.2039, Agg std: 0.2217
2024-11-24 20:58:42,348 - sim - INFO - Epoch [3][5700/6750]	lr: 8.000e-04, eta: 0:14:09, time: 0.060, data_time: 0.031, memory: 1155, loss: 0.0581, Batch std: 0.1933, Agg std: 0.2216
2024-11-24 20:58:48,082 - sim - INFO - Epoch [3][5800/6750]	lr: 8.000e-04, eta: 0:14:03, time: 0.057, data_time: 0.028, memory: 1155, loss: 0.0608, Batch std: 0.2012, Agg std: 0.2215
2024-11-24 20:58:53,858 - sim - INFO - Epoch [3][5900/6750]	lr: 8.000e-04, eta: 0:13:57, time: 0.058, data_time: 0.029, memory: 1155, loss: 0.0497, Batch std: 0.1893, Agg std: 0.2214
2024-11-24 20:58:59,762 - sim - INFO - Epoch [3][6000/6750]	lr: 8.000e-04, eta: 0:13:52, time: 0.059, data_time: 0.030, memory: 1155, loss: 0.0508, Batch std: 0.1851, Agg std: 0.2212
2024-11-24 20:59:05,534 - sim - INFO - Epoch [3][6100/6750]	lr: 8.000e-04, eta: 0:13:46, time: 0.058, data_time: 0.029, memory: 1155, loss: 0.0537, Batch std: 0.1962, Agg std: 0.2211
2024-11-24 20:59:11,448 - sim - INFO - Epoch [3][6200/6750]	lr: 8.000e-04, eta: 0:13:40, time: 0.059, data_time: 0.030, memory: 1155, loss: 0.0521, Batch std: 0.1886, Agg std: 0.2210
2024-11-24 20:59:17,269 - sim - INFO - Epoch [3][6300/6750]	lr: 8.000e-04, eta: 0:13:34, time: 0.058, data_time: 0.029, memory: 1155, loss: 0.0405, Batch std: 0.1682, Agg std: 0.2208
2024-11-24 20:59:23,173 - sim - INFO - Epoch [3][6400/6750]	lr: 8.000e-04, eta: 0:13:28, time: 0.059, data_time: 0.030, memory: 1155, loss: 0.0421, Batch std: 0.1734, Agg std: 0.2206
2024-11-24 20:59:28,893 - sim - INFO - Epoch [3][6500/6750]	lr: 8.000e-04, eta: 0:13:22, time: 0.057, data_time: 0.028, memory: 1155, loss: 0.0530, Batch std: 0.1966, Agg std: 0.2204
2024-11-24 20:59:34,816 - sim - INFO - Epoch [3][6600/6750]	lr: 8.000e-04, eta: 0:13:17, time: 0.059, data_time: 0.030, memory: 1155, loss: 0.0545, Batch std: 0.1937, Agg std: 0.2203
2024-11-24 20:59:40,601 - sim - INFO - Epoch [3][6700/6750]	lr: 8.000e-04, eta: 0:13:11, time: 0.058, data_time: 0.029, memory: 1155, loss: 0.0533, Batch std: 0.1976, Agg std: 0.2202
2024-11-24 20:59:43,489 - sim - INFO - Saving checkpoint at 3 epochs
2024-11-24 21:00:27,606 - sim - INFO - Epoch(val) [3][6750]	pos mse mean: 15.6442, pos mse std: 0.5623, vel mean: 0.20643436908721924, vel std: 0.1342373490333557, eval ratio: 10000000.0000
2024-11-24 21:00:36,137 - sim - INFO - Epoch [4][100/6750]	lr: 8.000e-04, eta: 0:13:02, time: 0.085, data_time: 0.059, memory: 1155, loss: 0.0541, Batch std: 0.1931, Agg std: 0.2067
2024-11-24 21:00:41,820 - sim - INFO - Epoch [4][200/6750]	lr: 8.000e-04, eta: 0:12:56, time: 0.057, data_time: 0.030, memory: 1155, loss: 0.0501, Batch std: 0.1903, Agg std: 0.2067
2024-11-24 21:00:47,754 - sim - INFO - Epoch [4][300/6750]	lr: 8.000e-04, eta: 0:12:50, time: 0.059, data_time: 0.031, memory: 1155, loss: 0.0536, Batch std: 0.1954, Agg std: 0.2066
2024-11-24 21:00:53,526 - sim - INFO - Epoch [4][400/6750]	lr: 8.000e-04, eta: 0:12:44, time: 0.058, data_time: 0.029, memory: 1155, loss: 0.0509, Batch std: 0.1899, Agg std: 0.2066
2024-11-24 21:00:59,407 - sim - INFO - Epoch [4][500/6750]	lr: 8.000e-04, eta: 0:12:38, time: 0.059, data_time: 0.030, memory: 1155, loss: 0.0517, Batch std: 0.1836, Agg std: 0.2065
2024-11-24 21:01:05,197 - sim - INFO - Epoch [4][600/6750]	lr: 8.000e-04, eta: 0:12:33, time: 0.058, data_time: 0.029, memory: 1155, loss: 0.0530, Batch std: 0.1952, Agg std: 0.2064
2024-11-24 21:01:11,082 - sim - INFO - Epoch [4][700/6750]	lr: 8.000e-04, eta: 0:12:27, time: 0.059, data_time: 0.029, memory: 1155, loss: 0.0454, Batch std: 0.1837, Agg std: 0.2064
2024-11-24 21:01:17,001 - sim - INFO - Epoch [4][800/6750]	lr: 8.000e-04, eta: 0:12:21, time: 0.059, data_time: 0.030, memory: 1155, loss: 0.0474, Batch std: 0.1823, Agg std: 0.2063
2024-11-24 21:01:22,715 - sim - INFO - Epoch [4][900/6750]	lr: 8.000e-04, eta: 0:12:15, time: 0.057, data_time: 0.028, memory: 1155, loss: 0.0528, Batch std: 0.1977, Agg std: 0.2062
2024-11-24 21:01:28,577 - sim - INFO - Epoch [4][1000/6750]	lr: 8.000e-04, eta: 0:12:09, time: 0.059, data_time: 0.030, memory: 1155, loss: 0.0500, Batch std: 0.1908, Agg std: 0.2062
2024-11-24 21:01:34,362 - sim - INFO - Epoch [4][1100/6750]	lr: 8.000e-04, eta: 0:12:03, time: 0.058, data_time: 0.028, memory: 1155, loss: 0.0503, Batch std: 0.1871, Agg std: 0.2061
2024-11-24 21:01:40,331 - sim - INFO - Epoch [4][1200/6750]	lr: 8.000e-04, eta: 0:11:58, time: 0.060, data_time: 0.029, memory: 1155, loss: 0.0514, Batch std: 0.1885, Agg std: 0.2060
2024-11-24 21:01:46,084 - sim - INFO - Epoch [4][1300/6750]	lr: 8.000e-04, eta: 0:11:52, time: 0.057, data_time: 0.026, memory: 1155, loss: 0.0590, Batch std: 0.1981, Agg std: 0.2060
2024-11-24 21:01:52,011 - sim - INFO - Epoch [4][1400/6750]	lr: 8.000e-04, eta: 0:11:46, time: 0.059, data_time: 0.029, memory: 1155, loss: 0.0484, Batch std: 0.1843, Agg std: 0.2059
2024-11-24 21:01:57,730 - sim - INFO - Epoch [4][1500/6750]	lr: 8.000e-04, eta: 0:11:40, time: 0.057, data_time: 0.027, memory: 1155, loss: 0.0471, Batch std: 0.1840, Agg std: 0.2058
2024-11-24 21:02:03,679 - sim - INFO - Epoch [4][1600/6750]	lr: 8.000e-04, eta: 0:11:34, time: 0.059, data_time: 0.029, memory: 1155, loss: 0.0517, Batch std: 0.1888, Agg std: 0.2058
2024-11-24 21:02:09,380 - sim - INFO - Epoch [4][1700/6750]	lr: 8.000e-04, eta: 0:11:28, time: 0.057, data_time: 0.025, memory: 1155, loss: 0.0578, Batch std: 0.1991, Agg std: 0.2057
2024-11-24 21:02:15,259 - sim - INFO - Epoch [4][1800/6750]	lr: 8.000e-04, eta: 0:11:23, time: 0.059, data_time: 0.028, memory: 1155, loss: 0.0456, Batch std: 0.1807, Agg std: 0.2057
2024-11-24 21:02:21,011 - sim - INFO - Epoch [4][1900/6750]	lr: 8.000e-04, eta: 0:11:17, time: 0.058, data_time: 0.026, memory: 1155, loss: 0.0592, Batch std: 0.1974, Agg std: 0.2056
2024-11-24 21:02:26,981 - sim - INFO - Epoch [4][2000/6750]	lr: 8.000e-04, eta: 0:11:11, time: 0.060, data_time: 0.029, memory: 1155, loss: 0.0491, Batch std: 0.1876, Agg std: 0.2055
2024-11-24 21:02:32,966 - sim - INFO - Epoch [4][2100/6750]	lr: 8.000e-04, eta: 0:11:05, time: 0.060, data_time: 0.031, memory: 1155, loss: 0.0505, Batch std: 0.1857, Agg std: 0.2055
2024-11-24 21:02:38,882 - sim - INFO - Epoch [4][2200/6750]	lr: 8.000e-04, eta: 0:10:59, time: 0.059, data_time: 0.028, memory: 1155, loss: 0.0515, Batch std: 0.1883, Agg std: 0.2054
2024-11-24 21:02:44,443 - sim - INFO - Epoch [4][2300/6750]	lr: 8.000e-04, eta: 0:10:53, time: 0.056, data_time: 0.025, memory: 1155, loss: 0.0586, Batch std: 0.1992, Agg std: 0.2053
2024-11-24 21:02:50,472 - sim - INFO - Epoch [4][2400/6750]	lr: 8.000e-04, eta: 0:10:48, time: 0.060, data_time: 0.029, memory: 1155, loss: 0.0445, Batch std: 0.1758, Agg std: 0.2053
2024-11-24 21:02:56,210 - sim - INFO - Epoch [4][2500/6750]	lr: 8.000e-04, eta: 0:10:42, time: 0.057, data_time: 0.026, memory: 1155, loss: 0.0518, Batch std: 0.1913, Agg std: 0.2052
2024-11-24 21:03:02,109 - sim - INFO - Epoch [4][2600/6750]	lr: 8.000e-04, eta: 0:10:36, time: 0.059, data_time: 0.027, memory: 1155, loss: 0.0560, Batch std: 0.1933, Agg std: 0.2052
2024-11-24 21:03:07,831 - sim - INFO - Epoch [4][2700/6750]	lr: 8.000e-04, eta: 0:10:30, time: 0.057, data_time: 0.025, memory: 1155, loss: 0.0566, Batch std: 0.1977, Agg std: 0.2051
2024-11-24 21:03:13,442 - sim - INFO - Epoch [4][2800/6750]	lr: 8.000e-04, eta: 0:10:24, time: 0.056, data_time: 0.026, memory: 1155, loss: 0.0437, Batch std: 0.1787, Agg std: 0.2051
2024-11-24 21:03:19,157 - sim - INFO - Epoch [4][2900/6750]	lr: 8.000e-04, eta: 0:10:18, time: 0.057, data_time: 0.031, memory: 1155, loss: 0.0441, Batch std: 0.1758, Agg std: 0.2050
2024-11-24 21:03:25,083 - sim - INFO - Epoch [4][3000/6750]	lr: 8.000e-04, eta: 0:10:12, time: 0.059, data_time: 0.033, memory: 1155, loss: 0.0481, Batch std: 0.1857, Agg std: 0.2049
2024-11-24 21:03:30,887 - sim - INFO - Epoch [4][3100/6750]	lr: 8.000e-04, eta: 0:10:07, time: 0.058, data_time: 0.031, memory: 1155, loss: 0.0480, Batch std: 0.1814, Agg std: 0.2048
2024-11-24 21:03:36,807 - sim - INFO - Epoch [4][3200/6750]	lr: 8.000e-04, eta: 0:10:01, time: 0.059, data_time: 0.032, memory: 1155, loss: 0.0640, Batch std: 0.2086, Agg std: 0.2048
2024-11-24 21:03:42,582 - sim - INFO - Epoch [4][3300/6750]	lr: 8.000e-04, eta: 0:09:55, time: 0.058, data_time: 0.030, memory: 1155, loss: 0.0488, Batch std: 0.1903, Agg std: 0.2048
2024-11-24 21:03:48,499 - sim - INFO - Epoch [4][3400/6750]	lr: 8.000e-04, eta: 0:09:49, time: 0.059, data_time: 0.032, memory: 1155, loss: 0.0523, Batch std: 0.1939, Agg std: 0.2047
2024-11-24 21:03:54,280 - sim - INFO - Epoch [4][3500/6750]	lr: 8.000e-04, eta: 0:09:43, time: 0.058, data_time: 0.030, memory: 1155, loss: 0.0565, Batch std: 0.1973, Agg std: 0.2047
2024-11-24 21:04:00,198 - sim - INFO - Epoch [4][3600/6750]	lr: 8.000e-04, eta: 0:09:37, time: 0.059, data_time: 0.032, memory: 1155, loss: 0.0414, Batch std: 0.1691, Agg std: 0.2046
2024-11-24 21:04:05,914 - sim - INFO - Epoch [4][3700/6750]	lr: 8.000e-04, eta: 0:09:32, time: 0.057, data_time: 0.029, memory: 1155, loss: 0.0555, Batch std: 0.1989, Agg std: 0.2045
2024-11-24 21:04:11,909 - sim - INFO - Epoch [4][3800/6750]	lr: 8.000e-04, eta: 0:09:26, time: 0.060, data_time: 0.033, memory: 1155, loss: 0.0478, Batch std: 0.1843, Agg std: 0.2045
2024-11-24 21:04:17,643 - sim - INFO - Epoch [4][3900/6750]	lr: 8.000e-04, eta: 0:09:20, time: 0.057, data_time: 0.030, memory: 1155, loss: 0.0448, Batch std: 0.1774, Agg std: 0.2044
2024-11-24 21:04:23,532 - sim - INFO - Epoch [4][4000/6750]	lr: 8.000e-04, eta: 0:09:14, time: 0.059, data_time: 0.030, memory: 1155, loss: 0.0502, Batch std: 0.1839, Agg std: 0.2043
2024-11-24 21:04:29,330 - sim - INFO - Epoch [4][4100/6750]	lr: 8.000e-04, eta: 0:09:08, time: 0.058, data_time: 0.028, memory: 1155, loss: 0.0548, Batch std: 0.2014, Agg std: 0.2043
2024-11-24 21:04:35,227 - sim - INFO - Epoch [4][4200/6750]	lr: 8.000e-04, eta: 0:09:02, time: 0.059, data_time: 0.027, memory: 1155, loss: 0.0458, Batch std: 0.1813, Agg std: 0.2042
2024-11-24 21:04:40,999 - sim - INFO - Epoch [4][4300/6750]	lr: 8.000e-04, eta: 0:08:57, time: 0.058, data_time: 0.026, memory: 1155, loss: 0.0396, Batch std: 0.1697, Agg std: 0.2041
2024-11-24 21:04:47,010 - sim - INFO - Epoch [4][4400/6750]	lr: 8.000e-04, eta: 0:08:51, time: 0.060, data_time: 0.028, memory: 1155, loss: 0.0438, Batch std: 0.1736, Agg std: 0.2040
2024-11-24 21:04:52,624 - sim - INFO - Epoch [4][4500/6750]	lr: 8.000e-04, eta: 0:08:45, time: 0.056, data_time: 0.026, memory: 1155, loss: 0.0513, Batch std: 0.1900, Agg std: 0.2039
2024-11-24 21:04:58,522 - sim - INFO - Epoch [4][4600/6750]	lr: 8.000e-04, eta: 0:08:39, time: 0.059, data_time: 0.030, memory: 1155, loss: 0.0473, Batch std: 0.1841, Agg std: 0.2039
2024-11-24 21:05:04,507 - sim - INFO - Epoch [4][4700/6750]	lr: 8.000e-04, eta: 0:08:33, time: 0.060, data_time: 0.030, memory: 1155, loss: 0.0576, Batch std: 0.2034, Agg std: 0.2038
2024-11-24 21:05:10,538 - sim - INFO - Epoch [4][4800/6750]	lr: 8.000e-04, eta: 0:08:27, time: 0.060, data_time: 0.028, memory: 1155, loss: 0.0559, Batch std: 0.1942, Agg std: 0.2038
2024-11-24 21:05:16,149 - sim - INFO - Epoch [4][4900/6750]	lr: 8.000e-04, eta: 0:08:22, time: 0.056, data_time: 0.024, memory: 1155, loss: 0.0489, Batch std: 0.1895, Agg std: 0.2038
2024-11-24 21:05:22,143 - sim - INFO - Epoch [4][5000/6750]	lr: 8.000e-04, eta: 0:08:16, time: 0.060, data_time: 0.028, memory: 1155, loss: 0.0454, Batch std: 0.1818, Agg std: 0.2037
2024-11-24 21:05:27,878 - sim - INFO - Epoch [4][5100/6750]	lr: 8.000e-04, eta: 0:08:10, time: 0.057, data_time: 0.025, memory: 1155, loss: 0.0376, Batch std: 0.1637, Agg std: 0.2036
2024-11-24 21:05:33,692 - sim - INFO - Epoch [4][5200/6750]	lr: 8.000e-04, eta: 0:08:04, time: 0.058, data_time: 0.026, memory: 1155, loss: 0.0490, Batch std: 0.1852, Agg std: 0.2035
2024-11-24 21:05:39,448 - sim - INFO - Epoch [4][5300/6750]	lr: 8.000e-04, eta: 0:07:58, time: 0.058, data_time: 0.025, memory: 1155, loss: 0.0508, Batch std: 0.1859, Agg std: 0.2035
2024-11-24 21:05:45,354 - sim - INFO - Epoch [4][5400/6750]	lr: 8.000e-04, eta: 0:07:52, time: 0.059, data_time: 0.027, memory: 1155, loss: 0.0651, Batch std: 0.2136, Agg std: 0.2034
2024-11-24 21:05:51,049 - sim - INFO - Epoch [4][5500/6750]	lr: 8.000e-04, eta: 0:07:46, time: 0.057, data_time: 0.025, memory: 1155, loss: 0.0589, Batch std: 0.2056, Agg std: 0.2035
2024-11-24 21:05:56,927 - sim - INFO - Epoch [4][5600/6750]	lr: 8.000e-04, eta: 0:07:41, time: 0.059, data_time: 0.027, memory: 1155, loss: 0.0477, Batch std: 0.1800, Agg std: 0.2034
2024-11-24 21:06:02,669 - sim - INFO - Epoch [4][5700/6750]	lr: 8.000e-04, eta: 0:07:35, time: 0.057, data_time: 0.025, memory: 1155, loss: 0.0438, Batch std: 0.1714, Agg std: 0.2034
2024-11-24 21:06:08,607 - sim - INFO - Epoch [4][5800/6750]	lr: 8.000e-04, eta: 0:07:29, time: 0.059, data_time: 0.028, memory: 1155, loss: 0.0447, Batch std: 0.1776, Agg std: 0.2032
2024-11-24 21:06:14,012 - sim - INFO - Epoch [4][5900/6750]	lr: 8.000e-04, eta: 0:07:23, time: 0.054, data_time: 0.023, memory: 1155, loss: 0.0472, Batch std: 0.1811, Agg std: 0.2032
2024-11-24 21:06:19,963 - sim - INFO - Epoch [4][6000/6750]	lr: 8.000e-04, eta: 0:07:17, time: 0.060, data_time: 0.034, memory: 1155, loss: 0.0561, Batch std: 0.1987, Agg std: 0.2031
2024-11-24 21:06:25,762 - sim - INFO - Epoch [4][6100/6750]	lr: 8.000e-04, eta: 0:07:11, time: 0.058, data_time: 0.030, memory: 1155, loss: 0.0384, Batch std: 0.1673, Agg std: 0.2031
2024-11-24 21:06:31,673 - sim - INFO - Epoch [4][6200/6750]	lr: 8.000e-04, eta: 0:07:06, time: 0.059, data_time: 0.031, memory: 1155, loss: 0.0369, Batch std: 0.1631, Agg std: 0.2029
2024-11-24 21:06:37,352 - sim - INFO - Epoch [4][6300/6750]	lr: 8.000e-04, eta: 0:07:00, time: 0.057, data_time: 0.027, memory: 1155, loss: 0.0364, Batch std: 0.1669, Agg std: 0.2028
2024-11-24 21:06:43,345 - sim - INFO - Epoch [4][6400/6750]	lr: 8.000e-04, eta: 0:06:54, time: 0.060, data_time: 0.030, memory: 1155, loss: 0.0566, Batch std: 0.1899, Agg std: 0.2027
2024-11-24 21:06:49,096 - sim - INFO - Epoch [4][6500/6750]	lr: 8.000e-04, eta: 0:06:48, time: 0.057, data_time: 0.027, memory: 1155, loss: 0.0535, Batch std: 0.1887, Agg std: 0.2027
2024-11-24 21:06:55,044 - sim - INFO - Epoch [4][6600/6750]	lr: 8.000e-04, eta: 0:06:42, time: 0.059, data_time: 0.028, memory: 1155, loss: 0.0589, Batch std: 0.2024, Agg std: 0.2027
2024-11-24 21:07:00,888 - sim - INFO - Epoch [4][6700/6750]	lr: 8.000e-04, eta: 0:06:36, time: 0.058, data_time: 0.027, memory: 1155, loss: 0.0451, Batch std: 0.1747, Agg std: 0.2026
2024-11-24 21:07:03,627 - sim - INFO - Saving checkpoint at 4 epochs
2024-11-24 21:07:47,724 - sim - INFO - Epoch(val) [4][6750]	pos mse mean: 8.9186, pos mse std: 0.1990, vel mean: 0.1870458722114563, vel std: 0.12539486587047577, eval ratio: 10000000.0000
2024-11-24 21:07:56,215 - sim - INFO - Epoch [5][100/6750]	lr: 8.000e-04, eta: 0:06:28, time: 0.085, data_time: 0.059, memory: 1155, loss: 0.0497, Batch std: 0.1935, Agg std: 0.1933
2024-11-24 21:08:02,003 - sim - INFO - Epoch [5][200/6750]	lr: 8.000e-04, eta: 0:06:22, time: 0.058, data_time: 0.032, memory: 1155, loss: 0.0425, Batch std: 0.1740, Agg std: 0.1933
2024-11-24 21:08:07,807 - sim - INFO - Epoch [5][300/6750]	lr: 8.000e-04, eta: 0:06:16, time: 0.058, data_time: 0.032, memory: 1155, loss: 0.0535, Batch std: 0.1895, Agg std: 0.1933
2024-11-24 21:08:13,565 - sim - INFO - Epoch [5][400/6750]	lr: 8.000e-04, eta: 0:06:10, time: 0.058, data_time: 0.030, memory: 1155, loss: 0.0479, Batch std: 0.1886, Agg std: 0.1933
2024-11-24 21:08:19,487 - sim - INFO - Epoch [5][500/6750]	lr: 8.000e-04, eta: 0:06:04, time: 0.059, data_time: 0.031, memory: 1155, loss: 0.0460, Batch std: 0.1803, Agg std: 0.1933
2024-11-24 21:08:25,239 - sim - INFO - Epoch [5][600/6750]	lr: 8.000e-04, eta: 0:05:58, time: 0.057, data_time: 0.030, memory: 1155, loss: 0.0465, Batch std: 0.1809, Agg std: 0.1932
2024-11-24 21:08:31,129 - sim - INFO - Epoch [5][700/6750]	lr: 8.000e-04, eta: 0:05:53, time: 0.059, data_time: 0.031, memory: 1155, loss: 0.0493, Batch std: 0.1808, Agg std: 0.1932
2024-11-24 21:08:36,849 - sim - INFO - Epoch [5][800/6750]	lr: 8.000e-04, eta: 0:05:47, time: 0.057, data_time: 0.028, memory: 1155, loss: 0.0383, Batch std: 0.1634, Agg std: 0.1931
2024-11-24 21:08:42,727 - sim - INFO - Epoch [5][900/6750]	lr: 8.000e-04, eta: 0:05:41, time: 0.059, data_time: 0.030, memory: 1155, loss: 0.0507, Batch std: 0.1863, Agg std: 0.1931
2024-11-24 21:08:48,521 - sim - INFO - Epoch [5][1000/6750]	lr: 8.000e-04, eta: 0:05:35, time: 0.058, data_time: 0.030, memory: 1155, loss: 0.0547, Batch std: 0.1981, Agg std: 0.1931
2024-11-24 21:08:54,393 - sim - INFO - Epoch [5][1100/6750]	lr: 8.000e-04, eta: 0:05:29, time: 0.059, data_time: 0.031, memory: 1155, loss: 0.0549, Batch std: 0.1934, Agg std: 0.1931
2024-11-24 21:09:00,193 - sim - INFO - Epoch [5][1200/6750]	lr: 8.000e-04, eta: 0:05:23, time: 0.058, data_time: 0.030, memory: 1155, loss: 0.0505, Batch std: 0.1884, Agg std: 0.1931
2024-11-24 21:09:06,012 - sim - INFO - Epoch [5][1300/6750]	lr: 8.000e-04, eta: 0:05:17, time: 0.058, data_time: 0.030, memory: 1155, loss: 0.0383, Batch std: 0.1633, Agg std: 0.1930
2024-11-24 21:09:11,793 - sim - INFO - Epoch [5][1400/6750]	lr: 8.000e-04, eta: 0:05:12, time: 0.058, data_time: 0.029, memory: 1155, loss: 0.0489, Batch std: 0.1829, Agg std: 0.1929
2024-11-24 21:09:17,638 - sim - INFO - Epoch [5][1500/6750]	lr: 8.000e-04, eta: 0:05:06, time: 0.059, data_time: 0.031, memory: 1155, loss: 0.0546, Batch std: 0.1987, Agg std: 0.1930
2024-11-24 21:09:23,370 - sim - INFO - Epoch [5][1600/6750]	lr: 8.000e-04, eta: 0:05:00, time: 0.057, data_time: 0.029, memory: 1155, loss: 0.0503, Batch std: 0.1893, Agg std: 0.1929
2024-11-24 21:09:29,313 - sim - INFO - Epoch [5][1700/6750]	lr: 8.000e-04, eta: 0:04:54, time: 0.059, data_time: 0.032, memory: 1155, loss: 0.0448, Batch std: 0.1775, Agg std: 0.1929
2024-11-24 21:09:35,079 - sim - INFO - Epoch [5][1800/6750]	lr: 8.000e-04, eta: 0:04:48, time: 0.058, data_time: 0.031, memory: 1155, loss: 0.0357, Batch std: 0.1578, Agg std: 0.1929
2024-11-24 21:09:41,170 - sim - INFO - Epoch [5][1900/6750]	lr: 8.000e-04, eta: 0:04:42, time: 0.061, data_time: 0.034, memory: 1155, loss: 0.0501, Batch std: 0.1876, Agg std: 0.1928
2024-11-24 21:09:47,041 - sim - INFO - Epoch [5][2000/6750]	lr: 8.000e-04, eta: 0:04:37, time: 0.059, data_time: 0.030, memory: 1155, loss: 0.0383, Batch std: 0.1632, Agg std: 0.1927
2024-11-24 21:09:52,864 - sim - INFO - Epoch [5][2100/6750]	lr: 8.000e-04, eta: 0:04:31, time: 0.058, data_time: 0.032, memory: 1155, loss: 0.0469, Batch std: 0.1837, Agg std: 0.1927
2024-11-24 21:09:58,660 - sim - INFO - Epoch [5][2200/6750]	lr: 8.000e-04, eta: 0:04:25, time: 0.058, data_time: 0.032, memory: 1155, loss: 0.0538, Batch std: 0.1921, Agg std: 0.1927
2024-11-24 21:10:04,551 - sim - INFO - Epoch [5][2300/6750]	lr: 8.000e-04, eta: 0:04:19, time: 0.059, data_time: 0.032, memory: 1155, loss: 0.0414, Batch std: 0.1685, Agg std: 0.1926
2024-11-24 21:10:10,422 - sim - INFO - Epoch [5][2400/6750]	lr: 8.000e-04, eta: 0:04:13, time: 0.059, data_time: 0.032, memory: 1155, loss: 0.0536, Batch std: 0.1925, Agg std: 0.1926
2024-11-24 21:10:16,198 - sim - INFO - Epoch [5][2500/6750]	lr: 8.000e-04, eta: 0:04:07, time: 0.058, data_time: 0.031, memory: 1155, loss: 0.0409, Batch std: 0.1663, Agg std: 0.1926
2024-11-24 21:10:21,997 - sim - INFO - Epoch [5][2600/6750]	lr: 8.000e-04, eta: 0:04:02, time: 0.058, data_time: 0.032, memory: 1155, loss: 0.0511, Batch std: 0.1912, Agg std: 0.1925
2024-11-24 21:10:27,852 - sim - INFO - Epoch [5][2700/6750]	lr: 8.000e-04, eta: 0:03:56, time: 0.059, data_time: 0.033, memory: 1155, loss: 0.0448, Batch std: 0.1791, Agg std: 0.1925
2024-11-24 21:10:33,690 - sim - INFO - Epoch [5][2800/6750]	lr: 8.000e-04, eta: 0:03:50, time: 0.058, data_time: 0.032, memory: 1155, loss: 0.0480, Batch std: 0.1787, Agg std: 0.1925
2024-11-24 21:10:39,576 - sim - INFO - Epoch [5][2900/6750]	lr: 8.000e-04, eta: 0:03:44, time: 0.059, data_time: 0.032, memory: 1155, loss: 0.0538, Batch std: 0.1919, Agg std: 0.1924
2024-11-24 21:10:45,421 - sim - INFO - Epoch [5][3000/6750]	lr: 8.000e-04, eta: 0:03:38, time: 0.058, data_time: 0.032, memory: 1155, loss: 0.0426, Batch std: 0.1719, Agg std: 0.1924
2024-11-24 21:10:51,191 - sim - INFO - Epoch [5][3100/6750]	lr: 8.000e-04, eta: 0:03:32, time: 0.058, data_time: 0.031, memory: 1155, loss: 0.0466, Batch std: 0.1805, Agg std: 0.1924
2024-11-24 21:10:57,102 - sim - INFO - Epoch [5][3200/6750]	lr: 8.000e-04, eta: 0:03:27, time: 0.059, data_time: 0.032, memory: 1155, loss: 0.0489, Batch std: 0.1838, Agg std: 0.1923
2024-11-24 21:11:02,856 - sim - INFO - Epoch [5][3300/6750]	lr: 8.000e-04, eta: 0:03:21, time: 0.058, data_time: 0.030, memory: 1155, loss: 0.0486, Batch std: 0.1866, Agg std: 0.1923
2024-11-24 21:11:08,783 - sim - INFO - Epoch [5][3400/6750]	lr: 8.000e-04, eta: 0:03:15, time: 0.059, data_time: 0.033, memory: 1155, loss: 0.0447, Batch std: 0.1736, Agg std: 0.1923
2024-11-24 21:11:14,569 - sim - INFO - Epoch [5][3500/6750]	lr: 8.000e-04, eta: 0:03:09, time: 0.058, data_time: 0.032, memory: 1155, loss: 0.0473, Batch std: 0.1787, Agg std: 0.1922
2024-11-24 21:11:20,398 - sim - INFO - Epoch [5][3600/6750]	lr: 8.000e-04, eta: 0:03:03, time: 0.058, data_time: 0.033, memory: 1155, loss: 0.0438, Batch std: 0.1758, Agg std: 0.1922
2024-11-24 21:11:26,236 - sim - INFO - Epoch [5][3700/6750]	lr: 8.000e-04, eta: 0:02:57, time: 0.058, data_time: 0.032, memory: 1155, loss: 0.0491, Batch std: 0.1850, Agg std: 0.1922
2024-11-24 21:11:32,255 - sim - INFO - Epoch [5][3800/6750]	lr: 8.000e-04, eta: 0:02:52, time: 0.060, data_time: 0.033, memory: 1155, loss: 0.0429, Batch std: 0.1687, Agg std: 0.1921
2024-11-24 21:11:37,858 - sim - INFO - Epoch [5][3900/6750]	lr: 8.000e-04, eta: 0:02:46, time: 0.056, data_time: 0.029, memory: 1155, loss: 0.0391, Batch std: 0.1669, Agg std: 0.1921
2024-11-24 21:11:43,711 - sim - INFO - Epoch [5][4000/6750]	lr: 8.000e-04, eta: 0:02:40, time: 0.058, data_time: 0.032, memory: 1155, loss: 0.0403, Batch std: 0.1709, Agg std: 0.1920
2024-11-24 21:11:49,557 - sim - INFO - Epoch [5][4100/6750]	lr: 8.000e-04, eta: 0:02:34, time: 0.058, data_time: 0.032, memory: 1155, loss: 0.0450, Batch std: 0.1778, Agg std: 0.1920
2024-11-24 21:11:55,374 - sim - INFO - Epoch [5][4200/6750]	lr: 8.000e-04, eta: 0:02:28, time: 0.058, data_time: 0.032, memory: 1155, loss: 0.0441, Batch std: 0.1789, Agg std: 0.1919
2024-11-24 21:12:01,118 - sim - INFO - Epoch [5][4300/6750]	lr: 8.000e-04, eta: 0:02:22, time: 0.057, data_time: 0.030, memory: 1155, loss: 0.0418, Batch std: 0.1761, Agg std: 0.1919
2024-11-24 21:12:07,095 - sim - INFO - Epoch [5][4400/6750]	lr: 8.000e-04, eta: 0:02:17, time: 0.060, data_time: 0.033, memory: 1155, loss: 0.0458, Batch std: 0.1754, Agg std: 0.1918
2024-11-24 21:12:13,081 - sim - INFO - Epoch [5][4500/6750]	lr: 8.000e-04, eta: 0:02:11, time: 0.060, data_time: 0.032, memory: 1155, loss: 0.0453, Batch std: 0.1757, Agg std: 0.1918
2024-11-24 21:12:18,927 - sim - INFO - Epoch [5][4600/6750]	lr: 8.000e-04, eta: 0:02:05, time: 0.058, data_time: 0.032, memory: 1155, loss: 0.0407, Batch std: 0.1743, Agg std: 0.1917
2024-11-24 21:12:24,718 - sim - INFO - Epoch [5][4700/6750]	lr: 8.000e-04, eta: 0:01:59, time: 0.058, data_time: 0.032, memory: 1155, loss: 0.0403, Batch std: 0.1657, Agg std: 0.1917
2024-11-24 21:12:30,634 - sim - INFO - Epoch [5][4800/6750]	lr: 8.000e-04, eta: 0:01:53, time: 0.059, data_time: 0.033, memory: 1155, loss: 0.0489, Batch std: 0.1875, Agg std: 0.1917
2024-11-24 21:12:36,463 - sim - INFO - Epoch [5][4900/6750]	lr: 8.000e-04, eta: 0:01:47, time: 0.058, data_time: 0.032, memory: 1155, loss: 0.0520, Batch std: 0.1877, Agg std: 0.1916
2024-11-24 21:12:42,336 - sim - INFO - Epoch [5][5000/6750]	lr: 8.000e-04, eta: 0:01:42, time: 0.059, data_time: 0.032, memory: 1155, loss: 0.0493, Batch std: 0.1857, Agg std: 0.1916
2024-11-24 21:12:48,127 - sim - INFO - Epoch [5][5100/6750]	lr: 8.000e-04, eta: 0:01:36, time: 0.058, data_time: 0.031, memory: 1155, loss: 0.0420, Batch std: 0.1700, Agg std: 0.1916
2024-11-24 21:12:53,945 - sim - INFO - Epoch [5][5200/6750]	lr: 8.000e-04, eta: 0:01:30, time: 0.058, data_time: 0.030, memory: 1155, loss: 0.0432, Batch std: 0.1771, Agg std: 0.1915
2024-11-24 21:12:59,697 - sim - INFO - Epoch [5][5300/6750]	lr: 8.000e-04, eta: 0:01:24, time: 0.057, data_time: 0.029, memory: 1155, loss: 0.0418, Batch std: 0.1741, Agg std: 0.1915
2024-11-24 21:13:05,653 - sim - INFO - Epoch [5][5400/6750]	lr: 8.000e-04, eta: 0:01:18, time: 0.060, data_time: 0.032, memory: 1155, loss: 0.0485, Batch std: 0.1809, Agg std: 0.1915
2024-11-24 21:13:11,459 - sim - INFO - Epoch [5][5500/6750]	lr: 8.000e-04, eta: 0:01:12, time: 0.058, data_time: 0.030, memory: 1155, loss: 0.0395, Batch std: 0.1672, Agg std: 0.1914
2024-11-24 21:13:17,304 - sim - INFO - Epoch [5][5600/6750]	lr: 8.000e-04, eta: 0:01:07, time: 0.058, data_time: 0.031, memory: 1155, loss: 0.0473, Batch std: 0.1770, Agg std: 0.1914
2024-11-24 21:13:23,093 - sim - INFO - Epoch [5][5700/6750]	lr: 8.000e-04, eta: 0:01:01, time: 0.058, data_time: 0.030, memory: 1155, loss: 0.0430, Batch std: 0.1712, Agg std: 0.1913
2024-11-24 21:13:28,957 - sim - INFO - Epoch [5][5800/6750]	lr: 8.000e-04, eta: 0:00:55, time: 0.059, data_time: 0.032, memory: 1155, loss: 0.0511, Batch std: 0.1932, Agg std: 0.1913
2024-11-24 21:13:34,768 - sim - INFO - Epoch [5][5900/6750]	lr: 8.000e-04, eta: 0:00:49, time: 0.058, data_time: 0.030, memory: 1155, loss: 0.0424, Batch std: 0.1790, Agg std: 0.1913
2024-11-24 21:13:40,622 - sim - INFO - Epoch [5][6000/6750]	lr: 8.000e-04, eta: 0:00:43, time: 0.059, data_time: 0.031, memory: 1155, loss: 0.0428, Batch std: 0.1756, Agg std: 0.1912
2024-11-24 21:13:46,404 - sim - INFO - Epoch [5][6100/6750]	lr: 8.000e-04, eta: 0:00:37, time: 0.058, data_time: 0.030, memory: 1155, loss: 0.0456, Batch std: 0.1801, Agg std: 0.1912
2024-11-24 21:13:52,299 - sim - INFO - Epoch [5][6200/6750]	lr: 8.000e-04, eta: 0:00:32, time: 0.059, data_time: 0.031, memory: 1155, loss: 0.0581, Batch std: 0.1978, Agg std: 0.1912
2024-11-24 21:13:58,050 - sim - INFO - Epoch [5][6300/6750]	lr: 8.000e-04, eta: 0:00:26, time: 0.057, data_time: 0.030, memory: 1155, loss: 0.0501, Batch std: 0.1890, Agg std: 0.1912
2024-11-24 21:14:03,949 - sim - INFO - Epoch [5][6400/6750]	lr: 8.000e-04, eta: 0:00:20, time: 0.059, data_time: 0.031, memory: 1155, loss: 0.0387, Batch std: 0.1657, Agg std: 0.1912
2024-11-24 21:14:09,702 - sim - INFO - Epoch [5][6500/6750]	lr: 8.000e-04, eta: 0:00:14, time: 0.057, data_time: 0.030, memory: 1155, loss: 0.0417, Batch std: 0.1694, Agg std: 0.1911
2024-11-24 21:14:15,630 - sim - INFO - Epoch [5][6600/6750]	lr: 8.000e-04, eta: 0:00:08, time: 0.059, data_time: 0.032, memory: 1155, loss: 0.0463, Batch std: 0.1830, Agg std: 0.1911
2024-11-24 21:14:21,399 - sim - INFO - Epoch [5][6700/6750]	lr: 8.000e-04, eta: 0:00:02, time: 0.058, data_time: 0.030, memory: 1155, loss: 0.0375, Batch std: 0.1636, Agg std: 0.1910
2024-11-24 21:14:24,284 - sim - INFO - Saving checkpoint at 5 epochs
2024-11-24 21:15:08,400 - sim - INFO - Epoch(val) [5][6750]	pos mse mean: 7.9195, pos mse std: 0.2104, vel mean: 0.1726023405790329, vel std: 0.11393424868583679, eval ratio: 10000000.0000
