2025-02-25 17:51:44,816 - sim - INFO - Environment info:
------------------------------------------------------------
sys.platform: linux
Python: 3.8.20 (default, Oct  3 2024, 15:24:27) [GCC 11.2.0]
CUDA available: True
GPU 0: NVIDIA GeForce RTX 2080 Ti
CUDA_HOME: /usr/local/cuda-11.3
NVCC: Cuda compilation tools, release 11.3, V11.3.109
GCC: gcc (Ubuntu 6.5.0-2ubuntu1~16.04) 6.5.0 20181026
PyTorch: 1.12.1
PyTorch compiling details: PyTorch built with:
  - GCC 9.3
  - C++ Version: 201402
  - Intel(R) oneAPI Math Kernel Library Version 2023.1-Product Build 20230303 for Intel(R) 64 architecture applications
  - Intel(R) MKL-DNN v2.6.0 (Git Hash 52b5f107dd9cf10910aaa19cb47f3abf9b349815)
  - OpenMP 201511 (a.k.a. OpenMP 4.5)
  - LAPACK is enabled (usually provided by MKL)
  - NNPACK is enabled
  - CPU capability usage: AVX2
  - CUDA Runtime 11.3
  - NVCC architecture flags: -gencode;arch=compute_37,code=sm_37;-gencode;arch=compute_50,code=sm_50;-gencode;arch=compute_60,code=sm_60;-gencode;arch=compute_61,code=sm_61;-gencode;arch=compute_70,code=sm_70;-gencode;arch=compute_75,code=sm_75;-gencode;arch=compute_80,code=sm_80;-gencode;arch=compute_86,code=sm_86;-gencode;arch=compute_37,code=compute_37
  - CuDNN 8.3.2  (built against CUDA 11.5)
  - Magma 2.5.2
  - Build settings: BLAS_INFO=mkl, BUILD_TYPE=Release, CUDA_VERSION=11.3, CUDNN_VERSION=8.3.2, CXX_COMPILER=/opt/rh/devtoolset-9/root/usr/bin/c++, CXX_FLAGS= -fabi-version=11 -Wno-deprecated -fvisibility-inlines-hidden -DUSE_PTHREADPOOL -fopenmp -DNDEBUG -DUSE_KINETO -DUSE_FBGEMM -DUSE_QNNPACK -DUSE_PYTORCH_QNNPACK -DUSE_XNNPACK -DSYMBOLICATE_MOBILE_DEBUG_HANDLE -DEDGE_PROFILER_USE_KINETO -O2 -fPIC -Wno-narrowing -Wall -Wextra -Werror=return-type -Wno-missing-field-initializers -Wno-type-limits -Wno-array-bounds -Wno-unknown-pragmas -Wno-unused-parameter -Wno-unused-function -Wno-unused-result -Wno-unused-local-typedefs -Wno-strict-overflow -Wno-strict-aliasing -Wno-error=deprecated-declarations -Wno-stringop-overflow -Wno-psabi -Wno-error=pedantic -Wno-error=redundant-decls -Wno-error=old-style-cast -fdiagnostics-color=always -faligned-new -Wno-unused-but-set-variable -Wno-maybe-uninitialized -fno-math-errno -fno-trapping-math -Werror=format -Werror=cast-function-type -Wno-stringop-overflow, LAPACK_INFO=mkl, PERF_WITH_AVX=1, PERF_WITH_AVX2=1, PERF_WITH_AVX512=1, TORCH_VERSION=1.12.1, USE_CUDA=ON, USE_CUDNN=ON, USE_EXCEPTION_PTR=1, USE_GFLAGS=OFF, USE_GLOG=OFF, USE_MKL=ON, USE_MKLDNN=OFF, USE_MPI=OFF, USE_NCCL=ON, USE_NNPACK=ON, USE_OPENMP=ON, USE_ROCM=OFF, 

TorchVision: 0.13.1
OpenCV: 4.10.0
MMCV: 1.7.0
MMCV Compiler: GCC 9.3
MMCV CUDA Compiler: 11.3
Simulation: 0.7.0+1227d7e
------------------------------------------------------------

2025-02-25 17:51:44,816 - sim - INFO - Distributed training: False
2025-02-25 17:51:44,977 - sim - INFO - Config:
model = dict(
    type='ParticleSimulator',
    backbone=dict(
        type='TGA',
        attr_dim=7,
        state_dim=6,
        position_dim=3,
        embed_dim=128,
        attn_dims=(128, 128),
        attn_num_heads=(8, 8),
        gat_hidden_dims=(128, 128),
        gat_num_heads=(8, 8),
        num_layers=1,
        dropouts=(0.2, 0.2),
        output_dim=128,
        num_abs_token=2),
    head=dict(
        type='ParticleHead',
        in_channels=128,
        out_channels=3,
        seperate=False,
        rotation_dim=4,
        weighted=False,
        loss=dict(type='MSELoss', loss_weight=1.0)))
dataset_type = 'PhysicsFleXDataset'
pstep = 2
env_cfg = dict(
    gen_data=False,
    scene_params=[0.25, 0.25, 0.25, 0.25, 0, 8, 15, 8],
    env='BoxBath',
    hierarchy=False,
    num_abs_token=0,
    eval_ratio=10000000.0,
    dataf='./data/data_BoxBath',
    n_rollout=3000,
    time_step=151,
    time_step_clip=0,
    attn_mask=8,
    dt=0.016666666666666666,
    nf_relation=300,
    nf_particle=200,
    nf_effect=200,
    train_valid_ratio=0.9,
    n_instance=2,
    n_stages=4,
    n_his=0,
    shape_state_dim=14,
    attr_dim=7,
    state_dim=6,
    position_dim=3,
    relation_dim=1,
    pstep=2,
    neighbor_radius=0.08,
    phases_dict=dict(
        instance_idx=[0, 64, 1024],
        root_num=[[8], []],
        root_sib_radius=[[0.4], []],
        root_des_radius=[[0.08], []],
        root_pstep=[[2], []],
        instance=['cube', 'fluid'],
        material=['rigid', 'fluid']))
data = dict(
    samples_per_gpu=2,
    workers_per_gpu=8,
    train=dict(
        type='PhysicsFleXDataset',
        phase='train',
        env_cfg=dict(
            gen_data=False,
            scene_params=[0.25, 0.25, 0.25, 0.25, 0, 8, 15, 8],
            env='BoxBath',
            hierarchy=False,
            num_abs_token=2,
            eval_ratio=10000000.0,
            dataf='./data/data_BoxBath',
            n_rollout=3000,
            time_step=151,
            time_step_clip=0,
            attn_mask=8,
            dt=0.016666666666666666,
            nf_relation=300,
            nf_particle=200,
            nf_effect=200,
            train_valid_ratio=0.9,
            n_instance=2,
            n_stages=4,
            n_his=0,
            shape_state_dim=14,
            attr_dim=7,
            state_dim=6,
            position_dim=3,
            relation_dim=1,
            pstep=2,
            neighbor_radius=0.08,
            phases_dict=dict(
                instance_idx=[0, 64, 1024],
                root_num=[[8], []],
                root_sib_radius=[[0.4], []],
                root_des_radius=[[0.08], []],
                root_pstep=[[2], []],
                instance=['cube', 'fluid'],
                material=['rigid', 'fluid'])),
        verbose=False),
    val=dict(
        type='PhysicsFleXDataset',
        phase='valid',
        env_cfg=dict(
            gen_data=False,
            scene_params=[0.25, 0.25, 0.25, 0.25, 0, 8, 15, 8],
            env='BoxBath',
            hierarchy=False,
            num_abs_token=2,
            eval_ratio=10000000.0,
            dataf='./data/data_BoxBath',
            n_rollout=3000,
            time_step=151,
            time_step_clip=0,
            attn_mask=8,
            dt=0.016666666666666666,
            nf_relation=300,
            nf_particle=200,
            nf_effect=200,
            train_valid_ratio=0.9,
            n_instance=2,
            n_stages=4,
            n_his=0,
            shape_state_dim=14,
            attr_dim=7,
            state_dim=6,
            position_dim=3,
            relation_dim=1,
            pstep=2,
            neighbor_radius=0.08,
            phases_dict=dict(
                instance_idx=[0, 64, 1024],
                root_num=[[8], []],
                root_sib_radius=[[0.4], []],
                root_des_radius=[[0.08], []],
                root_pstep=[[2], []],
                instance=['cube', 'fluid'],
                material=['rigid', 'fluid'])),
        verbose=False),
    test=dict(
        type='PhysicsFleXDataset',
        phase='valid',
        env_cfg=dict(
            gen_data=False,
            scene_params=[0.25, 0.25, 0.25, 0.25, 0, 8, 15, 8],
            env='BoxBath',
            hierarchy=False,
            num_abs_token=2,
            eval_ratio=10000000.0,
            dataf='./data/data_BoxBath',
            n_rollout=3000,
            time_step=151,
            time_step_clip=0,
            attn_mask=8,
            dt=0.016666666666666666,
            nf_relation=300,
            nf_particle=200,
            nf_effect=200,
            train_valid_ratio=0.9,
            n_instance=2,
            n_stages=4,
            n_his=0,
            shape_state_dim=14,
            attr_dim=7,
            state_dim=6,
            position_dim=3,
            relation_dim=1,
            pstep=2,
            neighbor_radius=0.08,
            phases_dict=dict(
                instance_idx=[0, 64, 1024],
                root_num=[[8], []],
                root_sib_radius=[[0.4], []],
                root_des_radius=[[0.08], []],
                root_pstep=[[2], []],
                instance=['cube', 'fluid'],
                material=['rigid', 'fluid'])),
        verbose=False))
optimizer = dict(
    type='Adam', lr=0.0008, betas=(0.9, 0.999), weight_decay=0, amsgrad=False)
optimizer_config = dict(grad_clip=None)
lr_config = dict(policy='Plateau', mode='min', factor=0.8, patience=3)
runner = dict(type='EpochBasedRunner', max_epochs=5)
checkpoint_config = dict(interval=1)
log_config = dict(interval=100, hooks=[dict(type='TextLoggerHook')])
dist_params = dict(backend='nccl', port='29511')
log_level = 'INFO'
load_from = None
resume_from = 'work_dirs/tga_res_boxbath/epoch_2.pth'
workflow = [('train', 1)]
find_unused_parameters = True
num_abs_token = 2
work_dir = 'work_dirs/tga_res_boxbath'
gpu_ids = range(0, 1)

2025-02-25 17:51:45,033 - sim - INFO - Model parameters: 902314
2025-02-25 17:51:45,808 - sim - INFO - load checkpoint from local path: work_dirs/tga_res_boxbath/epoch_2.pth
2025-02-25 17:51:45,863 - sim - INFO - resumed epoch 2, iter 405000
2025-02-25 17:51:45,863 - sim - INFO - Start running, host: zbl@lab601-2, work_dir: /home/zbl/sim/TIE_ECCV2022/work_dirs/tga_res_boxbath
2025-02-25 17:51:45,864 - sim - INFO - Hooks will be executed in the following order:
before_run:
(VERY_HIGH   ) PlateauLrUpdaterHook               
(NORMAL      ) CheckpointHook                     
(VERY_LOW    ) TextLoggerHook                     
 -------------------- 
before_train_epoch:
(VERY_HIGH   ) PlateauLrUpdaterHook               
(NORMAL      ) MSEAccuracy                        
(LOW         ) IterTimerHook                      
(VERY_LOW    ) TextLoggerHook                     
 -------------------- 
before_train_iter:
(VERY_HIGH   ) PlateauLrUpdaterHook               
(LOW         ) IterTimerHook                      
 -------------------- 
after_train_iter:
(ABOVE_NORMAL) OptimizerHook                      
(NORMAL      ) CheckpointHook                     
(LOW         ) IterTimerHook                      
(VERY_LOW    ) TextLoggerHook                     
 -------------------- 
after_train_epoch:
(NORMAL      ) CheckpointHook                     
(VERY_LOW    ) TextLoggerHook                     
 -------------------- 
before_val_epoch:
(NORMAL      ) MSEAccuracy                        
(LOW         ) IterTimerHook                      
(VERY_LOW    ) TextLoggerHook                     
 -------------------- 
before_val_iter:
(LOW         ) IterTimerHook                      
 -------------------- 
after_val_iter:
(LOW         ) IterTimerHook                      
 -------------------- 
after_val_epoch:
(VERY_LOW    ) TextLoggerHook                     
 -------------------- 
after_run:
(VERY_LOW    ) TextLoggerHook                     
 -------------------- 
2025-02-25 17:51:45,864 - sim - INFO - workflow: [('train', 1)], max: 5 epochs
2025-02-25 17:51:45,864 - sim - INFO - Checkpoints will be saved to /home/zbl/sim/TIE_ECCV2022/work_dirs/tga_res_boxbath by HardDiskBackend.
2025-02-25 17:52:01,251 - sim - INFO - Epoch [3][100/202500]	lr: 8.000e-04, eta: 1 day, 1:57:33, time: 0.154, data_time: 0.032, memory: 2578, loss: 0.0144, Batch std: 0.1048, Agg std: 0.1163
2025-02-25 17:52:12,941 - sim - INFO - Epoch [3][200/202500]	lr: 8.000e-04, eta: 22:50:14, time: 0.117, data_time: 0.003, memory: 2578, loss: 0.0178, Batch std: 0.1135, Agg std: 0.1068
2025-02-25 17:52:24,579 - sim - INFO - Epoch [3][300/202500]	lr: 8.000e-04, eta: 21:45:55, time: 0.116, data_time: 0.003, memory: 2578, loss: 0.0179, Batch std: 0.1116, Agg std: 0.1089
2025-02-25 17:52:36,216 - sim - INFO - Epoch [3][400/202500]	lr: 8.000e-04, eta: 21:13:37, time: 0.116, data_time: 0.003, memory: 2578, loss: 0.0135, Batch std: 0.1000, Agg std: 0.1084
2025-02-25 17:52:47,853 - sim - INFO - Epoch [3][500/202500]	lr: 8.000e-04, eta: 20:54:11, time: 0.116, data_time: 0.003, memory: 2578, loss: 0.0165, Batch std: 0.1110, Agg std: 0.1081
2025-02-25 17:52:59,693 - sim - INFO - Epoch [3][600/202500]	lr: 8.000e-04, eta: 20:44:34, time: 0.118, data_time: 0.003, memory: 2578, loss: 0.0167, Batch std: 0.1116, Agg std: 0.1083
2025-02-25 17:53:11,650 - sim - INFO - Epoch [3][700/202500]	lr: 8.000e-04, eta: 20:39:20, time: 0.120, data_time: 0.003, memory: 2578, loss: 0.0151, Batch std: 0.1062, Agg std: 0.1084
2025-02-25 17:53:23,693 - sim - INFO - Epoch [3][800/202500]	lr: 8.000e-04, eta: 20:36:27, time: 0.120, data_time: 0.003, memory: 2578, loss: 0.0163, Batch std: 0.1088, Agg std: 0.1086
2025-02-25 17:53:35,821 - sim - INFO - Epoch [3][900/202500]	lr: 8.000e-04, eta: 20:35:07, time: 0.121, data_time: 0.003, memory: 2578, loss: 0.0172, Batch std: 0.1117, Agg std: 0.1085
2025-02-25 17:53:48,013 - sim - INFO - Epoch [3][1000/202500]	lr: 8.000e-04, eta: 20:34:40, time: 0.122, data_time: 0.003, memory: 2578, loss: 0.0174, Batch std: 0.1127, Agg std: 0.1093
2025-02-25 17:54:00,260 - sim - INFO - Epoch [3][1100/202500]	lr: 8.000e-04, eta: 20:34:45, time: 0.122, data_time: 0.003, memory: 2578, loss: 0.0181, Batch std: 0.1136, Agg std: 0.1095
2025-02-25 17:54:12,571 - sim - INFO - Epoch [3][1200/202500]	lr: 8.000e-04, eta: 20:35:20, time: 0.123, data_time: 0.003, memory: 2578, loss: 0.0175, Batch std: 0.1125, Agg std: 0.1096
2025-02-25 17:54:24,936 - sim - INFO - Epoch [3][1300/202500]	lr: 8.000e-04, eta: 20:36:13, time: 0.124, data_time: 0.003, memory: 2578, loss: 0.0159, Batch std: 0.1106, Agg std: 0.1098
2025-02-25 17:54:37,332 - sim - INFO - Epoch [3][1400/202500]	lr: 8.000e-04, eta: 20:37:10, time: 0.124, data_time: 0.003, memory: 2578, loss: 0.0163, Batch std: 0.1098, Agg std: 0.1100
2025-02-25 17:54:49,762 - sim - INFO - Epoch [3][1500/202500]	lr: 8.000e-04, eta: 20:38:11, time: 0.124, data_time: 0.003, memory: 2578, loss: 0.0152, Batch std: 0.1064, Agg std: 0.1098
2025-02-25 17:55:02,210 - sim - INFO - Epoch [3][1600/202500]	lr: 8.000e-04, eta: 20:39:10, time: 0.124, data_time: 0.003, memory: 2578, loss: 0.0180, Batch std: 0.1136, Agg std: 0.1097
2025-02-25 17:55:14,673 - sim - INFO - Epoch [3][1700/202500]	lr: 8.000e-04, eta: 20:40:06, time: 0.125, data_time: 0.003, memory: 2578, loss: 0.0157, Batch std: 0.1089, Agg std: 0.1098
2025-02-25 17:55:28,050 - sim - INFO - Epoch [3][1800/202500]	lr: 8.000e-04, eta: 20:46:02, time: 0.134, data_time: 0.003, memory: 2578, loss: 0.0226, Batch std: 0.1269, Agg std: 0.1104
2025-02-25 17:55:40,575 - sim - INFO - Epoch [3][1900/202500]	lr: 8.000e-04, eta: 20:46:48, time: 0.125, data_time: 0.003, memory: 2578, loss: 0.0155, Batch std: 0.1067, Agg std: 0.1106
2025-02-25 17:55:53,120 - sim - INFO - Epoch [3][2000/202500]	lr: 8.000e-04, eta: 20:47:33, time: 0.125, data_time: 0.003, memory: 2578, loss: 0.0150, Batch std: 0.1080, Agg std: 0.1105
2025-02-25 17:56:05,684 - sim - INFO - Epoch [3][2100/202500]	lr: 8.000e-04, eta: 20:48:19, time: 0.126, data_time: 0.003, memory: 2578, loss: 0.0151, Batch std: 0.1059, Agg std: 0.1102
2025-02-25 17:56:18,234 - sim - INFO - Epoch [3][2200/202500]	lr: 8.000e-04, eta: 20:48:55, time: 0.125, data_time: 0.003, memory: 2578, loss: 0.0151, Batch std: 0.1068, Agg std: 0.1101
2025-02-25 17:56:30,778 - sim - INFO - Epoch [3][2300/202500]	lr: 8.000e-04, eta: 20:49:26, time: 0.125, data_time: 0.003, memory: 2578, loss: 0.0156, Batch std: 0.1097, Agg std: 0.1101
2025-02-25 17:56:43,378 - sim - INFO - Epoch [3][2400/202500]	lr: 8.000e-04, eta: 20:50:07, time: 0.126, data_time: 0.003, memory: 2578, loss: 0.0163, Batch std: 0.1121, Agg std: 0.1100
2025-02-25 17:56:56,026 - sim - INFO - Epoch [3][2500/202500]	lr: 8.000e-04, eta: 20:50:56, time: 0.126, data_time: 0.003, memory: 2578, loss: 0.0191, Batch std: 0.1200, Agg std: 0.1104
2025-02-25 17:57:08,736 - sim - INFO - Epoch [3][2600/202500]	lr: 8.000e-04, eta: 20:51:54, time: 0.127, data_time: 0.003, memory: 2578, loss: 0.0179, Batch std: 0.1155, Agg std: 0.1106
2025-02-25 17:57:21,474 - sim - INFO - Epoch [3][2700/202500]	lr: 8.000e-04, eta: 20:52:53, time: 0.127, data_time: 0.003, memory: 2578, loss: 0.0157, Batch std: 0.1072, Agg std: 0.1107
2025-02-25 17:57:34,246 - sim - INFO - Epoch [3][2800/202500]	lr: 8.000e-04, eta: 20:53:55, time: 0.128, data_time: 0.003, memory: 2578, loss: 0.0171, Batch std: 0.1131, Agg std: 0.1107
2025-02-25 17:57:47,076 - sim - INFO - Epoch [3][2900/202500]	lr: 8.000e-04, eta: 20:55:03, time: 0.128, data_time: 0.003, memory: 2578, loss: 0.0183, Batch std: 0.1162, Agg std: 0.1107
2025-02-25 17:57:59,927 - sim - INFO - Epoch [3][3000/202500]	lr: 8.000e-04, eta: 20:56:10, time: 0.129, data_time: 0.003, memory: 2578, loss: 0.0160, Batch std: 0.1109, Agg std: 0.1110
2025-02-25 17:58:12,832 - sim - INFO - Epoch [3][3100/202500]	lr: 8.000e-04, eta: 20:57:23, time: 0.129, data_time: 0.003, memory: 2578, loss: 0.0140, Batch std: 0.1037, Agg std: 0.1108
2025-02-25 17:58:25,791 - sim - INFO - Epoch [3][3200/202500]	lr: 8.000e-04, eta: 20:58:40, time: 0.130, data_time: 0.003, memory: 2578, loss: 0.0162, Batch std: 0.1110, Agg std: 0.1107
2025-02-25 17:58:38,777 - sim - INFO - Epoch [3][3300/202500]	lr: 8.000e-04, eta: 20:59:57, time: 0.130, data_time: 0.003, memory: 2578, loss: 0.0183, Batch std: 0.1155, Agg std: 0.1107
2025-02-25 17:58:51,756 - sim - INFO - Epoch [3][3400/202500]	lr: 8.000e-04, eta: 21:01:08, time: 0.130, data_time: 0.003, memory: 2578, loss: 0.0181, Batch std: 0.1155, Agg std: 0.1109
2025-02-25 17:59:04,752 - sim - INFO - Epoch [3][3500/202500]	lr: 8.000e-04, eta: 21:02:16, time: 0.130, data_time: 0.003, memory: 2578, loss: 0.0157, Batch std: 0.1099, Agg std: 0.1109
2025-02-25 17:59:17,772 - sim - INFO - Epoch [3][3600/202500]	lr: 8.000e-04, eta: 21:03:24, time: 0.130, data_time: 0.003, memory: 2578, loss: 0.0177, Batch std: 0.1144, Agg std: 0.1110
2025-02-25 17:59:30,825 - sim - INFO - Epoch [3][3700/202500]	lr: 8.000e-04, eta: 21:04:33, time: 0.131, data_time: 0.003, memory: 2578, loss: 0.0179, Batch std: 0.1137, Agg std: 0.1111
2025-02-25 17:59:43,876 - sim - INFO - Epoch [3][3800/202500]	lr: 8.000e-04, eta: 21:05:38, time: 0.131, data_time: 0.003, memory: 2578, loss: 0.0146, Batch std: 0.1028, Agg std: 0.1110
2025-02-25 17:59:56,909 - sim - INFO - Epoch [3][3900/202500]	lr: 8.000e-04, eta: 21:06:35, time: 0.130, data_time: 0.003, memory: 2578, loss: 0.0183, Batch std: 0.1155, Agg std: 0.1109
2025-02-25 18:00:10,014 - sim - INFO - Epoch [3][4000/202500]	lr: 8.000e-04, eta: 21:07:41, time: 0.131, data_time: 0.003, memory: 2578, loss: 0.0173, Batch std: 0.1129, Agg std: 0.1110
2025-02-25 18:00:23,145 - sim - INFO - Epoch [3][4100/202500]	lr: 8.000e-04, eta: 21:08:45, time: 0.131, data_time: 0.003, memory: 2578, loss: 0.0163, Batch std: 0.1094, Agg std: 0.1110
2025-02-25 18:00:36,251 - sim - INFO - Epoch [3][4200/202500]	lr: 8.000e-04, eta: 21:09:43, time: 0.131, data_time: 0.003, memory: 2578, loss: 0.0175, Batch std: 0.1148, Agg std: 0.1110
2025-02-25 18:00:49,387 - sim - INFO - Epoch [3][4300/202500]	lr: 8.000e-04, eta: 21:10:42, time: 0.131, data_time: 0.003, memory: 2578, loss: 0.0128, Batch std: 0.0974, Agg std: 0.1109
2025-02-25 18:01:02,499 - sim - INFO - Epoch [3][4400/202500]	lr: 8.000e-04, eta: 21:11:34, time: 0.131, data_time: 0.003, memory: 2578, loss: 0.0167, Batch std: 0.1135, Agg std: 0.1108
2025-02-25 18:01:15,682 - sim - INFO - Epoch [3][4500/202500]	lr: 8.000e-04, eta: 21:12:32, time: 0.132, data_time: 0.003, memory: 2578, loss: 0.0159, Batch std: 0.1079, Agg std: 0.1108
2025-02-25 18:01:28,826 - sim - INFO - Epoch [3][4600/202500]	lr: 8.000e-04, eta: 21:13:23, time: 0.131, data_time: 0.003, memory: 2578, loss: 0.0145, Batch std: 0.1038, Agg std: 0.1107
2025-02-25 18:01:42,027 - sim - INFO - Epoch [3][4700/202500]	lr: 8.000e-04, eta: 21:14:18, time: 0.132, data_time: 0.003, memory: 2578, loss: 0.0138, Batch std: 0.1032, Agg std: 0.1105
2025-02-25 18:01:55,207 - sim - INFO - Epoch [3][4800/202500]	lr: 8.000e-04, eta: 21:15:08, time: 0.132, data_time: 0.003, memory: 2578, loss: 0.0187, Batch std: 0.1163, Agg std: 0.1105
2025-02-25 18:02:08,327 - sim - INFO - Epoch [3][4900/202500]	lr: 8.000e-04, eta: 21:15:47, time: 0.131, data_time: 0.003, memory: 2578, loss: 0.0172, Batch std: 0.1142, Agg std: 0.1106
2025-02-25 18:02:21,500 - sim - INFO - Epoch [3][5000/202500]	lr: 8.000e-04, eta: 21:16:31, time: 0.132, data_time: 0.003, memory: 2578, loss: 0.0141, Batch std: 0.1015, Agg std: 0.1105
2025-02-25 18:02:34,731 - sim - INFO - Epoch [3][5100/202500]	lr: 8.000e-04, eta: 21:17:20, time: 0.132, data_time: 0.003, memory: 2578, loss: 0.0172, Batch std: 0.1132, Agg std: 0.1105
2025-02-25 18:02:47,932 - sim - INFO - Epoch [3][5200/202500]	lr: 8.000e-04, eta: 21:18:02, time: 0.132, data_time: 0.003, memory: 2578, loss: 0.0141, Batch std: 0.1034, Agg std: 0.1105
2025-02-25 18:03:01,156 - sim - INFO - Epoch [3][5300/202500]	lr: 8.000e-04, eta: 21:18:45, time: 0.132, data_time: 0.003, memory: 2578, loss: 0.0171, Batch std: 0.1099, Agg std: 0.1104
2025-02-25 18:03:14,411 - sim - INFO - Epoch [3][5400/202500]	lr: 8.000e-04, eta: 21:19:30, time: 0.133, data_time: 0.003, memory: 2578, loss: 0.0220, Batch std: 0.1256, Agg std: 0.1105
2025-02-25 18:03:27,606 - sim - INFO - Epoch [3][5500/202500]	lr: 8.000e-04, eta: 21:20:06, time: 0.132, data_time: 0.003, memory: 2578, loss: 0.0154, Batch std: 0.1077, Agg std: 0.1107
2025-02-25 18:03:40,812 - sim - INFO - Epoch [3][5600/202500]	lr: 8.000e-04, eta: 21:20:41, time: 0.132, data_time: 0.003, memory: 2578, loss: 0.0187, Batch std: 0.1184, Agg std: 0.1107
2025-02-25 18:03:54,043 - sim - INFO - Epoch [3][5700/202500]	lr: 8.000e-04, eta: 21:21:17, time: 0.132, data_time: 0.003, memory: 2578, loss: 0.0161, Batch std: 0.1127, Agg std: 0.1108
2025-02-25 18:04:07,242 - sim - INFO - Epoch [3][5800/202500]	lr: 8.000e-04, eta: 21:21:48, time: 0.132, data_time: 0.003, memory: 2578, loss: 0.0118, Batch std: 0.0959, Agg std: 0.1106
2025-02-25 18:04:20,543 - sim - INFO - Epoch [3][5900/202500]	lr: 8.000e-04, eta: 21:22:29, time: 0.133, data_time: 0.003, memory: 2578, loss: 0.0155, Batch std: 0.1072, Agg std: 0.1105
2025-02-25 18:04:33,794 - sim - INFO - Epoch [3][6000/202500]	lr: 8.000e-04, eta: 21:23:02, time: 0.133, data_time: 0.003, memory: 2578, loss: 0.0221, Batch std: 0.1242, Agg std: 0.1106
2025-02-25 18:04:47,041 - sim - INFO - Epoch [3][6100/202500]	lr: 8.000e-04, eta: 21:23:33, time: 0.132, data_time: 0.003, memory: 2578, loss: 0.0165, Batch std: 0.1113, Agg std: 0.1107
2025-02-25 18:05:00,309 - sim - INFO - Epoch [3][6200/202500]	lr: 8.000e-04, eta: 21:24:05, time: 0.133, data_time: 0.003, memory: 2578, loss: 0.0145, Batch std: 0.1035, Agg std: 0.1106
2025-02-25 18:05:13,596 - sim - INFO - Epoch [3][6300/202500]	lr: 8.000e-04, eta: 21:24:38, time: 0.133, data_time: 0.003, memory: 2578, loss: 0.0140, Batch std: 0.1025, Agg std: 0.1105
2025-02-25 18:05:26,825 - sim - INFO - Epoch [3][6400/202500]	lr: 8.000e-04, eta: 21:25:03, time: 0.132, data_time: 0.003, memory: 2578, loss: 0.0168, Batch std: 0.1099, Agg std: 0.1104
2025-02-25 18:05:40,074 - sim - INFO - Epoch [3][6500/202500]	lr: 8.000e-04, eta: 21:25:29, time: 0.132, data_time: 0.003, memory: 2578, loss: 0.0171, Batch std: 0.1137, Agg std: 0.1105
2025-02-25 18:05:53,353 - sim - INFO - Epoch [3][6600/202500]	lr: 8.000e-04, eta: 21:25:57, time: 0.133, data_time: 0.003, memory: 2578, loss: 0.0152, Batch std: 0.1042, Agg std: 0.1105
2025-02-25 18:06:06,654 - sim - INFO - Epoch [3][6700/202500]	lr: 8.000e-04, eta: 21:26:25, time: 0.133, data_time: 0.003, memory: 2578, loss: 0.0166, Batch std: 0.1074, Agg std: 0.1104
2025-02-25 18:06:19,955 - sim - INFO - Epoch [3][6800/202500]	lr: 8.000e-04, eta: 21:26:53, time: 0.133, data_time: 0.003, memory: 2578, loss: 0.0162, Batch std: 0.1114, Agg std: 0.1104
2025-02-25 18:06:33,221 - sim - INFO - Epoch [3][6900/202500]	lr: 8.000e-04, eta: 21:27:16, time: 0.133, data_time: 0.003, memory: 2578, loss: 0.0167, Batch std: 0.1107, Agg std: 0.1104
2025-02-25 18:06:46,468 - sim - INFO - Epoch [3][7000/202500]	lr: 8.000e-04, eta: 21:27:36, time: 0.132, data_time: 0.003, memory: 2578, loss: 0.0141, Batch std: 0.1040, Agg std: 0.1103
2025-02-25 18:06:59,720 - sim - INFO - Epoch [3][7100/202500]	lr: 8.000e-04, eta: 21:27:56, time: 0.133, data_time: 0.003, memory: 2578, loss: 0.0146, Batch std: 0.1041, Agg std: 0.1103
2025-02-25 18:07:12,976 - sim - INFO - Epoch [3][7200/202500]	lr: 8.000e-04, eta: 21:28:15, time: 0.133, data_time: 0.003, memory: 2578, loss: 0.0173, Batch std: 0.1145, Agg std: 0.1102
2025-02-25 18:07:26,265 - sim - INFO - Epoch [3][7300/202500]	lr: 8.000e-04, eta: 21:28:36, time: 0.133, data_time: 0.003, memory: 2578, loss: 0.0149, Batch std: 0.1054, Agg std: 0.1102
2025-02-25 18:07:39,552 - sim - INFO - Epoch [3][7400/202500]	lr: 8.000e-04, eta: 21:28:56, time: 0.133, data_time: 0.003, memory: 2578, loss: 0.0139, Batch std: 0.1026, Agg std: 0.1101
2025-02-25 18:07:52,812 - sim - INFO - Epoch [3][7500/202500]	lr: 8.000e-04, eta: 21:29:13, time: 0.133, data_time: 0.003, memory: 2578, loss: 0.0155, Batch std: 0.1102, Agg std: 0.1101
2025-02-25 18:08:06,141 - sim - INFO - Epoch [3][7600/202500]	lr: 8.000e-04, eta: 21:29:34, time: 0.133, data_time: 0.003, memory: 2578, loss: 0.0155, Batch std: 0.1077, Agg std: 0.1101
2025-02-25 18:08:19,442 - sim - INFO - Epoch [3][7700/202500]	lr: 8.000e-04, eta: 21:29:53, time: 0.133, data_time: 0.003, memory: 2578, loss: 0.0142, Batch std: 0.1034, Agg std: 0.1100
2025-02-25 18:08:32,750 - sim - INFO - Epoch [3][7800/202500]	lr: 8.000e-04, eta: 21:30:11, time: 0.133, data_time: 0.003, memory: 2578, loss: 0.0158, Batch std: 0.1091, Agg std: 0.1100
2025-02-25 18:08:46,050 - sim - INFO - Epoch [3][7900/202500]	lr: 8.000e-04, eta: 21:30:28, time: 0.133, data_time: 0.003, memory: 2578, loss: 0.0172, Batch std: 0.1141, Agg std: 0.1100
2025-02-25 18:08:59,358 - sim - INFO - Epoch [3][8000/202500]	lr: 8.000e-04, eta: 21:30:44, time: 0.133, data_time: 0.003, memory: 2578, loss: 0.0174, Batch std: 0.1125, Agg std: 0.1100
2025-02-25 18:09:12,636 - sim - INFO - Epoch [3][8100/202500]	lr: 8.000e-04, eta: 21:30:58, time: 0.133, data_time: 0.003, memory: 2578, loss: 0.0180, Batch std: 0.1147, Agg std: 0.1101
2025-02-25 18:09:25,907 - sim - INFO - Epoch [3][8200/202500]	lr: 8.000e-04, eta: 21:31:11, time: 0.133, data_time: 0.003, memory: 2578, loss: 0.0165, Batch std: 0.1123, Agg std: 0.1101
2025-02-25 18:09:39,166 - sim - INFO - Epoch [3][8300/202500]	lr: 8.000e-04, eta: 21:31:22, time: 0.133, data_time: 0.003, memory: 2578, loss: 0.0169, Batch std: 0.1110, Agg std: 0.1101
2025-02-25 18:09:52,493 - sim - INFO - Epoch [3][8400/202500]	lr: 8.000e-04, eta: 21:31:37, time: 0.133, data_time: 0.003, memory: 2578, loss: 0.0149, Batch std: 0.1050, Agg std: 0.1101
2025-02-25 18:10:05,768 - sim - INFO - Epoch [3][8500/202500]	lr: 8.000e-04, eta: 21:31:48, time: 0.133, data_time: 0.003, memory: 2578, loss: 0.0190, Batch std: 0.1234, Agg std: 0.1102
2025-02-25 18:10:19,043 - sim - INFO - Epoch [3][8600/202500]	lr: 8.000e-04, eta: 21:31:58, time: 0.133, data_time: 0.003, memory: 2578, loss: 0.0181, Batch std: 0.1160, Agg std: 0.1103
2025-02-25 18:10:32,346 - sim - INFO - Epoch [3][8700/202500]	lr: 8.000e-04, eta: 21:32:10, time: 0.133, data_time: 0.003, memory: 2578, loss: 0.0187, Batch std: 0.1165, Agg std: 0.1103
2025-02-25 18:10:45,657 - sim - INFO - Epoch [3][8800/202500]	lr: 8.000e-04, eta: 21:32:22, time: 0.133, data_time: 0.003, memory: 2578, loss: 0.0199, Batch std: 0.1198, Agg std: 0.1104
2025-02-25 18:10:58,939 - sim - INFO - Epoch [3][8900/202500]	lr: 8.000e-04, eta: 21:32:31, time: 0.133, data_time: 0.003, memory: 2578, loss: 0.0148, Batch std: 0.1042, Agg std: 0.1104
2025-02-25 18:11:12,218 - sim - INFO - Epoch [3][9000/202500]	lr: 8.000e-04, eta: 21:32:40, time: 0.133, data_time: 0.003, memory: 2578, loss: 0.0170, Batch std: 0.1105, Agg std: 0.1104
2025-02-25 18:11:25,512 - sim - INFO - Epoch [3][9100/202500]	lr: 8.000e-04, eta: 21:32:49, time: 0.133, data_time: 0.003, memory: 2578, loss: 0.0150, Batch std: 0.1058, Agg std: 0.1104
2025-02-25 18:11:38,848 - sim - INFO - Epoch [3][9200/202500]	lr: 8.000e-04, eta: 21:33:00, time: 0.133, data_time: 0.003, memory: 2578, loss: 0.0167, Batch std: 0.1133, Agg std: 0.1104
2025-02-25 18:11:52,137 - sim - INFO - Epoch [3][9300/202500]	lr: 8.000e-04, eta: 21:33:08, time: 0.133, data_time: 0.003, memory: 2578, loss: 0.0145, Batch std: 0.1028, Agg std: 0.1104
2025-02-25 18:12:05,503 - sim - INFO - Epoch [3][9400/202500]	lr: 8.000e-04, eta: 21:33:20, time: 0.134, data_time: 0.003, memory: 2578, loss: 0.0159, Batch std: 0.1073, Agg std: 0.1103
2025-02-25 18:12:18,795 - sim - INFO - Epoch [3][9500/202500]	lr: 8.000e-04, eta: 21:33:27, time: 0.133, data_time: 0.003, memory: 2578, loss: 0.0184, Batch std: 0.1143, Agg std: 0.1103
2025-02-25 18:12:32,120 - sim - INFO - Epoch [3][9600/202500]	lr: 8.000e-04, eta: 21:33:35, time: 0.133, data_time: 0.003, memory: 2578, loss: 0.0175, Batch std: 0.1109, Agg std: 0.1103
2025-02-25 18:12:45,399 - sim - INFO - Epoch [3][9700/202500]	lr: 8.000e-04, eta: 21:33:41, time: 0.133, data_time: 0.003, memory: 2578, loss: 0.0172, Batch std: 0.1133, Agg std: 0.1103
2025-02-25 18:12:58,679 - sim - INFO - Epoch [3][9800/202500]	lr: 8.000e-04, eta: 21:33:46, time: 0.133, data_time: 0.003, memory: 2578, loss: 0.0167, Batch std: 0.1124, Agg std: 0.1104
2025-02-25 18:13:12,015 - sim - INFO - Epoch [3][9900/202500]	lr: 8.000e-04, eta: 21:33:54, time: 0.133, data_time: 0.003, memory: 2578, loss: 0.0164, Batch std: 0.1091, Agg std: 0.1104
2025-02-25 18:13:25,339 - sim - INFO - Epoch [3][10000/202500]	lr: 8.000e-04, eta: 21:34:01, time: 0.133, data_time: 0.003, memory: 2578, loss: 0.0149, Batch std: 0.1070, Agg std: 0.1104
2025-02-25 18:13:38,648 - sim - INFO - Epoch [3][10100/202500]	lr: 8.000e-04, eta: 21:34:06, time: 0.133, data_time: 0.003, memory: 2578, loss: 0.0166, Batch std: 0.1098, Agg std: 0.1103
2025-02-25 18:13:52,025 - sim - INFO - Epoch [3][10200/202500]	lr: 8.000e-04, eta: 21:34:15, time: 0.134, data_time: 0.003, memory: 2578, loss: 0.0203, Batch std: 0.1220, Agg std: 0.1104
2025-02-25 18:14:05,270 - sim - INFO - Epoch [3][10300/202500]	lr: 8.000e-04, eta: 21:34:17, time: 0.132, data_time: 0.003, memory: 2578, loss: 0.0156, Batch std: 0.1104, Agg std: 0.1105
2025-02-25 18:14:18,577 - sim - INFO - Epoch [3][10400/202500]	lr: 8.000e-04, eta: 21:34:21, time: 0.133, data_time: 0.003, memory: 2578, loss: 0.0141, Batch std: 0.1039, Agg std: 0.1104
2025-02-25 18:14:31,937 - sim - INFO - Epoch [3][10500/202500]	lr: 8.000e-04, eta: 21:34:28, time: 0.134, data_time: 0.003, memory: 2578, loss: 0.0152, Batch std: 0.1061, Agg std: 0.1104
2025-02-25 18:14:45,246 - sim - INFO - Epoch [3][10600/202500]	lr: 8.000e-04, eta: 21:34:32, time: 0.133, data_time: 0.003, memory: 2578, loss: 0.0163, Batch std: 0.1107, Agg std: 0.1103
2025-02-25 18:14:58,542 - sim - INFO - Epoch [3][10700/202500]	lr: 8.000e-04, eta: 21:34:35, time: 0.133, data_time: 0.003, memory: 2578, loss: 0.0162, Batch std: 0.1091, Agg std: 0.1103
2025-02-25 18:15:11,857 - sim - INFO - Epoch [3][10800/202500]	lr: 8.000e-04, eta: 21:34:38, time: 0.133, data_time: 0.003, memory: 2578, loss: 0.0152, Batch std: 0.1069, Agg std: 0.1103
2025-02-25 18:15:25,178 - sim - INFO - Epoch [3][10900/202500]	lr: 8.000e-04, eta: 21:34:42, time: 0.133, data_time: 0.003, memory: 2578, loss: 0.0156, Batch std: 0.1059, Agg std: 0.1103
2025-02-25 18:15:38,522 - sim - INFO - Epoch [3][11000/202500]	lr: 8.000e-04, eta: 21:34:46, time: 0.133, data_time: 0.003, memory: 2578, loss: 0.0157, Batch std: 0.1070, Agg std: 0.1103
2025-02-25 18:15:51,877 - sim - INFO - Epoch [3][11100/202500]	lr: 8.000e-04, eta: 21:34:51, time: 0.134, data_time: 0.003, memory: 2578, loss: 0.0170, Batch std: 0.1144, Agg std: 0.1102
2025-02-25 18:16:05,232 - sim - INFO - Epoch [3][11200/202500]	lr: 8.000e-04, eta: 21:34:55, time: 0.134, data_time: 0.003, memory: 2578, loss: 0.0157, Batch std: 0.1094, Agg std: 0.1103
2025-02-25 18:16:18,518 - sim - INFO - Epoch [3][11300/202500]	lr: 8.000e-04, eta: 21:34:56, time: 0.133, data_time: 0.003, memory: 2578, loss: 0.0148, Batch std: 0.1051, Agg std: 0.1102
2025-02-25 18:16:31,817 - sim - INFO - Epoch [3][11400/202500]	lr: 8.000e-04, eta: 21:34:57, time: 0.133, data_time: 0.003, memory: 2578, loss: 0.0139, Batch std: 0.1034, Agg std: 0.1102
2025-02-25 18:16:45,075 - sim - INFO - Epoch [3][11500/202500]	lr: 8.000e-04, eta: 21:34:55, time: 0.133, data_time: 0.003, memory: 2578, loss: 0.0153, Batch std: 0.1094, Agg std: 0.1101
2025-02-25 18:16:58,394 - sim - INFO - Epoch [3][11600/202500]	lr: 8.000e-04, eta: 21:34:57, time: 0.133, data_time: 0.003, memory: 2578, loss: 0.0153, Batch std: 0.1062, Agg std: 0.1102
2025-02-25 18:17:11,729 - sim - INFO - Epoch [3][11700/202500]	lr: 8.000e-04, eta: 21:34:59, time: 0.133, data_time: 0.003, memory: 2578, loss: 0.0174, Batch std: 0.1127, Agg std: 0.1101
2025-02-25 18:17:25,019 - sim - INFO - Epoch [3][11800/202500]	lr: 8.000e-04, eta: 21:34:58, time: 0.133, data_time: 0.003, memory: 2578, loss: 0.0164, Batch std: 0.1125, Agg std: 0.1102
2025-02-25 18:17:38,320 - sim - INFO - Epoch [3][11900/202500]	lr: 8.000e-04, eta: 21:34:58, time: 0.133, data_time: 0.003, memory: 2578, loss: 0.0165, Batch std: 0.1115, Agg std: 0.1102
2025-02-25 18:17:51,641 - sim - INFO - Epoch [3][12000/202500]	lr: 8.000e-04, eta: 21:34:59, time: 0.133, data_time: 0.003, memory: 2578, loss: 0.0145, Batch std: 0.1047, Agg std: 0.1102
2025-02-25 18:18:04,955 - sim - INFO - Epoch [3][12100/202500]	lr: 8.000e-04, eta: 21:34:59, time: 0.133, data_time: 0.003, memory: 2578, loss: 0.0144, Batch std: 0.1030, Agg std: 0.1101
2025-02-25 18:18:18,318 - sim - INFO - Epoch [3][12200/202500]	lr: 8.000e-04, eta: 21:35:01, time: 0.134, data_time: 0.003, memory: 2578, loss: 0.0150, Batch std: 0.1050, Agg std: 0.1100
2025-02-25 18:18:31,607 - sim - INFO - Epoch [3][12300/202500]	lr: 8.000e-04, eta: 21:34:59, time: 0.133, data_time: 0.003, memory: 2578, loss: 0.0177, Batch std: 0.1130, Agg std: 0.1100
2025-02-25 18:18:44,915 - sim - INFO - Epoch [3][12400/202500]	lr: 8.000e-04, eta: 21:34:58, time: 0.133, data_time: 0.003, memory: 2578, loss: 0.0166, Batch std: 0.1121, Agg std: 0.1101
2025-02-25 18:18:58,237 - sim - INFO - Epoch [3][12500/202500]	lr: 8.000e-04, eta: 21:34:58, time: 0.133, data_time: 0.003, memory: 2578, loss: 0.0157, Batch std: 0.1097, Agg std: 0.1101
2025-02-25 18:19:11,587 - sim - INFO - Epoch [3][12600/202500]	lr: 8.000e-04, eta: 21:34:59, time: 0.133, data_time: 0.003, memory: 2578, loss: 0.0161, Batch std: 0.1119, Agg std: 0.1101
2025-02-25 18:19:24,906 - sim - INFO - Epoch [3][12700/202500]	lr: 8.000e-04, eta: 21:34:58, time: 0.133, data_time: 0.003, memory: 2578, loss: 0.0147, Batch std: 0.1038, Agg std: 0.1100
2025-02-25 18:19:38,243 - sim - INFO - Epoch [3][12800/202500]	lr: 8.000e-04, eta: 21:34:57, time: 0.133, data_time: 0.003, memory: 2578, loss: 0.0167, Batch std: 0.1095, Agg std: 0.1100
2025-02-25 18:19:51,543 - sim - INFO - Epoch [3][12900/202500]	lr: 8.000e-04, eta: 21:34:55, time: 0.133, data_time: 0.003, memory: 2578, loss: 0.0214, Batch std: 0.1183, Agg std: 0.1101
2025-02-25 18:20:04,913 - sim - INFO - Epoch [3][13000/202500]	lr: 8.000e-04, eta: 21:34:56, time: 0.134, data_time: 0.003, memory: 2578, loss: 0.0165, Batch std: 0.1108, Agg std: 0.1101
2025-02-25 18:20:18,260 - sim - INFO - Epoch [3][13100/202500]	lr: 8.000e-04, eta: 21:34:55, time: 0.133, data_time: 0.003, memory: 2578, loss: 0.0209, Batch std: 0.1239, Agg std: 0.1101
2025-02-25 18:20:31,616 - sim - INFO - Epoch [3][13200/202500]	lr: 8.000e-04, eta: 21:34:55, time: 0.134, data_time: 0.003, memory: 2578, loss: 0.0179, Batch std: 0.1149, Agg std: 0.1102
2025-02-25 18:20:44,899 - sim - INFO - Epoch [3][13300/202500]	lr: 8.000e-04, eta: 21:34:51, time: 0.133, data_time: 0.003, memory: 2578, loss: 0.0162, Batch std: 0.1074, Agg std: 0.1102
2025-02-25 18:20:58,261 - sim - INFO - Epoch [3][13400/202500]	lr: 8.000e-04, eta: 21:34:51, time: 0.134, data_time: 0.003, memory: 2578, loss: 0.0138, Batch std: 0.1012, Agg std: 0.1102
2025-02-25 18:21:11,626 - sim - INFO - Epoch [3][13500/202500]	lr: 8.000e-04, eta: 21:34:51, time: 0.134, data_time: 0.003, memory: 2578, loss: 0.0144, Batch std: 0.1046, Agg std: 0.1101
2025-02-25 18:21:24,946 - sim - INFO - Epoch [3][13600/202500]	lr: 8.000e-04, eta: 21:34:48, time: 0.133, data_time: 0.003, memory: 2578, loss: 0.0202, Batch std: 0.1214, Agg std: 0.1101
2025-02-25 18:21:38,231 - sim - INFO - Epoch [3][13700/202500]	lr: 8.000e-04, eta: 21:34:44, time: 0.133, data_time: 0.003, memory: 2578, loss: 0.0192, Batch std: 0.1178, Agg std: 0.1102
2025-02-25 18:21:51,612 - sim - INFO - Epoch [3][13800/202500]	lr: 8.000e-04, eta: 21:34:43, time: 0.134, data_time: 0.003, memory: 2578, loss: 0.0200, Batch std: 0.1218, Agg std: 0.1103
2025-02-25 18:22:04,983 - sim - INFO - Epoch [3][13900/202500]	lr: 8.000e-04, eta: 21:34:43, time: 0.134, data_time: 0.003, memory: 2578, loss: 0.0179, Batch std: 0.1120, Agg std: 0.1103
2025-02-25 18:22:18,329 - sim - INFO - Epoch [3][14000/202500]	lr: 8.000e-04, eta: 21:34:40, time: 0.133, data_time: 0.003, memory: 2578, loss: 0.0188, Batch std: 0.1152, Agg std: 0.1104
2025-02-25 18:22:31,643 - sim - INFO - Epoch [3][14100/202500]	lr: 8.000e-04, eta: 21:34:37, time: 0.133, data_time: 0.003, memory: 2578, loss: 0.0139, Batch std: 0.1030, Agg std: 0.1103
2025-02-25 18:22:44,980 - sim - INFO - Epoch [3][14200/202500]	lr: 8.000e-04, eta: 21:34:34, time: 0.133, data_time: 0.003, memory: 2578, loss: 0.0170, Batch std: 0.1125, Agg std: 0.1103
2025-02-25 18:22:58,316 - sim - INFO - Epoch [3][14300/202500]	lr: 8.000e-04, eta: 21:34:31, time: 0.133, data_time: 0.003, memory: 2578, loss: 0.0166, Batch std: 0.1124, Agg std: 0.1103
2025-02-25 18:23:11,644 - sim - INFO - Epoch [3][14400/202500]	lr: 8.000e-04, eta: 21:34:28, time: 0.133, data_time: 0.003, memory: 2578, loss: 0.0166, Batch std: 0.1089, Agg std: 0.1103
2025-02-25 18:23:24,945 - sim - INFO - Epoch [3][14500/202500]	lr: 8.000e-04, eta: 21:34:23, time: 0.133, data_time: 0.003, memory: 2578, loss: 0.0199, Batch std: 0.1204, Agg std: 0.1104
2025-02-25 18:23:38,234 - sim - INFO - Epoch [3][14600/202500]	lr: 8.000e-04, eta: 21:34:18, time: 0.133, data_time: 0.003, memory: 2578, loss: 0.0153, Batch std: 0.1082, Agg std: 0.1104
2025-02-25 18:23:51,543 - sim - INFO - Epoch [3][14700/202500]	lr: 8.000e-04, eta: 21:34:13, time: 0.133, data_time: 0.003, memory: 2578, loss: 0.0166, Batch std: 0.1084, Agg std: 0.1104
2025-02-25 18:24:04,860 - sim - INFO - Epoch [3][14800/202500]	lr: 8.000e-04, eta: 21:34:09, time: 0.133, data_time: 0.003, memory: 2578, loss: 0.0151, Batch std: 0.1086, Agg std: 0.1104
2025-02-25 18:24:18,222 - sim - INFO - Epoch [3][14900/202500]	lr: 8.000e-04, eta: 21:34:06, time: 0.134, data_time: 0.003, memory: 2578, loss: 0.0131, Batch std: 0.0958, Agg std: 0.1103
2025-02-25 18:24:31,537 - sim - INFO - Epoch [3][15000/202500]	lr: 8.000e-04, eta: 21:34:01, time: 0.133, data_time: 0.003, memory: 2578, loss: 0.0176, Batch std: 0.1128, Agg std: 0.1103
2025-02-25 18:24:44,814 - sim - INFO - Epoch [3][15100/202500]	lr: 8.000e-04, eta: 21:33:55, time: 0.133, data_time: 0.003, memory: 2578, loss: 0.0171, Batch std: 0.1137, Agg std: 0.1103
2025-02-25 18:24:58,133 - sim - INFO - Epoch [3][15200/202500]	lr: 8.000e-04, eta: 21:33:50, time: 0.133, data_time: 0.003, memory: 2578, loss: 0.0149, Batch std: 0.1040, Agg std: 0.1103
2025-02-25 18:25:11,437 - sim - INFO - Epoch [3][15300/202500]	lr: 8.000e-04, eta: 21:33:45, time: 0.133, data_time: 0.003, memory: 2578, loss: 0.0208, Batch std: 0.1220, Agg std: 0.1103
2025-02-25 18:25:24,743 - sim - INFO - Epoch [3][15400/202500]	lr: 8.000e-04, eta: 21:33:39, time: 0.133, data_time: 0.003, memory: 2578, loss: 0.0177, Batch std: 0.1146, Agg std: 0.1104
2025-02-25 18:25:38,078 - sim - INFO - Epoch [3][15500/202500]	lr: 8.000e-04, eta: 21:33:35, time: 0.133, data_time: 0.003, memory: 2578, loss: 0.0123, Batch std: 0.0989, Agg std: 0.1103
2025-02-25 18:25:51,375 - sim - INFO - Epoch [3][15600/202500]	lr: 8.000e-04, eta: 21:33:28, time: 0.133, data_time: 0.003, memory: 2578, loss: 0.0144, Batch std: 0.1024, Agg std: 0.1103
2025-02-25 18:26:04,693 - sim - INFO - Epoch [3][15700/202500]	lr: 8.000e-04, eta: 21:33:23, time: 0.133, data_time: 0.003, memory: 2578, loss: 0.0145, Batch std: 0.1061, Agg std: 0.1103
2025-02-25 18:26:18,012 - sim - INFO - Epoch [3][15800/202500]	lr: 8.000e-04, eta: 21:33:18, time: 0.133, data_time: 0.003, memory: 2578, loss: 0.0151, Batch std: 0.1050, Agg std: 0.1102
2025-02-25 18:26:31,362 - sim - INFO - Epoch [3][15900/202500]	lr: 8.000e-04, eta: 21:33:13, time: 0.134, data_time: 0.003, memory: 2578, loss: 0.0189, Batch std: 0.1151, Agg std: 0.1102
2025-02-25 18:26:44,622 - sim - INFO - Epoch [3][16000/202500]	lr: 8.000e-04, eta: 21:33:06, time: 0.133, data_time: 0.003, memory: 2578, loss: 0.0144, Batch std: 0.1040, Agg std: 0.1102
2025-02-25 18:26:57,917 - sim - INFO - Epoch [3][16100/202500]	lr: 8.000e-04, eta: 21:32:59, time: 0.133, data_time: 0.003, memory: 2578, loss: 0.0156, Batch std: 0.1053, Agg std: 0.1102
2025-02-25 18:27:11,201 - sim - INFO - Epoch [3][16200/202500]	lr: 8.000e-04, eta: 21:32:52, time: 0.133, data_time: 0.003, memory: 2578, loss: 0.0156, Batch std: 0.1100, Agg std: 0.1101
2025-02-25 18:27:24,515 - sim - INFO - Epoch [3][16300/202500]	lr: 8.000e-04, eta: 21:32:46, time: 0.133, data_time: 0.003, memory: 2578, loss: 0.0181, Batch std: 0.1136, Agg std: 0.1102
2025-02-25 18:27:37,866 - sim - INFO - Epoch [3][16400/202500]	lr: 8.000e-04, eta: 21:32:41, time: 0.133, data_time: 0.003, memory: 2578, loss: 0.0183, Batch std: 0.1146, Agg std: 0.1102
2025-02-25 18:27:51,160 - sim - INFO - Epoch [3][16500/202500]	lr: 8.000e-04, eta: 21:32:34, time: 0.133, data_time: 0.003, memory: 2578, loss: 0.0165, Batch std: 0.1111, Agg std: 0.1102
2025-02-25 18:28:04,502 - sim - INFO - Epoch [3][16600/202500]	lr: 8.000e-04, eta: 21:32:29, time: 0.133, data_time: 0.003, memory: 2578, loss: 0.0166, Batch std: 0.1100, Agg std: 0.1102
2025-02-25 18:28:17,829 - sim - INFO - Epoch [3][16700/202500]	lr: 8.000e-04, eta: 21:32:23, time: 0.133, data_time: 0.003, memory: 2578, loss: 0.0166, Batch std: 0.1090, Agg std: 0.1102
2025-02-25 18:28:31,145 - sim - INFO - Epoch [3][16800/202500]	lr: 8.000e-04, eta: 21:32:16, time: 0.133, data_time: 0.003, memory: 2578, loss: 0.0141, Batch std: 0.1021, Agg std: 0.1102
2025-02-25 18:28:44,428 - sim - INFO - Epoch [3][16900/202500]	lr: 8.000e-04, eta: 21:32:09, time: 0.133, data_time: 0.003, memory: 2578, loss: 0.0177, Batch std: 0.1143, Agg std: 0.1102
2025-02-25 18:28:57,683 - sim - INFO - Epoch [3][17000/202500]	lr: 8.000e-04, eta: 21:32:00, time: 0.133, data_time: 0.003, memory: 2578, loss: 0.0169, Batch std: 0.1084, Agg std: 0.1102
2025-02-25 18:29:11,021 - sim - INFO - Epoch [3][17100/202500]	lr: 8.000e-04, eta: 21:31:54, time: 0.133, data_time: 0.003, memory: 2578, loss: 0.0165, Batch std: 0.1100, Agg std: 0.1102
2025-02-25 18:29:24,355 - sim - INFO - Epoch [3][17200/202500]	lr: 8.000e-04, eta: 21:31:48, time: 0.133, data_time: 0.003, memory: 2578, loss: 0.0136, Batch std: 0.1025, Agg std: 0.1101
2025-02-25 18:29:37,666 - sim - INFO - Epoch [3][17300/202500]	lr: 8.000e-04, eta: 21:31:41, time: 0.133, data_time: 0.003, memory: 2578, loss: 0.0171, Batch std: 0.1138, Agg std: 0.1101
2025-02-25 18:29:50,983 - sim - INFO - Epoch [3][17400/202500]	lr: 8.000e-04, eta: 21:31:34, time: 0.133, data_time: 0.003, memory: 2578, loss: 0.0141, Batch std: 0.1025, Agg std: 0.1101
2025-02-25 18:30:04,305 - sim - INFO - Epoch [3][17500/202500]	lr: 8.000e-04, eta: 21:31:27, time: 0.133, data_time: 0.003, memory: 2578, loss: 0.0173, Batch std: 0.1137, Agg std: 0.1101
2025-02-25 18:30:17,598 - sim - INFO - Epoch [3][17600/202500]	lr: 8.000e-04, eta: 21:31:20, time: 0.133, data_time: 0.003, memory: 2578, loss: 0.0157, Batch std: 0.1090, Agg std: 0.1101
2025-02-25 18:30:30,874 - sim - INFO - Epoch [3][17700/202500]	lr: 8.000e-04, eta: 21:31:11, time: 0.133, data_time: 0.003, memory: 2578, loss: 0.0133, Batch std: 0.0991, Agg std: 0.1101
2025-02-25 18:30:44,173 - sim - INFO - Epoch [3][17800/202500]	lr: 8.000e-04, eta: 21:31:03, time: 0.133, data_time: 0.003, memory: 2578, loss: 0.0162, Batch std: 0.1087, Agg std: 0.1100
2025-02-25 18:30:57,472 - sim - INFO - Epoch [3][17900/202500]	lr: 8.000e-04, eta: 21:30:56, time: 0.133, data_time: 0.003, memory: 2578, loss: 0.0151, Batch std: 0.1078, Agg std: 0.1100
2025-02-25 18:31:10,766 - sim - INFO - Epoch [3][18000/202500]	lr: 8.000e-04, eta: 21:30:48, time: 0.133, data_time: 0.003, memory: 2578, loss: 0.0165, Batch std: 0.1084, Agg std: 0.1100
2025-02-25 18:31:24,080 - sim - INFO - Epoch [3][18100/202500]	lr: 8.000e-04, eta: 21:30:40, time: 0.133, data_time: 0.003, memory: 2578, loss: 0.0167, Batch std: 0.1130, Agg std: 0.1100
2025-02-25 18:31:37,402 - sim - INFO - Epoch [3][18200/202500]	lr: 8.000e-04, eta: 21:30:33, time: 0.133, data_time: 0.003, memory: 2578, loss: 0.0136, Batch std: 0.1001, Agg std: 0.1100
2025-02-25 18:31:50,758 - sim - INFO - Epoch [3][18300/202500]	lr: 8.000e-04, eta: 21:30:27, time: 0.134, data_time: 0.003, memory: 2578, loss: 0.0191, Batch std: 0.1174, Agg std: 0.1100
2025-02-25 18:32:04,092 - sim - INFO - Epoch [3][18400/202500]	lr: 8.000e-04, eta: 21:30:20, time: 0.133, data_time: 0.003, memory: 2578, loss: 0.0190, Batch std: 0.1201, Agg std: 0.1100
2025-02-25 18:32:17,405 - sim - INFO - Epoch [3][18500/202500]	lr: 8.000e-04, eta: 21:30:12, time: 0.133, data_time: 0.003, memory: 2578, loss: 0.0153, Batch std: 0.1123, Agg std: 0.1101
2025-02-25 18:32:30,696 - sim - INFO - Epoch [3][18600/202500]	lr: 8.000e-04, eta: 21:30:04, time: 0.133, data_time: 0.003, memory: 2578, loss: 0.0145, Batch std: 0.1041, Agg std: 0.1101
2025-02-25 18:32:44,023 - sim - INFO - Epoch [3][18700/202500]	lr: 8.000e-04, eta: 21:29:56, time: 0.133, data_time: 0.003, memory: 2578, loss: 0.0197, Batch std: 0.1215, Agg std: 0.1101
2025-02-25 18:32:57,304 - sim - INFO - Epoch [3][18800/202500]	lr: 8.000e-04, eta: 21:29:47, time: 0.133, data_time: 0.003, memory: 2578, loss: 0.0153, Batch std: 0.1046, Agg std: 0.1101
2025-02-25 18:33:10,623 - sim - INFO - Epoch [3][18900/202500]	lr: 8.000e-04, eta: 21:29:40, time: 0.133, data_time: 0.003, memory: 2578, loss: 0.0175, Batch std: 0.1111, Agg std: 0.1101
2025-02-25 18:33:23,904 - sim - INFO - Epoch [3][19000/202500]	lr: 8.000e-04, eta: 21:29:31, time: 0.133, data_time: 0.003, memory: 2578, loss: 0.0186, Batch std: 0.1152, Agg std: 0.1101
2025-02-25 18:33:37,181 - sim - INFO - Epoch [3][19100/202500]	lr: 8.000e-04, eta: 21:29:21, time: 0.133, data_time: 0.003, memory: 2578, loss: 0.0180, Batch std: 0.1164, Agg std: 0.1101
2025-02-25 18:33:50,472 - sim - INFO - Epoch [3][19200/202500]	lr: 8.000e-04, eta: 21:29:13, time: 0.133, data_time: 0.003, memory: 2578, loss: 0.0135, Batch std: 0.0988, Agg std: 0.1101
2025-02-25 18:34:03,762 - sim - INFO - Epoch [3][19300/202500]	lr: 8.000e-04, eta: 21:29:04, time: 0.133, data_time: 0.003, memory: 2578, loss: 0.0174, Batch std: 0.1116, Agg std: 0.1101
2025-02-25 18:34:17,127 - sim - INFO - Epoch [3][19400/202500]	lr: 8.000e-04, eta: 21:28:57, time: 0.134, data_time: 0.003, memory: 2578, loss: 0.0147, Batch std: 0.1047, Agg std: 0.1101
2025-02-25 18:34:30,415 - sim - INFO - Epoch [3][19500/202500]	lr: 8.000e-04, eta: 21:28:48, time: 0.133, data_time: 0.003, memory: 2578, loss: 0.0157, Batch std: 0.1074, Agg std: 0.1101
2025-02-25 18:34:43,752 - sim - INFO - Epoch [3][19600/202500]	lr: 8.000e-04, eta: 21:28:41, time: 0.133, data_time: 0.003, memory: 2578, loss: 0.0173, Batch std: 0.1148, Agg std: 0.1101
2025-02-25 18:34:57,084 - sim - INFO - Epoch [3][19700/202500]	lr: 8.000e-04, eta: 21:28:33, time: 0.133, data_time: 0.003, memory: 2578, loss: 0.0144, Batch std: 0.1082, Agg std: 0.1101
2025-02-25 18:35:10,403 - sim - INFO - Epoch [3][19800/202500]	lr: 8.000e-04, eta: 21:28:25, time: 0.133, data_time: 0.003, memory: 2578, loss: 0.0193, Batch std: 0.1182, Agg std: 0.1101
2025-02-25 18:35:23,732 - sim - INFO - Epoch [3][19900/202500]	lr: 8.000e-04, eta: 21:28:17, time: 0.133, data_time: 0.003, memory: 2578, loss: 0.0131, Batch std: 0.1008, Agg std: 0.1101
2025-02-25 18:35:37,050 - sim - INFO - Epoch [3][20000/202500]	lr: 8.000e-04, eta: 21:28:08, time: 0.133, data_time: 0.003, memory: 2578, loss: 0.0160, Batch std: 0.1082, Agg std: 0.1101
2025-02-25 18:35:50,348 - sim - INFO - Epoch [3][20100/202500]	lr: 8.000e-04, eta: 21:27:59, time: 0.133, data_time: 0.003, memory: 2578, loss: 0.0191, Batch std: 0.1156, Agg std: 0.1101
2025-02-25 18:36:03,644 - sim - INFO - Epoch [3][20200/202500]	lr: 8.000e-04, eta: 21:27:50, time: 0.133, data_time: 0.003, memory: 2578, loss: 0.0168, Batch std: 0.1122, Agg std: 0.1101
2025-02-25 18:36:16,916 - sim - INFO - Epoch [3][20300/202500]	lr: 8.000e-04, eta: 21:27:40, time: 0.133, data_time: 0.003, memory: 2578, loss: 0.0163, Batch std: 0.1120, Agg std: 0.1101
2025-02-25 18:36:30,211 - sim - INFO - Epoch [3][20400/202500]	lr: 8.000e-04, eta: 21:27:31, time: 0.133, data_time: 0.003, memory: 2578, loss: 0.0133, Batch std: 0.1000, Agg std: 0.1101
2025-02-25 18:36:43,497 - sim - INFO - Epoch [3][20500/202500]	lr: 8.000e-04, eta: 21:27:21, time: 0.133, data_time: 0.003, memory: 2578, loss: 0.0167, Batch std: 0.1069, Agg std: 0.1100
2025-02-25 18:36:56,844 - sim - INFO - Epoch [3][20600/202500]	lr: 8.000e-04, eta: 21:27:14, time: 0.133, data_time: 0.003, memory: 2578, loss: 0.0169, Batch std: 0.1062, Agg std: 0.1100
2025-02-25 18:37:10,139 - sim - INFO - Epoch [3][20700/202500]	lr: 8.000e-04, eta: 21:27:04, time: 0.133, data_time: 0.003, memory: 2578, loss: 0.0180, Batch std: 0.1161, Agg std: 0.1100
2025-02-25 18:37:23,416 - sim - INFO - Epoch [3][20800/202500]	lr: 8.000e-04, eta: 21:26:54, time: 0.133, data_time: 0.003, memory: 2578, loss: 0.0193, Batch std: 0.1168, Agg std: 0.1101
2025-02-25 18:37:36,770 - sim - INFO - Epoch [3][20900/202500]	lr: 8.000e-04, eta: 21:26:47, time: 0.134, data_time: 0.003, memory: 2578, loss: 0.0181, Batch std: 0.1151, Agg std: 0.1101
2025-02-25 18:37:50,051 - sim - INFO - Epoch [3][21000/202500]	lr: 8.000e-04, eta: 21:26:37, time: 0.133, data_time: 0.003, memory: 2578, loss: 0.0151, Batch std: 0.1048, Agg std: 0.1101
2025-02-25 18:38:03,380 - sim - INFO - Epoch [3][21100/202500]	lr: 8.000e-04, eta: 21:26:28, time: 0.133, data_time: 0.003, memory: 2578, loss: 0.0191, Batch std: 0.1179, Agg std: 0.1101
2025-02-25 18:38:16,672 - sim - INFO - Epoch [3][21200/202500]	lr: 8.000e-04, eta: 21:26:19, time: 0.133, data_time: 0.003, memory: 2578, loss: 0.0205, Batch std: 0.1183, Agg std: 0.1101
2025-02-25 18:38:30,002 - sim - INFO - Epoch [3][21300/202500]	lr: 8.000e-04, eta: 21:26:10, time: 0.133, data_time: 0.003, memory: 2578, loss: 0.0165, Batch std: 0.1096, Agg std: 0.1101
2025-02-25 18:38:43,315 - sim - INFO - Epoch [3][21400/202500]	lr: 8.000e-04, eta: 21:26:01, time: 0.133, data_time: 0.003, memory: 2578, loss: 0.0162, Batch std: 0.1102, Agg std: 0.1102
2025-02-25 18:38:56,624 - sim - INFO - Epoch [3][21500/202500]	lr: 8.000e-04, eta: 21:25:52, time: 0.133, data_time: 0.003, memory: 2578, loss: 0.0167, Batch std: 0.1120, Agg std: 0.1102
2025-02-25 18:39:09,930 - sim - INFO - Epoch [3][21600/202500]	lr: 8.000e-04, eta: 21:25:42, time: 0.133, data_time: 0.003, memory: 2578, loss: 0.0179, Batch std: 0.1109, Agg std: 0.1102
2025-02-25 18:39:23,261 - sim - INFO - Epoch [3][21700/202500]	lr: 8.000e-04, eta: 21:25:34, time: 0.133, data_time: 0.003, memory: 2578, loss: 0.0154, Batch std: 0.1077, Agg std: 0.1102
2025-02-25 18:39:36,566 - sim - INFO - Epoch [3][21800/202500]	lr: 8.000e-04, eta: 21:25:24, time: 0.133, data_time: 0.003, memory: 2578, loss: 0.0140, Batch std: 0.1061, Agg std: 0.1101
2025-02-25 18:39:49,948 - sim - INFO - Epoch [3][21900/202500]	lr: 8.000e-04, eta: 21:25:17, time: 0.134, data_time: 0.003, memory: 2578, loss: 0.0147, Batch std: 0.1060, Agg std: 0.1101
2025-02-25 18:40:03,247 - sim - INFO - Epoch [3][22000/202500]	lr: 8.000e-04, eta: 21:25:07, time: 0.133, data_time: 0.003, memory: 2578, loss: 0.0182, Batch std: 0.1155, Agg std: 0.1101
2025-02-25 18:40:16,509 - sim - INFO - Epoch [3][22100/202500]	lr: 8.000e-04, eta: 21:24:56, time: 0.133, data_time: 0.003, memory: 2578, loss: 0.0178, Batch std: 0.1139, Agg std: 0.1101
2025-02-25 18:40:29,877 - sim - INFO - Epoch [3][22200/202500]	lr: 8.000e-04, eta: 21:24:48, time: 0.134, data_time: 0.003, memory: 2578, loss: 0.0180, Batch std: 0.1128, Agg std: 0.1102
2025-02-25 18:40:43,203 - sim - INFO - Epoch [3][22300/202500]	lr: 8.000e-04, eta: 21:24:39, time: 0.133, data_time: 0.003, memory: 2578, loss: 0.0164, Batch std: 0.1098, Agg std: 0.1102
2025-02-25 18:40:56,512 - sim - INFO - Epoch [3][22400/202500]	lr: 8.000e-04, eta: 21:24:30, time: 0.133, data_time: 0.003, memory: 2578, loss: 0.0154, Batch std: 0.1078, Agg std: 0.1102
2025-02-25 18:41:09,813 - sim - INFO - Epoch [3][22500/202500]	lr: 8.000e-04, eta: 21:24:20, time: 0.133, data_time: 0.003, memory: 2578, loss: 0.0178, Batch std: 0.1121, Agg std: 0.1102
2025-02-25 18:41:23,104 - sim - INFO - Epoch [3][22600/202500]	lr: 8.000e-04, eta: 21:24:10, time: 0.133, data_time: 0.003, memory: 2578, loss: 0.0209, Batch std: 0.1239, Agg std: 0.1102
2025-02-25 18:41:36,425 - sim - INFO - Epoch [3][22700/202500]	lr: 8.000e-04, eta: 21:24:00, time: 0.133, data_time: 0.003, memory: 2578, loss: 0.0161, Batch std: 0.1132, Agg std: 0.1102
2025-02-25 18:41:49,721 - sim - INFO - Epoch [3][22800/202500]	lr: 8.000e-04, eta: 21:23:50, time: 0.133, data_time: 0.003, memory: 2578, loss: 0.0150, Batch std: 0.1071, Agg std: 0.1102
2025-02-25 18:42:03,069 - sim - INFO - Epoch [3][22900/202500]	lr: 8.000e-04, eta: 21:23:41, time: 0.133, data_time: 0.003, memory: 2578, loss: 0.0137, Batch std: 0.1009, Agg std: 0.1102
2025-02-25 18:42:16,367 - sim - INFO - Epoch [3][23000/202500]	lr: 8.000e-04, eta: 21:23:31, time: 0.133, data_time: 0.003, memory: 2578, loss: 0.0164, Batch std: 0.1099, Agg std: 0.1102
2025-02-25 18:42:29,656 - sim - INFO - Epoch [3][23100/202500]	lr: 8.000e-04, eta: 21:23:21, time: 0.133, data_time: 0.003, memory: 2578, loss: 0.0154, Batch std: 0.1103, Agg std: 0.1102
2025-02-25 18:42:42,918 - sim - INFO - Epoch [3][23200/202500]	lr: 8.000e-04, eta: 21:23:10, time: 0.133, data_time: 0.003, memory: 2578, loss: 0.0175, Batch std: 0.1142, Agg std: 0.1102
2025-02-25 18:42:56,298 - sim - INFO - Epoch [3][23300/202500]	lr: 8.000e-04, eta: 21:23:02, time: 0.134, data_time: 0.003, memory: 2578, loss: 0.0132, Batch std: 0.1008, Agg std: 0.1102
2025-02-25 18:43:09,611 - sim - INFO - Epoch [3][23400/202500]	lr: 8.000e-04, eta: 21:22:52, time: 0.133, data_time: 0.003, memory: 2578, loss: 0.0170, Batch std: 0.1132, Agg std: 0.1102
2025-02-25 18:43:22,920 - sim - INFO - Epoch [3][23500/202500]	lr: 8.000e-04, eta: 21:22:42, time: 0.133, data_time: 0.003, memory: 2578, loss: 0.0187, Batch std: 0.1151, Agg std: 0.1102
2025-02-25 18:43:36,269 - sim - INFO - Epoch [3][23600/202500]	lr: 8.000e-04, eta: 21:22:33, time: 0.133, data_time: 0.003, memory: 2578, loss: 0.0144, Batch std: 0.1045, Agg std: 0.1102
2025-02-25 18:43:49,582 - sim - INFO - Epoch [3][23700/202500]	lr: 8.000e-04, eta: 21:22:23, time: 0.133, data_time: 0.003, memory: 2578, loss: 0.0159, Batch std: 0.1077, Agg std: 0.1102
2025-02-25 18:44:02,853 - sim - INFO - Epoch [3][23800/202500]	lr: 8.000e-04, eta: 21:22:12, time: 0.133, data_time: 0.003, memory: 2578, loss: 0.0209, Batch std: 0.1225, Agg std: 0.1102
2025-02-25 18:44:16,140 - sim - INFO - Epoch [3][23900/202500]	lr: 8.000e-04, eta: 21:22:02, time: 0.133, data_time: 0.003, memory: 2578, loss: 0.0172, Batch std: 0.1122, Agg std: 0.1102
2025-02-25 18:44:29,435 - sim - INFO - Epoch [3][24000/202500]	lr: 8.000e-04, eta: 21:21:51, time: 0.133, data_time: 0.003, memory: 2578, loss: 0.0170, Batch std: 0.1130, Agg std: 0.1102
2025-02-25 18:44:42,751 - sim - INFO - Epoch [3][24100/202500]	lr: 8.000e-04, eta: 21:21:41, time: 0.133, data_time: 0.003, memory: 2578, loss: 0.0169, Batch std: 0.1113, Agg std: 0.1102
2025-02-25 18:44:56,085 - sim - INFO - Epoch [3][24200/202500]	lr: 8.000e-04, eta: 21:21:32, time: 0.133, data_time: 0.003, memory: 2578, loss: 0.0153, Batch std: 0.1078, Agg std: 0.1102
2025-02-25 18:45:09,365 - sim - INFO - Epoch [3][24300/202500]	lr: 8.000e-04, eta: 21:21:21, time: 0.133, data_time: 0.003, memory: 2578, loss: 0.0182, Batch std: 0.1168, Agg std: 0.1102
2025-02-25 18:45:22,673 - sim - INFO - Epoch [3][24400/202500]	lr: 8.000e-04, eta: 21:21:11, time: 0.133, data_time: 0.003, memory: 2578, loss: 0.0168, Batch std: 0.1116, Agg std: 0.1103
2025-02-25 18:45:35,964 - sim - INFO - Epoch [3][24500/202500]	lr: 8.000e-04, eta: 21:21:00, time: 0.133, data_time: 0.003, memory: 2578, loss: 0.0142, Batch std: 0.1054, Agg std: 0.1103
2025-02-25 18:45:49,266 - sim - INFO - Epoch [3][24600/202500]	lr: 8.000e-04, eta: 21:20:50, time: 0.133, data_time: 0.003, memory: 2578, loss: 0.0150, Batch std: 0.1056, Agg std: 0.1102
2025-02-25 18:46:02,570 - sim - INFO - Epoch [3][24700/202500]	lr: 8.000e-04, eta: 21:20:40, time: 0.133, data_time: 0.003, memory: 2578, loss: 0.0153, Batch std: 0.1072, Agg std: 0.1102
2025-02-25 18:46:15,868 - sim - INFO - Epoch [3][24800/202500]	lr: 8.000e-04, eta: 21:20:29, time: 0.133, data_time: 0.003, memory: 2578, loss: 0.0154, Batch std: 0.1065, Agg std: 0.1102
2025-02-25 18:46:29,257 - sim - INFO - Epoch [3][24900/202500]	lr: 8.000e-04, eta: 21:20:21, time: 0.134, data_time: 0.003, memory: 2578, loss: 0.0149, Batch std: 0.1037, Agg std: 0.1102
2025-02-25 18:46:42,583 - sim - INFO - Epoch [3][25000/202500]	lr: 8.000e-04, eta: 21:20:11, time: 0.133, data_time: 0.003, memory: 2578, loss: 0.0162, Batch std: 0.1105, Agg std: 0.1102
2025-02-25 18:46:55,893 - sim - INFO - Epoch [3][25100/202500]	lr: 8.000e-04, eta: 21:20:00, time: 0.133, data_time: 0.003, memory: 2578, loss: 0.0152, Batch std: 0.1048, Agg std: 0.1102
2025-02-25 18:47:09,238 - sim - INFO - Epoch [3][25200/202500]	lr: 8.000e-04, eta: 21:19:51, time: 0.133, data_time: 0.003, memory: 2578, loss: 0.0160, Batch std: 0.1053, Agg std: 0.1101
2025-02-25 18:47:22,491 - sim - INFO - Epoch [3][25300/202500]	lr: 8.000e-04, eta: 21:19:39, time: 0.133, data_time: 0.003, memory: 2578, loss: 0.0151, Batch std: 0.1071, Agg std: 0.1101
2025-02-25 18:47:35,790 - sim - INFO - Epoch [3][25400/202500]	lr: 8.000e-04, eta: 21:19:28, time: 0.133, data_time: 0.003, memory: 2578, loss: 0.0157, Batch std: 0.1075, Agg std: 0.1101
2025-02-25 18:47:49,105 - sim - INFO - Epoch [3][25500/202500]	lr: 8.000e-04, eta: 21:19:18, time: 0.133, data_time: 0.003, memory: 2578, loss: 0.0139, Batch std: 0.1028, Agg std: 0.1101
2025-02-25 18:48:02,467 - sim - INFO - Epoch [3][25600/202500]	lr: 8.000e-04, eta: 21:19:09, time: 0.134, data_time: 0.003, memory: 2578, loss: 0.0166, Batch std: 0.1105, Agg std: 0.1101
2025-02-25 18:48:15,796 - sim - INFO - Epoch [3][25700/202500]	lr: 8.000e-04, eta: 21:18:59, time: 0.133, data_time: 0.003, memory: 2578, loss: 0.0176, Batch std: 0.1129, Agg std: 0.1101
2025-02-25 18:48:29,062 - sim - INFO - Epoch [3][25800/202500]	lr: 8.000e-04, eta: 21:18:47, time: 0.133, data_time: 0.003, memory: 2578, loss: 0.0152, Batch std: 0.1070, Agg std: 0.1101
2025-02-25 18:48:42,359 - sim - INFO - Epoch [3][25900/202500]	lr: 8.000e-04, eta: 21:18:37, time: 0.133, data_time: 0.003, memory: 2578, loss: 0.0167, Batch std: 0.1113, Agg std: 0.1101
2025-02-25 18:48:55,692 - sim - INFO - Epoch [3][26000/202500]	lr: 8.000e-04, eta: 21:18:27, time: 0.133, data_time: 0.003, memory: 2578, loss: 0.0173, Batch std: 0.1100, Agg std: 0.1101
2025-02-25 18:49:08,958 - sim - INFO - Epoch [3][26100/202500]	lr: 8.000e-04, eta: 21:18:15, time: 0.133, data_time: 0.003, memory: 2578, loss: 0.0184, Batch std: 0.1177, Agg std: 0.1101
2025-02-25 18:49:22,316 - sim - INFO - Epoch [3][26200/202500]	lr: 8.000e-04, eta: 21:18:05, time: 0.134, data_time: 0.003, memory: 2578, loss: 0.0197, Batch std: 0.1174, Agg std: 0.1101
2025-02-25 18:49:35,684 - sim - INFO - Epoch [3][26300/202500]	lr: 8.000e-04, eta: 21:17:56, time: 0.134, data_time: 0.003, memory: 2578, loss: 0.0171, Batch std: 0.1107, Agg std: 0.1101
2025-02-25 18:49:48,989 - sim - INFO - Epoch [3][26400/202500]	lr: 8.000e-04, eta: 21:17:45, time: 0.133, data_time: 0.003, memory: 2578, loss: 0.0206, Batch std: 0.1224, Agg std: 0.1102
2025-02-25 18:50:02,329 - sim - INFO - Epoch [3][26500/202500]	lr: 8.000e-04, eta: 21:17:35, time: 0.133, data_time: 0.003, memory: 2578, loss: 0.0144, Batch std: 0.1048, Agg std: 0.1102
2025-02-25 18:50:15,657 - sim - INFO - Epoch [3][26600/202500]	lr: 8.000e-04, eta: 21:17:25, time: 0.133, data_time: 0.003, memory: 2578, loss: 0.0142, Batch std: 0.1037, Agg std: 0.1102
2025-02-25 18:50:28,938 - sim - INFO - Epoch [3][26700/202500]	lr: 8.000e-04, eta: 21:17:14, time: 0.133, data_time: 0.003, memory: 2578, loss: 0.0187, Batch std: 0.1125, Agg std: 0.1102
2025-02-25 18:50:42,259 - sim - INFO - Epoch [3][26800/202500]	lr: 8.000e-04, eta: 21:17:03, time: 0.133, data_time: 0.003, memory: 2578, loss: 0.0171, Batch std: 0.1117, Agg std: 0.1102
2025-02-25 18:50:55,578 - sim - INFO - Epoch [3][26900/202500]	lr: 8.000e-04, eta: 21:16:53, time: 0.133, data_time: 0.003, memory: 2578, loss: 0.0170, Batch std: 0.1129, Agg std: 0.1102
2025-02-25 18:51:08,866 - sim - INFO - Epoch [3][27000/202500]	lr: 8.000e-04, eta: 21:16:42, time: 0.133, data_time: 0.003, memory: 2578, loss: 0.0157, Batch std: 0.1077, Agg std: 0.1102
2025-02-25 18:51:22,193 - sim - INFO - Epoch [3][27100/202500]	lr: 8.000e-04, eta: 21:16:31, time: 0.133, data_time: 0.003, memory: 2578, loss: 0.0151, Batch std: 0.1027, Agg std: 0.1102
2025-02-25 18:51:35,526 - sim - INFO - Epoch [3][27200/202500]	lr: 8.000e-04, eta: 21:16:21, time: 0.133, data_time: 0.003, memory: 2578, loss: 0.0135, Batch std: 0.1008, Agg std: 0.1101
2025-02-25 18:51:48,843 - sim - INFO - Epoch [3][27300/202500]	lr: 8.000e-04, eta: 21:16:10, time: 0.133, data_time: 0.003, memory: 2578, loss: 0.0160, Batch std: 0.1105, Agg std: 0.1101
2025-02-25 18:52:02,135 - sim - INFO - Epoch [3][27400/202500]	lr: 8.000e-04, eta: 21:15:59, time: 0.133, data_time: 0.003, memory: 2578, loss: 0.0147, Batch std: 0.1069, Agg std: 0.1101
2025-02-25 18:52:15,455 - sim - INFO - Epoch [3][27500/202500]	lr: 8.000e-04, eta: 21:15:48, time: 0.133, data_time: 0.003, memory: 2578, loss: 0.0174, Batch std: 0.1136, Agg std: 0.1101
2025-02-25 18:52:28,754 - sim - INFO - Epoch [3][27600/202500]	lr: 8.000e-04, eta: 21:15:37, time: 0.133, data_time: 0.003, memory: 2578, loss: 0.0199, Batch std: 0.1215, Agg std: 0.1101
2025-02-25 18:52:42,008 - sim - INFO - Epoch [3][27700/202500]	lr: 8.000e-04, eta: 21:15:25, time: 0.133, data_time: 0.003, memory: 2578, loss: 0.0177, Batch std: 0.1113, Agg std: 0.1101
2025-02-25 18:52:55,348 - sim - INFO - Epoch [3][27800/202500]	lr: 8.000e-04, eta: 21:15:15, time: 0.133, data_time: 0.003, memory: 2578, loss: 0.0183, Batch std: 0.1132, Agg std: 0.1102
2025-02-25 18:53:08,715 - sim - INFO - Epoch [3][27900/202500]	lr: 8.000e-04, eta: 21:15:05, time: 0.134, data_time: 0.003, memory: 2578, loss: 0.0162, Batch std: 0.1108, Agg std: 0.1102
2025-02-25 18:53:22,062 - sim - INFO - Epoch [3][28000/202500]	lr: 8.000e-04, eta: 21:14:55, time: 0.133, data_time: 0.003, memory: 2578, loss: 0.0159, Batch std: 0.1117, Agg std: 0.1102
2025-02-25 18:53:35,420 - sim - INFO - Epoch [3][28100/202500]	lr: 8.000e-04, eta: 21:14:45, time: 0.134, data_time: 0.003, memory: 2578, loss: 0.0193, Batch std: 0.1171, Agg std: 0.1102
2025-02-25 18:53:48,775 - sim - INFO - Epoch [3][28200/202500]	lr: 8.000e-04, eta: 21:14:35, time: 0.134, data_time: 0.003, memory: 2578, loss: 0.0174, Batch std: 0.1127, Agg std: 0.1102
2025-02-25 18:54:02,125 - sim - INFO - Epoch [3][28300/202500]	lr: 8.000e-04, eta: 21:14:25, time: 0.133, data_time: 0.003, memory: 2578, loss: 0.0158, Batch std: 0.1084, Agg std: 0.1102
2025-02-25 18:54:15,449 - sim - INFO - Epoch [3][28400/202500]	lr: 8.000e-04, eta: 21:14:14, time: 0.133, data_time: 0.003, memory: 2578, loss: 0.0162, Batch std: 0.1090, Agg std: 0.1102
2025-02-25 18:54:28,728 - sim - INFO - Epoch [3][28500/202500]	lr: 8.000e-04, eta: 21:14:03, time: 0.133, data_time: 0.003, memory: 2578, loss: 0.0150, Batch std: 0.1037, Agg std: 0.1102
2025-02-25 18:54:42,066 - sim - INFO - Epoch [3][28600/202500]	lr: 8.000e-04, eta: 21:13:52, time: 0.133, data_time: 0.003, memory: 2578, loss: 0.0171, Batch std: 0.1111, Agg std: 0.1102
2025-02-25 18:54:55,379 - sim - INFO - Epoch [3][28700/202500]	lr: 8.000e-04, eta: 21:13:41, time: 0.133, data_time: 0.003, memory: 2578, loss: 0.0185, Batch std: 0.1143, Agg std: 0.1102
2025-02-25 18:55:08,740 - sim - INFO - Epoch [3][28800/202500]	lr: 8.000e-04, eta: 21:13:31, time: 0.134, data_time: 0.003, memory: 2578, loss: 0.0156, Batch std: 0.1097, Agg std: 0.1102
2025-02-25 18:55:22,121 - sim - INFO - Epoch [3][28900/202500]	lr: 8.000e-04, eta: 21:13:22, time: 0.134, data_time: 0.003, memory: 2578, loss: 0.0131, Batch std: 0.0977, Agg std: 0.1102
2025-02-25 18:55:35,480 - sim - INFO - Epoch [3][29000/202500]	lr: 8.000e-04, eta: 21:13:11, time: 0.134, data_time: 0.003, memory: 2578, loss: 0.0227, Batch std: 0.1229, Agg std: 0.1102
2025-02-25 18:55:48,842 - sim - INFO - Epoch [3][29100/202500]	lr: 8.000e-04, eta: 21:13:01, time: 0.134, data_time: 0.003, memory: 2578, loss: 0.0182, Batch std: 0.1130, Agg std: 0.1102
2025-02-25 18:56:02,224 - sim - INFO - Epoch [3][29200/202500]	lr: 8.000e-04, eta: 21:12:52, time: 0.134, data_time: 0.003, memory: 2578, loss: 0.0146, Batch std: 0.1060, Agg std: 0.1102
2025-02-25 18:56:15,567 - sim - INFO - Epoch [3][29300/202500]	lr: 8.000e-04, eta: 21:12:41, time: 0.133, data_time: 0.003, memory: 2578, loss: 0.0126, Batch std: 0.0988, Agg std: 0.1102
2025-02-25 18:56:28,891 - sim - INFO - Epoch [3][29400/202500]	lr: 8.000e-04, eta: 21:12:30, time: 0.133, data_time: 0.003, memory: 2578, loss: 0.0166, Batch std: 0.1124, Agg std: 0.1101
2025-02-25 18:56:42,226 - sim - INFO - Epoch [3][29500/202500]	lr: 8.000e-04, eta: 21:12:19, time: 0.133, data_time: 0.003, memory: 2578, loss: 0.0151, Batch std: 0.1067, Agg std: 0.1102
2025-02-25 18:56:55,540 - sim - INFO - Epoch [3][29600/202500]	lr: 8.000e-04, eta: 21:12:08, time: 0.133, data_time: 0.003, memory: 2578, loss: 0.0165, Batch std: 0.1098, Agg std: 0.1101
2025-02-25 18:57:08,854 - sim - INFO - Epoch [3][29700/202500]	lr: 8.000e-04, eta: 21:11:57, time: 0.133, data_time: 0.003, memory: 2578, loss: 0.0145, Batch std: 0.1051, Agg std: 0.1101
2025-02-25 18:57:22,176 - sim - INFO - Epoch [3][29800/202500]	lr: 8.000e-04, eta: 21:11:46, time: 0.133, data_time: 0.003, memory: 2578, loss: 0.0163, Batch std: 0.1095, Agg std: 0.1101
2025-02-25 18:57:35,570 - sim - INFO - Epoch [3][29900/202500]	lr: 8.000e-04, eta: 21:11:36, time: 0.134, data_time: 0.003, memory: 2578, loss: 0.0135, Batch std: 0.1003, Agg std: 0.1101
2025-02-25 18:57:48,925 - sim - INFO - Epoch [3][30000/202500]	lr: 8.000e-04, eta: 21:11:26, time: 0.134, data_time: 0.003, memory: 2578, loss: 0.0170, Batch std: 0.1113, Agg std: 0.1101
2025-02-25 18:58:02,278 - sim - INFO - Epoch [3][30100/202500]	lr: 8.000e-04, eta: 21:11:16, time: 0.134, data_time: 0.003, memory: 2578, loss: 0.0172, Batch std: 0.1130, Agg std: 0.1101
2025-02-25 18:58:15,616 - sim - INFO - Epoch [3][30200/202500]	lr: 8.000e-04, eta: 21:11:05, time: 0.133, data_time: 0.003, memory: 2578, loss: 0.0142, Batch std: 0.1036, Agg std: 0.1101
2025-02-25 18:58:28,929 - sim - INFO - Epoch [3][30300/202500]	lr: 8.000e-04, eta: 21:10:54, time: 0.133, data_time: 0.003, memory: 2578, loss: 0.0121, Batch std: 0.0972, Agg std: 0.1101
2025-02-25 18:58:42,280 - sim - INFO - Epoch [3][30400/202500]	lr: 8.000e-04, eta: 21:10:43, time: 0.134, data_time: 0.003, memory: 2578, loss: 0.0144, Batch std: 0.1061, Agg std: 0.1100
2025-02-25 18:58:55,632 - sim - INFO - Epoch [3][30500/202500]	lr: 8.000e-04, eta: 21:10:32, time: 0.134, data_time: 0.003, memory: 2578, loss: 0.0136, Batch std: 0.1026, Agg std: 0.1100
2025-02-25 18:59:08,937 - sim - INFO - Epoch [3][30600/202500]	lr: 8.000e-04, eta: 21:10:21, time: 0.133, data_time: 0.003, memory: 2578, loss: 0.0160, Batch std: 0.1122, Agg std: 0.1100
2025-02-25 18:59:22,254 - sim - INFO - Epoch [3][30700/202500]	lr: 8.000e-04, eta: 21:10:10, time: 0.133, data_time: 0.003, memory: 2578, loss: 0.0140, Batch std: 0.1007, Agg std: 0.1100
2025-02-25 18:59:35,629 - sim - INFO - Epoch [3][30800/202500]	lr: 8.000e-04, eta: 21:10:00, time: 0.134, data_time: 0.003, memory: 2578, loss: 0.0159, Batch std: 0.1084, Agg std: 0.1100
2025-02-25 18:59:49,000 - sim - INFO - Epoch [3][30900/202500]	lr: 8.000e-04, eta: 21:09:49, time: 0.134, data_time: 0.003, memory: 2578, loss: 0.0175, Batch std: 0.1139, Agg std: 0.1100
2025-02-25 19:00:02,365 - sim - INFO - Epoch [3][31000/202500]	lr: 8.000e-04, eta: 21:09:39, time: 0.134, data_time: 0.003, memory: 2578, loss: 0.0163, Batch std: 0.1066, Agg std: 0.1100
2025-02-25 19:00:15,756 - sim - INFO - Epoch [3][31100/202500]	lr: 8.000e-04, eta: 21:09:29, time: 0.134, data_time: 0.003, memory: 2578, loss: 0.0189, Batch std: 0.1167, Agg std: 0.1100
2025-02-25 19:00:29,111 - sim - INFO - Epoch [3][31200/202500]	lr: 8.000e-04, eta: 21:09:18, time: 0.134, data_time: 0.003, memory: 2578, loss: 0.0167, Batch std: 0.1119, Agg std: 0.1100
2025-02-25 19:00:42,408 - sim - INFO - Epoch [3][31300/202500]	lr: 8.000e-04, eta: 21:09:07, time: 0.133, data_time: 0.003, memory: 2578, loss: 0.0159, Batch std: 0.1099, Agg std: 0.1100
2025-02-25 19:00:55,700 - sim - INFO - Epoch [3][31400/202500]	lr: 8.000e-04, eta: 21:08:55, time: 0.133, data_time: 0.003, memory: 2578, loss: 0.0155, Batch std: 0.1084, Agg std: 0.1100
2025-02-25 19:01:09,060 - sim - INFO - Epoch [3][31500/202500]	lr: 8.000e-04, eta: 21:08:44, time: 0.134, data_time: 0.003, memory: 2578, loss: 0.0174, Batch std: 0.1110, Agg std: 0.1100
2025-02-25 19:01:22,387 - sim - INFO - Epoch [3][31600/202500]	lr: 8.000e-04, eta: 21:08:33, time: 0.133, data_time: 0.003, memory: 2578, loss: 0.0141, Batch std: 0.1028, Agg std: 0.1100
2025-02-25 19:01:35,748 - sim - INFO - Epoch [3][31700/202500]	lr: 8.000e-04, eta: 21:08:22, time: 0.134, data_time: 0.003, memory: 2578, loss: 0.0167, Batch std: 0.1109, Agg std: 0.1100
2025-02-25 19:01:49,112 - sim - INFO - Epoch [3][31800/202500]	lr: 8.000e-04, eta: 21:08:12, time: 0.134, data_time: 0.003, memory: 2578, loss: 0.0134, Batch std: 0.1010, Agg std: 0.1100
2025-02-25 19:02:02,403 - sim - INFO - Epoch [3][31900/202500]	lr: 8.000e-04, eta: 21:08:00, time: 0.133, data_time: 0.003, memory: 2578, loss: 0.0146, Batch std: 0.1052, Agg std: 0.1099
2025-02-25 19:02:15,768 - sim - INFO - Epoch [3][32000/202500]	lr: 8.000e-04, eta: 21:07:49, time: 0.134, data_time: 0.003, memory: 2578, loss: 0.0120, Batch std: 0.0972, Agg std: 0.1099
2025-02-25 19:02:29,110 - sim - INFO - Epoch [3][32100/202500]	lr: 8.000e-04, eta: 21:07:38, time: 0.133, data_time: 0.003, memory: 2578, loss: 0.0155, Batch std: 0.1080, Agg std: 0.1099
2025-02-25 19:02:42,446 - sim - INFO - Epoch [3][32200/202500]	lr: 8.000e-04, eta: 21:07:27, time: 0.133, data_time: 0.003, memory: 2578, loss: 0.0195, Batch std: 0.1165, Agg std: 0.1099
2025-02-25 19:02:55,787 - sim - INFO - Epoch [3][32300/202500]	lr: 8.000e-04, eta: 21:07:16, time: 0.133, data_time: 0.003, memory: 2578, loss: 0.0174, Batch std: 0.1152, Agg std: 0.1099
2025-02-25 19:03:09,126 - sim - INFO - Epoch [3][32400/202500]	lr: 8.000e-04, eta: 21:07:05, time: 0.133, data_time: 0.003, memory: 2578, loss: 0.0155, Batch std: 0.1090, Agg std: 0.1099
2025-02-25 19:03:22,393 - sim - INFO - Epoch [3][32500/202500]	lr: 8.000e-04, eta: 21:06:53, time: 0.133, data_time: 0.003, memory: 2578, loss: 0.0162, Batch std: 0.1122, Agg std: 0.1099
2025-02-25 19:03:35,704 - sim - INFO - Epoch [3][32600/202500]	lr: 8.000e-04, eta: 21:06:41, time: 0.133, data_time: 0.003, memory: 2578, loss: 0.0203, Batch std: 0.1178, Agg std: 0.1099
2025-02-25 19:03:49,032 - sim - INFO - Epoch [3][32700/202500]	lr: 8.000e-04, eta: 21:06:30, time: 0.133, data_time: 0.003, memory: 2578, loss: 0.0173, Batch std: 0.1114, Agg std: 0.1100
2025-02-25 19:04:02,365 - sim - INFO - Epoch [3][32800/202500]	lr: 8.000e-04, eta: 21:06:18, time: 0.133, data_time: 0.003, memory: 2578, loss: 0.0126, Batch std: 0.0973, Agg std: 0.1099
2025-02-25 19:04:15,675 - sim - INFO - Epoch [3][32900/202500]	lr: 8.000e-04, eta: 21:06:07, time: 0.133, data_time: 0.003, memory: 2578, loss: 0.0142, Batch std: 0.1035, Agg std: 0.1099
2025-02-25 19:04:28,967 - sim - INFO - Epoch [3][33000/202500]	lr: 8.000e-04, eta: 21:05:55, time: 0.133, data_time: 0.003, memory: 2578, loss: 0.0145, Batch std: 0.1061, Agg std: 0.1099
2025-02-25 19:04:42,296 - sim - INFO - Epoch [3][33100/202500]	lr: 8.000e-04, eta: 21:05:43, time: 0.133, data_time: 0.003, memory: 2578, loss: 0.0188, Batch std: 0.1175, Agg std: 0.1099
2025-02-25 19:04:55,619 - sim - INFO - Epoch [3][33200/202500]	lr: 8.000e-04, eta: 21:05:32, time: 0.133, data_time: 0.003, memory: 2578, loss: 0.0171, Batch std: 0.1125, Agg std: 0.1099
2025-02-25 19:05:08,998 - sim - INFO - Epoch [3][33300/202500]	lr: 8.000e-04, eta: 21:05:21, time: 0.134, data_time: 0.003, memory: 2578, loss: 0.0199, Batch std: 0.1201, Agg std: 0.1099
2025-02-25 19:05:22,332 - sim - INFO - Epoch [3][33400/202500]	lr: 8.000e-04, eta: 21:05:10, time: 0.133, data_time: 0.003, memory: 2578, loss: 0.0173, Batch std: 0.1105, Agg std: 0.1099
2025-02-25 19:05:35,642 - sim - INFO - Epoch [3][33500/202500]	lr: 8.000e-04, eta: 21:04:58, time: 0.133, data_time: 0.003, memory: 2578, loss: 0.0138, Batch std: 0.1025, Agg std: 0.1099
2025-02-25 19:05:49,000 - sim - INFO - Epoch [3][33600/202500]	lr: 8.000e-04, eta: 21:04:47, time: 0.134, data_time: 0.003, memory: 2578, loss: 0.0167, Batch std: 0.1101, Agg std: 0.1099
2025-02-25 19:06:02,380 - sim - INFO - Epoch [3][33700/202500]	lr: 8.000e-04, eta: 21:04:37, time: 0.134, data_time: 0.003, memory: 2578, loss: 0.0174, Batch std: 0.1112, Agg std: 0.1099
2025-02-25 19:06:15,702 - sim - INFO - Epoch [3][33800/202500]	lr: 8.000e-04, eta: 21:04:25, time: 0.133, data_time: 0.003, memory: 2578, loss: 0.0176, Batch std: 0.1145, Agg std: 0.1099
2025-02-25 19:06:29,023 - sim - INFO - Epoch [3][33900/202500]	lr: 8.000e-04, eta: 21:04:14, time: 0.133, data_time: 0.003, memory: 2578, loss: 0.0185, Batch std: 0.1157, Agg std: 0.1100
2025-02-25 19:06:42,338 - sim - INFO - Epoch [3][34000/202500]	lr: 8.000e-04, eta: 21:04:02, time: 0.133, data_time: 0.003, memory: 2578, loss: 0.0196, Batch std: 0.1188, Agg std: 0.1100
2025-02-25 19:06:55,674 - sim - INFO - Epoch [3][34100/202500]	lr: 8.000e-04, eta: 21:03:51, time: 0.133, data_time: 0.003, memory: 2578, loss: 0.0172, Batch std: 0.1126, Agg std: 0.1100
2025-02-25 19:07:09,018 - sim - INFO - Epoch [3][34200/202500]	lr: 8.000e-04, eta: 21:03:39, time: 0.133, data_time: 0.003, memory: 2578, loss: 0.0159, Batch std: 0.1083, Agg std: 0.1100
2025-02-25 19:07:22,390 - sim - INFO - Epoch [3][34300/202500]	lr: 8.000e-04, eta: 21:03:29, time: 0.134, data_time: 0.003, memory: 2578, loss: 0.0164, Batch std: 0.1123, Agg std: 0.1100
2025-02-25 19:07:35,742 - sim - INFO - Epoch [3][34400/202500]	lr: 8.000e-04, eta: 21:03:18, time: 0.134, data_time: 0.003, memory: 2578, loss: 0.0154, Batch std: 0.1096, Agg std: 0.1100
2025-02-25 19:07:49,086 - sim - INFO - Epoch [3][34500/202500]	lr: 8.000e-04, eta: 21:03:06, time: 0.133, data_time: 0.003, memory: 2578, loss: 0.0174, Batch std: 0.1141, Agg std: 0.1100
2025-02-25 19:08:02,452 - sim - INFO - Epoch [3][34600/202500]	lr: 8.000e-04, eta: 21:02:55, time: 0.134, data_time: 0.003, memory: 2578, loss: 0.0168, Batch std: 0.1100, Agg std: 0.1100
2025-02-25 19:08:15,824 - sim - INFO - Epoch [3][34700/202500]	lr: 8.000e-04, eta: 21:02:45, time: 0.134, data_time: 0.003, memory: 2578, loss: 0.0166, Batch std: 0.1088, Agg std: 0.1100
2025-02-25 19:08:29,205 - sim - INFO - Epoch [3][34800/202500]	lr: 8.000e-04, eta: 21:02:34, time: 0.134, data_time: 0.003, memory: 2578, loss: 0.0201, Batch std: 0.1157, Agg std: 0.1100
2025-02-25 19:08:42,536 - sim - INFO - Epoch [3][34900/202500]	lr: 8.000e-04, eta: 21:02:22, time: 0.133, data_time: 0.003, memory: 2578, loss: 0.0162, Batch std: 0.1099, Agg std: 0.1100
2025-02-25 19:08:55,910 - sim - INFO - Epoch [3][35000/202500]	lr: 8.000e-04, eta: 21:02:11, time: 0.134, data_time: 0.003, memory: 2578, loss: 0.0148, Batch std: 0.1045, Agg std: 0.1100
2025-02-25 19:09:09,297 - sim - INFO - Epoch [3][35100/202500]	lr: 8.000e-04, eta: 21:02:01, time: 0.134, data_time: 0.003, memory: 2578, loss: 0.0158, Batch std: 0.1076, Agg std: 0.1100
2025-02-25 19:09:22,606 - sim - INFO - Epoch [3][35200/202500]	lr: 8.000e-04, eta: 21:01:49, time: 0.133, data_time: 0.003, memory: 2578, loss: 0.0179, Batch std: 0.1147, Agg std: 0.1100
2025-02-25 19:09:35,914 - sim - INFO - Epoch [3][35300/202500]	lr: 8.000e-04, eta: 21:01:37, time: 0.133, data_time: 0.003, memory: 2578, loss: 0.0157, Batch std: 0.1099, Agg std: 0.1100
2025-02-25 19:09:49,245 - sim - INFO - Epoch [3][35400/202500]	lr: 8.000e-04, eta: 21:01:25, time: 0.133, data_time: 0.003, memory: 2578, loss: 0.0172, Batch std: 0.1130, Agg std: 0.1100
2025-02-25 19:10:02,575 - sim - INFO - Epoch [3][35500/202500]	lr: 8.000e-04, eta: 21:01:14, time: 0.133, data_time: 0.003, memory: 2578, loss: 0.0176, Batch std: 0.1136, Agg std: 0.1100
2025-02-25 19:10:15,883 - sim - INFO - Epoch [3][35600/202500]	lr: 8.000e-04, eta: 21:01:02, time: 0.133, data_time: 0.003, memory: 2578, loss: 0.0171, Batch std: 0.1134, Agg std: 0.1100
2025-02-25 19:10:29,291 - sim - INFO - Epoch [3][35700/202500]	lr: 8.000e-04, eta: 21:00:51, time: 0.134, data_time: 0.003, memory: 2578, loss: 0.0191, Batch std: 0.1160, Agg std: 0.1100
2025-02-25 19:10:42,647 - sim - INFO - Epoch [3][35800/202500]	lr: 8.000e-04, eta: 21:00:40, time: 0.134, data_time: 0.003, memory: 2578, loss: 0.0180, Batch std: 0.1140, Agg std: 0.1101
2025-02-25 19:10:55,950 - sim - INFO - Epoch [3][35900/202500]	lr: 8.000e-04, eta: 21:00:28, time: 0.133, data_time: 0.003, memory: 2578, loss: 0.0195, Batch std: 0.1149, Agg std: 0.1101
2025-02-25 19:11:09,284 - sim - INFO - Epoch [3][36000/202500]	lr: 8.000e-04, eta: 21:00:16, time: 0.133, data_time: 0.003, memory: 2578, loss: 0.0148, Batch std: 0.1058, Agg std: 0.1101
2025-02-25 19:11:22,653 - sim - INFO - Epoch [3][36100/202500]	lr: 8.000e-04, eta: 21:00:05, time: 0.134, data_time: 0.003, memory: 2578, loss: 0.0151, Batch std: 0.1085, Agg std: 0.1101
2025-02-25 19:11:36,034 - sim - INFO - Epoch [3][36200/202500]	lr: 8.000e-04, eta: 20:59:55, time: 0.134, data_time: 0.003, memory: 2578, loss: 0.0151, Batch std: 0.1079, Agg std: 0.1101
2025-02-25 19:11:49,340 - sim - INFO - Epoch [3][36300/202500]	lr: 8.000e-04, eta: 20:59:42, time: 0.133, data_time: 0.003, memory: 2578, loss: 0.0192, Batch std: 0.1169, Agg std: 0.1101
2025-02-25 19:12:02,738 - sim - INFO - Epoch [3][36400/202500]	lr: 8.000e-04, eta: 20:59:32, time: 0.134, data_time: 0.003, memory: 2578, loss: 0.0156, Batch std: 0.1076, Agg std: 0.1101
2025-02-25 19:12:16,075 - sim - INFO - Epoch [3][36500/202500]	lr: 8.000e-04, eta: 20:59:20, time: 0.133, data_time: 0.003, memory: 2578, loss: 0.0160, Batch std: 0.1085, Agg std: 0.1101
2025-02-25 19:12:29,465 - sim - INFO - Epoch [3][36600/202500]	lr: 8.000e-04, eta: 20:59:09, time: 0.134, data_time: 0.003, memory: 2578, loss: 0.0173, Batch std: 0.1115, Agg std: 0.1101
2025-02-25 19:12:42,811 - sim - INFO - Epoch [3][36700/202500]	lr: 8.000e-04, eta: 20:58:58, time: 0.133, data_time: 0.003, memory: 2578, loss: 0.0161, Batch std: 0.1100, Agg std: 0.1101
2025-02-25 19:12:56,163 - sim - INFO - Epoch [3][36800/202500]	lr: 8.000e-04, eta: 20:58:46, time: 0.134, data_time: 0.003, memory: 2578, loss: 0.0147, Batch std: 0.1060, Agg std: 0.1101
2025-02-25 19:13:09,531 - sim - INFO - Epoch [3][36900/202500]	lr: 8.000e-04, eta: 20:58:35, time: 0.134, data_time: 0.003, memory: 2578, loss: 0.0158, Batch std: 0.1085, Agg std: 0.1101
2025-02-25 19:13:22,881 - sim - INFO - Epoch [3][37000/202500]	lr: 8.000e-04, eta: 20:58:24, time: 0.133, data_time: 0.003, memory: 2578, loss: 0.0133, Batch std: 0.0997, Agg std: 0.1100
2025-02-25 19:13:36,189 - sim - INFO - Epoch [3][37100/202500]	lr: 8.000e-04, eta: 20:58:12, time: 0.133, data_time: 0.003, memory: 2578, loss: 0.0143, Batch std: 0.1043, Agg std: 0.1100
2025-02-25 19:13:49,525 - sim - INFO - Epoch [3][37200/202500]	lr: 8.000e-04, eta: 20:58:00, time: 0.133, data_time: 0.003, memory: 2578, loss: 0.0167, Batch std: 0.1113, Agg std: 0.1100
2025-02-25 19:14:02,841 - sim - INFO - Epoch [3][37300/202500]	lr: 8.000e-04, eta: 20:57:48, time: 0.133, data_time: 0.003, memory: 2578, loss: 0.0183, Batch std: 0.1151, Agg std: 0.1100
2025-02-25 19:14:16,208 - sim - INFO - Epoch [3][37400/202500]	lr: 8.000e-04, eta: 20:57:37, time: 0.134, data_time: 0.003, memory: 2578, loss: 0.0190, Batch std: 0.1173, Agg std: 0.1100
2025-02-25 19:14:29,582 - sim - INFO - Epoch [3][37500/202500]	lr: 8.000e-04, eta: 20:57:26, time: 0.134, data_time: 0.003, memory: 2578, loss: 0.0140, Batch std: 0.1008, Agg std: 0.1100
2025-02-25 19:14:42,899 - sim - INFO - Epoch [3][37600/202500]	lr: 8.000e-04, eta: 20:57:14, time: 0.133, data_time: 0.003, memory: 2578, loss: 0.0177, Batch std: 0.1123, Agg std: 0.1100
2025-02-25 19:14:56,240 - sim - INFO - Epoch [3][37700/202500]	lr: 8.000e-04, eta: 20:57:02, time: 0.133, data_time: 0.003, memory: 2578, loss: 0.0159, Batch std: 0.1078, Agg std: 0.1100
2025-02-25 19:15:09,565 - sim - INFO - Epoch [3][37800/202500]	lr: 8.000e-04, eta: 20:56:50, time: 0.133, data_time: 0.003, memory: 2578, loss: 0.0164, Batch std: 0.1111, Agg std: 0.1100
2025-02-25 19:15:22,941 - sim - INFO - Epoch [3][37900/202500]	lr: 8.000e-04, eta: 20:56:39, time: 0.134, data_time: 0.003, memory: 2578, loss: 0.0181, Batch std: 0.1164, Agg std: 0.1100
2025-02-25 19:15:36,261 - sim - INFO - Epoch [3][38000/202500]	lr: 8.000e-04, eta: 20:56:27, time: 0.133, data_time: 0.003, memory: 2578, loss: 0.0180, Batch std: 0.1170, Agg std: 0.1100
2025-02-25 19:15:49,624 - sim - INFO - Epoch [3][38100/202500]	lr: 8.000e-04, eta: 20:56:16, time: 0.134, data_time: 0.003, memory: 2578, loss: 0.0169, Batch std: 0.1092, Agg std: 0.1101
2025-02-25 19:16:02,987 - sim - INFO - Epoch [3][38200/202500]	lr: 8.000e-04, eta: 20:56:04, time: 0.134, data_time: 0.003, memory: 2578, loss: 0.0168, Batch std: 0.1111, Agg std: 0.1101
2025-02-25 19:16:16,399 - sim - INFO - Epoch [3][38300/202500]	lr: 8.000e-04, eta: 20:55:54, time: 0.134, data_time: 0.003, memory: 2578, loss: 0.0133, Batch std: 0.1002, Agg std: 0.1100
2025-02-25 19:16:29,781 - sim - INFO - Epoch [3][38400/202500]	lr: 8.000e-04, eta: 20:55:42, time: 0.134, data_time: 0.003, memory: 2578, loss: 0.0145, Batch std: 0.1033, Agg std: 0.1100
2025-02-25 19:16:43,155 - sim - INFO - Epoch [3][38500/202500]	lr: 8.000e-04, eta: 20:55:31, time: 0.134, data_time: 0.003, memory: 2578, loss: 0.0154, Batch std: 0.1072, Agg std: 0.1100
2025-02-25 19:16:56,537 - sim - INFO - Epoch [3][38600/202500]	lr: 8.000e-04, eta: 20:55:20, time: 0.134, data_time: 0.003, memory: 2578, loss: 0.0141, Batch std: 0.1033, Agg std: 0.1100
2025-02-25 19:17:09,918 - sim - INFO - Epoch [3][38700/202500]	lr: 8.000e-04, eta: 20:55:09, time: 0.134, data_time: 0.003, memory: 2578, loss: 0.0183, Batch std: 0.1177, Agg std: 0.1100
2025-02-25 19:17:23,272 - sim - INFO - Epoch [3][38800/202500]	lr: 8.000e-04, eta: 20:54:57, time: 0.134, data_time: 0.003, memory: 2578, loss: 0.0136, Batch std: 0.1012, Agg std: 0.1100
2025-02-25 19:17:36,671 - sim - INFO - Epoch [3][38900/202500]	lr: 8.000e-04, eta: 20:54:46, time: 0.134, data_time: 0.003, memory: 2578, loss: 0.0154, Batch std: 0.1063, Agg std: 0.1100
2025-02-25 19:17:50,055 - sim - INFO - Epoch [3][39000/202500]	lr: 8.000e-04, eta: 20:54:35, time: 0.134, data_time: 0.003, memory: 2578, loss: 0.0141, Batch std: 0.1025, Agg std: 0.1100
2025-02-25 19:18:03,379 - sim - INFO - Epoch [3][39100/202500]	lr: 8.000e-04, eta: 20:54:23, time: 0.133, data_time: 0.003, memory: 2578, loss: 0.0184, Batch std: 0.1151, Agg std: 0.1100
2025-02-25 19:18:16,678 - sim - INFO - Epoch [3][39200/202500]	lr: 8.000e-04, eta: 20:54:11, time: 0.133, data_time: 0.003, memory: 2578, loss: 0.0173, Batch std: 0.1153, Agg std: 0.1100
2025-02-25 19:18:30,055 - sim - INFO - Epoch [3][39300/202500]	lr: 8.000e-04, eta: 20:53:59, time: 0.134, data_time: 0.003, memory: 2578, loss: 0.0158, Batch std: 0.1119, Agg std: 0.1100
2025-02-25 19:18:43,415 - sim - INFO - Epoch [3][39400/202500]	lr: 8.000e-04, eta: 20:53:48, time: 0.134, data_time: 0.003, memory: 2578, loss: 0.0156, Batch std: 0.1108, Agg std: 0.1100
2025-02-25 19:18:56,777 - sim - INFO - Epoch [3][39500/202500]	lr: 8.000e-04, eta: 20:53:36, time: 0.134, data_time: 0.003, memory: 2578, loss: 0.0160, Batch std: 0.1100, Agg std: 0.1100
2025-02-25 19:19:10,098 - sim - INFO - Epoch [3][39600/202500]	lr: 8.000e-04, eta: 20:53:24, time: 0.133, data_time: 0.003, memory: 2578, loss: 0.0179, Batch std: 0.1131, Agg std: 0.1100
2025-02-25 19:19:23,444 - sim - INFO - Epoch [3][39700/202500]	lr: 8.000e-04, eta: 20:53:12, time: 0.133, data_time: 0.003, memory: 2578, loss: 0.0134, Batch std: 0.1015, Agg std: 0.1100
2025-02-25 19:19:36,811 - sim - INFO - Epoch [3][39800/202500]	lr: 8.000e-04, eta: 20:53:01, time: 0.134, data_time: 0.003, memory: 2578, loss: 0.0142, Batch std: 0.1047, Agg std: 0.1100
2025-02-25 19:19:50,227 - sim - INFO - Epoch [3][39900/202500]	lr: 8.000e-04, eta: 20:52:50, time: 0.134, data_time: 0.003, memory: 2578, loss: 0.0138, Batch std: 0.0994, Agg std: 0.1100
2025-02-25 19:20:03,571 - sim - INFO - Epoch [3][40000/202500]	lr: 8.000e-04, eta: 20:52:38, time: 0.133, data_time: 0.003, memory: 2578, loss: 0.0166, Batch std: 0.1095, Agg std: 0.1099
2025-02-25 19:20:16,905 - sim - INFO - Epoch [3][40100/202500]	lr: 8.000e-04, eta: 20:52:26, time: 0.133, data_time: 0.003, memory: 2578, loss: 0.0160, Batch std: 0.1125, Agg std: 0.1099
2025-02-25 19:20:30,271 - sim - INFO - Epoch [3][40200/202500]	lr: 8.000e-04, eta: 20:52:15, time: 0.134, data_time: 0.003, memory: 2578, loss: 0.0173, Batch std: 0.1133, Agg std: 0.1100
2025-02-25 19:20:43,628 - sim - INFO - Epoch [3][40300/202500]	lr: 8.000e-04, eta: 20:52:03, time: 0.134, data_time: 0.003, memory: 2578, loss: 0.0162, Batch std: 0.1101, Agg std: 0.1100
2025-02-25 19:20:57,025 - sim - INFO - Epoch [3][40400/202500]	lr: 8.000e-04, eta: 20:51:52, time: 0.134, data_time: 0.003, memory: 2578, loss: 0.0164, Batch std: 0.1131, Agg std: 0.1100
2025-02-25 19:21:10,380 - sim - INFO - Epoch [3][40500/202500]	lr: 8.000e-04, eta: 20:51:40, time: 0.134, data_time: 0.003, memory: 2578, loss: 0.0171, Batch std: 0.1132, Agg std: 0.1100
2025-02-25 19:21:23,776 - sim - INFO - Epoch [3][40600/202500]	lr: 8.000e-04, eta: 20:51:29, time: 0.134, data_time: 0.003, memory: 2578, loss: 0.0188, Batch std: 0.1160, Agg std: 0.1100
2025-02-25 19:21:37,145 - sim - INFO - Epoch [3][40700/202500]	lr: 8.000e-04, eta: 20:51:18, time: 0.134, data_time: 0.003, memory: 2578, loss: 0.0167, Batch std: 0.1105, Agg std: 0.1100
2025-02-25 19:21:50,547 - sim - INFO - Epoch [3][40800/202500]	lr: 8.000e-04, eta: 20:51:07, time: 0.134, data_time: 0.003, memory: 2578, loss: 0.0177, Batch std: 0.1175, Agg std: 0.1100
2025-02-25 19:22:03,856 - sim - INFO - Epoch [3][40900/202500]	lr: 8.000e-04, eta: 20:50:54, time: 0.133, data_time: 0.003, memory: 2578, loss: 0.0166, Batch std: 0.1108, Agg std: 0.1100
2025-02-25 19:22:17,243 - sim - INFO - Epoch [3][41000/202500]	lr: 8.000e-04, eta: 20:50:43, time: 0.134, data_time: 0.003, memory: 2578, loss: 0.0169, Batch std: 0.1121, Agg std: 0.1100
2025-02-25 19:22:30,631 - sim - INFO - Epoch [3][41100/202500]	lr: 8.000e-04, eta: 20:50:32, time: 0.134, data_time: 0.003, memory: 2578, loss: 0.0161, Batch std: 0.1092, Agg std: 0.1100
2025-02-25 19:22:44,049 - sim - INFO - Epoch [3][41200/202500]	lr: 8.000e-04, eta: 20:50:21, time: 0.134, data_time: 0.003, memory: 2578, loss: 0.0193, Batch std: 0.1172, Agg std: 0.1100
2025-02-25 19:22:57,647 - sim - INFO - Epoch [3][41300/202500]	lr: 8.000e-04, eta: 20:50:12, time: 0.136, data_time: 0.004, memory: 2578, loss: 0.0163, Batch std: 0.1077, Agg std: 0.1100
2025-02-25 19:23:11,131 - sim - INFO - Epoch [3][41400/202500]	lr: 8.000e-04, eta: 20:50:02, time: 0.135, data_time: 0.003, memory: 2578, loss: 0.0172, Batch std: 0.1117, Agg std: 0.1100
2025-02-25 19:23:24,497 - sim - INFO - Epoch [3][41500/202500]	lr: 8.000e-04, eta: 20:49:51, time: 0.134, data_time: 0.003, memory: 2578, loss: 0.0172, Batch std: 0.1121, Agg std: 0.1100
2025-02-25 19:23:37,880 - sim - INFO - Epoch [3][41600/202500]	lr: 8.000e-04, eta: 20:49:39, time: 0.134, data_time: 0.003, memory: 2578, loss: 0.0150, Batch std: 0.1067, Agg std: 0.1100
2025-02-25 19:23:51,253 - sim - INFO - Epoch [3][41700/202500]	lr: 8.000e-04, eta: 20:49:28, time: 0.134, data_time: 0.003, memory: 2578, loss: 0.0172, Batch std: 0.1118, Agg std: 0.1100
2025-02-25 19:24:04,666 - sim - INFO - Epoch [3][41800/202500]	lr: 8.000e-04, eta: 20:49:17, time: 0.134, data_time: 0.003, memory: 2578, loss: 0.0199, Batch std: 0.1194, Agg std: 0.1100
2025-02-25 19:24:18,030 - sim - INFO - Epoch [3][41900/202500]	lr: 8.000e-04, eta: 20:49:05, time: 0.134, data_time: 0.003, memory: 2578, loss: 0.0144, Batch std: 0.1057, Agg std: 0.1100
2025-02-25 19:24:31,403 - sim - INFO - Epoch [3][42000/202500]	lr: 8.000e-04, eta: 20:48:53, time: 0.134, data_time: 0.003, memory: 2578, loss: 0.0170, Batch std: 0.1124, Agg std: 0.1100
2025-02-25 19:24:44,794 - sim - INFO - Epoch [3][42100/202500]	lr: 8.000e-04, eta: 20:48:42, time: 0.134, data_time: 0.003, memory: 2578, loss: 0.0167, Batch std: 0.1123, Agg std: 0.1100
2025-02-25 19:24:58,160 - sim - INFO - Epoch [3][42200/202500]	lr: 8.000e-04, eta: 20:48:30, time: 0.134, data_time: 0.003, memory: 2578, loss: 0.0143, Batch std: 0.1057, Agg std: 0.1100
2025-02-25 19:25:11,532 - sim - INFO - Epoch [3][42300/202500]	lr: 8.000e-04, eta: 20:48:18, time: 0.134, data_time: 0.003, memory: 2578, loss: 0.0148, Batch std: 0.1041, Agg std: 0.1100
2025-02-25 19:25:24,940 - sim - INFO - Epoch [3][42400/202500]	lr: 8.000e-04, eta: 20:48:07, time: 0.134, data_time: 0.003, memory: 2578, loss: 0.0141, Batch std: 0.1046, Agg std: 0.1100
2025-02-25 19:25:38,354 - sim - INFO - Epoch [3][42500/202500]	lr: 8.000e-04, eta: 20:47:56, time: 0.134, data_time: 0.003, memory: 2578, loss: 0.0122, Batch std: 0.0984, Agg std: 0.1100
2025-02-25 19:25:51,689 - sim - INFO - Epoch [3][42600/202500]	lr: 8.000e-04, eta: 20:47:44, time: 0.133, data_time: 0.003, memory: 2578, loss: 0.0200, Batch std: 0.1156, Agg std: 0.1100
2025-02-25 19:26:05,113 - sim - INFO - Epoch [3][42700/202500]	lr: 8.000e-04, eta: 20:47:33, time: 0.134, data_time: 0.003, memory: 2578, loss: 0.0174, Batch std: 0.1127, Agg std: 0.1100
2025-02-25 19:26:18,483 - sim - INFO - Epoch [3][42800/202500]	lr: 8.000e-04, eta: 20:47:21, time: 0.134, data_time: 0.003, memory: 2578, loss: 0.0143, Batch std: 0.1061, Agg std: 0.1100
2025-02-25 19:26:31,852 - sim - INFO - Epoch [3][42900/202500]	lr: 8.000e-04, eta: 20:47:10, time: 0.134, data_time: 0.003, memory: 2578, loss: 0.0162, Batch std: 0.1115, Agg std: 0.1100
2025-02-25 19:26:45,193 - sim - INFO - Epoch [3][43000/202500]	lr: 8.000e-04, eta: 20:46:57, time: 0.133, data_time: 0.003, memory: 2578, loss: 0.0163, Batch std: 0.1112, Agg std: 0.1100
2025-02-25 19:26:58,596 - sim - INFO - Epoch [3][43100/202500]	lr: 8.000e-04, eta: 20:46:46, time: 0.134, data_time: 0.003, memory: 2578, loss: 0.0153, Batch std: 0.1028, Agg std: 0.1100
2025-02-25 19:27:11,979 - sim - INFO - Epoch [3][43200/202500]	lr: 8.000e-04, eta: 20:46:35, time: 0.134, data_time: 0.003, memory: 2578, loss: 0.0157, Batch std: 0.1103, Agg std: 0.1100
2025-02-25 19:27:25,316 - sim - INFO - Epoch [3][43300/202500]	lr: 8.000e-04, eta: 20:46:22, time: 0.133, data_time: 0.003, memory: 2578, loss: 0.0191, Batch std: 0.1147, Agg std: 0.1100
2025-02-25 19:27:38,694 - sim - INFO - Epoch [3][43400/202500]	lr: 8.000e-04, eta: 20:46:11, time: 0.134, data_time: 0.003, memory: 2578, loss: 0.0168, Batch std: 0.1089, Agg std: 0.1100
2025-02-25 19:27:52,108 - sim - INFO - Epoch [3][43500/202500]	lr: 8.000e-04, eta: 20:46:00, time: 0.134, data_time: 0.003, memory: 2578, loss: 0.0160, Batch std: 0.1109, Agg std: 0.1100
2025-02-25 19:28:05,567 - sim - INFO - Epoch [3][43600/202500]	lr: 8.000e-04, eta: 20:45:49, time: 0.135, data_time: 0.003, memory: 2578, loss: 0.0141, Batch std: 0.1041, Agg std: 0.1100
