2025-01-16 11:40:38,913 - sim - INFO - Namespace(config='configs/tga/tga_abs_boxbath.py', save_dir='render_out/tga_abs_boxbath/', show_only=False, src_dir='predict/tga_test_boxbath/', tar_rollout=-1, val_rollout=-1)
2025-01-16 11:40:38,913 - sim - INFO - Loading rollouts from predict/tga_test_boxbath/
2025-01-16 11:40:39,647 - sim - INFO - Rollout 0 / 300
2025-01-16 11:40:39,746 - sim - INFO - Separate Materials MSE: [0.0896122520802617, 0.0194522126011952]
2025-01-16 11:40:39,746 - sim - INFO - MSE: 0.023721387978896155
2025-01-16 11:40:39,746 - sim - INFO - Materials MSE: 0.05453223234072845
2025-01-16 11:40:39,747 - sim - INFO - Time per frame per particle: 6.6511697954274e-05
2025-01-16 11:40:39,824 - sim - INFO - n_particles 1024
2025-01-16 11:40:39,824 - sim - INFO - n_shapes 0
2025-01-16 11:40:50,624 - sim - INFO - Rollout 1 / 300
2025-01-16 11:40:50,708 - sim - INFO - Separate Materials MSE: [0.015002903494503282, 0.01844757533560246]
2025-01-16 11:40:50,708 - sim - INFO - MSE: 0.018143691103815914
2025-01-16 11:40:50,709 - sim - INFO - Materials MSE: 0.01672523941505287
2025-01-16 11:40:50,709 - sim - INFO - Time per frame per particle: 5.869619252630195e-05
2025-01-16 11:40:50,718 - sim - INFO - n_particles 1024
2025-01-16 11:40:50,718 - sim - INFO - n_shapes 0
2025-01-16 11:41:01,202 - sim - INFO - Rollout 2 / 300
2025-01-16 11:41:01,301 - sim - INFO - Separate Materials MSE: [0.03123647819232608, 0.018885767888517806]
2025-01-16 11:41:01,301 - sim - INFO - MSE: 0.019562168879772558
2025-01-16 11:41:01,301 - sim - INFO - Materials MSE: 0.02506112304042194
2025-01-16 11:41:01,302 - sim - INFO - Time per frame per particle: 5.619927406736861e-05
2025-01-16 11:41:01,304 - sim - INFO - n_particles 1024
2025-01-16 11:41:01,304 - sim - INFO - n_shapes 0
2025-01-16 11:41:11,861 - sim - INFO - Rollout 3 / 300
2025-01-16 11:41:11,952 - sim - INFO - Separate Materials MSE: [0.057196289453365926, 0.01843454888058886]
2025-01-16 11:41:11,952 - sim - INFO - MSE: 0.020755810933314602
2025-01-16 11:41:11,952 - sim - INFO - Materials MSE: 0.03781541916697739
2025-01-16 11:41:11,952 - sim - INFO - Time per frame per particle: 5.636581576650464e-05
2025-01-16 11:41:11,955 - sim - INFO - n_particles 1024
2025-01-16 11:41:11,955 - sim - INFO - n_shapes 0
2025-01-16 11:41:22,579 - sim - INFO - Rollout 4 / 300
2025-01-16 11:41:22,652 - sim - INFO - Separate Materials MSE: [0.010521639417177247, 0.01984791760238092]
2025-01-16 11:41:22,653 - sim - INFO - MSE: 0.019171414792016547
2025-01-16 11:41:22,653 - sim - INFO - Materials MSE: 0.015184778509779083
2025-01-16 11:41:22,653 - sim - INFO - Time per frame per particle: 5.714388236591721e-05
2025-01-16 11:41:22,657 - sim - INFO - n_particles 1024
2025-01-16 11:41:22,657 - sim - INFO - n_shapes 0
2025-01-16 11:41:33,321 - sim - INFO - Rollout 5 / 300
2025-01-16 11:41:33,420 - sim - INFO - Separate Materials MSE: [0.007311601944014843, 0.016247974502145778]
2025-01-16 11:41:33,421 - sim - INFO - MSE: 0.015613214816789995
2025-01-16 11:41:33,421 - sim - INFO - Materials MSE: 0.01177978822308031
2025-01-16 11:41:33,421 - sim - INFO - Time per frame per particle: 6.16076977431494e-05
2025-01-16 11:41:33,423 - sim - INFO - n_particles 1024
2025-01-16 11:41:33,424 - sim - INFO - n_shapes 0
2025-01-16 11:41:44,025 - sim - INFO - Rollout 6 / 300
2025-01-16 11:41:44,124 - sim - INFO - Separate Materials MSE: [0.0027875490664508876, 0.014599047291549334]
2025-01-16 11:41:44,124 - sim - INFO - MSE: 0.013793477687211095
2025-01-16 11:41:44,124 - sim - INFO - Materials MSE: 0.00869329817900011
2025-01-16 11:41:44,124 - sim - INFO - Time per frame per particle: 6.05903577820847e-05
2025-01-16 11:41:44,127 - sim - INFO - n_particles 1024
2025-01-16 11:41:44,127 - sim - INFO - n_shapes 0
2025-01-16 11:41:54,692 - sim - INFO - Rollout 7 / 300
2025-01-16 11:41:54,776 - sim - INFO - Separate Materials MSE: [0.00381898257302799, 0.01443873835352979]
2025-01-16 11:41:54,776 - sim - INFO - MSE: 0.013708069683248187
2025-01-16 11:41:54,776 - sim - INFO - Materials MSE: 0.00912886046327889
2025-01-16 11:41:54,777 - sim - INFO - Time per frame per particle: 6.0438430359705907e-05
2025-01-16 11:41:54,779 - sim - INFO - n_particles 1024
2025-01-16 11:41:54,779 - sim - INFO - n_shapes 0
2025-01-16 11:42:05,374 - sim - INFO - Rollout 8 / 300
2025-01-16 11:42:05,481 - sim - INFO - Separate Materials MSE: [0.006331376226057028, 0.014726154049241547]
2025-01-16 11:42:05,481 - sim - INFO - MSE: 0.014132474213546683
2025-01-16 11:42:05,482 - sim - INFO - Materials MSE: 0.010528765137649287
2025-01-16 11:42:05,482 - sim - INFO - Time per frame per particle: 6.38997830626462e-05
2025-01-16 11:42:05,489 - sim - INFO - n_particles 1024
2025-01-16 11:42:05,489 - sim - INFO - n_shapes 0
2025-01-16 11:42:16,118 - sim - INFO - Rollout 9 / 300
2025-01-16 11:42:16,209 - sim - INFO - Separate Materials MSE: [0.004211739439089577, 0.015094032252391497]
2025-01-16 11:42:16,209 - sim - INFO - MSE: 0.014343850618462174
2025-01-16 11:42:16,209 - sim - INFO - Materials MSE: 0.009652885845740537
2025-01-16 11:42:16,210 - sim - INFO - Time per frame per particle: 6.200078186675598e-05
2025-01-16 11:42:16,212 - sim - INFO - n_particles 1024
2025-01-16 11:42:16,213 - sim - INFO - n_shapes 0
2025-01-16 11:42:26,962 - sim - INFO - Rollout 10 / 300
2025-01-16 11:42:27,053 - sim - INFO - Separate Materials MSE: [0.007001948168292732, 0.01482839862608076]
2025-01-16 11:42:27,054 - sim - INFO - MSE: 0.014269569838491992
2025-01-16 11:42:27,054 - sim - INFO - Materials MSE: 0.010915173397186746
2025-01-16 11:42:27,054 - sim - INFO - Time per frame per particle: 6.189991596025443e-05
2025-01-16 11:42:27,067 - sim - INFO - n_particles 1024
2025-01-16 11:42:27,067 - sim - INFO - n_shapes 0
2025-01-16 11:42:37,691 - sim - INFO - Rollout 11 / 300
2025-01-16 11:42:37,789 - sim - INFO - Separate Materials MSE: [0.003137797421198119, 0.015426804974733867]
2025-01-16 11:42:37,789 - sim - INFO - MSE: 0.014587513907386974
2025-01-16 11:42:37,789 - sim - INFO - Materials MSE: 0.009282301197965992
2025-01-16 11:42:37,789 - sim - INFO - Time per frame per particle: 6.211141515115667e-05
2025-01-16 11:42:37,792 - sim - INFO - n_particles 1024
2025-01-16 11:42:37,792 - sim - INFO - n_shapes 0
2025-01-16 11:42:48,324 - sim - INFO - Rollout 12 / 300
2025-01-16 11:42:48,417 - sim - INFO - Separate Materials MSE: [0.005504456581482198, 0.015177674431039711]
2025-01-16 11:42:48,418 - sim - INFO - MSE: 0.014502286370275012
2025-01-16 11:42:48,418 - sim - INFO - Materials MSE: 0.010341065506260955
2025-01-16 11:42:48,418 - sim - INFO - Time per frame per particle: 6.25713273017516e-05
2025-01-16 11:42:48,421 - sim - INFO - n_particles 1024
2025-01-16 11:42:48,421 - sim - INFO - n_shapes 0
2025-01-16 11:42:58,901 - sim - INFO - Rollout 13 / 300
2025-01-16 11:42:59,003 - sim - INFO - Separate Materials MSE: [0.004087589213920209, 0.0142317842692952]
2025-01-16 11:42:59,003 - sim - INFO - MSE: 0.01353169932771068
2025-01-16 11:42:59,004 - sim - INFO - Materials MSE: 0.009159686741607704
2025-01-16 11:42:59,004 - sim - INFO - Time per frame per particle: 6.238359450993362e-05
2025-01-16 11:42:59,010 - sim - INFO - n_particles 1024
2025-01-16 11:42:59,010 - sim - INFO - n_shapes 0
2025-01-16 11:43:09,799 - sim - INFO - Rollout 14 / 300
2025-01-16 11:43:09,902 - sim - INFO - Separate Materials MSE: [0.005353026598831367, 0.01786768338532439]
2025-01-16 11:43:09,903 - sim - INFO - MSE: 0.017002497329676017
2025-01-16 11:43:09,903 - sim - INFO - Materials MSE: 0.011610354992077878
2025-01-16 11:43:09,903 - sim - INFO - Time per frame per particle: 6.149050329818207e-05
2025-01-16 11:43:09,910 - sim - INFO - n_particles 1024
2025-01-16 11:43:09,910 - sim - INFO - n_shapes 0
2025-01-16 11:43:20,611 - sim - INFO - Rollout 15 / 300
2025-01-16 11:43:20,707 - sim - INFO - Separate Materials MSE: [0.005060986051442707, 0.014848965670425308]
2025-01-16 11:43:20,707 - sim - INFO - MSE: 0.014168037075705183
2025-01-16 11:43:20,707 - sim - INFO - Materials MSE: 0.009954975860934008
2025-01-16 11:43:20,707 - sim - INFO - Time per frame per particle: 6.111251250528961e-05
2025-01-16 11:43:20,714 - sim - INFO - n_particles 1024
2025-01-16 11:43:20,714 - sim - INFO - n_shapes 0
2025-01-16 11:43:31,443 - sim - INFO - Rollout 16 / 300
2025-01-16 11:43:31,533 - sim - INFO - Separate Materials MSE: [0.005419906491894835, 0.015373972064131209]
2025-01-16 11:43:31,533 - sim - INFO - MSE: 0.014680162484982733
2025-01-16 11:43:31,533 - sim - INFO - Materials MSE: 0.010396939278013021
2025-01-16 11:43:31,533 - sim - INFO - Time per frame per particle: 6.290129215269636e-05
2025-01-16 11:43:31,545 - sim - INFO - n_particles 1024
2025-01-16 11:43:31,546 - sim - INFO - n_shapes 0
2025-01-16 11:43:42,032 - sim - INFO - Rollout 17 / 300
2025-01-16 11:43:42,107 - sim - INFO - Separate Materials MSE: [0.008331182368625739, 0.015446157188056222]
2025-01-16 11:43:42,108 - sim - INFO - MSE: 0.014928577815477184
2025-01-16 11:43:42,108 - sim - INFO - Materials MSE: 0.01188866977834098
2025-01-16 11:43:42,108 - sim - INFO - Time per frame per particle: 6.179923635251389e-05
2025-01-16 11:43:42,111 - sim - INFO - n_particles 1024
2025-01-16 11:43:42,111 - sim - INFO - n_shapes 0
2025-01-16 11:43:52,667 - sim - INFO - Rollout 18 / 300
2025-01-16 11:43:52,767 - sim - INFO - Separate Materials MSE: [0.00880517068236503, 0.01662943814501409]
2025-01-16 11:43:52,768 - sim - INFO - MSE: 0.016061993724863836
2025-01-16 11:43:52,768 - sim - INFO - Materials MSE: 0.01271730441368956
2025-01-16 11:43:52,768 - sim - INFO - Time per frame per particle: 6.228496105749268e-05
2025-01-16 11:43:52,779 - sim - INFO - n_particles 1024
2025-01-16 11:43:52,779 - sim - INFO - n_shapes 0
2025-01-16 11:44:04,328 - sim - INFO - Rollout 19 / 300
2025-01-16 11:44:04,426 - sim - INFO - Separate Materials MSE: [0.0036534748521916266, 0.015033596184095112]
2025-01-16 11:44:04,426 - sim - INFO - MSE: 0.014252745118825627
2025-01-16 11:44:04,426 - sim - INFO - Materials MSE: 0.009343535518143369
2025-01-16 11:44:04,426 - sim - INFO - Time per frame per particle: 6.181645411531797e-05
2025-01-16 11:44:04,429 - sim - INFO - n_particles 1024
2025-01-16 11:44:04,429 - sim - INFO - n_shapes 0
2025-01-16 11:44:15,373 - sim - INFO - Rollout 20 / 300
2025-01-16 11:44:15,478 - sim - INFO - Separate Materials MSE: [0.00266815501082689, 0.014596615994404883]
2025-01-16 11:44:15,478 - sim - INFO - MSE: 0.01378378355230477
2025-01-16 11:44:15,478 - sim - INFO - Materials MSE: 0.008632385502615886
2025-01-16 11:44:15,478 - sim - INFO - Time per frame per particle: 6.221634362307707e-05
2025-01-16 11:44:15,486 - sim - INFO - n_particles 1024
2025-01-16 11:44:15,486 - sim - INFO - n_shapes 0
2025-01-16 11:44:26,180 - sim - INFO - Rollout 21 / 300
2025-01-16 11:44:26,287 - sim - INFO - Separate Materials MSE: [0.009057867485245966, 0.015464640037404173]
2025-01-16 11:44:26,287 - sim - INFO - MSE: 0.01499101842076165
2025-01-16 11:44:26,287 - sim - INFO - Materials MSE: 0.012261253761325069
2025-01-16 11:44:26,287 - sim - INFO - Time per frame per particle: 6.185707350736332e-05
2025-01-16 11:44:26,290 - sim - INFO - n_particles 1024
2025-01-16 11:44:26,290 - sim - INFO - n_shapes 0
2025-01-16 11:44:36,785 - sim - INFO - Rollout 22 / 300
2025-01-16 11:44:36,880 - sim - INFO - Separate Materials MSE: [0.006125841885939708, 0.015264222323184024]
2025-01-16 11:44:36,881 - sim - INFO - MSE: 0.014621678630667457
2025-01-16 11:44:36,881 - sim - INFO - Materials MSE: 0.010695032104561866
2025-01-16 11:44:36,881 - sim - INFO - Time per frame per particle: 6.280703280729984e-05
2025-01-16 11:44:36,884 - sim - INFO - n_particles 1024
2025-01-16 11:44:36,884 - sim - INFO - n_shapes 0
2025-01-16 11:44:48,693 - sim - INFO - Rollout 23 / 300
2025-01-16 11:44:48,766 - sim - INFO - Separate Materials MSE: [0.004873056012433869, 0.01608634096421481]
2025-01-16 11:44:48,766 - sim - INFO - MSE: 0.0153107511277376
2025-01-16 11:44:48,766 - sim - INFO - Materials MSE: 0.010479698488324338
2025-01-16 11:44:48,766 - sim - INFO - Time per frame per particle: 6.144790506887683e-05
2025-01-16 11:44:48,769 - sim - INFO - n_particles 1024
2025-01-16 11:44:48,769 - sim - INFO - n_shapes 0
2025-01-16 11:44:59,323 - sim - INFO - Rollout 24 / 300
2025-01-16 11:44:59,408 - sim - INFO - Separate Materials MSE: [0.007687243501953825, 0.01475516730771995]
2025-01-16 11:44:59,408 - sim - INFO - MSE: 0.01424387191402934
2025-01-16 11:44:59,408 - sim - INFO - Materials MSE: 0.011221205404836888
2025-01-16 11:44:59,408 - sim - INFO - Time per frame per particle: 6.159092928912189e-05
2025-01-16 11:44:59,412 - sim - INFO - n_particles 1024
2025-01-16 11:44:59,412 - sim - INFO - n_shapes 0
