2025-01-16 08:39:42,272 - sim - INFO - Environment info:
------------------------------------------------------------
sys.platform: linux
Python: 3.8.20 (default, Oct  3 2024, 15:24:27) [GCC 11.2.0]
CUDA available: True
GPU 0: NVIDIA GeForce RTX 2080 Ti
CUDA_HOME: /usr/local/cuda-11.3
NVCC: Cuda compilation tools, release 11.3, V11.3.109
GCC: gcc (Ubuntu 6.5.0-2ubuntu1~16.04) 6.5.0 20181026
PyTorch: 1.12.1
PyTorch compiling details: PyTorch built with:
  - GCC 9.3
  - C++ Version: 201402
  - Intel(R) oneAPI Math Kernel Library Version 2023.1-Product Build 20230303 for Intel(R) 64 architecture applications
  - Intel(R) MKL-DNN v2.6.0 (Git Hash 52b5f107dd9cf10910aaa19cb47f3abf9b349815)
  - OpenMP 201511 (a.k.a. OpenMP 4.5)
  - LAPACK is enabled (usually provided by MKL)
  - NNPACK is enabled
  - CPU capability usage: AVX2
  - CUDA Runtime 11.3
  - NVCC architecture flags: -gencode;arch=compute_37,code=sm_37;-gencode;arch=compute_50,code=sm_50;-gencode;arch=compute_60,code=sm_60;-gencode;arch=compute_61,code=sm_61;-gencode;arch=compute_70,code=sm_70;-gencode;arch=compute_75,code=sm_75;-gencode;arch=compute_80,code=sm_80;-gencode;arch=compute_86,code=sm_86;-gencode;arch=compute_37,code=compute_37
  - CuDNN 8.3.2  (built against CUDA 11.5)
  - Magma 2.5.2
  - Build settings: BLAS_INFO=mkl, BUILD_TYPE=Release, CUDA_VERSION=11.3, CUDNN_VERSION=8.3.2, CXX_COMPILER=/opt/rh/devtoolset-9/root/usr/bin/c++, CXX_FLAGS= -fabi-version=11 -Wno-deprecated -fvisibility-inlines-hidden -DUSE_PTHREADPOOL -fopenmp -DNDEBUG -DUSE_KINETO -DUSE_FBGEMM -DUSE_QNNPACK -DUSE_PYTORCH_QNNPACK -DUSE_XNNPACK -DSYMBOLICATE_MOBILE_DEBUG_HANDLE -DEDGE_PROFILER_USE_KINETO -O2 -fPIC -Wno-narrowing -Wall -Wextra -Werror=return-type -Wno-missing-field-initializers -Wno-type-limits -Wno-array-bounds -Wno-unknown-pragmas -Wno-unused-parameter -Wno-unused-function -Wno-unused-result -Wno-unused-local-typedefs -Wno-strict-overflow -Wno-strict-aliasing -Wno-error=deprecated-declarations -Wno-stringop-overflow -Wno-psabi -Wno-error=pedantic -Wno-error=redundant-decls -Wno-error=old-style-cast -fdiagnostics-color=always -faligned-new -Wno-unused-but-set-variable -Wno-maybe-uninitialized -fno-math-errno -fno-trapping-math -Werror=format -Werror=cast-function-type -Wno-stringop-overflow, LAPACK_INFO=mkl, PERF_WITH_AVX=1, PERF_WITH_AVX2=1, PERF_WITH_AVX512=1, TORCH_VERSION=1.12.1, USE_CUDA=ON, USE_CUDNN=ON, USE_EXCEPTION_PTR=1, USE_GFLAGS=OFF, USE_GLOG=OFF, USE_MKL=ON, USE_MKLDNN=OFF, USE_MPI=OFF, USE_NCCL=ON, USE_NNPACK=ON, USE_OPENMP=ON, USE_ROCM=OFF, 

TorchVision: 0.13.1
OpenCV: 4.10.0
MMCV: 1.7.0
MMCV Compiler: GCC 9.3
MMCV CUDA Compiler: 11.3
Simulation: 0.7.0+04f13f1
------------------------------------------------------------

2025-01-16 08:39:42,273 - sim - INFO - Distributed training: False
2025-01-16 08:39:42,578 - sim - INFO - Config:
model = dict(
    type='ParticleSimulator',
    backbone=dict(
        type='TRANS',
        attr_dim=7,
        state_dim=34,
        position_dim=6,
        embed_dims=128,
        num_heads=8,
        num_encoder_layers=4,
        order=('selfattn', 'norm', 'ffn', 'norm')),
    head=dict(
        type='ParticleHead',
        in_channels=128,
        out_channels=6,
        seperate=False,
        rotation_dim=0,
        weighted=False,
        loss=dict(type='MSELoss', loss_weight=1.0)))
dataset_type = 'PhysicsFleXDataset'
pstep = 2
env_cfg = dict(
    env='RiceGrip',
    num_abs_token=0,
    hierarchy=False,
    gen_data=False,
    gen_meta=False,
    scene_params=[[8.0, 10.0], [8.0, 10.0], [8.0, 10.0]],
    abs_point=False,
    eval_ratio=10000000.0,
    dataf='./data/data_RiceGrip',
    n_rollout=5000,
    time_step=41,
    time_step_clip=0,
    attn_mask=8,
    dt=0.016666666666666666,
    nf_relation=300,
    nf_particle=200,
    nf_effect=200,
    train_valid_ratio=0.9,
    n_instance=1,
    n_stages=4,
    n_his=3,
    shape_state_dim=14,
    attr_dim=7,
    state_dim=34,
    position_dim=6,
    relation_dim=1,
    neighbor_radius=0.08,
    pstep=2,
    phases_dict=dict(
        root_num=[[30]],
        root_sib_radius=[[5.0]],
        root_des_radius=[[0.2]],
        root_pstep=[[2]],
        instance=['rice'],
        material=['fluid']))
data = dict(
    samples_per_gpu=8,
    workers_per_gpu=8,
    train=dict(
        type='PhysicsFleXDataset',
        phase='train',
        env_cfg=dict(
            env='RiceGrip',
            num_abs_token=0,
            hierarchy=False,
            gen_data=False,
            gen_meta=False,
            scene_params=[[8.0, 10.0], [8.0, 10.0], [8.0, 10.0]],
            abs_point=False,
            eval_ratio=10000000.0,
            dataf='./data/data_RiceGrip',
            n_rollout=5000,
            time_step=41,
            time_step_clip=0,
            attn_mask=8,
            dt=0.016666666666666666,
            nf_relation=300,
            nf_particle=200,
            nf_effect=200,
            train_valid_ratio=0.9,
            n_instance=1,
            n_stages=4,
            n_his=3,
            shape_state_dim=14,
            attr_dim=7,
            state_dim=34,
            position_dim=6,
            relation_dim=1,
            neighbor_radius=0.08,
            pstep=2,
            phases_dict=dict(
                root_num=[[30]],
                root_sib_radius=[[5.0]],
                root_des_radius=[[0.2]],
                root_pstep=[[2]],
                instance=['rice'],
                material=['fluid'])),
        verbose=False),
    val=dict(
        type='PhysicsFleXDataset',
        phase='valid',
        env_cfg=dict(
            env='RiceGrip',
            num_abs_token=0,
            hierarchy=False,
            gen_data=False,
            gen_meta=False,
            scene_params=[[8.0, 10.0], [8.0, 10.0], [8.0, 10.0]],
            abs_point=False,
            eval_ratio=10000000.0,
            dataf='./data/data_RiceGrip',
            n_rollout=5000,
            time_step=41,
            time_step_clip=0,
            attn_mask=8,
            dt=0.016666666666666666,
            nf_relation=300,
            nf_particle=200,
            nf_effect=200,
            train_valid_ratio=0.9,
            n_instance=1,
            n_stages=4,
            n_his=3,
            shape_state_dim=14,
            attr_dim=7,
            state_dim=34,
            position_dim=6,
            relation_dim=1,
            neighbor_radius=0.08,
            pstep=2,
            phases_dict=dict(
                root_num=[[30]],
                root_sib_radius=[[5.0]],
                root_des_radius=[[0.2]],
                root_pstep=[[2]],
                instance=['rice'],
                material=['fluid'])),
        verbose=False),
    test=dict(
        type='PhysicsFleXDataset',
        phase='valid',
        env_cfg=dict(
            env='RiceGrip',
            num_abs_token=0,
            hierarchy=False,
            gen_data=False,
            gen_meta=False,
            scene_params=[[8.0, 10.0], [8.0, 10.0], [8.0, 10.0]],
            abs_point=False,
            eval_ratio=10000000.0,
            dataf='./data/data_RiceGrip',
            n_rollout=5000,
            time_step=41,
            time_step_clip=0,
            attn_mask=8,
            dt=0.016666666666666666,
            nf_relation=300,
            nf_particle=200,
            nf_effect=200,
            train_valid_ratio=0.9,
            n_instance=1,
            n_stages=4,
            n_his=3,
            shape_state_dim=14,
            attr_dim=7,
            state_dim=34,
            position_dim=6,
            relation_dim=1,
            neighbor_radius=0.08,
            pstep=2,
            phases_dict=dict(
                root_num=[[30]],
                root_sib_radius=[[5.0]],
                root_des_radius=[[0.2]],
                root_pstep=[[2]],
                instance=['rice'],
                material=['fluid'])),
        verbose=False))
optimizer = dict(
    type='Adam', lr=0.0008, betas=(0.9, 0.999), weight_decay=0, amsgrad=False)
optimizer_config = dict(grad_clip=None)
lr_config = dict(policy='Plateau', mode='min', factor=0.8, patience=3)
runner = dict(type='EpochBasedRunner', max_epochs=20)
checkpoint_config = dict(interval=1)
log_config = dict(interval=100, hooks=[dict(type='TextLoggerHook')])
dist_params = dict(backend='nccl', port='29511')
log_level = 'INFO'
load_from = None
resume_from = 'work_dirs/transformer_ricegrip/epoch_10.pth'
workflow = [('train', 1)]
find_unused_parameters = True
work_dir = 'work_dirs/transformer_ricegrip/'
gpu_ids = range(0, 1)

2025-01-16 08:39:42,597 - sim - INFO - Model parameters: 2548870
2025-01-16 08:39:45,182 - sim - INFO - load checkpoint from local path: work_dirs/transformer_ricegrip/epoch_10.pth
2025-01-16 08:39:45,613 - sim - INFO - resumed epoch 10, iter 225000
2025-01-16 08:39:45,620 - sim - INFO - Start running, host: zbl@lab601-2, work_dir: /home/zbl/sim/TIE_ECCV2022/work_dirs/transformer_ricegrip
2025-01-16 08:39:45,620 - sim - INFO - Hooks will be executed in the following order:
before_run:
(VERY_HIGH   ) PlateauLrUpdaterHook               
(NORMAL      ) CheckpointHook                     
(VERY_LOW    ) TextLoggerHook                     
 -------------------- 
before_train_epoch:
(VERY_HIGH   ) PlateauLrUpdaterHook               
(NORMAL      ) MSEAccuracy                        
(LOW         ) IterTimerHook                      
(VERY_LOW    ) TextLoggerHook                     
 -------------------- 
before_train_iter:
(VERY_HIGH   ) PlateauLrUpdaterHook               
(LOW         ) IterTimerHook                      
 -------------------- 
after_train_iter:
(ABOVE_NORMAL) OptimizerHook                      
(NORMAL      ) CheckpointHook                     
(LOW         ) IterTimerHook                      
(VERY_LOW    ) TextLoggerHook                     
 -------------------- 
after_train_epoch:
(NORMAL      ) CheckpointHook                     
(VERY_LOW    ) TextLoggerHook                     
 -------------------- 
before_val_epoch:
(NORMAL      ) MSEAccuracy                        
(LOW         ) IterTimerHook                      
(VERY_LOW    ) TextLoggerHook                     
 -------------------- 
before_val_iter:
(LOW         ) IterTimerHook                      
 -------------------- 
after_val_iter:
(LOW         ) IterTimerHook                      
 -------------------- 
after_val_epoch:
(VERY_LOW    ) TextLoggerHook                     
 -------------------- 
after_run:
(VERY_LOW    ) TextLoggerHook                     
 -------------------- 
2025-01-16 08:39:45,620 - sim - INFO - workflow: [('train', 1)], max: 20 epochs
2025-01-16 08:39:45,620 - sim - INFO - Checkpoints will be saved to /home/zbl/sim/TIE_ECCV2022/work_dirs/transformer_ricegrip by HardDiskBackend.
2025-01-16 08:40:17,460 - sim - INFO - Epoch [11][100/22500]	lr: 8.000e-04, eta: 19:53:22, time: 0.318, data_time: 0.215, memory: 2992, loss: 0.2270, Batch std: 0.2745, Agg std: 0.2813
2025-01-16 08:40:43,337 - sim - INFO - Epoch [11][200/22500]	lr: 8.000e-04, eta: 18:01:10, time: 0.259, data_time: 0.177, memory: 2992, loss: 0.2076, Batch std: 0.2712, Agg std: 0.2742
2025-01-16 08:41:09,174 - sim - INFO - Epoch [11][300/22500]	lr: 8.000e-04, eta: 17:22:58, time: 0.258, data_time: 0.173, memory: 2992, loss: 0.2729, Batch std: 0.2952, Agg std: 0.2774
2025-01-16 08:41:34,837 - sim - INFO - Epoch [11][400/22500]	lr: 8.000e-04, eta: 17:01:57, time: 0.257, data_time: 0.171, memory: 3111, loss: 0.2408, Batch std: 0.2919, Agg std: 0.2824
2025-01-16 08:41:59,747 - sim - INFO - Epoch [11][500/22500]	lr: 8.000e-04, eta: 16:43:36, time: 0.249, data_time: 0.160, memory: 3111, loss: 0.2021, Batch std: 0.2834, Agg std: 0.2828
2025-01-16 08:42:24,984 - sim - INFO - Epoch [11][600/22500]	lr: 8.000e-04, eta: 16:33:12, time: 0.252, data_time: 0.166, memory: 3111, loss: 0.2182, Batch std: 0.2813, Agg std: 0.2822
2025-01-16 08:42:50,013 - sim - INFO - Epoch [11][700/22500]	lr: 8.000e-04, eta: 16:24:36, time: 0.250, data_time: 0.166, memory: 3111, loss: 0.1741, Batch std: 0.2830, Agg std: 0.2836
2025-01-16 08:43:14,160 - sim - INFO - Epoch [11][800/22500]	lr: 8.000e-04, eta: 16:13:56, time: 0.241, data_time: 0.158, memory: 3111, loss: 0.2261, Batch std: 0.2907, Agg std: 0.2831
2025-01-16 08:43:38,444 - sim - INFO - Epoch [11][900/22500]	lr: 8.000e-04, eta: 16:06:06, time: 0.243, data_time: 0.161, memory: 3111, loss: 0.1810, Batch std: 0.2712, Agg std: 0.2830
2025-01-16 08:44:02,829 - sim - INFO - Epoch [11][1000/22500]	lr: 8.000e-04, eta: 16:00:08, time: 0.244, data_time: 0.155, memory: 3111, loss: 0.2499, Batch std: 0.2948, Agg std: 0.2824
2025-01-16 08:44:26,868 - sim - INFO - Epoch [11][1100/22500]	lr: 8.000e-04, eta: 15:54:01, time: 0.240, data_time: 0.158, memory: 3111, loss: 0.2536, Batch std: 0.3054, Agg std: 0.2844
2025-01-16 08:44:51,588 - sim - INFO - Epoch [11][1200/22500]	lr: 8.000e-04, eta: 15:50:57, time: 0.247, data_time: 0.165, memory: 3111, loss: 0.2094, Batch std: 0.2805, Agg std: 0.2846
2025-01-16 08:45:16,274 - sim - INFO - Epoch [11][1300/22500]	lr: 8.000e-04, eta: 15:48:12, time: 0.247, data_time: 0.168, memory: 3111, loss: 0.1704, Batch std: 0.2677, Agg std: 0.2847
2025-01-16 08:45:42,572 - sim - INFO - Epoch [11][1400/22500]	lr: 8.000e-04, eta: 15:50:05, time: 0.263, data_time: 0.184, memory: 3111, loss: 0.2682, Batch std: 0.2868, Agg std: 0.2839
2025-01-16 08:46:06,861 - sim - INFO - Epoch [11][1500/22500]	lr: 8.000e-04, eta: 15:46:40, time: 0.243, data_time: 0.161, memory: 3111, loss: 0.2444, Batch std: 0.2917, Agg std: 0.2844
2025-01-16 08:46:31,256 - sim - INFO - Epoch [11][1600/22500]	lr: 8.000e-04, eta: 15:43:51, time: 0.244, data_time: 0.160, memory: 3111, loss: 0.2588, Batch std: 0.3074, Agg std: 0.2853
2025-01-16 08:46:55,460 - sim - INFO - Epoch [11][1700/22500]	lr: 8.000e-04, eta: 15:40:55, time: 0.242, data_time: 0.157, memory: 3111, loss: 0.2208, Batch std: 0.2872, Agg std: 0.2864
2025-01-16 08:47:19,434 - sim - INFO - Epoch [11][1800/22500]	lr: 8.000e-04, eta: 15:37:48, time: 0.240, data_time: 0.158, memory: 3111, loss: 0.2210, Batch std: 0.2727, Agg std: 0.2861
2025-01-16 08:47:42,884 - sim - INFO - Epoch [11][1900/22500]	lr: 8.000e-04, eta: 15:33:56, time: 0.234, data_time: 0.155, memory: 3111, loss: 0.1591, Batch std: 0.2529, Agg std: 0.2843
2025-01-16 08:48:05,215 - sim - INFO - Epoch [11][2000/22500]	lr: 8.000e-04, eta: 15:28:20, time: 0.223, data_time: 0.142, memory: 3111, loss: 0.2119, Batch std: 0.2799, Agg std: 0.2835
2025-01-16 08:48:28,714 - sim - INFO - Epoch [11][2100/22500]	lr: 8.000e-04, eta: 15:25:18, time: 0.235, data_time: 0.159, memory: 3111, loss: 0.2894, Batch std: 0.2939, Agg std: 0.2840
2025-01-16 08:48:51,961 - sim - INFO - Epoch [11][2200/22500]	lr: 8.000e-04, eta: 15:22:05, time: 0.232, data_time: 0.153, memory: 3111, loss: 0.1823, Batch std: 0.2846, Agg std: 0.2842
2025-01-16 08:49:16,482 - sim - INFO - Epoch [11][2300/22500]	lr: 8.000e-04, eta: 15:21:10, time: 0.245, data_time: 0.163, memory: 3111, loss: 0.2181, Batch std: 0.2758, Agg std: 0.2837
2025-01-16 08:49:40,002 - sim - INFO - Epoch [11][2400/22500]	lr: 8.000e-04, eta: 15:18:44, time: 0.235, data_time: 0.150, memory: 3111, loss: 0.1519, Batch std: 0.2579, Agg std: 0.2830
2025-01-16 08:50:03,540 - sim - INFO - Epoch [11][2500/22500]	lr: 8.000e-04, eta: 15:16:30, time: 0.235, data_time: 0.154, memory: 3111, loss: 0.2118, Batch std: 0.2787, Agg std: 0.2823
2025-01-16 08:50:27,605 - sim - INFO - Epoch [11][2600/22500]	lr: 8.000e-04, eta: 15:15:10, time: 0.241, data_time: 0.155, memory: 3111, loss: 0.2133, Batch std: 0.2763, Agg std: 0.2824
2025-01-16 08:50:50,593 - sim - INFO - Epoch [11][2700/22500]	lr: 8.000e-04, eta: 15:12:25, time: 0.230, data_time: 0.155, memory: 3111, loss: 0.1895, Batch std: 0.2797, Agg std: 0.2821
2025-01-16 08:51:14,428 - sim - INFO - Epoch [11][2800/22500]	lr: 8.000e-04, eta: 15:10:58, time: 0.238, data_time: 0.159, memory: 3111, loss: 0.2152, Batch std: 0.2802, Agg std: 0.2820
2025-01-16 08:51:38,055 - sim - INFO - Epoch [11][2900/22500]	lr: 8.000e-04, eta: 15:09:18, time: 0.236, data_time: 0.156, memory: 3111, loss: 0.2289, Batch std: 0.2741, Agg std: 0.2818
2025-01-16 08:52:00,932 - sim - INFO - Epoch [11][3000/22500]	lr: 8.000e-04, eta: 15:06:49, time: 0.229, data_time: 0.148, memory: 3111, loss: 0.2027, Batch std: 0.2788, Agg std: 0.2816
2025-01-16 08:52:25,152 - sim - INFO - Epoch [11][3100/22500]	lr: 8.000e-04, eta: 15:06:04, time: 0.242, data_time: 0.157, memory: 3111, loss: 0.1684, Batch std: 0.2675, Agg std: 0.2813
2025-01-16 08:52:48,964 - sim - INFO - Epoch [11][3200/22500]	lr: 8.000e-04, eta: 15:04:51, time: 0.238, data_time: 0.156, memory: 3111, loss: 0.2008, Batch std: 0.2734, Agg std: 0.2812
2025-01-16 08:53:11,996 - sim - INFO - Epoch [11][3300/22500]	lr: 8.000e-04, eta: 15:02:50, time: 0.230, data_time: 0.150, memory: 3111, loss: 0.2850, Batch std: 0.2987, Agg std: 0.2812
2025-01-16 08:53:35,744 - sim - INFO - Epoch [11][3400/22500]	lr: 8.000e-04, eta: 15:01:41, time: 0.237, data_time: 0.157, memory: 3111, loss: 0.2348, Batch std: 0.2946, Agg std: 0.2820
2025-01-16 08:53:58,601 - sim - INFO - Epoch [11][3500/22500]	lr: 8.000e-04, eta: 14:59:38, time: 0.229, data_time: 0.150, memory: 3111, loss: 0.2107, Batch std: 0.2711, Agg std: 0.2816
2025-01-16 08:54:20,991 - sim - INFO - Epoch [11][3600/22500]	lr: 8.000e-04, eta: 14:57:11, time: 0.224, data_time: 0.147, memory: 3111, loss: 0.2549, Batch std: 0.3205, Agg std: 0.2820
2025-01-16 08:54:43,238 - sim - INFO - Epoch [11][3700/22500]	lr: 8.000e-04, eta: 14:54:43, time: 0.222, data_time: 0.142, memory: 3111, loss: 0.2085, Batch std: 0.2911, Agg std: 0.2825
2025-01-16 08:55:06,384 - sim - INFO - Epoch [11][3800/22500]	lr: 8.000e-04, eta: 14:53:14, time: 0.231, data_time: 0.149, memory: 3111, loss: 0.2116, Batch std: 0.2834, Agg std: 0.2829
2025-01-16 08:55:29,544 - sim - INFO - Epoch [11][3900/22500]	lr: 8.000e-04, eta: 14:51:49, time: 0.232, data_time: 0.151, memory: 3111, loss: 0.3071, Batch std: 0.3011, Agg std: 0.2832
2025-01-16 08:55:51,735 - sim - INFO - Epoch [11][4000/22500]	lr: 8.000e-04, eta: 14:49:34, time: 0.222, data_time: 0.147, memory: 3111, loss: 0.2635, Batch std: 0.2746, Agg std: 0.2833
2025-01-16 08:56:14,441 - sim - INFO - Epoch [11][4100/22500]	lr: 8.000e-04, eta: 14:47:52, time: 0.227, data_time: 0.136, memory: 3111, loss: 0.3106, Batch std: 0.3240, Agg std: 0.2836
2025-01-16 08:56:39,611 - sim - INFO - Epoch [11][4200/22500]	lr: 8.000e-04, eta: 14:48:23, time: 0.252, data_time: 0.169, memory: 3111, loss: 0.2075, Batch std: 0.2928, Agg std: 0.2843
2025-01-16 08:57:03,036 - sim - INFO - Epoch [11][4300/22500]	lr: 8.000e-04, eta: 14:47:22, time: 0.234, data_time: 0.150, memory: 3111, loss: 0.2567, Batch std: 0.2926, Agg std: 0.2846
2025-01-16 08:57:25,787 - sim - INFO - Epoch [11][4400/22500]	lr: 8.000e-04, eta: 14:45:49, time: 0.227, data_time: 0.146, memory: 3111, loss: 0.1714, Batch std: 0.2717, Agg std: 0.2845
2025-01-16 08:57:47,596 - sim - INFO - Epoch [11][4500/22500]	lr: 8.000e-04, eta: 14:43:33, time: 0.218, data_time: 0.139, memory: 3111, loss: 0.2554, Batch std: 0.2958, Agg std: 0.2845
2025-01-16 08:58:09,725 - sim - INFO - Epoch [11][4600/22500]	lr: 8.000e-04, eta: 14:41:37, time: 0.221, data_time: 0.144, memory: 3111, loss: 0.2265, Batch std: 0.2799, Agg std: 0.2844
2025-01-16 08:58:32,287 - sim - INFO - Epoch [11][4700/22500]	lr: 8.000e-04, eta: 14:40:06, time: 0.226, data_time: 0.146, memory: 3111, loss: 0.2590, Batch std: 0.2889, Agg std: 0.2846
2025-01-16 08:58:54,781 - sim - INFO - Epoch [11][4800/22500]	lr: 8.000e-04, eta: 14:38:34, time: 0.225, data_time: 0.143, memory: 3111, loss: 0.2161, Batch std: 0.2940, Agg std: 0.2847
2025-01-16 08:59:17,100 - sim - INFO - Epoch [11][4900/22500]	lr: 8.000e-04, eta: 14:36:57, time: 0.223, data_time: 0.144, memory: 3111, loss: 0.2260, Batch std: 0.2833, Agg std: 0.2848
2025-01-16 08:59:40,510 - sim - INFO - Epoch [11][5000/22500]	lr: 8.000e-04, eta: 14:36:12, time: 0.234, data_time: 0.150, memory: 3111, loss: 0.2628, Batch std: 0.3067, Agg std: 0.2848
2025-01-16 09:00:02,404 - sim - INFO - Epoch [11][5100/22500]	lr: 8.000e-04, eta: 14:34:21, time: 0.219, data_time: 0.142, memory: 3111, loss: 0.1930, Batch std: 0.2748, Agg std: 0.2849
2025-01-16 09:00:24,731 - sim - INFO - Epoch [11][5200/22500]	lr: 8.000e-04, eta: 14:32:53, time: 0.223, data_time: 0.144, memory: 3111, loss: 0.1886, Batch std: 0.2702, Agg std: 0.2848
2025-01-16 09:00:47,545 - sim - INFO - Epoch [11][5300/22500]	lr: 8.000e-04, eta: 14:31:47, time: 0.228, data_time: 0.146, memory: 3111, loss: 0.2346, Batch std: 0.2812, Agg std: 0.2846
2025-01-16 09:01:10,184 - sim - INFO - Epoch [11][5400/22500]	lr: 8.000e-04, eta: 14:30:36, time: 0.226, data_time: 0.148, memory: 3111, loss: 0.1986, Batch std: 0.2845, Agg std: 0.2846
2025-01-16 09:01:34,036 - sim - INFO - Epoch [11][5500/22500]	lr: 8.000e-04, eta: 14:30:14, time: 0.239, data_time: 0.151, memory: 3111, loss: 0.2115, Batch std: 0.2978, Agg std: 0.2848
2025-01-16 09:01:56,620 - sim - INFO - Epoch [11][5600/22500]	lr: 8.000e-04, eta: 14:29:03, time: 0.226, data_time: 0.144, memory: 3111, loss: 0.2122, Batch std: 0.2860, Agg std: 0.2848
2025-01-16 09:02:19,312 - sim - INFO - Epoch [11][5700/22500]	lr: 8.000e-04, eta: 14:27:58, time: 0.227, data_time: 0.145, memory: 3111, loss: 0.1662, Batch std: 0.2695, Agg std: 0.2847
2025-01-16 09:02:42,537 - sim - INFO - Epoch [11][5800/22500]	lr: 8.000e-04, eta: 14:27:15, time: 0.232, data_time: 0.147, memory: 3111, loss: 0.1613, Batch std: 0.2483, Agg std: 0.2842
2025-01-16 09:03:04,835 - sim - INFO - Epoch [11][5900/22500]	lr: 8.000e-04, eta: 14:25:57, time: 0.223, data_time: 0.141, memory: 3111, loss: 0.2615, Batch std: 0.3105, Agg std: 0.2842
2025-01-16 09:03:26,640 - sim - INFO - Epoch [11][6000/22500]	lr: 8.000e-04, eta: 14:24:24, time: 0.218, data_time: 0.141, memory: 3111, loss: 0.1715, Batch std: 0.2688, Agg std: 0.2842
2025-01-16 09:03:49,744 - sim - INFO - Epoch [11][6100/22500]	lr: 8.000e-04, eta: 14:23:39, time: 0.231, data_time: 0.148, memory: 3111, loss: 0.1719, Batch std: 0.2475, Agg std: 0.2837
2025-01-16 09:04:12,228 - sim - INFO - Epoch [11][6200/22500]	lr: 8.000e-04, eta: 14:22:34, time: 0.225, data_time: 0.144, memory: 3111, loss: 0.2896, Batch std: 0.2953, Agg std: 0.2837
2025-01-16 09:04:34,032 - sim - INFO - Epoch [11][6300/22500]	lr: 8.000e-04, eta: 14:21:06, time: 0.218, data_time: 0.134, memory: 3111, loss: 0.1676, Batch std: 0.2634, Agg std: 0.2835
2025-01-16 09:04:55,704 - sim - INFO - Epoch [11][6400/22500]	lr: 8.000e-04, eta: 14:19:36, time: 0.217, data_time: 0.137, memory: 3111, loss: 0.1882, Batch std: 0.2664, Agg std: 0.2832
2025-01-16 09:05:17,520 - sim - INFO - Epoch [11][6500/22500]	lr: 8.000e-04, eta: 14:18:12, time: 0.218, data_time: 0.138, memory: 3111, loss: 0.2382, Batch std: 0.2778, Agg std: 0.2830
2025-01-16 09:05:39,967 - sim - INFO - Epoch [11][6600/22500]	lr: 8.000e-04, eta: 14:17:12, time: 0.224, data_time: 0.143, memory: 3111, loss: 0.2778, Batch std: 0.2822, Agg std: 0.2828
2025-01-16 09:06:03,280 - sim - INFO - Epoch [11][6700/22500]	lr: 8.000e-04, eta: 14:16:40, time: 0.233, data_time: 0.111, memory: 3111, loss: 0.2171, Batch std: 0.2888, Agg std: 0.2830
2025-01-16 09:06:27,287 - sim - INFO - Epoch [11][6800/22500]	lr: 8.000e-04, eta: 14:16:31, time: 0.240, data_time: 0.158, memory: 3111, loss: 0.2193, Batch std: 0.2996, Agg std: 0.2833
2025-01-16 09:06:48,759 - sim - INFO - Epoch [11][6900/22500]	lr: 8.000e-04, eta: 14:15:02, time: 0.215, data_time: 0.133, memory: 3111, loss: 0.2146, Batch std: 0.2819, Agg std: 0.2833
2025-01-16 09:07:10,688 - sim - INFO - Epoch [11][7000/22500]	lr: 8.000e-04, eta: 14:13:49, time: 0.219, data_time: 0.138, memory: 3111, loss: 0.2688, Batch std: 0.2961, Agg std: 0.2834
2025-01-16 09:07:32,869 - sim - INFO - Epoch [11][7100/22500]	lr: 8.000e-04, eta: 14:12:45, time: 0.222, data_time: 0.145, memory: 3111, loss: 0.2647, Batch std: 0.2992, Agg std: 0.2836
2025-01-16 09:07:54,342 - sim - INFO - Epoch [11][7200/22500]	lr: 8.000e-04, eta: 14:11:21, time: 0.215, data_time: 0.137, memory: 3111, loss: 0.2152, Batch std: 0.2894, Agg std: 0.2839
2025-01-16 09:08:17,291 - sim - INFO - Epoch [11][7300/22500]	lr: 8.000e-04, eta: 14:10:42, time: 0.229, data_time: 0.153, memory: 3111, loss: 0.2472, Batch std: 0.2936, Agg std: 0.2839
2025-01-16 09:08:40,872 - sim - INFO - Epoch [11][7400/22500]	lr: 8.000e-04, eta: 14:10:22, time: 0.236, data_time: 0.153, memory: 3111, loss: 0.2303, Batch std: 0.2884, Agg std: 0.2840
2025-01-16 09:09:03,165 - sim - INFO - Epoch [11][7500/22500]	lr: 8.000e-04, eta: 14:09:26, time: 0.223, data_time: 0.140, memory: 3111, loss: 0.2502, Batch std: 0.2962, Agg std: 0.2841
2025-01-16 09:09:24,520 - sim - INFO - Epoch [11][7600/22500]	lr: 8.000e-04, eta: 14:08:03, time: 0.214, data_time: 0.137, memory: 3111, loss: 0.2541, Batch std: 0.2891, Agg std: 0.2842
2025-01-16 09:09:47,336 - sim - INFO - Epoch [11][7700/22500]	lr: 8.000e-04, eta: 14:07:22, time: 0.228, data_time: 0.148, memory: 3111, loss: 0.1591, Batch std: 0.2656, Agg std: 0.2841
2025-01-16 09:10:10,072 - sim - INFO - Epoch [11][7800/22500]	lr: 8.000e-04, eta: 14:06:41, time: 0.227, data_time: 0.145, memory: 3111, loss: 0.2086, Batch std: 0.2834, Agg std: 0.2840
2025-01-16 09:10:31,995 - sim - INFO - Epoch [11][7900/22500]	lr: 8.000e-04, eta: 14:05:37, time: 0.219, data_time: 0.140, memory: 3111, loss: 0.2592, Batch std: 0.3046, Agg std: 0.2841
2025-01-16 09:10:53,660 - sim - INFO - Epoch [11][8000/22500]	lr: 8.000e-04, eta: 14:04:27, time: 0.217, data_time: 0.137, memory: 3111, loss: 0.2048, Batch std: 0.2896, Agg std: 0.2843
2025-01-16 09:11:15,348 - sim - INFO - Epoch [11][8100/22500]	lr: 8.000e-04, eta: 14:03:19, time: 0.217, data_time: 0.140, memory: 3111, loss: 0.1996, Batch std: 0.2821, Agg std: 0.2842
2025-01-16 09:11:37,158 - sim - INFO - Epoch [11][8200/22500]	lr: 8.000e-04, eta: 14:02:16, time: 0.218, data_time: 0.139, memory: 3111, loss: 0.1569, Batch std: 0.2608, Agg std: 0.2841
2025-01-16 09:11:58,458 - sim - INFO - Epoch [11][8300/22500]	lr: 8.000e-04, eta: 14:01:00, time: 0.213, data_time: 0.136, memory: 3111, loss: 0.1428, Batch std: 0.2480, Agg std: 0.2838
2025-01-16 09:12:21,046 - sim - INFO - Epoch [11][8400/22500]	lr: 8.000e-04, eta: 14:00:19, time: 0.226, data_time: 0.147, memory: 3111, loss: 0.2431, Batch std: 0.2915, Agg std: 0.2836
2025-01-16 09:12:41,240 - sim - INFO - Epoch [11][8500/22500]	lr: 8.000e-04, eta: 13:58:37, time: 0.202, data_time: 0.123, memory: 3111, loss: 0.2345, Batch std: 0.2796, Agg std: 0.2836
2025-01-16 09:13:03,497 - sim - INFO - Epoch [11][8600/22500]	lr: 8.000e-04, eta: 13:57:49, time: 0.223, data_time: 0.143, memory: 3111, loss: 0.2711, Batch std: 0.3040, Agg std: 0.2837
2025-01-16 09:13:24,707 - sim - INFO - Epoch [11][8700/22500]	lr: 8.000e-04, eta: 13:56:35, time: 0.212, data_time: 0.134, memory: 3111, loss: 0.3071, Batch std: 0.3103, Agg std: 0.2839
2025-01-16 09:13:45,932 - sim - INFO - Epoch [11][8800/22500]	lr: 8.000e-04, eta: 13:55:23, time: 0.212, data_time: 0.131, memory: 3111, loss: 0.3636, Batch std: 0.3324, Agg std: 0.2844
2025-01-16 09:14:07,056 - sim - INFO - Epoch [11][8900/22500]	lr: 8.000e-04, eta: 13:54:10, time: 0.211, data_time: 0.129, memory: 3111, loss: 0.2333, Batch std: 0.3032, Agg std: 0.2849
2025-01-16 09:14:29,164 - sim - INFO - Epoch [11][9000/22500]	lr: 8.000e-04, eta: 13:53:22, time: 0.221, data_time: 0.140, memory: 3111, loss: 0.1894, Batch std: 0.2698, Agg std: 0.2848
2025-01-16 09:14:51,781 - sim - INFO - Epoch [11][9100/22500]	lr: 8.000e-04, eta: 13:52:46, time: 0.226, data_time: 0.147, memory: 3111, loss: 0.1965, Batch std: 0.2701, Agg std: 0.2846
2025-01-16 09:15:12,726 - sim - INFO - Epoch [11][9200/22500]	lr: 8.000e-04, eta: 13:51:31, time: 0.209, data_time: 0.134, memory: 3111, loss: 0.2497, Batch std: 0.2906, Agg std: 0.2847
2025-01-16 09:15:34,674 - sim - INFO - Epoch [11][9300/22500]	lr: 8.000e-04, eta: 13:50:41, time: 0.219, data_time: 0.141, memory: 3111, loss: 0.2258, Batch std: 0.2718, Agg std: 0.2845
2025-01-16 09:15:56,426 - sim - INFO - Epoch [11][9400/22500]	lr: 8.000e-04, eta: 13:49:47, time: 0.218, data_time: 0.140, memory: 3111, loss: 0.2399, Batch std: 0.2960, Agg std: 0.2846
2025-01-16 09:16:18,166 - sim - INFO - Epoch [11][9500/22500]	lr: 8.000e-04, eta: 13:48:53, time: 0.217, data_time: 0.140, memory: 3111, loss: 0.2564, Batch std: 0.2922, Agg std: 0.2847
2025-01-16 09:16:40,040 - sim - INFO - Epoch [11][9600/22500]	lr: 8.000e-04, eta: 13:48:03, time: 0.219, data_time: 0.140, memory: 3111, loss: 0.2474, Batch std: 0.2994, Agg std: 0.2848
2025-01-16 09:17:03,157 - sim - INFO - Epoch [11][9700/22500]	lr: 8.000e-04, eta: 13:47:41, time: 0.231, data_time: 0.149, memory: 3111, loss: 0.1872, Batch std: 0.2695, Agg std: 0.2848
2025-01-16 09:17:26,015 - sim - INFO - Epoch [11][9800/22500]	lr: 8.000e-04, eta: 13:47:13, time: 0.229, data_time: 0.148, memory: 3111, loss: 0.2212, Batch std: 0.2847, Agg std: 0.2847
2025-01-16 09:17:49,078 - sim - INFO - Epoch [11][9900/22500]	lr: 8.000e-04, eta: 13:46:50, time: 0.231, data_time: 0.151, memory: 3111, loss: 0.2598, Batch std: 0.3022, Agg std: 0.2847
2025-01-16 09:18:11,212 - sim - INFO - Epoch [11][10000/22500]	lr: 8.000e-04, eta: 13:46:07, time: 0.221, data_time: 0.142, memory: 3111, loss: 0.1540, Batch std: 0.2537, Agg std: 0.2847
2025-01-16 09:18:33,537 - sim - INFO - Epoch [11][10100/22500]	lr: 8.000e-04, eta: 13:45:28, time: 0.223, data_time: 0.142, memory: 3111, loss: 0.1680, Batch std: 0.2638, Agg std: 0.2845
2025-01-16 09:18:54,980 - sim - INFO - Epoch [11][10200/22500]	lr: 8.000e-04, eta: 13:44:32, time: 0.214, data_time: 0.137, memory: 3111, loss: 0.2060, Batch std: 0.2697, Agg std: 0.2843
2025-01-16 09:19:17,183 - sim - INFO - Epoch [11][10300/22500]	lr: 8.000e-04, eta: 13:43:51, time: 0.222, data_time: 0.138, memory: 3111, loss: 0.3330, Batch std: 0.3178, Agg std: 0.2844
2025-01-16 09:19:38,416 - sim - INFO - Epoch [11][10400/22500]	lr: 8.000e-04, eta: 13:42:51, time: 0.212, data_time: 0.136, memory: 3111, loss: 0.2067, Batch std: 0.2881, Agg std: 0.2846
2025-01-16 09:19:59,934 - sim - INFO - Epoch [11][10500/22500]	lr: 8.000e-04, eta: 13:41:58, time: 0.215, data_time: 0.137, memory: 3111, loss: 0.1974, Batch std: 0.2660, Agg std: 0.2845
2025-01-16 09:20:20,632 - sim - INFO - Epoch [11][10600/22500]	lr: 8.000e-04, eta: 13:40:48, time: 0.207, data_time: 0.131, memory: 3111, loss: 0.1791, Batch std: 0.2637, Agg std: 0.2843
2025-01-16 09:20:42,569 - sim - INFO - Epoch [11][10700/22500]	lr: 8.000e-04, eta: 13:40:05, time: 0.219, data_time: 0.142, memory: 3111, loss: 0.2549, Batch std: 0.3019, Agg std: 0.2843
2025-01-16 09:21:04,736 - sim - INFO - Epoch [11][10800/22500]	lr: 8.000e-04, eta: 13:39:26, time: 0.222, data_time: 0.142, memory: 3111, loss: 0.1966, Batch std: 0.2808, Agg std: 0.2843
2025-01-16 09:21:26,528 - sim - INFO - Epoch [11][10900/22500]	lr: 8.000e-04, eta: 13:38:40, time: 0.218, data_time: 0.139, memory: 3111, loss: 0.1926, Batch std: 0.2797, Agg std: 0.2843
2025-01-16 09:21:47,845 - sim - INFO - Epoch [11][11000/22500]	lr: 8.000e-04, eta: 13:37:46, time: 0.213, data_time: 0.133, memory: 3111, loss: 0.2087, Batch std: 0.2891, Agg std: 0.2843
2025-01-16 09:22:09,712 - sim - INFO - Epoch [11][11100/22500]	lr: 8.000e-04, eta: 13:37:02, time: 0.218, data_time: 0.138, memory: 3111, loss: 0.2537, Batch std: 0.2857, Agg std: 0.2843
2025-01-16 09:22:31,663 - sim - INFO - Epoch [11][11200/22500]	lr: 8.000e-04, eta: 13:36:20, time: 0.219, data_time: 0.141, memory: 3111, loss: 0.1778, Batch std: 0.2694, Agg std: 0.2843
2025-01-16 09:22:53,249 - sim - INFO - Epoch [11][11300/22500]	lr: 8.000e-04, eta: 13:35:32, time: 0.216, data_time: 0.137, memory: 3111, loss: 0.3386, Batch std: 0.3188, Agg std: 0.2844
2025-01-16 09:23:14,438 - sim - INFO - Epoch [11][11400/22500]	lr: 8.000e-04, eta: 13:34:37, time: 0.212, data_time: 0.129, memory: 3111, loss: 0.2451, Batch std: 0.2876, Agg std: 0.2846
2025-01-16 09:23:36,049 - sim - INFO - Epoch [11][11500/22500]	lr: 8.000e-04, eta: 13:33:51, time: 0.216, data_time: 0.136, memory: 3111, loss: 0.3867, Batch std: 0.3384, Agg std: 0.2847
2025-01-16 09:23:59,056 - sim - INFO - Epoch [11][11600/22500]	lr: 8.000e-04, eta: 13:33:31, time: 0.230, data_time: 0.149, memory: 3111, loss: 0.2089, Batch std: 0.2932, Agg std: 0.2851
2025-01-16 09:24:19,888 - sim - INFO - Epoch [11][11700/22500]	lr: 8.000e-04, eta: 13:32:30, time: 0.208, data_time: 0.129, memory: 3111, loss: 0.1734, Batch std: 0.2669, Agg std: 0.2850
2025-01-16 09:24:40,973 - sim - INFO - Epoch [11][11800/22500]	lr: 8.000e-04, eta: 13:31:36, time: 0.211, data_time: 0.133, memory: 3111, loss: 0.2050, Batch std: 0.2764, Agg std: 0.2849
2025-01-16 09:25:01,682 - sim - INFO - Epoch [11][11900/22500]	lr: 8.000e-04, eta: 13:30:35, time: 0.207, data_time: 0.132, memory: 3111, loss: 0.2373, Batch std: 0.2800, Agg std: 0.2849
2025-01-16 09:25:22,579 - sim - INFO - Epoch [11][12000/22500]	lr: 8.000e-04, eta: 13:29:38, time: 0.209, data_time: 0.133, memory: 3111, loss: 0.2386, Batch std: 0.3031, Agg std: 0.2849
2025-01-16 09:25:44,220 - sim - INFO - Epoch [11][12100/22500]	lr: 8.000e-04, eta: 13:28:54, time: 0.216, data_time: 0.140, memory: 3111, loss: 0.3891, Batch std: 0.3351, Agg std: 0.2853
2025-01-16 09:26:06,141 - sim - INFO - Epoch [11][12200/22500]	lr: 8.000e-04, eta: 13:28:16, time: 0.219, data_time: 0.142, memory: 3111, loss: 0.2317, Batch std: 0.2903, Agg std: 0.2854
2025-01-16 09:26:27,493 - sim - INFO - Epoch [11][12300/22500]	lr: 8.000e-04, eta: 13:27:28, time: 0.214, data_time: 0.134, memory: 3111, loss: 0.1742, Batch std: 0.2682, Agg std: 0.2854
2025-01-16 09:26:48,134 - sim - INFO - Epoch [11][12400/22500]	lr: 8.000e-04, eta: 13:26:29, time: 0.206, data_time: 0.129, memory: 3111, loss: 0.2196, Batch std: 0.2879, Agg std: 0.2853
2025-01-16 09:27:08,812 - sim - INFO - Epoch [11][12500/22500]	lr: 8.000e-04, eta: 13:25:31, time: 0.207, data_time: 0.128, memory: 3111, loss: 0.2359, Batch std: 0.2759, Agg std: 0.2853
2025-01-16 09:27:29,087 - sim - INFO - Epoch [11][12600/22500]	lr: 8.000e-04, eta: 13:24:26, time: 0.203, data_time: 0.129, memory: 3111, loss: 0.2220, Batch std: 0.2873, Agg std: 0.2852
2025-01-16 09:27:51,620 - sim - INFO - Epoch [11][12700/22500]	lr: 8.000e-04, eta: 13:24:00, time: 0.225, data_time: 0.145, memory: 3111, loss: 0.2540, Batch std: 0.2825, Agg std: 0.2852
2025-01-16 09:28:12,564 - sim - INFO - Epoch [11][12800/22500]	lr: 8.000e-04, eta: 13:23:08, time: 0.209, data_time: 0.132, memory: 3111, loss: 0.2979, Batch std: 0.2980, Agg std: 0.2853
2025-01-16 09:28:32,440 - sim - INFO - Epoch [11][12900/22500]	lr: 8.000e-04, eta: 13:21:59, time: 0.199, data_time: 0.120, memory: 3111, loss: 0.2448, Batch std: 0.2920, Agg std: 0.2853
2025-01-16 09:28:53,863 - sim - INFO - Epoch [11][13000/22500]	lr: 8.000e-04, eta: 13:21:16, time: 0.214, data_time: 0.135, memory: 3111, loss: 0.2430, Batch std: 0.2854, Agg std: 0.2854
2025-01-16 09:29:15,649 - sim - INFO - Epoch [11][13100/22500]	lr: 8.000e-04, eta: 13:20:38, time: 0.218, data_time: 0.139, memory: 3111, loss: 0.3242, Batch std: 0.3114, Agg std: 0.2855
2025-01-16 09:29:37,875 - sim - INFO - Epoch [11][13200/22500]	lr: 8.000e-04, eta: 13:20:09, time: 0.222, data_time: 0.145, memory: 3111, loss: 0.1905, Batch std: 0.2820, Agg std: 0.2856
2025-01-16 09:29:57,865 - sim - INFO - Epoch [11][13300/22500]	lr: 8.000e-04, eta: 13:19:03, time: 0.200, data_time: 0.122, memory: 3111, loss: 0.1349, Batch std: 0.2413, Agg std: 0.2854
2025-01-16 09:30:19,170 - sim - INFO - Epoch [11][13400/22500]	lr: 8.000e-04, eta: 13:18:19, time: 0.213, data_time: 0.138, memory: 3111, loss: 0.2255, Batch std: 0.2847, Agg std: 0.2852
2025-01-16 09:30:40,376 - sim - INFO - Epoch [11][13500/22500]	lr: 8.000e-04, eta: 13:17:34, time: 0.212, data_time: 0.136, memory: 3111, loss: 0.3624, Batch std: 0.3079, Agg std: 0.2853
2025-01-16 09:31:01,866 - sim - INFO - Epoch [11][13600/22500]	lr: 8.000e-04, eta: 13:16:54, time: 0.215, data_time: 0.137, memory: 3111, loss: 0.2793, Batch std: 0.3020, Agg std: 0.2855
2025-01-16 09:31:23,164 - sim - INFO - Epoch [11][13700/22500]	lr: 8.000e-04, eta: 13:16:11, time: 0.213, data_time: 0.135, memory: 3111, loss: 0.2023, Batch std: 0.2727, Agg std: 0.2854
2025-01-16 09:31:44,962 - sim - INFO - Epoch [11][13800/22500]	lr: 8.000e-04, eta: 13:15:36, time: 0.218, data_time: 0.143, memory: 3111, loss: 0.2769, Batch std: 0.3083, Agg std: 0.2855
2025-01-16 09:32:06,376 - sim - INFO - Epoch [11][13900/22500]	lr: 8.000e-04, eta: 13:14:55, time: 0.214, data_time: 0.139, memory: 3111, loss: 0.2430, Batch std: 0.2886, Agg std: 0.2856
2025-01-16 09:32:27,746 - sim - INFO - Epoch [11][14000/22500]	lr: 8.000e-04, eta: 13:14:14, time: 0.214, data_time: 0.137, memory: 3111, loss: 0.1900, Batch std: 0.2819, Agg std: 0.2856
2025-01-16 09:32:48,474 - sim - INFO - Epoch [11][14100/22500]	lr: 8.000e-04, eta: 13:13:24, time: 0.207, data_time: 0.131, memory: 3111, loss: 0.1896, Batch std: 0.2705, Agg std: 0.2855
2025-01-16 09:33:09,954 - sim - INFO - Epoch [11][14200/22500]	lr: 8.000e-04, eta: 13:12:45, time: 0.215, data_time: 0.135, memory: 3111, loss: 0.2483, Batch std: 0.2920, Agg std: 0.2854
2025-01-16 09:33:32,454 - sim - INFO - Epoch [11][14300/22500]	lr: 8.000e-04, eta: 13:12:21, time: 0.225, data_time: 0.144, memory: 3111, loss: 0.2018, Batch std: 0.2889, Agg std: 0.2855
2025-01-16 09:33:54,385 - sim - INFO - Epoch [11][14400/22500]	lr: 8.000e-04, eta: 13:11:50, time: 0.219, data_time: 0.140, memory: 3111, loss: 0.2992, Batch std: 0.3127, Agg std: 0.2857
2025-01-16 09:34:16,435 - sim - INFO - Epoch [11][14500/22500]	lr: 8.000e-04, eta: 13:11:20, time: 0.220, data_time: 0.142, memory: 3111, loss: 0.1727, Batch std: 0.2691, Agg std: 0.2857
2025-01-16 09:34:37,612 - sim - INFO - Epoch [11][14600/22500]	lr: 8.000e-04, eta: 13:10:37, time: 0.212, data_time: 0.133, memory: 3111, loss: 0.2805, Batch std: 0.2915, Agg std: 0.2856
2025-01-16 09:34:57,968 - sim - INFO - Epoch [11][14700/22500]	lr: 8.000e-04, eta: 13:09:43, time: 0.204, data_time: 0.127, memory: 3111, loss: 0.1752, Batch std: 0.2748, Agg std: 0.2856
2025-01-16 09:35:19,655 - sim - INFO - Epoch [11][14800/22500]	lr: 8.000e-04, eta: 13:09:09, time: 0.217, data_time: 0.138, memory: 3111, loss: 0.3090, Batch std: 0.3122, Agg std: 0.2857
2025-01-16 09:35:41,372 - sim - INFO - Epoch [11][14900/22500]	lr: 8.000e-04, eta: 13:08:35, time: 0.217, data_time: 0.140, memory: 3111, loss: 0.2205, Batch std: 0.2869, Agg std: 0.2858
2025-01-16 09:36:02,029 - sim - INFO - Epoch [11][15000/22500]	lr: 8.000e-04, eta: 13:07:46, time: 0.207, data_time: 0.128, memory: 3111, loss: 0.2512, Batch std: 0.3034, Agg std: 0.2858
2025-01-16 09:36:23,029 - sim - INFO - Epoch [11][15100/22500]	lr: 8.000e-04, eta: 13:07:03, time: 0.210, data_time: 0.132, memory: 3111, loss: 0.2603, Batch std: 0.3047, Agg std: 0.2859
2025-01-16 09:36:45,109 - sim - INFO - Epoch [11][15200/22500]	lr: 8.000e-04, eta: 13:06:34, time: 0.221, data_time: 0.144, memory: 3111, loss: 0.2238, Batch std: 0.2740, Agg std: 0.2859
2025-01-16 09:37:06,200 - sim - INFO - Epoch [11][15300/22500]	lr: 8.000e-04, eta: 13:05:53, time: 0.211, data_time: 0.134, memory: 3111, loss: 0.2259, Batch std: 0.2806, Agg std: 0.2859
2025-01-16 09:37:27,208 - sim - INFO - Epoch [11][15400/22500]	lr: 8.000e-04, eta: 13:05:10, time: 0.210, data_time: 0.130, memory: 3111, loss: 0.2095, Batch std: 0.2653, Agg std: 0.2858
2025-01-16 09:37:47,764 - sim - INFO - Epoch [11][15500/22500]	lr: 8.000e-04, eta: 13:04:22, time: 0.206, data_time: 0.126, memory: 3111, loss: 0.2725, Batch std: 0.2808, Agg std: 0.2857
2025-01-16 09:38:10,268 - sim - INFO - Epoch [11][15600/22500]	lr: 8.000e-04, eta: 13:04:00, time: 0.225, data_time: 0.146, memory: 3111, loss: 0.1838, Batch std: 0.2731, Agg std: 0.2857
2025-01-16 09:38:31,300 - sim - INFO - Epoch [11][15700/22500]	lr: 8.000e-04, eta: 13:03:18, time: 0.210, data_time: 0.133, memory: 3111, loss: 0.1694, Batch std: 0.2606, Agg std: 0.2856
2025-01-16 09:38:53,320 - sim - INFO - Epoch [11][15800/22500]	lr: 8.000e-04, eta: 13:02:50, time: 0.220, data_time: 0.143, memory: 3111, loss: 0.1995, Batch std: 0.2840, Agg std: 0.2855
2025-01-16 09:39:13,892 - sim - INFO - Epoch [11][15900/22500]	lr: 8.000e-04, eta: 13:02:03, time: 0.206, data_time: 0.128, memory: 3111, loss: 0.2126, Batch std: 0.2762, Agg std: 0.2855
2025-01-16 09:39:35,948 - sim - INFO - Epoch [11][16000/22500]	lr: 8.000e-04, eta: 13:01:35, time: 0.221, data_time: 0.142, memory: 3111, loss: 0.2715, Batch std: 0.3017, Agg std: 0.2855
2025-01-16 09:39:57,320 - sim - INFO - Epoch [11][16100/22500]	lr: 8.000e-04, eta: 13:00:59, time: 0.214, data_time: 0.135, memory: 3111, loss: 0.2300, Batch std: 0.2833, Agg std: 0.2855
2025-01-16 09:40:19,601 - sim - INFO - Epoch [11][16200/22500]	lr: 8.000e-04, eta: 13:00:35, time: 0.223, data_time: 0.145, memory: 3111, loss: 0.2041, Batch std: 0.2751, Agg std: 0.2855
2025-01-16 09:40:41,067 - sim - INFO - Epoch [11][16300/22500]	lr: 8.000e-04, eta: 13:00:00, time: 0.215, data_time: 0.139, memory: 3111, loss: 0.2163, Batch std: 0.2787, Agg std: 0.2854
2025-01-16 09:41:01,892 - sim - INFO - Epoch [11][16400/22500]	lr: 8.000e-04, eta: 12:59:17, time: 0.208, data_time: 0.131, memory: 3111, loss: 0.2888, Batch std: 0.3023, Agg std: 0.2855
2025-01-16 09:41:21,992 - sim - INFO - Epoch [11][16500/22500]	lr: 8.000e-04, eta: 12:58:25, time: 0.201, data_time: 0.123, memory: 3111, loss: 0.2419, Batch std: 0.2890, Agg std: 0.2855
2025-01-16 09:41:42,872 - sim - INFO - Epoch [11][16600/22500]	lr: 8.000e-04, eta: 12:57:44, time: 0.209, data_time: 0.130, memory: 3111, loss: 0.1844, Batch std: 0.2707, Agg std: 0.2855
2025-01-16 09:42:02,959 - sim - INFO - Epoch [11][16700/22500]	lr: 8.000e-04, eta: 12:56:53, time: 0.201, data_time: 0.126, memory: 3111, loss: 0.2352, Batch std: 0.3025, Agg std: 0.2855
2025-01-16 09:42:24,621 - sim - INFO - Epoch [11][16800/22500]	lr: 8.000e-04, eta: 12:56:21, time: 0.217, data_time: 0.138, memory: 3111, loss: 0.1869, Batch std: 0.2809, Agg std: 0.2856
2025-01-16 09:42:45,128 - sim - INFO - Epoch [11][16900/22500]	lr: 8.000e-04, eta: 12:55:36, time: 0.205, data_time: 0.125, memory: 3111, loss: 0.2266, Batch std: 0.2806, Agg std: 0.2855
2025-01-16 09:43:06,034 - sim - INFO - Epoch [11][17000/22500]	lr: 8.000e-04, eta: 12:54:56, time: 0.209, data_time: 0.135, memory: 3111, loss: 0.2313, Batch std: 0.2869, Agg std: 0.2855
2025-01-16 09:43:28,292 - sim - INFO - Epoch [11][17100/22500]	lr: 8.000e-04, eta: 12:54:32, time: 0.223, data_time: 0.142, memory: 3111, loss: 0.2009, Batch std: 0.2755, Agg std: 0.2855
2025-01-16 09:43:49,809 - sim - INFO - Epoch [11][17200/22500]	lr: 8.000e-04, eta: 12:54:00, time: 0.215, data_time: 0.139, memory: 3111, loss: 0.2290, Batch std: 0.2833, Agg std: 0.2854
2025-01-16 09:44:11,152 - sim - INFO - Epoch [11][17300/22500]	lr: 8.000e-04, eta: 12:53:25, time: 0.213, data_time: 0.136, memory: 3111, loss: 0.2456, Batch std: 0.2782, Agg std: 0.2854
2025-01-16 09:44:33,099 - sim - INFO - Epoch [11][17400/22500]	lr: 8.000e-04, eta: 12:52:58, time: 0.219, data_time: 0.142, memory: 3111, loss: 0.2019, Batch std: 0.2824, Agg std: 0.2854
2025-01-16 09:44:54,631 - sim - INFO - Epoch [11][17500/22500]	lr: 8.000e-04, eta: 12:52:26, time: 0.215, data_time: 0.137, memory: 3111, loss: 0.2276, Batch std: 0.2852, Agg std: 0.2854
2025-01-16 09:45:14,622 - sim - INFO - Epoch [11][17600/22500]	lr: 8.000e-04, eta: 12:51:36, time: 0.200, data_time: 0.127, memory: 3111, loss: 0.3124, Batch std: 0.3010, Agg std: 0.2854
2025-01-16 09:45:35,902 - sim - INFO - Epoch [11][17700/22500]	lr: 8.000e-04, eta: 12:51:02, time: 0.213, data_time: 0.138, memory: 3111, loss: 0.2597, Batch std: 0.2993, Agg std: 0.2855
2025-01-16 09:45:55,734 - sim - INFO - Epoch [11][17800/22500]	lr: 8.000e-04, eta: 12:50:11, time: 0.198, data_time: 0.122, memory: 3111, loss: 0.2473, Batch std: 0.3003, Agg std: 0.2856
2025-01-16 09:46:17,360 - sim - INFO - Epoch [11][17900/22500]	lr: 8.000e-04, eta: 12:49:40, time: 0.216, data_time: 0.138, memory: 3111, loss: 0.2088, Batch std: 0.2913, Agg std: 0.2857
2025-01-16 09:46:39,149 - sim - INFO - Epoch [11][18000/22500]	lr: 8.000e-04, eta: 12:49:12, time: 0.218, data_time: 0.139, memory: 3111, loss: 0.2689, Batch std: 0.3010, Agg std: 0.2857
2025-01-16 09:47:00,820 - sim - INFO - Epoch [11][18100/22500]	lr: 8.000e-04, eta: 12:48:43, time: 0.217, data_time: 0.136, memory: 3111, loss: 0.2235, Batch std: 0.2942, Agg std: 0.2858
2025-01-16 09:47:23,495 - sim - INFO - Epoch [11][18200/22500]	lr: 8.000e-04, eta: 12:48:25, time: 0.227, data_time: 0.144, memory: 3111, loss: 0.2235, Batch std: 0.2747, Agg std: 0.2857
2025-01-16 09:47:44,706 - sim - INFO - Epoch [11][18300/22500]	lr: 8.000e-04, eta: 12:47:50, time: 0.212, data_time: 0.131, memory: 3111, loss: 0.2349, Batch std: 0.2928, Agg std: 0.2857
2025-01-16 09:48:05,391 - sim - INFO - Epoch [11][18400/22500]	lr: 8.000e-04, eta: 12:47:10, time: 0.207, data_time: 0.129, memory: 3111, loss: 0.2593, Batch std: 0.3031, Agg std: 0.2858
2025-01-16 09:48:25,425 - sim - INFO - Epoch [11][18500/22500]	lr: 8.000e-04, eta: 12:46:23, time: 0.200, data_time: 0.125, memory: 3111, loss: 0.2111, Batch std: 0.2701, Agg std: 0.2858
2025-01-16 09:48:46,229 - sim - INFO - Epoch [11][18600/22500]	lr: 8.000e-04, eta: 12:45:44, time: 0.208, data_time: 0.129, memory: 3111, loss: 0.2053, Batch std: 0.2728, Agg std: 0.2858
2025-01-16 09:49:06,145 - sim - INFO - Epoch [11][18700/22500]	lr: 8.000e-04, eta: 12:44:56, time: 0.199, data_time: 0.121, memory: 3111, loss: 0.1835, Batch std: 0.2635, Agg std: 0.2856
2025-01-16 09:49:27,862 - sim - INFO - Epoch [11][18800/22500]	lr: 8.000e-04, eta: 12:44:28, time: 0.217, data_time: 0.136, memory: 3111, loss: 0.3189, Batch std: 0.3042, Agg std: 0.2856
2025-01-16 09:49:48,834 - sim - INFO - Epoch [11][18900/22500]	lr: 8.000e-04, eta: 12:43:52, time: 0.210, data_time: 0.131, memory: 3111, loss: 0.1822, Batch std: 0.2734, Agg std: 0.2856
2025-01-16 09:50:10,525 - sim - INFO - Epoch [11][19000/22500]	lr: 8.000e-04, eta: 12:43:24, time: 0.217, data_time: 0.137, memory: 3111, loss: 0.2818, Batch std: 0.2945, Agg std: 0.2857
2025-01-16 09:50:32,081 - sim - INFO - Epoch [11][19100/22500]	lr: 8.000e-04, eta: 12:42:54, time: 0.216, data_time: 0.136, memory: 3111, loss: 0.2066, Batch std: 0.2868, Agg std: 0.2856
2025-01-16 09:50:53,184 - sim - INFO - Epoch [11][19200/22500]	lr: 8.000e-04, eta: 12:42:20, time: 0.211, data_time: 0.127, memory: 3111, loss: 0.1858, Batch std: 0.2698, Agg std: 0.2856
2025-01-16 09:51:13,854 - sim - INFO - Epoch [11][19300/22500]	lr: 8.000e-04, eta: 12:41:41, time: 0.207, data_time: 0.128, memory: 3111, loss: 0.2410, Batch std: 0.2859, Agg std: 0.2856
2025-01-16 09:51:35,928 - sim - INFO - Epoch [11][19400/22500]	lr: 8.000e-04, eta: 12:41:17, time: 0.221, data_time: 0.140, memory: 3111, loss: 0.2108, Batch std: 0.2766, Agg std: 0.2855
2025-01-16 09:51:55,889 - sim - INFO - Epoch [11][19500/22500]	lr: 8.000e-04, eta: 12:40:31, time: 0.200, data_time: 0.122, memory: 3111, loss: 0.2647, Batch std: 0.2865, Agg std: 0.2855
2025-01-16 09:52:19,408 - sim - INFO - Epoch [11][19600/22500]	lr: 8.000e-04, eta: 12:40:23, time: 0.235, data_time: 0.154, memory: 3111, loss: 0.2881, Batch std: 0.3267, Agg std: 0.2857
2025-01-16 09:52:41,208 - sim - INFO - Epoch [11][19700/22500]	lr: 8.000e-04, eta: 12:39:56, time: 0.218, data_time: 0.138, memory: 3111, loss: 0.3479, Batch std: 0.3317, Agg std: 0.2859
2025-01-16 09:53:00,173 - sim - INFO - Epoch [11][19800/22500]	lr: 8.000e-04, eta: 12:39:00, time: 0.190, data_time: 0.111, memory: 3111, loss: 0.1927, Batch std: 0.2716, Agg std: 0.2860
2025-01-16 09:53:22,798 - sim - INFO - Epoch [11][19900/22500]	lr: 8.000e-04, eta: 12:38:42, time: 0.226, data_time: 0.145, memory: 3111, loss: 0.2130, Batch std: 0.2797, Agg std: 0.2859
2025-01-16 09:53:42,612 - sim - INFO - Epoch [11][20000/22500]	lr: 8.000e-04, eta: 12:37:56, time: 0.198, data_time: 0.122, memory: 3111, loss: 0.1888, Batch std: 0.2790, Agg std: 0.2859
2025-01-16 09:54:04,112 - sim - INFO - Epoch [11][20100/22500]	lr: 8.000e-04, eta: 12:37:27, time: 0.215, data_time: 0.136, memory: 3111, loss: 0.2107, Batch std: 0.2800, Agg std: 0.2858
2025-01-16 09:54:24,367 - sim - INFO - Epoch [11][20200/22500]	lr: 8.000e-04, eta: 12:36:45, time: 0.203, data_time: 0.126, memory: 3111, loss: 0.2679, Batch std: 0.3098, Agg std: 0.2859
2025-01-16 09:54:45,316 - sim - INFO - Epoch [11][20300/22500]	lr: 8.000e-04, eta: 12:36:10, time: 0.209, data_time: 0.130, memory: 3111, loss: 0.2328, Batch std: 0.2835, Agg std: 0.2859
2025-01-16 09:55:04,540 - sim - INFO - Epoch [11][20400/22500]	lr: 8.000e-04, eta: 12:35:19, time: 0.192, data_time: 0.118, memory: 3111, loss: 0.2961, Batch std: 0.3131, Agg std: 0.2860
2025-01-16 09:55:26,332 - sim - INFO - Epoch [11][20500/22500]	lr: 8.000e-04, eta: 12:34:53, time: 0.218, data_time: 0.143, memory: 3111, loss: 0.1962, Batch std: 0.2783, Agg std: 0.2860
2025-01-16 09:55:47,528 - sim - INFO - Epoch [11][20600/22500]	lr: 8.000e-04, eta: 12:34:21, time: 0.212, data_time: 0.136, memory: 3111, loss: 0.2305, Batch std: 0.2955, Agg std: 0.2861
2025-01-16 09:56:09,254 - sim - INFO - Epoch [11][20700/22500]	lr: 8.000e-04, eta: 12:33:55, time: 0.217, data_time: 0.140, memory: 3111, loss: 0.2146, Batch std: 0.2784, Agg std: 0.2861
2025-01-16 09:56:29,855 - sim - INFO - Epoch [11][20800/22500]	lr: 8.000e-04, eta: 12:33:18, time: 0.206, data_time: 0.132, memory: 3111, loss: 0.2199, Batch std: 0.2830, Agg std: 0.2860
2025-01-16 09:56:50,251 - sim - INFO - Epoch [11][20900/22500]	lr: 8.000e-04, eta: 12:32:39, time: 0.204, data_time: 0.128, memory: 3111, loss: 0.2114, Batch std: 0.2726, Agg std: 0.2860
2025-01-16 09:57:10,366 - sim - INFO - Epoch [11][21000/22500]	lr: 8.000e-04, eta: 12:31:57, time: 0.201, data_time: 0.125, memory: 3111, loss: 0.1901, Batch std: 0.2716, Agg std: 0.2859
2025-01-16 09:57:32,593 - sim - INFO - Epoch [11][21100/22500]	lr: 8.000e-04, eta: 12:31:36, time: 0.222, data_time: 0.141, memory: 3111, loss: 0.2101, Batch std: 0.2710, Agg std: 0.2858
2025-01-16 09:57:53,681 - sim - INFO - Epoch [11][21200/22500]	lr: 8.000e-04, eta: 12:31:04, time: 0.211, data_time: 0.130, memory: 3111, loss: 0.2049, Batch std: 0.2811, Agg std: 0.2858
2025-01-16 09:58:14,822 - sim - INFO - Epoch [11][21300/22500]	lr: 8.000e-04, eta: 12:30:33, time: 0.211, data_time: 0.129, memory: 3111, loss: 0.1602, Batch std: 0.2607, Agg std: 0.2857
2025-01-16 09:58:36,173 - sim - INFO - Epoch [11][21400/22500]	lr: 8.000e-04, eta: 12:30:03, time: 0.214, data_time: 0.135, memory: 3111, loss: 0.2373, Batch std: 0.2929, Agg std: 0.2857
2025-01-16 09:58:57,272 - sim - INFO - Epoch [11][21500/22500]	lr: 8.000e-04, eta: 12:29:32, time: 0.211, data_time: 0.133, memory: 3111, loss: 0.3023, Batch std: 0.2978, Agg std: 0.2858
2025-01-16 09:59:17,519 - sim - INFO - Epoch [11][21600/22500]	lr: 8.000e-04, eta: 12:28:52, time: 0.203, data_time: 0.123, memory: 3111, loss: 0.1409, Batch std: 0.2538, Agg std: 0.2857
2025-01-16 09:59:38,583 - sim - INFO - Epoch [11][21700/22500]	lr: 8.000e-04, eta: 12:28:20, time: 0.211, data_time: 0.135, memory: 3111, loss: 0.2739, Batch std: 0.3017, Agg std: 0.2856
2025-01-16 10:00:00,090 - sim - INFO - Epoch [11][21800/22500]	lr: 8.000e-04, eta: 12:27:53, time: 0.215, data_time: 0.139, memory: 3111, loss: 0.1792, Batch std: 0.2769, Agg std: 0.2857
2025-01-16 10:00:22,072 - sim - INFO - Epoch [11][21900/22500]	lr: 8.000e-04, eta: 12:27:30, time: 0.220, data_time: 0.131, memory: 3111, loss: 0.2715, Batch std: 0.2961, Agg std: 0.2857
2025-01-16 10:00:42,381 - sim - INFO - Epoch [11][22000/22500]	lr: 8.000e-04, eta: 12:26:51, time: 0.203, data_time: 0.123, memory: 3111, loss: 0.2054, Batch std: 0.2790, Agg std: 0.2857
2025-01-16 10:01:02,460 - sim - INFO - Epoch [11][22100/22500]	lr: 8.000e-04, eta: 12:26:11, time: 0.201, data_time: 0.094, memory: 3111, loss: 0.2502, Batch std: 0.2922, Agg std: 0.2857
2025-01-16 10:01:23,947 - sim - INFO - Epoch [11][22200/22500]	lr: 8.000e-04, eta: 12:25:44, time: 0.215, data_time: 0.135, memory: 3111, loss: 0.2605, Batch std: 0.3007, Agg std: 0.2857
2025-01-16 10:01:45,759 - sim - INFO - Epoch [11][22300/22500]	lr: 8.000e-04, eta: 12:25:19, time: 0.218, data_time: 0.137, memory: 3111, loss: 0.2010, Batch std: 0.2869, Agg std: 0.2858
2025-01-16 10:02:06,352 - sim - INFO - Epoch [11][22400/22500]	lr: 8.000e-04, eta: 12:24:44, time: 0.206, data_time: 0.127, memory: 3111, loss: 0.2657, Batch std: 0.3026, Agg std: 0.2858
2025-01-16 10:02:26,305 - sim - INFO - Epoch [11][22500/22500]	lr: 8.000e-04, eta: 12:24:03, time: 0.200, data_time: 0.120, memory: 3111, loss: 0.2982, Batch std: 0.3255, Agg std: 0.2859
2025-01-16 10:02:26,615 - sim - INFO - Saving checkpoint at 11 epochs
2025-01-16 10:02:54,140 - sim - INFO - Epoch [12][100/22500]	lr: 8.000e-04, eta: 12:24:29, time: 0.274, data_time: 0.194, memory: 3111, loss: 0.2473, Batch std: 0.2901, Agg std: 0.2860
2025-01-16 10:03:15,388 - sim - INFO - Epoch [12][200/22500]	lr: 8.000e-04, eta: 12:24:00, time: 0.212, data_time: 0.125, memory: 3111, loss: 0.2768, Batch std: 0.3044, Agg std: 0.2861
2025-01-16 10:03:38,518 - sim - INFO - Epoch [12][300/22500]	lr: 8.000e-04, eta: 12:23:47, time: 0.231, data_time: 0.155, memory: 3111, loss: 0.1947, Batch std: 0.2770, Agg std: 0.2861
2025-01-16 10:04:00,559 - sim - INFO - Epoch [12][400/22500]	lr: 8.000e-04, eta: 12:23:25, time: 0.220, data_time: 0.143, memory: 3111, loss: 0.1891, Batch std: 0.2673, Agg std: 0.2860
2025-01-16 10:04:22,126 - sim - INFO - Epoch [12][500/22500]	lr: 8.000e-04, eta: 12:22:58, time: 0.216, data_time: 0.136, memory: 3111, loss: 0.2084, Batch std: 0.2815, Agg std: 0.2860
2025-01-16 10:04:44,393 - sim - INFO - Epoch [12][600/22500]	lr: 8.000e-04, eta: 12:22:38, time: 0.223, data_time: 0.142, memory: 3111, loss: 0.2748, Batch std: 0.3007, Agg std: 0.2860
2025-01-16 10:05:04,735 - sim - INFO - Epoch [12][700/22500]	lr: 8.000e-04, eta: 12:22:01, time: 0.203, data_time: 0.128, memory: 3111, loss: 0.2816, Batch std: 0.3067, Agg std: 0.2860
2025-01-16 10:05:26,018 - sim - INFO - Epoch [12][800/22500]	lr: 8.000e-04, eta: 12:21:32, time: 0.213, data_time: 0.133, memory: 3111, loss: 0.2152, Batch std: 0.2923, Agg std: 0.2861
2025-01-16 10:05:46,320 - sim - INFO - Epoch [12][900/22500]	lr: 8.000e-04, eta: 12:20:55, time: 0.203, data_time: 0.122, memory: 3111, loss: 0.1558, Batch std: 0.2690, Agg std: 0.2861
2025-01-16 10:06:07,811 - sim - INFO - Epoch [12][1000/22500]	lr: 8.000e-04, eta: 12:20:28, time: 0.215, data_time: 0.136, memory: 3111, loss: 0.1915, Batch std: 0.2606, Agg std: 0.2860
2025-01-16 10:06:28,803 - sim - INFO - Epoch [12][1100/22500]	lr: 8.000e-04, eta: 12:19:57, time: 0.210, data_time: 0.132, memory: 3111, loss: 0.2636, Batch std: 0.2856, Agg std: 0.2860
2025-01-16 10:06:49,260 - sim - INFO - Epoch [12][1200/22500]	lr: 8.000e-04, eta: 12:19:21, time: 0.205, data_time: 0.128, memory: 3111, loss: 0.2283, Batch std: 0.2866, Agg std: 0.2860
2025-01-16 10:07:12,366 - sim - INFO - Epoch [12][1300/22500]	lr: 8.000e-04, eta: 12:19:08, time: 0.231, data_time: 0.156, memory: 3111, loss: 0.1282, Batch std: 0.2493, Agg std: 0.2859
2025-01-16 10:07:34,634 - sim - INFO - Epoch [12][1400/22500]	lr: 8.000e-04, eta: 12:18:48, time: 0.223, data_time: 0.144, memory: 3111, loss: 0.1845, Batch std: 0.2542, Agg std: 0.2857
2025-01-16 10:07:56,512 - sim - INFO - Epoch [12][1500/22500]	lr: 8.000e-04, eta: 12:18:24, time: 0.219, data_time: 0.137, memory: 3111, loss: 0.2133, Batch std: 0.2870, Agg std: 0.2857
2025-01-16 10:08:18,216 - sim - INFO - Epoch [12][1600/22500]	lr: 8.000e-04, eta: 12:18:00, time: 0.217, data_time: 0.138, memory: 3111, loss: 0.2349, Batch std: 0.2893, Agg std: 0.2857
2025-01-16 10:08:39,788 - sim - INFO - Epoch [12][1700/22500]	lr: 8.000e-04, eta: 12:17:34, time: 0.216, data_time: 0.137, memory: 3111, loss: 0.2628, Batch std: 0.2940, Agg std: 0.2857
2025-01-16 10:08:59,759 - sim - INFO - Epoch [12][1800/22500]	lr: 8.000e-04, eta: 12:16:55, time: 0.200, data_time: 0.120, memory: 3111, loss: 0.2639, Batch std: 0.3001, Agg std: 0.2858
2025-01-16 10:09:21,700 - sim - INFO - Epoch [12][1900/22500]	lr: 8.000e-04, eta: 12:16:32, time: 0.219, data_time: 0.137, memory: 3111, loss: 0.2001, Batch std: 0.2780, Agg std: 0.2858
2025-01-16 10:09:43,484 - sim - INFO - Epoch [12][2000/22500]	lr: 8.000e-04, eta: 12:16:08, time: 0.218, data_time: 0.139, memory: 3111, loss: 0.2022, Batch std: 0.2743, Agg std: 0.2857
2025-01-16 10:10:05,658 - sim - INFO - Epoch [12][2100/22500]	lr: 8.000e-04, eta: 12:15:47, time: 0.222, data_time: 0.143, memory: 3111, loss: 0.3165, Batch std: 0.3079, Agg std: 0.2857
2025-01-16 10:10:28,126 - sim - INFO - Epoch [12][2200/22500]	lr: 8.000e-04, eta: 12:15:28, time: 0.225, data_time: 0.147, memory: 3111, loss: 0.2587, Batch std: 0.2896, Agg std: 0.2858
2025-01-16 10:10:46,893 - sim - INFO - Epoch [12][2300/22500]	lr: 8.000e-04, eta: 12:14:40, time: 0.188, data_time: 0.089, memory: 3111, loss: 0.2488, Batch std: 0.2926, Agg std: 0.2858
2025-01-16 10:11:04,604 - sim - INFO - Epoch [12][2400/22500]	lr: 8.000e-04, eta: 12:13:43, time: 0.177, data_time: 0.061, memory: 3111, loss: 0.2294, Batch std: 0.2979, Agg std: 0.2859
2025-01-16 10:11:22,561 - sim - INFO - Epoch [12][2500/22500]	lr: 8.000e-04, eta: 12:12:49, time: 0.180, data_time: 0.066, memory: 3111, loss: 0.1795, Batch std: 0.2616, Agg std: 0.2858
2025-01-16 10:11:41,820 - sim - INFO - Epoch [12][2600/22500]	lr: 8.000e-04, eta: 12:12:05, time: 0.193, data_time: 0.086, memory: 3111, loss: 0.2973, Batch std: 0.2913, Agg std: 0.2858
2025-01-16 10:11:58,852 - sim - INFO - Epoch [12][2700/22500]	lr: 8.000e-04, eta: 12:11:04, time: 0.170, data_time: 0.071, memory: 3111, loss: 0.3336, Batch std: 0.3156, Agg std: 0.2859
2025-01-16 10:12:17,873 - sim - INFO - Epoch [12][2800/22500]	lr: 8.000e-04, eta: 12:10:19, time: 0.190, data_time: 0.084, memory: 3111, loss: 0.2304, Batch std: 0.2982, Agg std: 0.2860
2025-01-16 10:12:36,032 - sim - INFO - Epoch [12][2900/22500]	lr: 8.000e-04, eta: 12:09:27, time: 0.182, data_time: 0.083, memory: 3111, loss: 0.2240, Batch std: 0.2876, Agg std: 0.2860
2025-01-16 10:12:53,525 - sim - INFO - Epoch [12][3000/22500]	lr: 8.000e-04, eta: 12:08:31, time: 0.175, data_time: 0.064, memory: 3111, loss: 0.2120, Batch std: 0.2726, Agg std: 0.2860
2025-01-16 10:13:10,677 - sim - INFO - Epoch [12][3100/22500]	lr: 8.000e-04, eta: 12:07:32, time: 0.172, data_time: 0.067, memory: 3111, loss: 0.3585, Batch std: 0.3135, Agg std: 0.2860
2025-01-16 10:13:29,306 - sim - INFO - Epoch [12][3200/22500]	lr: 8.000e-04, eta: 12:06:44, time: 0.186, data_time: 0.077, memory: 3111, loss: 0.2241, Batch std: 0.2750, Agg std: 0.2860
2025-01-16 10:13:46,476 - sim - INFO - Epoch [12][3300/22500]	lr: 8.000e-04, eta: 12:05:46, time: 0.172, data_time: 0.073, memory: 3111, loss: 0.2062, Batch std: 0.2826, Agg std: 0.2860
2025-01-16 10:14:03,692 - sim - INFO - Epoch [12][3400/22500]	lr: 8.000e-04, eta: 12:04:49, time: 0.172, data_time: 0.068, memory: 3111, loss: 0.1777, Batch std: 0.2610, Agg std: 0.2860
2025-01-16 10:14:22,132 - sim - INFO - Epoch [12][3500/22500]	lr: 8.000e-04, eta: 12:04:01, time: 0.184, data_time: 0.076, memory: 3111, loss: 0.2132, Batch std: 0.2848, Agg std: 0.2859
2025-01-16 10:14:38,829 - sim - INFO - Epoch [12][3600/22500]	lr: 8.000e-04, eta: 12:03:00, time: 0.167, data_time: 0.065, memory: 3111, loss: 0.2221, Batch std: 0.2702, Agg std: 0.2859
2025-01-16 10:14:57,921 - sim - INFO - Epoch [12][3700/22500]	lr: 8.000e-04, eta: 12:02:17, time: 0.191, data_time: 0.088, memory: 3111, loss: 0.2509, Batch std: 0.2787, Agg std: 0.2858
2025-01-16 10:15:15,130 - sim - INFO - Epoch [12][3800/22500]	lr: 8.000e-04, eta: 12:01:21, time: 0.172, data_time: 0.068, memory: 3111, loss: 0.2266, Batch std: 0.2818, Agg std: 0.2858
2025-01-16 10:15:33,377 - sim - INFO - Epoch [12][3900/22500]	lr: 8.000e-04, eta: 12:00:32, time: 0.182, data_time: 0.081, memory: 3111, loss: 0.3090, Batch std: 0.3169, Agg std: 0.2859
2025-01-16 10:15:52,048 - sim - INFO - Epoch [12][4000/22500]	lr: 8.000e-04, eta: 11:59:47, time: 0.187, data_time: 0.081, memory: 3111, loss: 0.2277, Batch std: 0.2797, Agg std: 0.2859
2025-01-16 10:16:09,916 - sim - INFO - Epoch [12][4100/22500]	lr: 8.000e-04, eta: 11:58:57, time: 0.179, data_time: 0.071, memory: 3111, loss: 0.1922, Batch std: 0.2794, Agg std: 0.2859
2025-01-16 10:16:28,048 - sim - INFO - Epoch [12][4200/22500]	lr: 8.000e-04, eta: 11:58:08, time: 0.181, data_time: 0.071, memory: 3111, loss: 0.1797, Batch std: 0.2611, Agg std: 0.2858
2025-01-16 10:16:45,596 - sim - INFO - Epoch [12][4300/22500]	lr: 8.000e-04, eta: 11:57:15, time: 0.175, data_time: 0.064, memory: 3111, loss: 0.1758, Batch std: 0.2710, Agg std: 0.2857
2025-01-16 10:17:04,268 - sim - INFO - Epoch [12][4400/22500]	lr: 8.000e-04, eta: 11:56:31, time: 0.187, data_time: 0.082, memory: 3111, loss: 0.2442, Batch std: 0.2806, Agg std: 0.2857
2025-01-16 10:17:21,676 - sim - INFO - Epoch [12][4500/22500]	lr: 8.000e-04, eta: 11:55:38, time: 0.174, data_time: 0.063, memory: 3111, loss: 0.1984, Batch std: 0.2709, Agg std: 0.2856
2025-01-16 10:17:38,964 - sim - INFO - Epoch [12][4600/22500]	lr: 8.000e-04, eta: 11:54:44, time: 0.173, data_time: 0.059, memory: 3111, loss: 0.2659, Batch std: 0.3039, Agg std: 0.2857
2025-01-16 10:17:57,796 - sim - INFO - Epoch [12][4700/22500]	lr: 8.000e-04, eta: 11:54:02, time: 0.188, data_time: 0.076, memory: 3111, loss: 0.1723, Batch std: 0.2535, Agg std: 0.2857
2025-01-16 10:18:15,708 - sim - INFO - Epoch [12][4800/22500]	lr: 8.000e-04, eta: 11:53:13, time: 0.179, data_time: 0.068, memory: 3111, loss: 0.2061, Batch std: 0.2883, Agg std: 0.2856
2025-01-16 10:18:34,041 - sim - INFO - Epoch [12][4900/22500]	lr: 8.000e-04, eta: 11:52:28, time: 0.183, data_time: 0.073, memory: 3111, loss: 0.2781, Batch std: 0.2912, Agg std: 0.2856
2025-01-16 10:18:53,162 - sim - INFO - Epoch [12][5000/22500]	lr: 8.000e-04, eta: 11:51:48, time: 0.191, data_time: 0.086, memory: 3111, loss: 0.2099, Batch std: 0.2752, Agg std: 0.2856
2025-01-16 10:19:12,536 - sim - INFO - Epoch [12][5100/22500]	lr: 8.000e-04, eta: 11:51:10, time: 0.194, data_time: 0.088, memory: 3111, loss: 0.3454, Batch std: 0.3159, Agg std: 0.2856
2025-01-16 10:19:30,852 - sim - INFO - Epoch [12][5200/22500]	lr: 8.000e-04, eta: 11:50:25, time: 0.183, data_time: 0.067, memory: 3111, loss: 0.2509, Batch std: 0.2993, Agg std: 0.2857
2025-01-16 10:19:48,504 - sim - INFO - Epoch [12][5300/22500]	lr: 8.000e-04, eta: 11:49:35, time: 0.176, data_time: 0.068, memory: 3111, loss: 0.2333, Batch std: 0.2873, Agg std: 0.2857
2025-01-16 10:20:05,792 - sim - INFO - Epoch [12][5400/22500]	lr: 8.000e-04, eta: 11:48:43, time: 0.173, data_time: 0.078, memory: 3111, loss: 0.1810, Batch std: 0.2620, Agg std: 0.2857
2025-01-16 10:20:21,339 - sim - INFO - Epoch [12][5500/22500]	lr: 8.000e-04, eta: 11:47:39, time: 0.155, data_time: 0.064, memory: 3111, loss: 0.2085, Batch std: 0.2728, Agg std: 0.2856
2025-01-16 10:20:38,398 - sim - INFO - Epoch [12][5600/22500]	lr: 8.000e-04, eta: 11:46:46, time: 0.171, data_time: 0.077, memory: 3111, loss: 0.2276, Batch std: 0.2852, Agg std: 0.2856
2025-01-16 10:20:56,712 - sim - INFO - Epoch [12][5700/22500]	lr: 8.000e-04, eta: 11:46:02, time: 0.183, data_time: 0.085, memory: 3111, loss: 0.2086, Batch std: 0.2660, Agg std: 0.2856
2025-01-16 10:21:15,688 - sim - INFO - Epoch [12][5800/22500]	lr: 8.000e-04, eta: 11:45:23, time: 0.190, data_time: 0.098, memory: 3111, loss: 0.3255, Batch std: 0.3120, Agg std: 0.2856
