2025-03-15 14:26:00,506 - sim - INFO - Namespace(checkpoint='work_dirs/tga_multigraph_boxbath/epoch_2.pth', config='configs/tga/tga_abs_boxbath.py', debug=0, device='cuda:0', tar_rollout=-1, val_rollout=-1, work_dir='predict/tga_multigraph_boxbath')
2025-03-15 14:26:00,584 - sim - INFO - Number of parameters: 873633
2025-03-15 14:26:00,584 - sim - INFO - Loading network from work_dirs/tga_multigraph_boxbath/epoch_2.pth
2025-03-15 14:26:01,937 - sim - INFO - Rollout 0 / 300
2025-03-15 14:26:07,673 - sim - INFO - Step 10 / 150: time per frame 0.215791
2025-03-15 14:26:09,124 - sim - INFO - Step 20 / 150: time per frame 0.164045
2025-03-15 14:26:10,467 - sim - INFO - Step 30 / 150: time per frame 0.146137
2025-03-15 14:26:11,821 - sim - INFO - Step 40 / 150: time per frame 0.137517
2025-03-15 14:26:13,229 - sim - INFO - Step 50 / 150: time per frame 0.131784
2025-03-15 14:26:14,690 - sim - INFO - Step 60 / 150: time per frame 0.131133
2025-03-15 14:26:16,082 - sim - INFO - Step 70 / 150: time per frame 0.129105
2025-03-15 14:26:17,742 - sim - INFO - Step 80 / 150: time per frame 0.130425
2025-03-15 14:26:19,184 - sim - INFO - Step 90 / 150: time per frame 0.129524
2025-03-15 14:26:20,632 - sim - INFO - Step 100 / 150: time per frame 0.129075
2025-03-15 14:26:22,194 - sim - INFO - Step 110 / 150: time per frame 0.129536
2025-03-15 14:26:23,602 - sim - INFO - Step 120 / 150: time per frame 0.128884
2025-03-15 14:26:24,991 - sim - INFO - Step 130 / 150: time per frame 0.127992
2025-03-15 14:26:26,503 - sim - INFO - Step 140 / 150: time per frame 0.128214
2025-03-15 14:26:27,766 - sim - INFO - MSE: 0.012435453305756936
2025-03-15 14:26:27,766 - sim - INFO - Materials MSE: 0.01031139007911561
2025-03-15 14:26:27,766 - sim - INFO - Time per frame: 0.127550175061097
2025-03-15 14:26:27,770 - sim - INFO - Rollout 1 / 300
2025-03-15 14:26:32,462 - sim - INFO - Step 10 / 150: time per frame 0.107826
2025-03-15 14:26:33,933 - sim - INFO - Step 20 / 150: time per frame 0.115713
2025-03-15 14:26:35,295 - sim - INFO - Step 30 / 150: time per frame 0.114868
2025-03-15 14:26:36,830 - sim - INFO - Step 40 / 150: time per frame 0.116631
2025-03-15 14:26:38,193 - sim - INFO - Step 50 / 150: time per frame 0.116879
2025-03-15 14:26:39,730 - sim - INFO - Step 60 / 150: time per frame 0.117664
2025-03-15 14:26:41,181 - sim - INFO - Step 70 / 150: time per frame 0.118642
2025-03-15 14:26:42,627 - sim - INFO - Step 80 / 150: time per frame 0.119442
2025-03-15 14:26:43,960 - sim - INFO - Step 90 / 150: time per frame 0.118784
2025-03-15 14:26:45,338 - sim - INFO - Step 100 / 150: time per frame 0.118707
2025-03-15 14:26:46,782 - sim - INFO - Step 110 / 150: time per frame 0.118541
2025-03-15 14:26:48,241 - sim - INFO - Step 120 / 150: time per frame 0.119063
2025-03-15 14:26:49,707 - sim - INFO - Step 130 / 150: time per frame 0.119574
2025-03-15 14:26:51,334 - sim - INFO - Step 140 / 150: time per frame 0.120614
2025-03-15 14:26:52,692 - sim - INFO - MSE: 0.012113161530751445
2025-03-15 14:26:52,693 - sim - INFO - Materials MSE: 0.012528575327874259
2025-03-15 14:26:52,693 - sim - INFO - Time per frame: 0.12128013533514899
2025-03-15 14:26:52,697 - sim - INFO - Rollout 2 / 300
2025-03-15 14:26:57,421 - sim - INFO - Step 10 / 150: time per frame 0.122077
2025-03-15 14:26:58,675 - sim - INFO - Step 20 / 150: time per frame 0.112439
2025-03-15 14:27:00,140 - sim - INFO - Step 30 / 150: time per frame 0.115622
2025-03-15 14:27:01,720 - sim - INFO - Step 40 / 150: time per frame 0.120963
2025-03-15 14:27:03,126 - sim - INFO - Step 50 / 150: time per frame 0.120345
2025-03-15 14:27:04,663 - sim - INFO - Step 60 / 150: time per frame 0.121489
2025-03-15 14:27:06,151 - sim - INFO - Step 70 / 150: time per frame 0.122151
2025-03-15 14:27:07,706 - sim - INFO - Step 80 / 150: time per frame 0.123705
2025-03-15 14:27:09,180 - sim - INFO - Step 90 / 150: time per frame 0.123759
2025-03-15 14:27:10,549 - sim - INFO - Step 100 / 150: time per frame 0.122655
2025-03-15 14:27:12,041 - sim - INFO - Step 110 / 150: time per frame 0.122817
2025-03-15 14:27:13,530 - sim - INFO - Step 120 / 150: time per frame 0.123061
2025-03-15 14:27:15,090 - sim - INFO - Step 130 / 150: time per frame 0.123735
2025-03-15 14:27:16,763 - sim - INFO - Step 140 / 150: time per frame 0.125154
2025-03-15 14:27:18,230 - sim - INFO - MSE: 0.012030568197924101
2025-03-15 14:27:18,231 - sim - INFO - Materials MSE: 0.010338012433273373
2025-03-15 14:27:18,231 - sim - INFO - Time per frame: 0.12567186838871724
2025-03-15 14:27:18,235 - sim - INFO - Rollout 3 / 300
2025-03-15 14:27:22,777 - sim - INFO - Step 10 / 150: time per frame 0.114424
2025-03-15 14:27:24,139 - sim - INFO - Step 20 / 150: time per frame 0.113596
2025-03-15 14:27:25,440 - sim - INFO - Step 30 / 150: time per frame 0.112144
2025-03-15 14:27:26,990 - sim - INFO - Step 40 / 150: time per frame 0.118009
2025-03-15 14:27:28,678 - sim - INFO - Step 50 / 150: time per frame 0.123333
2025-03-15 14:27:30,180 - sim - INFO - Step 60 / 150: time per frame 0.124111
2025-03-15 14:27:31,781 - sim - INFO - Step 70 / 150: time per frame 0.126052
2025-03-15 14:27:33,435 - sim - INFO - Step 80 / 150: time per frame 0.128213
2025-03-15 14:27:34,884 - sim - INFO - Step 90 / 150: time per frame 0.126650
2025-03-15 14:27:36,456 - sim - INFO - Step 100 / 150: time per frame 0.127204
2025-03-15 14:27:37,847 - sim - INFO - Step 110 / 150: time per frame 0.126360
2025-03-15 14:27:39,185 - sim - INFO - Step 120 / 150: time per frame 0.125266
2025-03-15 14:27:40,686 - sim - INFO - Step 130 / 150: time per frame 0.125696
2025-03-15 14:27:42,014 - sim - INFO - Step 140 / 150: time per frame 0.124807
2025-03-15 14:27:43,489 - sim - INFO - MSE: 0.01179174028698044
2025-03-15 14:27:43,489 - sim - INFO - Materials MSE: 0.00910959972025461
2025-03-15 14:27:43,489 - sim - INFO - Time per frame: 0.12553650624043233
2025-03-15 14:27:43,494 - sim - INFO - Rollout 4 / 300
2025-03-15 14:27:48,471 - sim - INFO - Step 10 / 150: time per frame 0.127890
2025-03-15 14:27:49,789 - sim - INFO - Step 20 / 150: time per frame 0.117833
2025-03-15 14:27:51,063 - sim - INFO - Step 30 / 150: time per frame 0.114029
2025-03-15 14:27:52,463 - sim - INFO - Step 40 / 150: time per frame 0.114322
2025-03-15 14:27:53,964 - sim - INFO - Step 50 / 150: time per frame 0.115161
2025-03-15 14:27:55,314 - sim - INFO - Step 60 / 150: time per frame 0.114044
2025-03-15 14:27:56,821 - sim - INFO - Step 70 / 150: time per frame 0.116264
2025-03-15 14:27:58,308 - sim - INFO - Step 80 / 150: time per frame 0.117206
2025-03-15 14:28:00,031 - sim - INFO - Step 90 / 150: time per frame 0.120672
2025-03-15 14:28:01,449 - sim - INFO - Step 100 / 150: time per frame 0.120558
2025-03-15 14:28:02,841 - sim - INFO - Step 110 / 150: time per frame 0.120376
2025-03-15 14:28:04,309 - sim - INFO - Step 120 / 150: time per frame 0.120791
2025-03-15 14:28:05,740 - sim - INFO - Step 130 / 150: time per frame 0.121017
2025-03-15 14:28:07,137 - sim - INFO - Step 140 / 150: time per frame 0.120703
2025-03-15 14:28:08,419 - sim - INFO - MSE: 0.011931987085092905
2025-03-15 14:28:08,419 - sim - INFO - Materials MSE: 0.011150100920613294
2025-03-15 14:28:08,420 - sim - INFO - Time per frame: 0.12024027109146118
2025-03-15 14:28:08,424 - sim - INFO - Rollout 5 / 300
2025-03-15 14:28:12,774 - sim - INFO - Step 10 / 150: time per frame 0.123618
2025-03-15 14:28:14,070 - sim - INFO - Step 20 / 150: time per frame 0.111494
2025-03-15 14:28:15,433 - sim - INFO - Step 30 / 150: time per frame 0.111699
2025-03-15 14:28:16,888 - sim - INFO - Step 40 / 150: time per frame 0.114158
2025-03-15 14:28:18,494 - sim - INFO - Step 50 / 150: time per frame 0.119129
2025-03-15 14:28:19,888 - sim - INFO - Step 60 / 150: time per frame 0.118028
2025-03-15 14:28:21,414 - sim - INFO - Step 70 / 150: time per frame 0.119196
2025-03-15 14:28:22,922 - sim - INFO - Step 80 / 150: time per frame 0.119907
2025-03-15 14:28:24,357 - sim - INFO - Step 90 / 150: time per frame 0.120264
2025-03-15 14:28:25,672 - sim - INFO - Step 100 / 150: time per frame 0.119354
2025-03-15 14:28:27,155 - sim - INFO - Step 110 / 150: time per frame 0.119516
2025-03-15 14:28:28,626 - sim - INFO - Step 120 / 150: time per frame 0.120067
2025-03-15 14:28:30,060 - sim - INFO - Step 130 / 150: time per frame 0.120087
2025-03-15 14:28:31,393 - sim - INFO - Step 140 / 150: time per frame 0.119348
2025-03-15 14:28:32,661 - sim - INFO - MSE: 0.01230859446765774
2025-03-15 14:28:32,662 - sim - INFO - Materials MSE: 0.0086012638177853
2025-03-15 14:28:32,662 - sim - INFO - Time per frame: 0.1191029210348387
2025-03-15 14:28:32,666 - sim - INFO - Rollout 6 / 300
2025-03-15 14:28:37,272 - sim - INFO - Step 10 / 150: time per frame 0.117634
2025-03-15 14:28:38,613 - sim - INFO - Step 20 / 150: time per frame 0.111552
2025-03-15 14:28:40,003 - sim - INFO - Step 30 / 150: time per frame 0.113904
2025-03-15 14:28:41,445 - sim - INFO - Step 40 / 150: time per frame 0.114090
2025-03-15 14:28:42,884 - sim - INFO - Step 50 / 150: time per frame 0.114726
2025-03-15 14:28:44,597 - sim - INFO - Step 60 / 150: time per frame 0.118299
2025-03-15 14:28:45,948 - sim - INFO - Step 70 / 150: time per frame 0.117192
2025-03-15 14:28:47,342 - sim - INFO - Step 80 / 150: time per frame 0.116020
2025-03-15 14:28:48,835 - sim - INFO - Step 90 / 150: time per frame 0.117679
2025-03-15 14:28:50,355 - sim - INFO - Step 100 / 150: time per frame 0.118430
2025-03-15 14:28:51,798 - sim - INFO - Step 110 / 150: time per frame 0.118942
2025-03-15 14:28:53,424 - sim - INFO - Step 120 / 150: time per frame 0.120567
2025-03-15 14:28:54,902 - sim - INFO - Step 130 / 150: time per frame 0.120723
2025-03-15 14:28:56,397 - sim - INFO - Step 140 / 150: time per frame 0.120905
2025-03-15 14:28:57,935 - sim - INFO - MSE: 0.01229642141572665
2025-03-15 14:28:57,935 - sim - INFO - Materials MSE: 0.012469288193695608
2025-03-15 14:28:57,936 - sim - INFO - Time per frame: 0.1222771116205164
2025-03-15 14:28:57,940 - sim - INFO - Rollout 7 / 300
2025-03-15 14:29:02,952 - sim - INFO - Step 10 / 150: time per frame 0.130892
2025-03-15 14:29:04,263 - sim - INFO - Step 20 / 150: time per frame 0.120179
2025-03-15 14:29:05,714 - sim - INFO - Step 30 / 150: time per frame 0.121982
2025-03-15 14:29:07,223 - sim - INFO - Step 40 / 150: time per frame 0.122479
2025-03-15 14:29:08,574 - sim - INFO - Step 50 / 150: time per frame 0.120734
2025-03-15 14:29:09,916 - sim - INFO - Step 60 / 150: time per frame 0.119280
2025-03-15 14:29:11,383 - sim - INFO - Step 70 / 150: time per frame 0.119964
2025-03-15 14:29:12,867 - sim - INFO - Step 80 / 150: time per frame 0.120063
2025-03-15 14:29:14,202 - sim - INFO - Step 90 / 150: time per frame 0.119156
2025-03-15 14:29:15,625 - sim - INFO - Step 100 / 150: time per frame 0.119352
2025-03-15 14:29:16,961 - sim - INFO - Step 110 / 150: time per frame 0.118991
2025-03-15 14:29:18,202 - sim - INFO - Step 120 / 150: time per frame 0.117848
2025-03-15 14:29:19,616 - sim - INFO - Step 130 / 150: time per frame 0.118109
2025-03-15 14:29:21,246 - sim - INFO - Step 140 / 150: time per frame 0.119307
2025-03-15 14:29:22,514 - sim - INFO - MSE: 0.011397847223305845
2025-03-15 14:29:22,515 - sim - INFO - Materials MSE: 0.009480907675119764
2025-03-15 14:29:22,515 - sim - INFO - Time per frame: 0.11923633556108217
2025-03-15 14:29:22,520 - sim - INFO - Rollout 8 / 300
2025-03-15 14:29:26,842 - sim - INFO - Step 10 / 150: time per frame 0.106121
2025-03-15 14:29:28,191 - sim - INFO - Step 20 / 150: time per frame 0.110967
2025-03-15 14:29:29,492 - sim - INFO - Step 30 / 150: time per frame 0.108914
2025-03-15 14:29:30,831 - sim - INFO - Step 40 / 150: time per frame 0.109862
2025-03-15 14:29:32,223 - sim - INFO - Step 50 / 150: time per frame 0.111371
2025-03-15 14:29:33,589 - sim - INFO - Step 60 / 150: time per frame 0.112248
2025-03-15 14:29:35,155 - sim - INFO - Step 70 / 150: time per frame 0.114033
2025-03-15 14:29:36,636 - sim - INFO - Step 80 / 150: time per frame 0.115765
2025-03-15 14:29:38,030 - sim - INFO - Step 90 / 150: time per frame 0.116278
2025-03-15 14:29:39,496 - sim - INFO - Step 100 / 150: time per frame 0.116746
2025-03-15 14:29:40,991 - sim - INFO - Step 110 / 150: time per frame 0.117492
2025-03-15 14:29:42,522 - sim - INFO - Step 120 / 150: time per frame 0.118520
2025-03-15 14:29:43,969 - sim - INFO - Step 130 / 150: time per frame 0.118772
2025-03-15 14:29:45,670 - sim - INFO - Step 140 / 150: time per frame 0.120656
2025-03-15 14:29:47,294 - sim - INFO - MSE: 0.011507167721316202
2025-03-15 14:29:47,294 - sim - INFO - Materials MSE: 0.007659771911165488
2025-03-15 14:29:47,295 - sim - INFO - Time per frame: 0.12262459703393884
2025-03-15 14:29:47,299 - sim - INFO - Rollout 9 / 300
2025-03-15 14:29:52,143 - sim - INFO - Step 10 / 150: time per frame 0.111064
2025-03-15 14:29:53,483 - sim - INFO - Step 20 / 150: time per frame 0.111532
2025-03-15 14:29:54,810 - sim - INFO - Step 30 / 150: time per frame 0.109913
2025-03-15 14:29:56,173 - sim - INFO - Step 40 / 150: time per frame 0.110533
2025-03-15 14:29:57,630 - sim - INFO - Step 50 / 150: time per frame 0.113163
2025-03-15 14:29:59,102 - sim - INFO - Step 60 / 150: time per frame 0.114968
2025-03-15 14:30:00,552 - sim - INFO - Step 70 / 150: time per frame 0.115283
2025-03-15 14:30:01,937 - sim - INFO - Step 80 / 150: time per frame 0.115709
2025-03-15 14:30:03,374 - sim - INFO - Step 90 / 150: time per frame 0.116649
2025-03-15 14:30:04,751 - sim - INFO - Step 100 / 150: time per frame 0.116084
2025-03-15 14:30:06,083 - sim - INFO - Step 110 / 150: time per frame 0.115245
2025-03-15 14:30:07,530 - sim - INFO - Step 120 / 150: time per frame 0.116072
2025-03-15 14:30:08,881 - sim - INFO - Step 130 / 150: time per frame 0.115841
2025-03-15 14:30:10,387 - sim - INFO - Step 140 / 150: time per frame 0.116635
2025-03-15 14:30:11,671 - sim - INFO - MSE: 0.012230231598890692
2025-03-15 14:30:11,672 - sim - INFO - Materials MSE: 0.011788620329627814
2025-03-15 14:30:11,672 - sim - INFO - Time per frame: 0.11690696026827838
2025-03-15 14:30:11,676 - sim - INFO - Rollout 10 / 300
2025-03-15 14:30:16,439 - sim - INFO - Step 10 / 150: time per frame 0.117640
2025-03-15 14:30:17,853 - sim - INFO - Step 20 / 150: time per frame 0.114814
2025-03-15 14:30:19,216 - sim - INFO - Step 30 / 150: time per frame 0.115052
2025-03-15 14:30:20,559 - sim - INFO - Step 40 / 150: time per frame 0.115039
2025-03-15 14:30:22,003 - sim - INFO - Step 50 / 150: time per frame 0.116274
2025-03-15 14:30:23,530 - sim - INFO - Step 60 / 150: time per frame 0.118343
2025-03-15 14:30:24,927 - sim - INFO - Step 70 / 150: time per frame 0.118411
2025-03-15 14:30:26,330 - sim - INFO - Step 80 / 150: time per frame 0.118741
2025-03-15 14:30:27,721 - sim - INFO - Step 90 / 150: time per frame 0.118611
2025-03-15 14:30:29,168 - sim - INFO - Step 100 / 150: time per frame 0.118844
2025-03-15 14:30:30,627 - sim - INFO - Step 110 / 150: time per frame 0.119237
2025-03-15 14:30:32,070 - sim - INFO - Step 120 / 150: time per frame 0.119778
2025-03-15 14:30:33,553 - sim - INFO - Step 130 / 150: time per frame 0.120046
2025-03-15 14:30:35,068 - sim - INFO - Step 140 / 150: time per frame 0.120678
2025-03-15 14:30:36,632 - sim - INFO - MSE: 0.012249749868060959
2025-03-15 14:30:36,632 - sim - INFO - Materials MSE: 0.011379161755154283
2025-03-15 14:30:36,632 - sim - INFO - Time per frame: 0.12243658465308112
2025-03-15 14:30:36,636 - sim - INFO - Rollout 11 / 300
2025-03-15 14:30:40,998 - sim - INFO - Step 10 / 150: time per frame 0.111512
2025-03-15 14:30:42,389 - sim - INFO - Step 20 / 150: time per frame 0.112082
2025-03-15 14:30:43,756 - sim - INFO - Step 30 / 150: time per frame 0.112026
2025-03-15 14:30:45,194 - sim - INFO - Step 40 / 150: time per frame 0.113778
2025-03-15 14:30:46,615 - sim - INFO - Step 50 / 150: time per frame 0.114431
2025-03-15 14:30:47,972 - sim - INFO - Step 60 / 150: time per frame 0.113683
2025-03-15 14:30:49,390 - sim - INFO - Step 70 / 150: time per frame 0.114321
2025-03-15 14:30:50,859 - sim - INFO - Step 80 / 150: time per frame 0.115557
2025-03-15 14:30:52,288 - sim - INFO - Step 90 / 150: time per frame 0.116173
2025-03-15 14:30:53,614 - sim - INFO - Step 100 / 150: time per frame 0.115313
2025-03-15 14:30:55,101 - sim - INFO - Step 110 / 150: time per frame 0.116036
2025-03-15 14:30:56,525 - sim - INFO - Step 120 / 150: time per frame 0.116333
2025-03-15 14:30:58,101 - sim - INFO - Step 130 / 150: time per frame 0.117646
2025-03-15 14:30:59,480 - sim - INFO - Step 140 / 150: time per frame 0.117669
2025-03-15 14:31:00,801 - sim - INFO - MSE: 0.013746948206323023
2025-03-15 14:31:00,801 - sim - INFO - Materials MSE: 0.010475749530916912
2025-03-15 14:31:00,801 - sim - INFO - Time per frame: 0.11809322801796165
2025-03-15 14:31:00,805 - sim - INFO - Rollout 12 / 300
2025-03-15 14:31:05,709 - sim - INFO - Step 10 / 150: time per frame 0.121951
2025-03-15 14:31:07,132 - sim - INFO - Step 20 / 150: time per frame 0.120633
2025-03-15 14:31:08,628 - sim - INFO - Step 30 / 150: time per frame 0.122869
2025-03-15 14:31:10,008 - sim - INFO - Step 40 / 150: time per frame 0.120404
2025-03-15 14:31:11,303 - sim - INFO - Step 50 / 150: time per frame 0.118318
2025-03-15 14:31:12,784 - sim - INFO - Step 60 / 150: time per frame 0.119554
2025-03-15 14:31:14,256 - sim - INFO - Step 70 / 150: time per frame 0.119901
2025-03-15 14:31:15,645 - sim - INFO - Step 80 / 150: time per frame 0.119812
2025-03-15 14:31:17,097 - sim - INFO - Step 90 / 150: time per frame 0.119822
2025-03-15 14:31:18,508 - sim - INFO - Step 100 / 150: time per frame 0.119430
2025-03-15 14:31:20,027 - sim - INFO - Step 110 / 150: time per frame 0.120556
2025-03-15 14:31:21,460 - sim - INFO - Step 120 / 150: time per frame 0.120850
2025-03-15 14:31:22,901 - sim - INFO - Step 130 / 150: time per frame 0.121138
2025-03-15 14:31:24,439 - sim - INFO - Step 140 / 150: time per frame 0.121835
2025-03-15 14:31:25,717 - sim - INFO - MSE: 0.012059022141113797
2025-03-15 14:31:25,717 - sim - INFO - Materials MSE: 0.00981559152395823
2025-03-15 14:31:25,717 - sim - INFO - Time per frame: 0.12188127234175399
2025-03-15 14:31:25,722 - sim - INFO - Rollout 13 / 300
2025-03-15 14:31:30,215 - sim - INFO - Step 10 / 150: time per frame 0.108307
2025-03-15 14:31:31,590 - sim - INFO - Step 20 / 150: time per frame 0.112477
2025-03-15 14:31:32,892 - sim - INFO - Step 30 / 150: time per frame 0.110853
2025-03-15 14:31:34,287 - sim - INFO - Step 40 / 150: time per frame 0.112790
2025-03-15 14:31:35,897 - sim - INFO - Step 50 / 150: time per frame 0.118139
2025-03-15 14:31:37,308 - sim - INFO - Step 60 / 150: time per frame 0.117984
2025-03-15 14:31:38,755 - sim - INFO - Step 70 / 150: time per frame 0.118818
2025-03-15 14:31:40,269 - sim - INFO - Step 80 / 150: time per frame 0.119697
2025-03-15 14:31:41,561 - sim - INFO - Step 90 / 150: time per frame 0.118433
2025-03-15 14:31:43,012 - sim - INFO - Step 100 / 150: time per frame 0.118657
2025-03-15 14:31:44,491 - sim - INFO - Step 110 / 150: time per frame 0.118823
2025-03-15 14:31:45,829 - sim - INFO - Step 120 / 150: time per frame 0.117834
2025-03-15 14:31:47,372 - sim - INFO - Step 130 / 150: time per frame 0.118690
2025-03-15 14:31:48,810 - sim - INFO - Step 140 / 150: time per frame 0.119027
2025-03-15 14:31:50,205 - sim - INFO - MSE: 0.012002212558099983
2025-03-15 14:31:50,206 - sim - INFO - Materials MSE: 0.00947326041206651
2025-03-15 14:31:50,206 - sim - INFO - Time per frame: 0.11955205330977568
2025-03-15 14:31:50,210 - sim - INFO - Rollout 14 / 300
2025-03-15 14:31:54,970 - sim - INFO - Step 10 / 150: time per frame 0.111369
2025-03-15 14:31:56,463 - sim - INFO - Step 20 / 150: time per frame 0.119034
2025-03-15 14:31:57,793 - sim - INFO - Step 30 / 150: time per frame 0.116122
2025-03-15 14:31:59,256 - sim - INFO - Step 40 / 150: time per frame 0.118794
2025-03-15 14:32:00,653 - sim - INFO - Step 50 / 150: time per frame 0.118358
2025-03-15 14:32:02,069 - sim - INFO - Step 60 / 150: time per frame 0.118317
2025-03-15 14:32:03,574 - sim - INFO - Step 70 / 150: time per frame 0.119969
2025-03-15 14:32:05,009 - sim - INFO - Step 80 / 150: time per frame 0.119301
2025-03-15 14:32:06,385 - sim - INFO - Step 90 / 150: time per frame 0.118675
2025-03-15 14:32:07,803 - sim - INFO - Step 100 / 150: time per frame 0.118779
2025-03-15 14:32:09,264 - sim - INFO - Step 110 / 150: time per frame 0.119238
2025-03-15 14:32:10,776 - sim - INFO - Step 120 / 150: time per frame 0.119888
2025-03-15 14:32:12,301 - sim - INFO - Step 130 / 150: time per frame 0.120563
2025-03-15 14:32:13,710 - sim - INFO - Step 140 / 150: time per frame 0.120444
2025-03-15 14:32:15,090 - sim - INFO - MSE: 0.012804587148182235
2025-03-15 14:32:15,090 - sim - INFO - Materials MSE: 0.010092123364064525
2025-03-15 14:32:15,090 - sim - INFO - Time per frame: 0.1210471552771491
2025-03-15 14:32:15,095 - sim - INFO - Rollout 15 / 300
2025-03-15 14:32:19,943 - sim - INFO - Step 10 / 150: time per frame 0.114870
2025-03-15 14:32:21,270 - sim - INFO - Step 20 / 150: time per frame 0.110744
2025-03-15 14:32:22,615 - sim - INFO - Step 30 / 150: time per frame 0.111928
2025-03-15 14:32:24,113 - sim - INFO - Step 40 / 150: time per frame 0.115029
2025-03-15 14:32:25,503 - sim - INFO - Step 50 / 150: time per frame 0.114680
2025-03-15 14:32:26,872 - sim - INFO - Step 60 / 150: time per frame 0.115287
2025-03-15 14:32:28,444 - sim - INFO - Step 70 / 150: time per frame 0.117705
2025-03-15 14:32:29,960 - sim - INFO - Step 80 / 150: time per frame 0.119161
2025-03-15 14:32:31,507 - sim - INFO - Step 90 / 150: time per frame 0.120318
2025-03-15 14:32:32,921 - sim - INFO - Step 100 / 150: time per frame 0.120464
2025-03-15 14:32:34,299 - sim - INFO - Step 110 / 150: time per frame 0.120152
2025-03-15 14:32:35,711 - sim - INFO - Step 120 / 150: time per frame 0.120071
2025-03-15 14:32:37,184 - sim - INFO - Step 130 / 150: time per frame 0.120648
2025-03-15 14:32:38,604 - sim - INFO - Step 140 / 150: time per frame 0.120755
2025-03-15 14:32:40,069 - sim - INFO - MSE: 0.012666835496766053
2025-03-15 14:32:40,069 - sim - INFO - Materials MSE: 0.012128280602648644
2025-03-15 14:32:40,069 - sim - INFO - Time per frame: 0.12159229774732848
2025-03-15 14:32:40,073 - sim - INFO - Rollout 16 / 300
2025-03-15 14:32:45,106 - sim - INFO - Step 10 / 150: time per frame 0.113172
2025-03-15 14:32:46,487 - sim - INFO - Step 20 / 150: time per frame 0.109990
2025-03-15 14:32:47,883 - sim - INFO - Step 30 / 150: time per frame 0.109886
2025-03-15 14:32:49,333 - sim - INFO - Step 40 / 150: time per frame 0.112812
2025-03-15 14:32:50,835 - sim - INFO - Step 50 / 150: time per frame 0.115317
2025-03-15 14:32:52,171 - sim - INFO - Step 60 / 150: time per frame 0.113960
2025-03-15 14:32:53,641 - sim - INFO - Step 70 / 150: time per frame 0.115071
2025-03-15 14:32:55,045 - sim - INFO - Step 80 / 150: time per frame 0.115583
2025-03-15 14:32:56,477 - sim - INFO - Step 90 / 150: time per frame 0.116341
2025-03-15 14:32:57,989 - sim - INFO - Step 100 / 150: time per frame 0.117608
2025-03-15 14:32:59,276 - sim - INFO - Step 110 / 150: time per frame 0.116727
2025-03-15 14:33:00,725 - sim - INFO - Step 120 / 150: time per frame 0.117087
2025-03-15 14:33:02,291 - sim - INFO - Step 130 / 150: time per frame 0.118092
2025-03-15 14:33:03,760 - sim - INFO - Step 140 / 150: time per frame 0.118717
2025-03-15 14:33:05,223 - sim - INFO - MSE: 0.0130791606451167
2025-03-15 14:33:05,223 - sim - INFO - Materials MSE: 0.010989016610985315
2025-03-15 14:33:05,223 - sim - INFO - Time per frame: 0.12007512595202471
2025-03-15 14:33:05,228 - sim - INFO - Rollout 17 / 300
2025-03-15 14:33:09,937 - sim - INFO - Step 10 / 150: time per frame 0.125776
2025-03-15 14:33:11,521 - sim - INFO - Step 20 / 150: time per frame 0.130190
2025-03-15 14:33:13,177 - sim - INFO - Step 30 / 150: time per frame 0.133030
2025-03-15 14:33:14,514 - sim - INFO - Step 40 / 150: time per frame 0.127316
2025-03-15 14:33:15,877 - sim - INFO - Step 50 / 150: time per frame 0.124363
2025-03-15 14:33:17,465 - sim - INFO - Step 60 / 150: time per frame 0.125685
2025-03-15 14:33:18,820 - sim - INFO - Step 70 / 150: time per frame 0.123778
2025-03-15 14:33:20,310 - sim - INFO - Step 80 / 150: time per frame 0.123776
2025-03-15 14:33:21,726 - sim - INFO - Step 90 / 150: time per frame 0.123155
2025-03-15 14:33:23,156 - sim - INFO - Step 100 / 150: time per frame 0.122901
2025-03-15 14:33:24,624 - sim - INFO - Step 110 / 150: time per frame 0.123239
2025-03-15 14:33:26,078 - sim - INFO - Step 120 / 150: time per frame 0.123187
2025-03-15 14:33:27,529 - sim - INFO - Step 130 / 150: time per frame 0.123099
2025-03-15 14:33:29,048 - sim - INFO - Step 140 / 150: time per frame 0.123597
2025-03-15 14:33:30,496 - sim - INFO - MSE: 0.012059967899249716
2025-03-15 14:33:30,496 - sim - INFO - Materials MSE: 0.011733804989775732
2025-03-15 14:33:30,496 - sim - INFO - Time per frame: 0.1238470061405285
2025-03-15 14:33:30,501 - sim - INFO - Rollout 18 / 300
2025-03-15 14:33:35,207 - sim - INFO - Step 10 / 150: time per frame 0.118083
2025-03-15 14:33:36,494 - sim - INFO - Step 20 / 150: time per frame 0.109525
2025-03-15 14:33:37,944 - sim - INFO - Step 30 / 150: time per frame 0.113356
2025-03-15 14:33:39,379 - sim - INFO - Step 40 / 150: time per frame 0.115784
2025-03-15 14:33:40,744 - sim - INFO - Step 50 / 150: time per frame 0.115508
2025-03-15 14:33:42,069 - sim - INFO - Step 60 / 150: time per frame 0.113947
2025-03-15 14:33:43,525 - sim - INFO - Step 70 / 150: time per frame 0.115652
2025-03-15 14:33:44,929 - sim - INFO - Step 80 / 150: time per frame 0.115559
2025-03-15 14:33:46,422 - sim - INFO - Step 90 / 150: time per frame 0.117081
2025-03-15 14:33:47,897 - sim - INFO - Step 100 / 150: time per frame 0.117839
2025-03-15 14:33:49,469 - sim - INFO - Step 110 / 150: time per frame 0.119238
2025-03-15 14:33:50,997 - sim - INFO - Step 120 / 150: time per frame 0.119449
2025-03-15 14:33:52,476 - sim - INFO - Step 130 / 150: time per frame 0.119575
2025-03-15 14:33:53,875 - sim - INFO - Step 140 / 150: time per frame 0.119346
2025-03-15 14:33:55,248 - sim - INFO - MSE: 0.011682403294331881
2025-03-15 14:33:55,248 - sim - INFO - Materials MSE: 0.00857041843487724
2025-03-15 14:33:55,249 - sim - INFO - Time per frame: 0.11993002891540527
2025-03-15 14:33:55,253 - sim - INFO - Rollout 19 / 300
2025-03-15 14:34:00,354 - sim - INFO - Step 10 / 150: time per frame 0.147719
2025-03-15 14:34:02,047 - sim - INFO - Step 20 / 150: time per frame 0.144635
2025-03-15 14:34:03,495 - sim - INFO - Step 30 / 150: time per frame 0.134295
2025-03-15 14:34:04,955 - sim - INFO - Step 40 / 150: time per frame 0.131765
2025-03-15 14:34:06,564 - sim - INFO - Step 50 / 150: time per frame 0.132879
2025-03-15 14:34:07,960 - sim - INFO - Step 60 / 150: time per frame 0.130225
2025-03-15 14:34:09,337 - sim - INFO - Step 70 / 150: time per frame 0.128517
2025-03-15 14:34:10,871 - sim - INFO - Step 80 / 150: time per frame 0.128681
2025-03-15 14:34:12,210 - sim - INFO - Step 90 / 150: time per frame 0.126344
2025-03-15 14:34:13,728 - sim - INFO - Step 100 / 150: time per frame 0.126320
2025-03-15 14:34:15,165 - sim - INFO - Step 110 / 150: time per frame 0.125534
2025-03-15 14:34:16,647 - sim - INFO - Step 120 / 150: time per frame 0.125436
2025-03-15 14:34:18,013 - sim - INFO - Step 130 / 150: time per frame 0.124656
2025-03-15 14:34:19,568 - sim - INFO - Step 140 / 150: time per frame 0.124968
2025-03-15 14:34:20,837 - sim - INFO - MSE: 0.011664994138471784
2025-03-15 14:34:20,838 - sim - INFO - Materials MSE: 0.009461889155268157
2025-03-15 14:34:20,838 - sim - INFO - Time per frame: 0.12468898779637105
2025-03-15 14:34:20,842 - sim - INFO - Rollout 20 / 300
2025-03-15 14:34:25,443 - sim - INFO - Step 10 / 150: time per frame 0.124352
2025-03-15 14:34:27,021 - sim - INFO - Step 20 / 150: time per frame 0.129811
2025-03-15 14:34:28,560 - sim - INFO - Step 30 / 150: time per frame 0.130574
2025-03-15 14:34:29,940 - sim - INFO - Step 40 / 150: time per frame 0.127353
2025-03-15 14:34:31,442 - sim - INFO - Step 50 / 150: time per frame 0.127252
2025-03-15 14:34:32,859 - sim - INFO - Step 60 / 150: time per frame 0.125332
2025-03-15 14:34:34,334 - sim - INFO - Step 70 / 150: time per frame 0.125454
2025-03-15 14:34:35,885 - sim - INFO - Step 80 / 150: time per frame 0.126193
2025-03-15 14:34:37,583 - sim - INFO - Step 90 / 150: time per frame 0.127902
2025-03-15 14:34:39,008 - sim - INFO - Step 100 / 150: time per frame 0.127082
2025-03-15 14:34:40,471 - sim - INFO - Step 110 / 150: time per frame 0.126519
2025-03-15 14:34:41,977 - sim - INFO - Step 120 / 150: time per frame 0.126785
2025-03-15 14:34:43,559 - sim - INFO - Step 130 / 150: time per frame 0.127180
2025-03-15 14:34:44,968 - sim - INFO - Step 140 / 150: time per frame 0.126498
2025-03-15 14:34:46,288 - sim - INFO - MSE: 0.012404588388287754
2025-03-15 14:34:46,288 - sim - INFO - Materials MSE: 0.008780548857790274
2025-03-15 14:34:46,288 - sim - INFO - Time per frame: 0.12616981686772527
2025-03-15 14:34:46,293 - sim - INFO - Rollout 21 / 300
2025-03-15 14:34:50,986 - sim - INFO - Step 10 / 150: time per frame 0.112051
2025-03-15 14:34:52,310 - sim - INFO - Step 20 / 150: time per frame 0.111139
2025-03-15 14:34:53,650 - sim - INFO - Step 30 / 150: time per frame 0.111089
2025-03-15 14:34:55,016 - sim - INFO - Step 40 / 150: time per frame 0.112117
2025-03-15 14:34:56,432 - sim - INFO - Step 50 / 150: time per frame 0.114117
2025-03-15 14:34:57,842 - sim - INFO - Step 60 / 150: time per frame 0.114160
2025-03-15 14:34:59,304 - sim - INFO - Step 70 / 150: time per frame 0.114634
2025-03-15 14:35:00,613 - sim - INFO - Step 80 / 150: time per frame 0.113302
2025-03-15 14:35:02,119 - sim - INFO - Step 90 / 150: time per frame 0.114340
2025-03-15 14:35:03,527 - sim - INFO - Step 100 / 150: time per frame 0.114964
2025-03-15 14:35:05,168 - sim - INFO - Step 110 / 150: time per frame 0.117465
2025-03-15 14:35:06,682 - sim - INFO - Step 120 / 150: time per frame 0.118591
2025-03-15 14:35:08,187 - sim - INFO - Step 130 / 150: time per frame 0.119215
2025-03-15 14:35:09,658 - sim - INFO - Step 140 / 150: time per frame 0.119531
2025-03-15 14:35:10,890 - sim - INFO - MSE: 0.01402326887191766
2025-03-15 14:35:10,891 - sim - INFO - Materials MSE: 0.02101581410138498
2025-03-15 14:35:10,891 - sim - INFO - Time per frame: 0.11900692211615073
2025-03-15 14:35:10,895 - sim - INFO - Rollout 22 / 300
2025-03-15 14:35:15,479 - sim - INFO - Step 10 / 150: time per frame 0.110962
2025-03-15 14:35:16,877 - sim - INFO - Step 20 / 150: time per frame 0.112890
2025-03-15 14:35:18,237 - sim - INFO - Step 30 / 150: time per frame 0.113032
2025-03-15 14:35:19,579 - sim - INFO - Step 40 / 150: time per frame 0.113371
2025-03-15 14:35:21,102 - sim - INFO - Step 50 / 150: time per frame 0.115792
2025-03-15 14:35:22,590 - sim - INFO - Step 60 / 150: time per frame 0.116971
2025-03-15 14:35:23,921 - sim - INFO - Step 70 / 150: time per frame 0.116536
2025-03-15 14:35:25,394 - sim - INFO - Step 80 / 150: time per frame 0.117487
2025-03-15 14:35:26,845 - sim - INFO - Step 90 / 150: time per frame 0.118256
2025-03-15 14:35:28,351 - sim - INFO - Step 100 / 150: time per frame 0.119401
2025-03-15 14:35:29,807 - sim - INFO - Step 110 / 150: time per frame 0.119620
2025-03-15 14:35:31,264 - sim - INFO - Step 120 / 150: time per frame 0.119395
2025-03-15 14:35:32,660 - sim - INFO - Step 130 / 150: time per frame 0.119450
2025-03-15 14:35:34,397 - sim - INFO - Step 140 / 150: time per frame 0.121138
2025-03-15 14:35:35,763 - sim - INFO - MSE: 0.012247207863671684
2025-03-15 14:35:35,764 - sim - INFO - Materials MSE: 0.00891273445281687
2025-03-15 14:35:35,764 - sim - INFO - Time per frame: 0.1214499280259416
2025-03-15 14:35:35,770 - sim - INFO - Rollout 23 / 300
2025-03-15 14:35:40,333 - sim - INFO - Step 10 / 150: time per frame 0.135443
2025-03-15 14:35:41,639 - sim - INFO - Step 20 / 150: time per frame 0.119231
2025-03-15 14:35:43,089 - sim - INFO - Step 30 / 150: time per frame 0.119221
2025-03-15 14:35:44,694 - sim - INFO - Step 40 / 150: time per frame 0.123087
2025-03-15 14:35:46,073 - sim - INFO - Step 50 / 150: time per frame 0.121299
2025-03-15 14:35:47,402 - sim - INFO - Step 60 / 150: time per frame 0.119503
2025-03-15 14:35:48,841 - sim - INFO - Step 70 / 150: time per frame 0.120406
2025-03-15 14:35:50,365 - sim - INFO - Step 80 / 150: time per frame 0.120925
2025-03-15 14:35:51,728 - sim - INFO - Step 90 / 150: time per frame 0.120188
2025-03-15 14:35:53,229 - sim - INFO - Step 100 / 150: time per frame 0.120827
2025-03-15 14:35:54,748 - sim - INFO - Step 110 / 150: time per frame 0.121675
2025-03-15 14:35:56,247 - sim - INFO - Step 120 / 150: time per frame 0.121956
2025-03-15 14:35:57,597 - sim - INFO - Step 130 / 150: time per frame 0.121241
2025-03-15 14:35:59,131 - sim - INFO - Step 140 / 150: time per frame 0.122205
2025-03-15 14:36:00,488 - sim - INFO - MSE: 0.011523701168023695
2025-03-15 14:36:00,488 - sim - INFO - Materials MSE: 0.00770694731731248
2025-03-15 14:36:00,488 - sim - INFO - Time per frame: 0.1224973878344974
2025-03-15 14:36:00,493 - sim - INFO - Rollout 24 / 300
2025-03-15 14:36:04,977 - sim - INFO - Step 10 / 150: time per frame 0.119366
2025-03-15 14:36:06,329 - sim - INFO - Step 20 / 150: time per frame 0.113464
2025-03-15 14:36:08,058 - sim - INFO - Step 30 / 150: time per frame 0.122800
2025-03-15 14:36:09,762 - sim - INFO - Step 40 / 150: time per frame 0.128803
2025-03-15 14:36:11,218 - sim - INFO - Step 50 / 150: time per frame 0.127604
2025-03-15 14:36:12,638 - sim - INFO - Step 60 / 150: time per frame 0.125646
2025-03-15 14:36:13,988 - sim - INFO - Step 70 / 150: time per frame 0.123993
2025-03-15 14:36:15,450 - sim - INFO - Step 80 / 150: time per frame 0.123818
2025-03-15 14:36:16,898 - sim - INFO - Step 90 / 150: time per frame 0.123108
2025-03-15 14:36:18,342 - sim - INFO - Step 100 / 150: time per frame 0.122534
2025-03-15 14:36:19,732 - sim - INFO - Step 110 / 150: time per frame 0.121456
2025-03-15 14:36:21,257 - sim - INFO - Step 120 / 150: time per frame 0.122045
2025-03-15 14:36:22,610 - sim - INFO - Step 130 / 150: time per frame 0.121302
2025-03-15 14:36:24,138 - sim - INFO - Step 140 / 150: time per frame 0.121727
2025-03-15 14:36:25,640 - sim - INFO - MSE: 0.013387951976774058
2025-03-15 14:36:25,640 - sim - INFO - Materials MSE: 0.012600018982622595
2025-03-15 14:36:25,640 - sim - INFO - Time per frame: 0.12284346206768139
2025-03-15 14:36:25,645 - sim - INFO - Rollout 25 / 300
2025-03-15 14:36:30,054 - sim - INFO - Step 10 / 150: time per frame 0.105587
2025-03-15 14:36:31,453 - sim - INFO - Step 20 / 150: time per frame 0.111092
2025-03-15 14:36:32,806 - sim - INFO - Step 30 / 150: time per frame 0.111752
2025-03-15 14:36:34,386 - sim - INFO - Step 40 / 150: time per frame 0.117461
2025-03-15 14:36:35,686 - sim - INFO - Step 50 / 150: time per frame 0.115729
2025-03-15 14:36:37,145 - sim - INFO - Step 60 / 150: time per frame 0.117366
2025-03-15 14:36:38,582 - sim - INFO - Step 70 / 150: time per frame 0.118006
2025-03-15 14:36:40,057 - sim - INFO - Step 80 / 150: time per frame 0.119282
2025-03-15 14:36:41,400 - sim - INFO - Step 90 / 150: time per frame 0.118715
2025-03-15 14:36:42,897 - sim - INFO - Step 100 / 150: time per frame 0.119918
2025-03-15 14:36:44,301 - sim - INFO - Step 110 / 150: time per frame 0.119512
2025-03-15 14:36:45,763 - sim - INFO - Step 120 / 150: time per frame 0.119793
2025-03-15 14:36:47,349 - sim - INFO - Step 130 / 150: time per frame 0.120585
2025-03-15 14:36:48,992 - sim - INFO - Step 140 / 150: time per frame 0.122135
2025-03-15 14:36:50,351 - sim - INFO - MSE: 0.013110749414468525
2025-03-15 14:36:50,352 - sim - INFO - Materials MSE: 0.01322159623434626
2025-03-15 14:36:50,352 - sim - INFO - Time per frame: 0.12236196447063137
2025-03-15 14:36:50,357 - sim - INFO - Rollout 26 / 300
2025-03-15 14:36:55,143 - sim - INFO - Step 10 / 150: time per frame 0.114330
2025-03-15 14:36:56,402 - sim - INFO - Step 20 / 150: time per frame 0.107354
2025-03-15 14:36:57,889 - sim - INFO - Step 30 / 150: time per frame 0.112590
2025-03-15 14:36:59,227 - sim - INFO - Step 40 / 150: time per frame 0.111024
2025-03-15 14:37:00,610 - sim - INFO - Step 50 / 150: time per frame 0.111063
2025-03-15 14:37:02,226 - sim - INFO - Step 60 / 150: time per frame 0.115030
2025-03-15 14:37:03,605 - sim - INFO - Step 70 / 150: time per frame 0.114501
2025-03-15 14:37:05,023 - sim - INFO - Step 80 / 150: time per frame 0.114540
2025-03-15 14:37:06,418 - sim - INFO - Step 90 / 150: time per frame 0.114921
2025-03-15 14:37:07,978 - sim - INFO - Step 100 / 150: time per frame 0.116823
2025-03-15 14:37:09,672 - sim - INFO - Step 110 / 150: time per frame 0.118786
2025-03-15 14:37:11,341 - sim - INFO - Step 120 / 150: time per frame 0.120111
2025-03-15 14:37:12,719 - sim - INFO - Step 130 / 150: time per frame 0.119747
2025-03-15 14:37:14,154 - sim - INFO - Step 140 / 150: time per frame 0.120008
2025-03-15 14:37:15,533 - sim - INFO - MSE: 0.011499061032528363
2025-03-15 14:37:15,534 - sim - INFO - Materials MSE: 0.008272013326401182
2025-03-15 14:37:15,534 - sim - INFO - Time per frame: 0.12066238796388781
2025-03-15 14:37:15,538 - sim - INFO - Rollout 27 / 300
2025-03-15 14:37:20,346 - sim - INFO - Step 10 / 150: time per frame 0.122548
2025-03-15 14:37:21,921 - sim - INFO - Step 20 / 150: time per frame 0.125043
2025-03-15 14:37:23,420 - sim - INFO - Step 30 / 150: time per frame 0.124882
2025-03-15 14:37:24,802 - sim - INFO - Step 40 / 150: time per frame 0.123087
2025-03-15 14:37:26,161 - sim - INFO - Step 50 / 150: time per frame 0.120196
2025-03-15 14:37:27,641 - sim - INFO - Step 60 / 150: time per frame 0.121227
2025-03-15 14:37:29,147 - sim - INFO - Step 70 / 150: time per frame 0.122087
2025-03-15 14:37:30,645 - sim - INFO - Step 80 / 150: time per frame 0.122844
2025-03-15 14:37:31,976 - sim - INFO - Step 90 / 150: time per frame 0.121592
2025-03-15 14:37:33,344 - sim - INFO - Step 100 / 150: time per frame 0.120921
2025-03-15 14:37:34,733 - sim - INFO - Step 110 / 150: time per frame 0.120618
2025-03-15 14:37:36,156 - sim - INFO - Step 120 / 150: time per frame 0.120641
2025-03-15 14:37:37,526 - sim - INFO - Step 130 / 150: time per frame 0.120345
2025-03-15 14:37:39,069 - sim - INFO - Step 140 / 150: time per frame 0.121242
2025-03-15 14:37:40,482 - sim - INFO - MSE: 0.011989553437151074
2025-03-15 14:37:40,482 - sim - INFO - Materials MSE: 0.009721052325104706
2025-03-15 14:37:40,482 - sim - INFO - Time per frame: 0.12174623076980179
2025-03-15 14:37:40,487 - sim - INFO - Rollout 28 / 300
2025-03-15 14:37:45,092 - sim - INFO - Step 10 / 150: time per frame 0.121261
2025-03-15 14:37:46,439 - sim - INFO - Step 20 / 150: time per frame 0.117882
2025-03-15 14:37:47,850 - sim - INFO - Step 30 / 150: time per frame 0.118842
2025-03-15 14:37:49,328 - sim - INFO - Step 40 / 150: time per frame 0.120841
2025-03-15 14:37:50,762 - sim - INFO - Step 50 / 150: time per frame 0.119531
2025-03-15 14:37:52,252 - sim - INFO - Step 60 / 150: time per frame 0.119807
2025-03-15 14:37:53,701 - sim - INFO - Step 70 / 150: time per frame 0.120350
2025-03-15 14:37:55,236 - sim - INFO - Step 80 / 150: time per frame 0.121300
2025-03-15 14:37:56,735 - sim - INFO - Step 90 / 150: time per frame 0.121432
2025-03-15 14:37:58,224 - sim - INFO - Step 100 / 150: time per frame 0.121852
2025-03-15 14:37:59,774 - sim - INFO - Step 110 / 150: time per frame 0.122397
2025-03-15 14:38:01,091 - sim - INFO - Step 120 / 150: time per frame 0.121302
2025-03-15 14:38:02,503 - sim - INFO - Step 130 / 150: time per frame 0.121145
2025-03-15 14:38:03,982 - sim - INFO - Step 140 / 150: time per frame 0.121424
2025-03-15 14:38:05,282 - sim - INFO - MSE: 0.011901140400490937
2025-03-15 14:38:05,283 - sim - INFO - Materials MSE: 0.01012742185870464
2025-03-15 14:38:05,283 - sim - INFO - Time per frame: 0.1214788556098938
2025-03-15 14:38:05,287 - sim - INFO - Rollout 29 / 300
2025-03-15 14:38:09,762 - sim - INFO - Step 10 / 150: time per frame 0.123707
2025-03-15 14:38:11,090 - sim - INFO - Step 20 / 150: time per frame 0.117698
2025-03-15 14:38:12,490 - sim - INFO - Step 30 / 150: time per frame 0.117679
2025-03-15 14:38:13,804 - sim - INFO - Step 40 / 150: time per frame 0.114612
2025-03-15 14:38:15,193 - sim - INFO - Step 50 / 150: time per frame 0.115601
2025-03-15 14:38:16,616 - sim - INFO - Step 60 / 150: time per frame 0.116278
2025-03-15 14:38:17,983 - sim - INFO - Step 70 / 150: time per frame 0.115501
2025-03-15 14:38:19,367 - sim - INFO - Step 80 / 150: time per frame 0.115734
2025-03-15 14:38:20,828 - sim - INFO - Step 90 / 150: time per frame 0.116429
2025-03-15 14:38:22,249 - sim - INFO - Step 100 / 150: time per frame 0.116210
2025-03-15 14:38:23,679 - sim - INFO - Step 110 / 150: time per frame 0.116425
2025-03-15 14:38:25,237 - sim - INFO - Step 120 / 150: time per frame 0.117808
2025-03-15 14:38:26,657 - sim - INFO - Step 130 / 150: time per frame 0.118053
2025-03-15 14:38:28,330 - sim - INFO - Step 140 / 150: time per frame 0.119401
2025-03-15 14:38:29,688 - sim - INFO - MSE: 0.012265595922552702
2025-03-15 14:38:29,688 - sim - INFO - Materials MSE: 0.011384155999565635
2025-03-15 14:38:29,688 - sim - INFO - Time per frame: 0.11964103337880727
2025-03-15 14:38:29,692 - sim - INFO - Rollout 30 / 300
2025-03-15 14:38:34,351 - sim - INFO - Step 10 / 150: time per frame 0.108880
2025-03-15 14:38:35,652 - sim - INFO - Step 20 / 150: time per frame 0.109042
2025-03-15 14:38:37,043 - sim - INFO - Step 30 / 150: time per frame 0.112290
2025-03-15 14:38:38,408 - sim - INFO - Step 40 / 150: time per frame 0.112885
2025-03-15 14:38:39,837 - sim - INFO - Step 50 / 150: time per frame 0.114659
2025-03-15 14:38:41,158 - sim - INFO - Step 60 / 150: time per frame 0.113986
2025-03-15 14:38:42,667 - sim - INFO - Step 70 / 150: time per frame 0.115861
2025-03-15 14:38:44,133 - sim - INFO - Step 80 / 150: time per frame 0.116647
2025-03-15 14:38:45,648 - sim - INFO - Step 90 / 150: time per frame 0.117618
2025-03-15 14:38:47,169 - sim - INFO - Step 100 / 150: time per frame 0.118606
2025-03-15 14:38:48,518 - sim - INFO - Step 110 / 150: time per frame 0.118336
2025-03-15 14:38:49,874 - sim - INFO - Step 120 / 150: time per frame 0.118038
2025-03-15 14:38:51,267 - sim - INFO - Step 130 / 150: time per frame 0.117842
2025-03-15 14:38:52,810 - sim - INFO - Step 140 / 150: time per frame 0.118768
2025-03-15 14:38:54,282 - sim - INFO - MSE: 0.01152433952758984
2025-03-15 14:38:54,282 - sim - INFO - Materials MSE: 0.010382985285570679
2025-03-15 14:38:54,282 - sim - INFO - Time per frame: 0.11912056400969222
2025-03-15 14:38:54,287 - sim - INFO - Rollout 31 / 300
2025-03-15 14:38:59,215 - sim - INFO - Step 10 / 150: time per frame 0.105045
2025-03-15 14:39:00,517 - sim - INFO - Step 20 / 150: time per frame 0.105938
2025-03-15 14:39:01,918 - sim - INFO - Step 30 / 150: time per frame 0.109041
2025-03-15 14:39:03,439 - sim - INFO - Step 40 / 150: time per frame 0.114420
2025-03-15 14:39:05,136 - sim - INFO - Step 50 / 150: time per frame 0.121332
2025-03-15 14:39:06,832 - sim - INFO - Step 60 / 150: time per frame 0.125076
2025-03-15 14:39:08,307 - sim - INFO - Step 70 / 150: time per frame 0.124283
2025-03-15 14:39:09,817 - sim - INFO - Step 80 / 150: time per frame 0.124245
2025-03-15 14:39:11,229 - sim - INFO - Step 90 / 150: time per frame 0.123194
2025-03-15 14:39:12,607 - sim - INFO - Step 100 / 150: time per frame 0.122707
2025-03-15 14:39:14,152 - sim - INFO - Step 110 / 150: time per frame 0.123618
2025-03-15 14:39:15,692 - sim - INFO - Step 120 / 150: time per frame 0.123677
2025-03-15 14:39:17,228 - sim - INFO - Step 130 / 150: time per frame 0.123956
2025-03-15 14:39:18,637 - sim - INFO - Step 140 / 150: time per frame 0.123492
2025-03-15 14:39:19,941 - sim - INFO - MSE: 0.01208312667303195
2025-03-15 14:39:19,941 - sim - INFO - Materials MSE: 0.008820015089678657
2025-03-15 14:39:19,941 - sim - INFO - Time per frame: 0.12315069340370796
2025-03-15 14:39:19,945 - sim - INFO - Rollout 32 / 300
2025-03-15 14:39:24,553 - sim - INFO - Step 10 / 150: time per frame 0.123179
2025-03-15 14:39:25,906 - sim - INFO - Step 20 / 150: time per frame 0.116805
2025-03-15 14:39:27,534 - sim - INFO - Step 30 / 150: time per frame 0.124082
2025-03-15 14:39:28,955 - sim - INFO - Step 40 / 150: time per frame 0.123753
2025-03-15 14:39:30,321 - sim - INFO - Step 50 / 150: time per frame 0.121890
2025-03-15 14:39:31,798 - sim - INFO - Step 60 / 150: time per frame 0.122561
2025-03-15 14:39:33,185 - sim - INFO - Step 70 / 150: time per frame 0.121935
2025-03-15 14:39:34,837 - sim - INFO - Step 80 / 150: time per frame 0.124151
2025-03-15 14:39:36,265 - sim - INFO - Step 90 / 150: time per frame 0.122991
2025-03-15 14:39:37,637 - sim - INFO - Step 100 / 150: time per frame 0.122036
2025-03-15 14:39:39,121 - sim - INFO - Step 110 / 150: time per frame 0.122248
2025-03-15 14:39:40,685 - sim - INFO - Step 120 / 150: time per frame 0.123249
2025-03-15 14:39:42,102 - sim - INFO - Step 130 / 150: time per frame 0.123051
2025-03-15 14:39:43,512 - sim - INFO - Step 140 / 150: time per frame 0.122761
2025-03-15 14:39:44,701 - sim - INFO - MSE: 0.012626398071790262
2025-03-15 14:39:44,702 - sim - INFO - Materials MSE: 0.01354630098663727
2025-03-15 14:39:44,702 - sim - INFO - Time per frame: 0.12190481778737661
2025-03-15 14:39:44,706 - sim - INFO - Rollout 33 / 300
2025-03-15 14:39:49,027 - sim - INFO - Step 10 / 150: time per frame 0.115935
2025-03-15 14:39:50,530 - sim - INFO - Step 20 / 150: time per frame 0.121929
2025-03-15 14:39:51,926 - sim - INFO - Step 30 / 150: time per frame 0.118956
2025-03-15 14:39:53,492 - sim - INFO - Step 40 / 150: time per frame 0.122245
2025-03-15 14:39:54,948 - sim - INFO - Step 50 / 150: time per frame 0.122421
2025-03-15 14:39:56,693 - sim - INFO - Step 60 / 150: time per frame 0.127091
2025-03-15 14:39:58,220 - sim - INFO - Step 70 / 150: time per frame 0.126896
2025-03-15 14:39:59,843 - sim - INFO - Step 80 / 150: time per frame 0.128134
2025-03-15 14:40:01,184 - sim - INFO - Step 90 / 150: time per frame 0.126233
2025-03-15 14:40:02,495 - sim - INFO - Step 100 / 150: time per frame 0.124202
2025-03-15 14:40:03,860 - sim - INFO - Step 110 / 150: time per frame 0.123010
2025-03-15 14:40:05,347 - sim - INFO - Step 120 / 150: time per frame 0.123298
2025-03-15 14:40:06,700 - sim - INFO - Step 130 / 150: time per frame 0.122660
2025-03-15 14:40:08,078 - sim - INFO - Step 140 / 150: time per frame 0.122075
2025-03-15 14:40:09,571 - sim - INFO - MSE: 0.01147741857694922
2025-03-15 14:40:09,571 - sim - INFO - Materials MSE: 0.00888672394396198
2025-03-15 14:40:09,571 - sim - INFO - Time per frame: 0.12317054658322721
2025-03-15 14:40:09,575 - sim - INFO - Rollout 34 / 300
2025-03-15 14:40:14,798 - sim - INFO - Step 10 / 150: time per frame 0.122439
2025-03-15 14:40:16,388 - sim - INFO - Step 20 / 150: time per frame 0.123263
2025-03-15 14:40:18,014 - sim - INFO - Step 30 / 150: time per frame 0.129502
2025-03-15 14:40:19,755 - sim - INFO - Step 40 / 150: time per frame 0.135891
2025-03-15 14:40:21,193 - sim - INFO - Step 50 / 150: time per frame 0.131828
2025-03-15 14:40:22,590 - sim - INFO - Step 60 / 150: time per frame 0.128664
2025-03-15 14:40:24,051 - sim - INFO - Step 70 / 150: time per frame 0.128164
2025-03-15 14:40:25,495 - sim - INFO - Step 80 / 150: time per frame 0.127008
2025-03-15 14:40:27,036 - sim - INFO - Step 90 / 150: time per frame 0.127373
2025-03-15 14:40:28,490 - sim - INFO - Step 100 / 150: time per frame 0.127076
2025-03-15 14:40:29,990 - sim - INFO - Step 110 / 150: time per frame 0.127292
2025-03-15 14:40:31,328 - sim - INFO - Step 120 / 150: time per frame 0.126219
2025-03-15 14:40:32,696 - sim - INFO - Step 130 / 150: time per frame 0.125333
2025-03-15 14:40:34,085 - sim - INFO - Step 140 / 150: time per frame 0.124851
2025-03-15 14:40:35,333 - sim - INFO - MSE: 0.012068496091409748
2025-03-15 14:40:35,334 - sim - INFO - Materials MSE: 0.01069141579987963
2025-03-15 14:40:35,334 - sim - INFO - Time per frame: 0.12415355766141736
2025-03-15 14:40:35,338 - sim - INFO - Rollout 35 / 300
2025-03-15 14:40:40,162 - sim - INFO - Step 10 / 150: time per frame 0.125698
2025-03-15 14:40:41,660 - sim - INFO - Step 20 / 150: time per frame 0.126062
2025-03-15 14:40:43,028 - sim - INFO - Step 30 / 150: time per frame 0.121444
2025-03-15 14:40:44,457 - sim - INFO - Step 40 / 150: time per frame 0.120438
2025-03-15 14:40:45,799 - sim - INFO - Step 50 / 150: time per frame 0.118271
2025-03-15 14:40:47,196 - sim - INFO - Step 60 / 150: time per frame 0.118054
2025-03-15 14:40:48,524 - sim - INFO - Step 70 / 150: time per frame 0.116582
2025-03-15 14:40:50,025 - sim - INFO - Step 80 / 150: time per frame 0.118503
2025-03-15 14:40:51,623 - sim - INFO - Step 90 / 150: time per frame 0.120624
2025-03-15 14:40:53,332 - sim - INFO - Step 100 / 150: time per frame 0.123241
2025-03-15 14:40:54,818 - sim - INFO - Step 110 / 150: time per frame 0.123353
2025-03-15 14:40:56,385 - sim - INFO - Step 120 / 150: time per frame 0.124453
2025-03-15 14:40:57,797 - sim - INFO - Step 130 / 150: time per frame 0.124016
2025-03-15 14:40:59,225 - sim - INFO - Step 140 / 150: time per frame 0.123928
2025-03-15 14:41:00,643 - sim - INFO - MSE: 0.011724602809029818
2025-03-15 14:41:00,643 - sim - INFO - Materials MSE: 0.009753962243546035
2025-03-15 14:41:00,643 - sim - INFO - Time per frame: 0.12415420686876452
2025-03-15 14:41:00,648 - sim - INFO - Rollout 36 / 300
2025-03-15 14:41:05,235 - sim - INFO - Step 10 / 150: time per frame 0.117452
2025-03-15 14:41:06,610 - sim - INFO - Step 20 / 150: time per frame 0.116622
2025-03-15 14:41:07,923 - sim - INFO - Step 30 / 150: time per frame 0.113297
2025-03-15 14:41:09,361 - sim - INFO - Step 40 / 150: time per frame 0.116072
2025-03-15 14:41:10,720 - sim - INFO - Step 50 / 150: time per frame 0.116091
2025-03-15 14:41:12,312 - sim - INFO - Step 60 / 150: time per frame 0.118998
2025-03-15 14:41:13,759 - sim - INFO - Step 70 / 150: time per frame 0.119585
2025-03-15 14:41:15,254 - sim - INFO - Step 80 / 150: time per frame 0.120346
2025-03-15 14:41:16,675 - sim - INFO - Step 90 / 150: time per frame 0.120182
2025-03-15 14:41:18,297 - sim - INFO - Step 100 / 150: time per frame 0.121545
2025-03-15 14:41:19,781 - sim - INFO - Step 110 / 150: time per frame 0.121678
2025-03-15 14:41:21,367 - sim - INFO - Step 120 / 150: time per frame 0.122595
2025-03-15 14:41:22,999 - sim - INFO - Step 130 / 150: time per frame 0.123971
2025-03-15 14:41:24,484 - sim - INFO - Step 140 / 150: time per frame 0.124322
2025-03-15 14:41:25,874 - sim - INFO - MSE: 0.0123381011119473
2025-03-15 14:41:25,874 - sim - INFO - Materials MSE: 0.01199674358043417
2025-03-15 14:41:25,874 - sim - INFO - Time per frame: 0.12458665145410074
2025-03-15 14:41:25,879 - sim - INFO - Rollout 37 / 300
2025-03-15 14:41:30,653 - sim - INFO - Step 10 / 150: time per frame 0.126771
2025-03-15 14:41:32,154 - sim - INFO - Step 20 / 150: time per frame 0.126773
2025-03-15 14:41:33,662 - sim - INFO - Step 30 / 150: time per frame 0.126406
2025-03-15 14:41:35,201 - sim - INFO - Step 40 / 150: time per frame 0.126411
2025-03-15 14:41:36,541 - sim - INFO - Step 50 / 150: time per frame 0.122993
2025-03-15 14:41:38,161 - sim - INFO - Step 60 / 150: time per frame 0.125320
2025-03-15 14:41:39,854 - sim - INFO - Step 70 / 150: time per frame 0.127572
2025-03-15 14:41:41,275 - sim - INFO - Step 80 / 150: time per frame 0.126573
2025-03-15 14:41:42,689 - sim - INFO - Step 90 / 150: time per frame 0.125302
2025-03-15 14:41:44,165 - sim - INFO - Step 100 / 150: time per frame 0.124654
2025-03-15 14:41:45,820 - sim - INFO - Step 110 / 150: time per frame 0.125631
2025-03-15 14:41:47,611 - sim - INFO - Step 120 / 150: time per frame 0.128416
2025-03-15 14:41:49,341 - sim - INFO - Step 130 / 150: time per frame 0.129384
2025-03-15 14:41:50,824 - sim - INFO - Step 140 / 150: time per frame 0.129154
2025-03-15 14:41:52,176 - sim - INFO - MSE: 0.012584989343738102
2025-03-15 14:41:52,177 - sim - INFO - Materials MSE: 0.011186791475320708
2025-03-15 14:41:52,179 - sim - INFO - Time per frame: 0.1290146418519922
2025-03-15 14:41:52,184 - sim - INFO - Rollout 38 / 300
2025-03-15 14:41:57,145 - sim - INFO - Step 10 / 150: time per frame 0.129215
2025-03-15 14:41:58,590 - sim - INFO - Step 20 / 150: time per frame 0.123362
2025-03-15 14:41:59,855 - sim - INFO - Step 30 / 150: time per frame 0.117578
2025-03-15 14:42:01,207 - sim - INFO - Step 40 / 150: time per frame 0.116447
2025-03-15 14:42:02,643 - sim - INFO - Step 50 / 150: time per frame 0.117741
2025-03-15 14:42:04,224 - sim - INFO - Step 60 / 150: time per frame 0.120818
2025-03-15 14:42:05,671 - sim - INFO - Step 70 / 150: time per frame 0.121133
2025-03-15 14:42:07,198 - sim - INFO - Step 80 / 150: time per frame 0.122516
2025-03-15 14:42:08,620 - sim - INFO - Step 90 / 150: time per frame 0.122125
2025-03-15 14:42:10,043 - sim - INFO - Step 100 / 150: time per frame 0.121663
2025-03-15 14:42:11,586 - sim - INFO - Step 110 / 150: time per frame 0.122355
2025-03-15 14:42:13,035 - sim - INFO - Step 120 / 150: time per frame 0.121820
2025-03-15 14:42:14,579 - sim - INFO - Step 130 / 150: time per frame 0.122571
2025-03-15 14:42:16,012 - sim - INFO - Step 140 / 150: time per frame 0.122667
2025-03-15 14:42:17,411 - sim - INFO - MSE: 0.012677169940464627
2025-03-15 14:42:17,411 - sim - INFO - Materials MSE: 0.01843419316471012
2025-03-15 14:42:17,411 - sim - INFO - Time per frame: 0.12338718208106789
2025-03-15 14:42:17,416 - sim - INFO - Rollout 39 / 300
2025-03-15 14:42:22,169 - sim - INFO - Step 10 / 150: time per frame 0.116802
2025-03-15 14:42:23,524 - sim - INFO - Step 20 / 150: time per frame 0.114706
2025-03-15 14:42:24,940 - sim - INFO - Step 30 / 150: time per frame 0.115670
2025-03-15 14:42:26,240 - sim - INFO - Step 40 / 150: time per frame 0.114524
2025-03-15 14:42:27,638 - sim - INFO - Step 50 / 150: time per frame 0.115318
2025-03-15 14:42:29,422 - sim - INFO - Step 60 / 150: time per frame 0.121084
2025-03-15 14:42:30,843 - sim - INFO - Step 70 / 150: time per frame 0.120682
2025-03-15 14:42:32,379 - sim - INFO - Step 80 / 150: time per frame 0.122065
2025-03-15 14:42:33,919 - sim - INFO - Step 90 / 150: time per frame 0.123027
2025-03-15 14:42:35,252 - sim - INFO - Step 100 / 150: time per frame 0.121556
2025-03-15 14:42:36,760 - sim - INFO - Step 110 / 150: time per frame 0.122043
2025-03-15 14:42:38,200 - sim - INFO - Step 120 / 150: time per frame 0.121727
2025-03-15 14:42:39,703 - sim - INFO - Step 130 / 150: time per frame 0.122132
2025-03-15 14:42:41,261 - sim - INFO - Step 140 / 150: time per frame 0.122989
2025-03-15 14:42:42,522 - sim - INFO - MSE: 0.012335242183544762
2025-03-15 14:42:42,523 - sim - INFO - Materials MSE: 0.01298970178184665
2025-03-15 14:42:42,523 - sim - INFO - Time per frame: 0.1225797082926776
2025-03-15 14:42:42,527 - sim - INFO - Rollout 40 / 300
2025-03-15 14:42:47,330 - sim - INFO - Step 10 / 150: time per frame 0.106759
2025-03-15 14:42:48,680 - sim - INFO - Step 20 / 150: time per frame 0.109112
2025-03-15 14:42:50,092 - sim - INFO - Step 30 / 150: time per frame 0.111309
2025-03-15 14:42:51,573 - sim - INFO - Step 40 / 150: time per frame 0.114609
2025-03-15 14:42:53,147 - sim - INFO - Step 50 / 150: time per frame 0.118111
2025-03-15 14:42:54,577 - sim - INFO - Step 60 / 150: time per frame 0.118200
2025-03-15 14:42:56,188 - sim - INFO - Step 70 / 150: time per frame 0.121506
2025-03-15 14:42:57,591 - sim - INFO - Step 80 / 150: time per frame 0.120619
2025-03-15 14:42:59,042 - sim - INFO - Step 90 / 150: time per frame 0.120203
2025-03-15 14:43:00,447 - sim - INFO - Step 100 / 150: time per frame 0.120005
2025-03-15 14:43:01,910 - sim - INFO - Step 110 / 150: time per frame 0.120430
2025-03-15 14:43:03,347 - sim - INFO - Step 120 / 150: time per frame 0.120437
2025-03-15 14:43:04,761 - sim - INFO - Step 130 / 150: time per frame 0.120051
2025-03-15 14:43:06,216 - sim - INFO - Step 140 / 150: time per frame 0.120385
2025-03-15 14:43:07,451 - sim - INFO - MSE: 0.012200271300152237
2025-03-15 14:43:07,451 - sim - INFO - Materials MSE: 0.008435346148071596
2025-03-15 14:43:07,452 - sim - INFO - Time per frame: 0.11966395378112793
2025-03-15 14:43:07,456 - sim - INFO - Rollout 41 / 300
2025-03-15 14:43:12,334 - sim - INFO - Step 10 / 150: time per frame 0.127375
2025-03-15 14:43:13,935 - sim - INFO - Step 20 / 150: time per frame 0.130157
2025-03-15 14:43:15,362 - sim - INFO - Step 30 / 150: time per frame 0.125807
2025-03-15 14:43:16,689 - sim - INFO - Step 40 / 150: time per frame 0.122101
2025-03-15 14:43:18,196 - sim - INFO - Step 50 / 150: time per frame 0.124151
2025-03-15 14:43:19,721 - sim - INFO - Step 60 / 150: time per frame 0.125450
2025-03-15 14:43:21,212 - sim - INFO - Step 70 / 150: time per frame 0.124947
2025-03-15 14:43:22,916 - sim - INFO - Step 80 / 150: time per frame 0.127729
2025-03-15 14:43:24,456 - sim - INFO - Step 90 / 150: time per frame 0.127660
2025-03-15 14:43:26,092 - sim - INFO - Step 100 / 150: time per frame 0.128337
2025-03-15 14:43:27,393 - sim - INFO - Step 110 / 150: time per frame 0.126718
2025-03-15 14:43:28,876 - sim - INFO - Step 120 / 150: time per frame 0.126620
2025-03-15 14:43:30,400 - sim - INFO - Step 130 / 150: time per frame 0.126721
2025-03-15 14:43:31,847 - sim - INFO - Step 140 / 150: time per frame 0.125966
2025-03-15 14:43:33,243 - sim - INFO - MSE: 0.012241307908227106
2025-03-15 14:43:33,244 - sim - INFO - Materials MSE: 0.011182437727661735
2025-03-15 14:43:33,244 - sim - INFO - Time per frame: 0.12627619343834953
2025-03-15 14:43:33,248 - sim - INFO - Rollout 42 / 300
2025-03-15 14:43:37,914 - sim - INFO - Step 10 / 150: time per frame 0.125159
2025-03-15 14:43:39,394 - sim - INFO - Step 20 / 150: time per frame 0.122430
2025-03-15 14:43:40,710 - sim - INFO - Step 30 / 150: time per frame 0.118283
2025-03-15 14:43:42,290 - sim - INFO - Step 40 / 150: time per frame 0.120792
2025-03-15 14:43:43,686 - sim - INFO - Step 50 / 150: time per frame 0.119940
2025-03-15 14:43:45,069 - sim - INFO - Step 60 / 150: time per frame 0.119201
2025-03-15 14:43:46,691 - sim - INFO - Step 70 / 150: time per frame 0.121459
2025-03-15 14:43:48,036 - sim - INFO - Step 80 / 150: time per frame 0.120274
2025-03-15 14:43:49,433 - sim - INFO - Step 90 / 150: time per frame 0.119947
2025-03-15 14:43:51,141 - sim - INFO - Step 100 / 150: time per frame 0.122407
2025-03-15 14:43:52,436 - sim - INFO - Step 110 / 150: time per frame 0.121003
2025-03-15 14:43:53,815 - sim - INFO - Step 120 / 150: time per frame 0.120592
2025-03-15 14:43:55,340 - sim - INFO - Step 130 / 150: time per frame 0.120772
2025-03-15 14:43:56,806 - sim - INFO - Step 140 / 150: time per frame 0.120899
2025-03-15 14:43:58,165 - sim - INFO - MSE: 0.012279977823813728
2025-03-15 14:43:58,166 - sim - INFO - Materials MSE: 0.009669437831268977
2025-03-15 14:43:58,166 - sim - INFO - Time per frame: 0.12141793321918797
2025-03-15 14:43:58,169 - sim - INFO - Rollout 43 / 300
2025-03-15 14:44:03,601 - sim - INFO - Step 10 / 150: time per frame 0.128561
2025-03-15 14:44:04,932 - sim - INFO - Step 20 / 150: time per frame 0.118722
2025-03-15 14:44:06,282 - sim - INFO - Step 30 / 150: time per frame 0.115892
2025-03-15 14:44:07,784 - sim - INFO - Step 40 / 150: time per frame 0.118498
2025-03-15 14:44:09,141 - sim - INFO - Step 50 / 150: time per frame 0.116622
2025-03-15 14:44:10,532 - sim - INFO - Step 60 / 150: time per frame 0.116275
2025-03-15 14:44:12,086 - sim - INFO - Step 70 / 150: time per frame 0.118628
2025-03-15 14:44:13,463 - sim - INFO - Step 80 / 150: time per frame 0.118309
2025-03-15 14:44:14,997 - sim - INFO - Step 90 / 150: time per frame 0.119544
2025-03-15 14:44:16,496 - sim - INFO - Step 100 / 150: time per frame 0.120654
2025-03-15 14:44:18,056 - sim - INFO - Step 110 / 150: time per frame 0.121653
2025-03-15 14:44:19,601 - sim - INFO - Step 120 / 150: time per frame 0.122709
2025-03-15 14:44:21,160 - sim - INFO - Step 130 / 150: time per frame 0.123462
2025-03-15 14:44:22,681 - sim - INFO - Step 140 / 150: time per frame 0.123942
2025-03-15 14:44:23,936 - sim - INFO - MSE: 0.01265205200435276
2025-03-15 14:44:23,936 - sim - INFO - Materials MSE: 0.010720175633810999
2025-03-15 14:44:23,936 - sim - INFO - Time per frame: 0.12342933545241484
2025-03-15 14:44:23,940 - sim - INFO - Rollout 44 / 300
2025-03-15 14:44:28,812 - sim - INFO - Step 10 / 150: time per frame 0.126830
2025-03-15 14:44:30,140 - sim - INFO - Step 20 / 150: time per frame 0.117303
2025-03-15 14:44:31,618 - sim - INFO - Step 30 / 150: time per frame 0.120214
2025-03-15 14:44:33,113 - sim - INFO - Step 40 / 150: time per frame 0.119793
2025-03-15 14:44:34,515 - sim - INFO - Step 50 / 150: time per frame 0.117563
2025-03-15 14:44:35,916 - sim - INFO - Step 60 / 150: time per frame 0.117879
2025-03-15 14:44:37,298 - sim - INFO - Step 70 / 150: time per frame 0.117747
2025-03-15 14:44:38,681 - sim - INFO - Step 80 / 150: time per frame 0.117823
2025-03-15 14:44:40,070 - sim - INFO - Step 90 / 150: time per frame 0.117953
2025-03-15 14:44:41,498 - sim - INFO - Step 100 / 150: time per frame 0.118477
2025-03-15 14:44:43,124 - sim - INFO - Step 110 / 150: time per frame 0.120332
2025-03-15 14:44:44,669 - sim - INFO - Step 120 / 150: time per frame 0.121225
2025-03-15 14:44:46,309 - sim - INFO - Step 130 / 150: time per frame 0.122681
2025-03-15 14:44:47,981 - sim - INFO - Step 140 / 150: time per frame 0.124152
2025-03-15 14:44:49,382 - sim - INFO - MSE: 0.01235305785801888
2025-03-15 14:44:49,382 - sim - INFO - Materials MSE: 0.010243433253681468
2025-03-15 14:44:49,382 - sim - INFO - Time per frame: 0.12434144116736748
2025-03-15 14:44:49,386 - sim - INFO - Rollout 45 / 300
2025-03-15 14:44:54,799 - sim - INFO - Step 10 / 150: time per frame 0.113965
2025-03-15 14:44:56,188 - sim - INFO - Step 20 / 150: time per frame 0.116245
2025-03-15 14:44:57,600 - sim - INFO - Step 30 / 150: time per frame 0.115938
2025-03-15 14:44:59,149 - sim - INFO - Step 40 / 150: time per frame 0.119354
2025-03-15 14:45:00,431 - sim - INFO - Step 50 / 150: time per frame 0.116841
2025-03-15 14:45:01,852 - sim - INFO - Step 60 / 150: time per frame 0.116969
2025-03-15 14:45:03,243 - sim - INFO - Step 70 / 150: time per frame 0.117195
2025-03-15 14:45:04,708 - sim - INFO - Step 80 / 150: time per frame 0.117400
2025-03-15 14:45:06,145 - sim - INFO - Step 90 / 150: time per frame 0.117728
2025-03-15 14:45:07,650 - sim - INFO - Step 100 / 150: time per frame 0.118085
2025-03-15 14:45:09,197 - sim - INFO - Step 110 / 150: time per frame 0.119428
2025-03-15 14:45:10,621 - sim - INFO - Step 120 / 150: time per frame 0.118907
2025-03-15 14:45:12,121 - sim - INFO - Step 130 / 150: time per frame 0.119730
2025-03-15 14:45:13,735 - sim - INFO - Step 140 / 150: time per frame 0.120405
2025-03-15 14:45:15,315 - sim - INFO - MSE: 0.012321400406627896
2025-03-15 14:45:15,315 - sim - INFO - Materials MSE: 0.010425829987989889
2025-03-15 14:45:15,316 - sim - INFO - Time per frame: 0.12203422108212032
2025-03-15 14:45:15,319 - sim - INFO - Rollout 46 / 300
2025-03-15 14:45:20,476 - sim - INFO - Step 10 / 150: time per frame 0.115959
2025-03-15 14:45:21,961 - sim - INFO - Step 20 / 150: time per frame 0.114828
2025-03-15 14:45:23,472 - sim - INFO - Step 30 / 150: time per frame 0.119759
2025-03-15 14:45:25,009 - sim - INFO - Step 40 / 150: time per frame 0.122579
2025-03-15 14:45:26,452 - sim - INFO - Step 50 / 150: time per frame 0.122650
2025-03-15 14:45:27,945 - sim - INFO - Step 60 / 150: time per frame 0.123104
2025-03-15 14:45:29,417 - sim - INFO - Step 70 / 150: time per frame 0.123031
2025-03-15 14:45:30,897 - sim - INFO - Step 80 / 150: time per frame 0.123450
2025-03-15 14:45:32,285 - sim - INFO - Step 90 / 150: time per frame 0.122391
2025-03-15 14:45:33,728 - sim - INFO - Step 100 / 150: time per frame 0.122074
2025-03-15 14:45:35,062 - sim - INFO - Step 110 / 150: time per frame 0.120600
2025-03-15 14:45:36,642 - sim - INFO - Step 120 / 150: time per frame 0.121287
2025-03-15 14:45:38,094 - sim - INFO - Step 130 / 150: time per frame 0.120820
2025-03-15 14:45:39,663 - sim - INFO - Step 140 / 150: time per frame 0.121615
2025-03-15 14:45:41,031 - sim - INFO - MSE: 0.012432890511371976
2025-03-15 14:45:41,031 - sim - INFO - Materials MSE: 0.012851334050982908
2025-03-15 14:45:41,031 - sim - INFO - Time per frame: 0.12195646279566996
2025-03-15 14:45:41,035 - sim - INFO - Rollout 47 / 300
2025-03-15 14:45:46,142 - sim - INFO - Step 10 / 150: time per frame 0.113701
2025-03-15 14:45:47,501 - sim - INFO - Step 20 / 150: time per frame 0.113106
2025-03-15 14:45:48,855 - sim - INFO - Step 30 / 150: time per frame 0.114042
2025-03-15 14:45:50,490 - sim - INFO - Step 40 / 150: time per frame 0.120872
2025-03-15 14:45:51,842 - sim - INFO - Step 50 / 150: time per frame 0.119599
2025-03-15 14:45:53,213 - sim - INFO - Step 60 / 150: time per frame 0.117616
2025-03-15 14:45:54,638 - sim - INFO - Step 70 / 150: time per frame 0.117832
2025-03-15 14:45:56,099 - sim - INFO - Step 80 / 150: time per frame 0.118101
2025-03-15 14:45:57,538 - sim - INFO - Step 90 / 150: time per frame 0.118446
2025-03-15 14:45:58,914 - sim - INFO - Step 100 / 150: time per frame 0.118209
2025-03-15 14:46:00,354 - sim - INFO - Step 110 / 150: time per frame 0.118594
2025-03-15 14:46:01,819 - sim - INFO - Step 120 / 150: time per frame 0.118947
2025-03-15 14:46:03,404 - sim - INFO - Step 130 / 150: time per frame 0.120097
2025-03-15 14:46:04,823 - sim - INFO - Step 140 / 150: time per frame 0.119884
2025-03-15 14:46:06,209 - sim - INFO - MSE: 0.012540323046094318
2025-03-15 14:46:06,209 - sim - INFO - Materials MSE: 0.009063587102103934
2025-03-15 14:46:06,209 - sim - INFO - Time per frame: 0.12044597960807182
2025-03-15 14:46:06,213 - sim - INFO - Rollout 48 / 300
2025-03-15 14:46:11,565 - sim - INFO - Step 10 / 150: time per frame 0.109748
2025-03-15 14:46:13,019 - sim - INFO - Step 20 / 150: time per frame 0.115189
2025-03-15 14:46:14,358 - sim - INFO - Step 30 / 150: time per frame 0.113269
2025-03-15 14:46:15,754 - sim - INFO - Step 40 / 150: time per frame 0.114757
2025-03-15 14:46:17,174 - sim - INFO - Step 50 / 150: time per frame 0.114553
2025-03-15 14:46:18,548 - sim - INFO - Step 60 / 150: time per frame 0.114627
2025-03-15 14:46:19,955 - sim - INFO - Step 70 / 150: time per frame 0.114972
2025-03-15 14:46:21,286 - sim - INFO - Step 80 / 150: time per frame 0.114588
2025-03-15 14:46:22,833 - sim - INFO - Step 90 / 150: time per frame 0.116031
2025-03-15 14:46:24,323 - sim - INFO - Step 100 / 150: time per frame 0.116645
2025-03-15 14:46:25,829 - sim - INFO - Step 110 / 150: time per frame 0.117806
2025-03-15 14:46:27,313 - sim - INFO - Step 120 / 150: time per frame 0.117711
2025-03-15 14:46:28,692 - sim - INFO - Step 130 / 150: time per frame 0.117569
2025-03-15 14:46:30,095 - sim - INFO - Step 140 / 150: time per frame 0.117691
2025-03-15 14:46:31,341 - sim - INFO - MSE: 0.013464395583811394
2025-03-15 14:46:31,342 - sim - INFO - Materials MSE: 0.01999011643758495
2025-03-15 14:46:31,342 - sim - INFO - Time per frame: 0.11779503725670479
2025-03-15 14:46:31,345 - sim - INFO - Rollout 49 / 300
2025-03-15 14:46:36,467 - sim - INFO - Step 10 / 150: time per frame 0.120211
2025-03-15 14:46:37,906 - sim - INFO - Step 20 / 150: time per frame 0.120122
2025-03-15 14:46:39,416 - sim - INFO - Step 30 / 150: time per frame 0.123207
2025-03-15 14:46:40,923 - sim - INFO - Step 40 / 150: time per frame 0.124318
2025-03-15 14:46:42,413 - sim - INFO - Step 50 / 150: time per frame 0.125175
2025-03-15 14:46:43,854 - sim - INFO - Step 60 / 150: time per frame 0.124245
2025-03-15 14:46:45,413 - sim - INFO - Step 70 / 150: time per frame 0.124901
2025-03-15 14:46:46,745 - sim - INFO - Step 80 / 150: time per frame 0.123391
