2025-01-06 18:19:27,129 - sim - INFO - Environment info:
------------------------------------------------------------
sys.platform: linux
Python: 3.8.20 (default, Oct  3 2024, 15:24:27) [GCC 11.2.0]
CUDA available: True
GPU 0: NVIDIA GeForce RTX 2080 Ti
CUDA_HOME: /usr/local/cuda-11.3
NVCC: Cuda compilation tools, release 11.3, V11.3.109
GCC: gcc (Ubuntu 9.4.0-1ubuntu1~16.04) 9.4.0
PyTorch: 1.12.1
PyTorch compiling details: PyTorch built with:
  - GCC 9.3
  - C++ Version: 201402
  - Intel(R) oneAPI Math Kernel Library Version 2023.1-Product Build 20230303 for Intel(R) 64 architecture applications
  - Intel(R) MKL-DNN v2.6.0 (Git Hash 52b5f107dd9cf10910aaa19cb47f3abf9b349815)
  - OpenMP 201511 (a.k.a. OpenMP 4.5)
  - LAPACK is enabled (usually provided by MKL)
  - NNPACK is enabled
  - CPU capability usage: AVX2
  - CUDA Runtime 11.3
  - NVCC architecture flags: -gencode;arch=compute_37,code=sm_37;-gencode;arch=compute_50,code=sm_50;-gencode;arch=compute_60,code=sm_60;-gencode;arch=compute_61,code=sm_61;-gencode;arch=compute_70,code=sm_70;-gencode;arch=compute_75,code=sm_75;-gencode;arch=compute_80,code=sm_80;-gencode;arch=compute_86,code=sm_86;-gencode;arch=compute_37,code=compute_37
  - CuDNN 8.3.2  (built against CUDA 11.5)
  - Magma 2.5.2
  - Build settings: BLAS_INFO=mkl, BUILD_TYPE=Release, CUDA_VERSION=11.3, CUDNN_VERSION=8.3.2, CXX_COMPILER=/opt/rh/devtoolset-9/root/usr/bin/c++, CXX_FLAGS= -fabi-version=11 -Wno-deprecated -fvisibility-inlines-hidden -DUSE_PTHREADPOOL -fopenmp -DNDEBUG -DUSE_KINETO -DUSE_FBGEMM -DUSE_QNNPACK -DUSE_PYTORCH_QNNPACK -DUSE_XNNPACK -DSYMBOLICATE_MOBILE_DEBUG_HANDLE -DEDGE_PROFILER_USE_KINETO -O2 -fPIC -Wno-narrowing -Wall -Wextra -Werror=return-type -Wno-missing-field-initializers -Wno-type-limits -Wno-array-bounds -Wno-unknown-pragmas -Wno-unused-parameter -Wno-unused-function -Wno-unused-result -Wno-unused-local-typedefs -Wno-strict-overflow -Wno-strict-aliasing -Wno-error=deprecated-declarations -Wno-stringop-overflow -Wno-psabi -Wno-error=pedantic -Wno-error=redundant-decls -Wno-error=old-style-cast -fdiagnostics-color=always -faligned-new -Wno-unused-but-set-variable -Wno-maybe-uninitialized -fno-math-errno -fno-trapping-math -Werror=format -Werror=cast-function-type -Wno-stringop-overflow, LAPACK_INFO=mkl, PERF_WITH_AVX=1, PERF_WITH_AVX2=1, PERF_WITH_AVX512=1, TORCH_VERSION=1.12.1, USE_CUDA=ON, USE_CUDNN=ON, USE_EXCEPTION_PTR=1, USE_GFLAGS=OFF, USE_GLOG=OFF, USE_MKL=ON, USE_MKLDNN=OFF, USE_MPI=OFF, USE_NCCL=ON, USE_NNPACK=ON, USE_OPENMP=ON, USE_ROCM=OFF, 

TorchVision: 0.13.1
OpenCV: 4.10.0
MMCV: 1.7.0
MMCV Compiler: GCC 9.3
MMCV CUDA Compiler: 11.3
Simulation: 0.7.0+b4161dc
------------------------------------------------------------

2025-01-06 18:19:27,129 - sim - INFO - Distributed training: False
2025-01-06 18:19:27,242 - sim - INFO - Config:
model = dict(
    type='ParticleSimulator',
    backbone=dict(
        type='TGA',
        attr_dim=3,
        state_dim=6,
        position_dim=3,
        embed_dim=256,
        attn_dims=(256, 256),
        attn_num_heads=(8, 8),
        gat_hidden_dims=(256, 256),
        gat_num_heads=(8, 8),
        num_layers=2,
        dropouts=(0.0, 0.0),
        output_dim=256),
    head=dict(
        type='ParticleHead',
        in_channels=256,
        out_channels=3,
        seperate=False,
        rotation_dim=0,
        weighted=False,
        loss=dict(type='MSELoss', loss_weight=1.0)))
dataset_type = 'PhysicsFleXDataset'
env_cfg = dict(
    env='FluidFall',
    num_abs_token=0,
    baseline=False,
    gen_data=False,
    gen_meta=False,
    hierarchy=False,
    scene_params=[],
    eval_ratio=10000000.0,
    dataf='./data/data_FluidFall',
    n_rollout=3000,
    time_step=121,
    time_step_clip=5,
    attn_mask=8,
    dt=0.016666666666666666,
    nf_relation=300,
    nf_particle=200,
    nf_effect=200,
    train_valid_ratio=0.9,
    n_instance=1,
    n_stages=1,
    n_his=0,
    shape_state_dim=14,
    attr_dim=3,
    state_dim=6,
    position_dim=3,
    relation_dim=1,
    neighbor_radius=0.08,
    pstep=2,
    phases_dict=dict(
        instance_idx=[0, 189],
        root_num=[[]],
        instance=['fluid'],
        material=['fluid']))
data = dict(
    samples_per_gpu=8,
    workers_per_gpu=8,
    train=dict(
        type='PhysicsFleXDataset',
        phase='train',
        env_cfg=dict(
            env='FluidFall',
            num_abs_token=0,
            baseline=False,
            gen_data=False,
            gen_meta=False,
            hierarchy=False,
            scene_params=[],
            eval_ratio=10000000.0,
            dataf='./data/data_FluidFall',
            n_rollout=3000,
            time_step=121,
            time_step_clip=5,
            attn_mask=8,
            dt=0.016666666666666666,
            nf_relation=300,
            nf_particle=200,
            nf_effect=200,
            train_valid_ratio=0.9,
            n_instance=1,
            n_stages=1,
            n_his=0,
            shape_state_dim=14,
            attr_dim=3,
            state_dim=6,
            position_dim=3,
            relation_dim=1,
            neighbor_radius=0.08,
            pstep=2,
            phases_dict=dict(
                instance_idx=[0, 189],
                root_num=[[]],
                instance=['fluid'],
                material=['fluid'])),
        verbose=False),
    val=dict(
        type='PhysicsFleXDataset',
        phase='valid',
        env_cfg=dict(
            env='FluidFall',
            num_abs_token=0,
            baseline=False,
            gen_data=False,
            gen_meta=False,
            hierarchy=False,
            scene_params=[],
            eval_ratio=10000000.0,
            dataf='./data/data_FluidFall',
            n_rollout=3000,
            time_step=121,
            time_step_clip=5,
            attn_mask=8,
            dt=0.016666666666666666,
            nf_relation=300,
            nf_particle=200,
            nf_effect=200,
            train_valid_ratio=0.9,
            n_instance=1,
            n_stages=1,
            n_his=0,
            shape_state_dim=14,
            attr_dim=3,
            state_dim=6,
            position_dim=3,
            relation_dim=1,
            neighbor_radius=0.08,
            pstep=2,
            phases_dict=dict(
                instance_idx=[0, 189],
                root_num=[[]],
                instance=['fluid'],
                material=['fluid'])),
        verbose=False),
    test=dict(
        type='PhysicsFleXDataset',
        phase='valid',
        env_cfg=dict(
            env='FluidFall',
            num_abs_token=0,
            baseline=False,
            gen_data=False,
            gen_meta=False,
            hierarchy=False,
            scene_params=[],
            eval_ratio=10000000.0,
            dataf='./data/data_FluidFall',
            n_rollout=3000,
            time_step=121,
            time_step_clip=5,
            attn_mask=8,
            dt=0.016666666666666666,
            nf_relation=300,
            nf_particle=200,
            nf_effect=200,
            train_valid_ratio=0.9,
            n_instance=1,
            n_stages=1,
            n_his=0,
            shape_state_dim=14,
            attr_dim=3,
            state_dim=6,
            position_dim=3,
            relation_dim=1,
            neighbor_radius=0.08,
            pstep=2,
            phases_dict=dict(
                instance_idx=[0, 189],
                root_num=[[]],
                instance=['fluid'],
                material=['fluid'])),
        verbose=False))
optimizer = dict(
    type='Adam', lr=0.0008, betas=(0.9, 0.999), weight_decay=0, amsgrad=False)
optimizer_config = dict(grad_clip=None)
lr_config = dict(policy='Plateau', mode='min', factor=0.8, patience=3)
runner = dict(type='EpochBasedRunner', max_epochs=13)
checkpoint_config = dict(interval=1)
log_config = dict(interval=100, hooks=[dict(type='TextLoggerHook')])
dist_params = dict(backend='nccl', port='29513')
log_level = 'INFO'
load_from = None
resume_from = None
workflow = [('train', 1)]
find_unused_parameters = True
work_dir = 'work_dirs/tga_total_fluidfall/'
gpu_ids = range(0, 1)

2025-01-06 18:19:27,276 - sim - INFO - Model parameters: 878915
2025-01-06 18:19:27,988 - sim - INFO - Start running, host: zbl@lab601-2, work_dir: /home/zbl/sim/TIE_ECCV2022/work_dirs/tga_total_fluidfall
2025-01-06 18:19:27,988 - sim - INFO - Hooks will be executed in the following order:
before_run:
(VERY_HIGH   ) PlateauLrUpdaterHook               
(NORMAL      ) CheckpointHook                     
(VERY_LOW    ) TextLoggerHook                     
 -------------------- 
before_train_epoch:
(VERY_HIGH   ) PlateauLrUpdaterHook               
(NORMAL      ) MSEAccuracy                        
(LOW         ) IterTimerHook                      
(VERY_LOW    ) TextLoggerHook                     
 -------------------- 
before_train_iter:
(VERY_HIGH   ) PlateauLrUpdaterHook               
(LOW         ) IterTimerHook                      
 -------------------- 
after_train_iter:
(ABOVE_NORMAL) OptimizerHook                      
(NORMAL      ) CheckpointHook                     
(NORMAL      ) EvalHook                           
(LOW         ) IterTimerHook                      
(VERY_LOW    ) TextLoggerHook                     
 -------------------- 
after_train_epoch:
(NORMAL      ) CheckpointHook                     
(NORMAL      ) EvalHook                           
(VERY_LOW    ) TextLoggerHook                     
 -------------------- 
before_val_epoch:
(NORMAL      ) MSEAccuracy                        
(LOW         ) IterTimerHook                      
(VERY_LOW    ) TextLoggerHook                     
 -------------------- 
before_val_iter:
(LOW         ) IterTimerHook                      
 -------------------- 
after_val_iter:
(LOW         ) IterTimerHook                      
 -------------------- 
after_val_epoch:
(VERY_LOW    ) TextLoggerHook                     
 -------------------- 
after_run:
(VERY_LOW    ) TextLoggerHook                     
 -------------------- 
2025-01-06 18:19:27,989 - sim - INFO - workflow: [('train', 1)], max: 13 epochs
2025-01-06 18:19:27,989 - sim - INFO - Checkpoints will be saved to /home/zbl/sim/TIE_ECCV2022/work_dirs/tga_total_fluidfall by HardDiskBackend.
2025-01-06 18:19:34,828 - sim - INFO - Epoch [1][100/40500]	lr: 8.000e-04, eta: 9:59:54, time: 0.068, data_time: 0.052, memory: 103, loss: 0.6224, Batch std: 1.0152, Agg std: 1.0187
2025-01-06 18:19:38,349 - sim - INFO - Epoch [1][200/40500]	lr: 8.000e-04, eta: 7:34:18, time: 0.035, data_time: 0.022, memory: 103, loss: 0.0280, Batch std: 1.0115, Agg std: 1.0170
2025-01-06 18:19:42,176 - sim - INFO - Epoch [1][300/40500]	lr: 8.000e-04, eta: 6:54:40, time: 0.038, data_time: 0.025, memory: 103, loss: 0.0126, Batch std: 1.0239, Agg std: 1.0149
2025-01-06 18:19:45,890 - sim - INFO - Epoch [1][400/40500]	lr: 8.000e-04, eta: 6:32:20, time: 0.037, data_time: 0.024, memory: 103, loss: 0.0039, Batch std: 1.0085, Agg std: 1.0148
2025-01-06 18:19:49,690 - sim - INFO - Epoch [1][500/40500]	lr: 8.000e-04, eta: 6:20:26, time: 0.038, data_time: 0.025, memory: 103, loss: 0.0013, Batch std: 1.0041, Agg std: 1.0148
