2025-01-06 18:20:02,751 - sim - INFO - Environment info:
------------------------------------------------------------
sys.platform: linux
Python: 3.8.20 (default, Oct  3 2024, 15:24:27) [GCC 11.2.0]
CUDA available: True
GPU 0: NVIDIA GeForce RTX 2080 Ti
CUDA_HOME: /usr/local/cuda-11.3
NVCC: Cuda compilation tools, release 11.3, V11.3.109
GCC: gcc (Ubuntu 9.4.0-1ubuntu1~16.04) 9.4.0
PyTorch: 1.12.1
PyTorch compiling details: PyTorch built with:
  - GCC 9.3
  - C++ Version: 201402
  - Intel(R) oneAPI Math Kernel Library Version 2023.1-Product Build 20230303 for Intel(R) 64 architecture applications
  - Intel(R) MKL-DNN v2.6.0 (Git Hash 52b5f107dd9cf10910aaa19cb47f3abf9b349815)
  - OpenMP 201511 (a.k.a. OpenMP 4.5)
  - LAPACK is enabled (usually provided by MKL)
  - NNPACK is enabled
  - CPU capability usage: AVX2
  - CUDA Runtime 11.3
  - NVCC architecture flags: -gencode;arch=compute_37,code=sm_37;-gencode;arch=compute_50,code=sm_50;-gencode;arch=compute_60,code=sm_60;-gencode;arch=compute_61,code=sm_61;-gencode;arch=compute_70,code=sm_70;-gencode;arch=compute_75,code=sm_75;-gencode;arch=compute_80,code=sm_80;-gencode;arch=compute_86,code=sm_86;-gencode;arch=compute_37,code=compute_37
  - CuDNN 8.3.2  (built against CUDA 11.5)
  - Magma 2.5.2
  - Build settings: BLAS_INFO=mkl, BUILD_TYPE=Release, CUDA_VERSION=11.3, CUDNN_VERSION=8.3.2, CXX_COMPILER=/opt/rh/devtoolset-9/root/usr/bin/c++, CXX_FLAGS= -fabi-version=11 -Wno-deprecated -fvisibility-inlines-hidden -DUSE_PTHREADPOOL -fopenmp -DNDEBUG -DUSE_KINETO -DUSE_FBGEMM -DUSE_QNNPACK -DUSE_PYTORCH_QNNPACK -DUSE_XNNPACK -DSYMBOLICATE_MOBILE_DEBUG_HANDLE -DEDGE_PROFILER_USE_KINETO -O2 -fPIC -Wno-narrowing -Wall -Wextra -Werror=return-type -Wno-missing-field-initializers -Wno-type-limits -Wno-array-bounds -Wno-unknown-pragmas -Wno-unused-parameter -Wno-unused-function -Wno-unused-result -Wno-unused-local-typedefs -Wno-strict-overflow -Wno-strict-aliasing -Wno-error=deprecated-declarations -Wno-stringop-overflow -Wno-psabi -Wno-error=pedantic -Wno-error=redundant-decls -Wno-error=old-style-cast -fdiagnostics-color=always -faligned-new -Wno-unused-but-set-variable -Wno-maybe-uninitialized -fno-math-errno -fno-trapping-math -Werror=format -Werror=cast-function-type -Wno-stringop-overflow, LAPACK_INFO=mkl, PERF_WITH_AVX=1, PERF_WITH_AVX2=1, PERF_WITH_AVX512=1, TORCH_VERSION=1.12.1, USE_CUDA=ON, USE_CUDNN=ON, USE_EXCEPTION_PTR=1, USE_GFLAGS=OFF, USE_GLOG=OFF, USE_MKL=ON, USE_MKLDNN=OFF, USE_MPI=OFF, USE_NCCL=ON, USE_NNPACK=ON, USE_OPENMP=ON, USE_ROCM=OFF, 

TorchVision: 0.13.1
OpenCV: 4.10.0
MMCV: 1.7.0
MMCV Compiler: GCC 9.3
MMCV CUDA Compiler: 11.3
Simulation: 0.7.0+b4161dc
------------------------------------------------------------

2025-01-06 18:20:02,751 - sim - INFO - Distributed training: False
2025-01-06 18:20:02,860 - sim - INFO - Config:
model = dict(
    type='ParticleSimulator',
    backbone=dict(
        type='TGA',
        attr_dim=3,
        state_dim=6,
        position_dim=3,
        embed_dim=256,
        attn_dims=(256, 256),
        attn_num_heads=(8, 8),
        gat_hidden_dims=(256, 256),
        gat_num_heads=(8, 8),
        num_layers=2,
        dropouts=(0.0, 0.0),
        output_dim=256),
    head=dict(
        type='ParticleHead',
        in_channels=256,
        out_channels=3,
        seperate=False,
        rotation_dim=0,
        weighted=False,
        loss=dict(type='MSELoss', loss_weight=1.0)))
dataset_type = 'PhysicsFleXDataset'
env_cfg = dict(
    env='FluidFall',
    num_abs_token=0,
    baseline=False,
    gen_data=False,
    gen_meta=False,
    hierarchy=False,
    scene_params=[],
    eval_ratio=10000000.0,
    dataf='./data/data_FluidFall',
    n_rollout=3000,
    time_step=121,
    time_step_clip=5,
    attn_mask=8,
    dt=0.016666666666666666,
    nf_relation=300,
    nf_particle=200,
    nf_effect=200,
    train_valid_ratio=0.9,
    n_instance=1,
    n_stages=1,
    n_his=0,
    shape_state_dim=14,
    attr_dim=3,
    state_dim=6,
    position_dim=3,
    relation_dim=1,
    neighbor_radius=0.08,
    pstep=2,
    phases_dict=dict(
        instance_idx=[0, 189],
        root_num=[[]],
        instance=['fluid'],
        material=['fluid']))
data = dict(
    samples_per_gpu=8,
    workers_per_gpu=8,
    train=dict(
        type='PhysicsFleXDataset',
        phase='train',
        env_cfg=dict(
            env='FluidFall',
            num_abs_token=0,
            baseline=False,
            gen_data=False,
            gen_meta=False,
            hierarchy=False,
            scene_params=[],
            eval_ratio=10000000.0,
            dataf='./data/data_FluidFall',
            n_rollout=3000,
            time_step=121,
            time_step_clip=5,
            attn_mask=8,
            dt=0.016666666666666666,
            nf_relation=300,
            nf_particle=200,
            nf_effect=200,
            train_valid_ratio=0.9,
            n_instance=1,
            n_stages=1,
            n_his=0,
            shape_state_dim=14,
            attr_dim=3,
            state_dim=6,
            position_dim=3,
            relation_dim=1,
            neighbor_radius=0.08,
            pstep=2,
            phases_dict=dict(
                instance_idx=[0, 189],
                root_num=[[]],
                instance=['fluid'],
                material=['fluid'])),
        verbose=False),
    val=dict(
        type='PhysicsFleXDataset',
        phase='valid',
        env_cfg=dict(
            env='FluidFall',
            num_abs_token=0,
            baseline=False,
            gen_data=False,
            gen_meta=False,
            hierarchy=False,
            scene_params=[],
            eval_ratio=10000000.0,
            dataf='./data/data_FluidFall',
            n_rollout=3000,
            time_step=121,
            time_step_clip=5,
            attn_mask=8,
            dt=0.016666666666666666,
            nf_relation=300,
            nf_particle=200,
            nf_effect=200,
            train_valid_ratio=0.9,
            n_instance=1,
            n_stages=1,
            n_his=0,
            shape_state_dim=14,
            attr_dim=3,
            state_dim=6,
            position_dim=3,
            relation_dim=1,
            neighbor_radius=0.08,
            pstep=2,
            phases_dict=dict(
                instance_idx=[0, 189],
                root_num=[[]],
                instance=['fluid'],
                material=['fluid'])),
        verbose=False),
    test=dict(
        type='PhysicsFleXDataset',
        phase='valid',
        env_cfg=dict(
            env='FluidFall',
            num_abs_token=0,
            baseline=False,
            gen_data=False,
            gen_meta=False,
            hierarchy=False,
            scene_params=[],
            eval_ratio=10000000.0,
            dataf='./data/data_FluidFall',
            n_rollout=3000,
            time_step=121,
            time_step_clip=5,
            attn_mask=8,
            dt=0.016666666666666666,
            nf_relation=300,
            nf_particle=200,
            nf_effect=200,
            train_valid_ratio=0.9,
            n_instance=1,
            n_stages=1,
            n_his=0,
            shape_state_dim=14,
            attr_dim=3,
            state_dim=6,
            position_dim=3,
            relation_dim=1,
            neighbor_radius=0.08,
            pstep=2,
            phases_dict=dict(
                instance_idx=[0, 189],
                root_num=[[]],
                instance=['fluid'],
                material=['fluid'])),
        verbose=False))
optimizer = dict(
    type='Adam', lr=0.0008, betas=(0.9, 0.999), weight_decay=0, amsgrad=False)
optimizer_config = dict(grad_clip=None)
lr_config = dict(policy='Plateau', mode='min', factor=0.8, patience=3)
runner = dict(type='EpochBasedRunner', max_epochs=13)
checkpoint_config = dict(interval=1)
log_config = dict(interval=100, hooks=[dict(type='TextLoggerHook')])
dist_params = dict(backend='nccl', port='29513')
log_level = 'INFO'
load_from = None
resume_from = None
workflow = [('train', 1)]
find_unused_parameters = True
work_dir = 'work_dirs/tga_total_fluidfall/'
gpu_ids = range(0, 1)

2025-01-06 18:20:02,893 - sim - INFO - Model parameters: 878915
2025-01-06 18:20:03,620 - sim - INFO - Start running, host: zbl@lab601-2, work_dir: /home/zbl/sim/TIE_ECCV2022/work_dirs/tga_total_fluidfall
2025-01-06 18:20:03,621 - sim - INFO - Hooks will be executed in the following order:
before_run:
(VERY_HIGH   ) PlateauLrUpdaterHook               
(NORMAL      ) CheckpointHook                     
(VERY_LOW    ) TextLoggerHook                     
 -------------------- 
before_train_epoch:
(VERY_HIGH   ) PlateauLrUpdaterHook               
(NORMAL      ) MSEAccuracy                        
(LOW         ) IterTimerHook                      
(VERY_LOW    ) TextLoggerHook                     
 -------------------- 
before_train_iter:
(VERY_HIGH   ) PlateauLrUpdaterHook               
(LOW         ) IterTimerHook                      
 -------------------- 
after_train_iter:
(ABOVE_NORMAL) OptimizerHook                      
(NORMAL      ) CheckpointHook                     
(NORMAL      ) EvalHook                           
(LOW         ) IterTimerHook                      
(VERY_LOW    ) TextLoggerHook                     
 -------------------- 
after_train_epoch:
(NORMAL      ) CheckpointHook                     
(NORMAL      ) EvalHook                           
(VERY_LOW    ) TextLoggerHook                     
 -------------------- 
before_val_epoch:
(NORMAL      ) MSEAccuracy                        
(LOW         ) IterTimerHook                      
(VERY_LOW    ) TextLoggerHook                     
 -------------------- 
before_val_iter:
(LOW         ) IterTimerHook                      
 -------------------- 
after_val_iter:
(LOW         ) IterTimerHook                      
 -------------------- 
after_val_epoch:
(VERY_LOW    ) TextLoggerHook                     
 -------------------- 
after_run:
(VERY_LOW    ) TextLoggerHook                     
 -------------------- 
2025-01-06 18:20:03,621 - sim - INFO - workflow: [('train', 1)], max: 13 epochs
2025-01-06 18:20:03,621 - sim - INFO - Checkpoints will be saved to /home/zbl/sim/TIE_ECCV2022/work_dirs/tga_total_fluidfall by HardDiskBackend.
2025-01-06 18:20:10,398 - sim - INFO - Epoch [1][100/40500]	lr: 8.000e-04, eta: 9:54:25, time: 0.068, data_time: 0.051, memory: 103, loss: 5.0426, Batch std: 1.0183, Agg std: 1.0145
2025-01-06 18:20:14,020 - sim - INFO - Epoch [1][200/40500]	lr: 8.000e-04, eta: 7:36:00, time: 0.036, data_time: 0.023, memory: 103, loss: 1.2201, Batch std: 1.0122, Agg std: 1.0159
2025-01-06 18:20:17,856 - sim - INFO - Epoch [1][300/40500]	lr: 8.000e-04, eta: 6:56:05, time: 0.038, data_time: 0.026, memory: 103, loss: 1.1912, Batch std: 1.0097, Agg std: 1.0170
2025-01-06 18:20:21,482 - sim - INFO - Epoch [1][400/40500]	lr: 8.000e-04, eta: 6:31:28, time: 0.036, data_time: 0.023, memory: 103, loss: 1.1647, Batch std: 1.0092, Agg std: 1.0123
2025-01-06 18:20:25,311 - sim - INFO - Epoch [1][500/40500]	lr: 8.000e-04, eta: 6:20:14, time: 0.038, data_time: 0.025, memory: 103, loss: 1.1045, Batch std: 0.9907, Agg std: 1.0093
2025-01-06 18:20:28,974 - sim - INFO - Epoch [1][600/40500]	lr: 8.000e-04, eta: 6:10:19, time: 0.037, data_time: 0.024, memory: 103, loss: 1.1375, Batch std: 1.0024, Agg std: 1.0075
2025-01-06 18:20:32,772 - sim - INFO - Epoch [1][700/40500]	lr: 8.000e-04, eta: 6:04:53, time: 0.038, data_time: 0.025, memory: 103, loss: 1.2325, Batch std: 1.0002, Agg std: 1.0055
2025-01-06 18:20:36,501 - sim - INFO - Epoch [1][800/40500]	lr: 8.000e-04, eta: 6:00:03, time: 0.037, data_time: 0.024, memory: 103, loss: 1.1449, Batch std: 0.9990, Agg std: 1.0060
2025-01-06 18:20:40,297 - sim - INFO - Epoch [1][900/40500]	lr: 8.000e-04, eta: 5:56:56, time: 0.038, data_time: 0.025, memory: 103, loss: 1.1084, Batch std: 0.9935, Agg std: 1.0044
2025-01-06 18:20:43,975 - sim - INFO - Epoch [1][1000/40500]	lr: 8.000e-04, eta: 5:53:23, time: 0.037, data_time: 0.024, memory: 103, loss: 1.1192, Batch std: 1.0010, Agg std: 1.0037
2025-01-06 18:20:47,803 - sim - INFO - Epoch [1][1100/40500]	lr: 8.000e-04, eta: 5:51:40, time: 0.038, data_time: 0.025, memory: 103, loss: 1.1041, Batch std: 0.9925, Agg std: 1.0034
2025-01-06 18:20:51,483 - sim - INFO - Epoch [1][1200/40500]	lr: 8.000e-04, eta: 5:49:09, time: 0.037, data_time: 0.024, memory: 103, loss: 1.1570, Batch std: 1.0180, Agg std: 1.0038
2025-01-06 18:20:55,268 - sim - INFO - Epoch [1][1300/40500]	lr: 8.000e-04, eta: 5:47:43, time: 0.038, data_time: 0.025, memory: 103, loss: 1.1352, Batch std: 1.0037, Agg std: 1.0037
2025-01-06 18:20:58,922 - sim - INFO - Epoch [1][1400/40500]	lr: 8.000e-04, eta: 5:45:39, time: 0.037, data_time: 0.023, memory: 103, loss: 1.0783, Batch std: 0.9846, Agg std: 1.0031
2025-01-06 18:21:02,734 - sim - INFO - Epoch [1][1500/40500]	lr: 8.000e-04, eta: 5:44:47, time: 0.038, data_time: 0.025, memory: 103, loss: 1.0637, Batch std: 0.9740, Agg std: 1.0011
2025-01-06 18:21:06,479 - sim - INFO - Epoch [1][1600/40500]	lr: 8.000e-04, eta: 5:43:39, time: 0.037, data_time: 0.025, memory: 103, loss: 1.1038, Batch std: 0.9957, Agg std: 1.0006
2025-01-06 18:21:10,244 - sim - INFO - Epoch [1][1700/40500]	lr: 8.000e-04, eta: 5:42:44, time: 0.038, data_time: 0.025, memory: 103, loss: 1.1020, Batch std: 0.9957, Agg std: 1.0005
2025-01-06 18:21:13,947 - sim - INFO - Epoch [1][1800/40500]	lr: 8.000e-04, eta: 5:41:37, time: 0.037, data_time: 0.024, memory: 103, loss: 1.1172, Batch std: 0.9995, Agg std: 1.0000
2025-01-06 18:21:17,626 - sim - INFO - Epoch [1][1900/40500]	lr: 8.000e-04, eta: 5:40:31, time: 0.037, data_time: 0.024, memory: 103, loss: 1.1141, Batch std: 1.0012, Agg std: 0.9999
2025-01-06 18:21:21,269 - sim - INFO - Epoch [1][2000/40500]	lr: 8.000e-04, eta: 5:39:21, time: 0.036, data_time: 0.024, memory: 103, loss: 1.0455, Batch std: 0.9710, Agg std: 0.9991
2025-01-06 18:21:25,090 - sim - INFO - Epoch [1][2100/40500]	lr: 8.000e-04, eta: 5:39:01, time: 0.038, data_time: 0.025, memory: 103, loss: 1.0608, Batch std: 0.9770, Agg std: 0.9980
2025-01-06 18:21:28,829 - sim - INFO - Epoch [1][2200/40500]	lr: 8.000e-04, eta: 5:38:24, time: 0.037, data_time: 0.024, memory: 103, loss: 1.0946, Batch std: 0.9876, Agg std: 0.9972
2025-01-06 18:21:32,523 - sim - INFO - Epoch [1][2300/40500]	lr: 8.000e-04, eta: 5:37:39, time: 0.037, data_time: 0.024, memory: 103, loss: 1.0340, Batch std: 0.9622, Agg std: 0.9962
2025-01-06 18:21:36,254 - sim - INFO - Epoch [1][2400/40500]	lr: 8.000e-04, eta: 5:37:06, time: 0.037, data_time: 0.024, memory: 103, loss: 1.0728, Batch std: 0.9791, Agg std: 0.9952
2025-01-06 18:21:40,009 - sim - INFO - Epoch [1][2500/40500]	lr: 8.000e-04, eta: 5:36:40, time: 0.038, data_time: 0.025, memory: 103, loss: 1.0950, Batch std: 0.9935, Agg std: 0.9949
2025-01-06 18:21:43,716 - sim - INFO - Epoch [1][2600/40500]	lr: 8.000e-04, eta: 5:36:07, time: 0.037, data_time: 0.024, memory: 103, loss: 1.0861, Batch std: 0.9808, Agg std: 0.9944
2025-01-06 18:21:47,394 - sim - INFO - Epoch [1][2700/40500]	lr: 8.000e-04, eta: 5:35:29, time: 0.037, data_time: 0.024, memory: 103, loss: 1.1287, Batch std: 1.0052, Agg std: 0.9946
2025-01-06 18:21:51,143 - sim - INFO - Epoch [1][2800/40500]	lr: 8.000e-04, eta: 5:35:08, time: 0.037, data_time: 0.024, memory: 103, loss: 1.0687, Batch std: 0.9776, Agg std: 0.9943
2025-01-06 18:21:54,891 - sim - INFO - Epoch [1][2900/40500]	lr: 8.000e-04, eta: 5:34:47, time: 0.037, data_time: 0.025, memory: 103, loss: 1.0513, Batch std: 0.9699, Agg std: 0.9937
2025-01-06 18:21:58,603 - sim - INFO - Epoch [1][3000/40500]	lr: 8.000e-04, eta: 5:34:22, time: 0.037, data_time: 0.024, memory: 103, loss: 1.0898, Batch std: 0.9890, Agg std: 0.9931
2025-01-06 18:22:02,278 - sim - INFO - Epoch [1][3100/40500]	lr: 8.000e-04, eta: 5:33:51, time: 0.037, data_time: 0.024, memory: 103, loss: 1.0279, Batch std: 0.9615, Agg std: 0.9926
2025-01-06 18:22:06,111 - sim - INFO - Epoch [1][3200/40500]	lr: 8.000e-04, eta: 5:33:49, time: 0.038, data_time: 0.025, memory: 103, loss: 1.0861, Batch std: 0.9859, Agg std: 0.9920
2025-01-06 18:22:09,766 - sim - INFO - Epoch [1][3300/40500]	lr: 8.000e-04, eta: 5:33:17, time: 0.037, data_time: 0.023, memory: 103, loss: 1.0618, Batch std: 0.9758, Agg std: 0.9916
2025-01-06 18:22:13,631 - sim - INFO - Epoch [1][3400/40500]	lr: 8.000e-04, eta: 5:33:20, time: 0.039, data_time: 0.026, memory: 103, loss: 1.0057, Batch std: 0.9495, Agg std: 0.9909
2025-01-06 18:22:17,265 - sim - INFO - Epoch [1][3500/40500]	lr: 8.000e-04, eta: 5:32:48, time: 0.036, data_time: 0.023, memory: 103, loss: 1.1043, Batch std: 0.9951, Agg std: 0.9903
