2025-05-07 21:41:03,790 - sim - INFO - Environment info:
------------------------------------------------------------
sys.platform: linux
Python: 3.8.20 (default, Oct  3 2024, 15:24:27) [GCC 11.2.0]
CUDA available: True
GPU 0: NVIDIA GeForce RTX 2080 Ti
CUDA_HOME: /usr/local/cuda-11.3
NVCC: Cuda compilation tools, release 11.3, V11.3.109
GCC: gcc (Ubuntu 6.5.0-2ubuntu1~16.04) 6.5.0 20181026
PyTorch: 1.12.1
PyTorch compiling details: PyTorch built with:
  - GCC 9.3
  - C++ Version: 201402
  - Intel(R) oneAPI Math Kernel Library Version 2023.1-Product Build 20230303 for Intel(R) 64 architecture applications
  - Intel(R) MKL-DNN v2.6.0 (Git Hash 52b5f107dd9cf10910aaa19cb47f3abf9b349815)
  - OpenMP 201511 (a.k.a. OpenMP 4.5)
  - LAPACK is enabled (usually provided by MKL)
  - NNPACK is enabled
  - CPU capability usage: AVX2
  - CUDA Runtime 11.3
  - NVCC architecture flags: -gencode;arch=compute_37,code=sm_37;-gencode;arch=compute_50,code=sm_50;-gencode;arch=compute_60,code=sm_60;-gencode;arch=compute_61,code=sm_61;-gencode;arch=compute_70,code=sm_70;-gencode;arch=compute_75,code=sm_75;-gencode;arch=compute_80,code=sm_80;-gencode;arch=compute_86,code=sm_86;-gencode;arch=compute_37,code=compute_37
  - CuDNN 8.3.2  (built against CUDA 11.5)
  - Magma 2.5.2
  - Build settings: BLAS_INFO=mkl, BUILD_TYPE=Release, CUDA_VERSION=11.3, CUDNN_VERSION=8.3.2, CXX_COMPILER=/opt/rh/devtoolset-9/root/usr/bin/c++, CXX_FLAGS= -fabi-version=11 -Wno-deprecated -fvisibility-inlines-hidden -DUSE_PTHREADPOOL -fopenmp -DNDEBUG -DUSE_KINETO -DUSE_FBGEMM -DUSE_QNNPACK -DUSE_PYTORCH_QNNPACK -DUSE_XNNPACK -DSYMBOLICATE_MOBILE_DEBUG_HANDLE -DEDGE_PROFILER_USE_KINETO -O2 -fPIC -Wno-narrowing -Wall -Wextra -Werror=return-type -Wno-missing-field-initializers -Wno-type-limits -Wno-array-bounds -Wno-unknown-pragmas -Wno-unused-parameter -Wno-unused-function -Wno-unused-result -Wno-unused-local-typedefs -Wno-strict-overflow -Wno-strict-aliasing -Wno-error=deprecated-declarations -Wno-stringop-overflow -Wno-psabi -Wno-error=pedantic -Wno-error=redundant-decls -Wno-error=old-style-cast -fdiagnostics-color=always -faligned-new -Wno-unused-but-set-variable -Wno-maybe-uninitialized -fno-math-errno -fno-trapping-math -Werror=format -Werror=cast-function-type -Wno-stringop-overflow, LAPACK_INFO=mkl, PERF_WITH_AVX=1, PERF_WITH_AVX2=1, PERF_WITH_AVX512=1, TORCH_VERSION=1.12.1, USE_CUDA=ON, USE_CUDNN=ON, USE_EXCEPTION_PTR=1, USE_GFLAGS=OFF, USE_GLOG=OFF, USE_MKL=ON, USE_MKLDNN=OFF, USE_MPI=OFF, USE_NCCL=ON, USE_NNPACK=ON, USE_OPENMP=ON, USE_ROCM=OFF, 

TorchVision: 0.13.1
OpenCV: 4.10.0
MMCV: 1.7.0
MMCV Compiler: GCC 9.3
MMCV CUDA Compiler: 11.3
Simulation: 0.7.0+f9c384a
------------------------------------------------------------

2025-05-07 21:41:03,790 - sim - INFO - Distributed training: False
2025-05-07 21:41:03,965 - sim - INFO - Config:
model = dict(
    type='ParticleSimulator',
    backbone=dict(
        type='TGA',
        attr_dim=7,
        state_dim=34,
        position_dim=6,
        embed_dim=128,
        attn_dims=(128, 128),
        attn_num_heads=(8, 8),
        gat_hidden_dims=(128, 128),
        gat_num_heads=(8, 8),
        num_layers=1,
        dropouts=(0.2, 0.2),
        output_dim=128,
        num_abs_token=2),
    head=dict(
        type='ParticleHead',
        in_channels=128,
        out_channels=6,
        seperate=False,
        rotation_dim=0,
        weighted=False,
        loss=dict(type='MSELoss', loss_weight=1.0)))
dataset_type = 'PhysicsFleXDataset'
pstep = 2
env_cfg = dict(
    env='RiceGrip',
    num_abs_token=0,
    hierarchy=False,
    gen_data=False,
    gen_meta=False,
    scene_params=[[8.0, 10.0], [8.0, 10.0], [8.0, 10.0]],
    abs_point=False,
    eval_ratio=10000000.0,
    dataf='./data/data_RiceGrip',
    n_rollout=5000,
    time_step=41,
    time_step_clip=0,
    attn_mask=8,
    dt=0.016666666666666666,
    nf_relation=300,
    nf_particle=200,
    nf_effect=200,
    train_valid_ratio=0.9,
    n_instance=1,
    n_stages=4,
    n_his=3,
    shape_state_dim=14,
    attr_dim=7,
    state_dim=34,
    position_dim=6,
    relation_dim=1,
    neighbor_radius=0.08,
    pstep=2,
    phases_dict=dict(
        root_num=[[30]],
        root_sib_radius=[[5.0]],
        root_des_radius=[[0.2]],
        root_pstep=[[2]],
        instance=['rice'],
        material=['fluid']))
data = dict(
    samples_per_gpu=4,
    workers_per_gpu=4,
    train=dict(
        type='PhysicsFleXDataset',
        phase='train',
        env_cfg=dict(
            env='RiceGrip',
            num_abs_token=2,
            hierarchy=False,
            gen_data=False,
            gen_meta=False,
            scene_params=[[8.0, 10.0], [8.0, 10.0], [8.0, 10.0]],
            abs_point=False,
            eval_ratio=10000000.0,
            dataf='./data/data_RiceGrip',
            n_rollout=5000,
            time_step=41,
            time_step_clip=0,
            attn_mask=8,
            dt=0.016666666666666666,
            nf_relation=300,
            nf_particle=200,
            nf_effect=200,
            train_valid_ratio=0.9,
            n_instance=1,
            n_stages=4,
            n_his=3,
            shape_state_dim=14,
            attr_dim=7,
            state_dim=34,
            position_dim=6,
            relation_dim=1,
            neighbor_radius=0.08,
            pstep=2,
            phases_dict=dict(
                root_num=[[30]],
                root_sib_radius=[[5.0]],
                root_des_radius=[[0.2]],
                root_pstep=[[2]],
                instance=['rice'],
                material=['fluid'])),
        verbose=False),
    val=dict(
        type='PhysicsFleXDataset',
        phase='valid',
        env_cfg=dict(
            env='RiceGrip',
            num_abs_token=2,
            hierarchy=False,
            gen_data=False,
            gen_meta=False,
            scene_params=[[8.0, 10.0], [8.0, 10.0], [8.0, 10.0]],
            abs_point=False,
            eval_ratio=10000000.0,
            dataf='./data/data_RiceGrip',
            n_rollout=5000,
            time_step=41,
            time_step_clip=0,
            attn_mask=8,
            dt=0.016666666666666666,
            nf_relation=300,
            nf_particle=200,
            nf_effect=200,
            train_valid_ratio=0.9,
            n_instance=1,
            n_stages=4,
            n_his=3,
            shape_state_dim=14,
            attr_dim=7,
            state_dim=34,
            position_dim=6,
            relation_dim=1,
            neighbor_radius=0.08,
            pstep=2,
            phases_dict=dict(
                root_num=[[30]],
                root_sib_radius=[[5.0]],
                root_des_radius=[[0.2]],
                root_pstep=[[2]],
                instance=['rice'],
                material=['fluid'])),
        verbose=False),
    test=dict(
        type='PhysicsFleXDataset',
        phase='valid',
        env_cfg=dict(
            env='RiceGrip',
            num_abs_token=2,
            hierarchy=False,
            gen_data=False,
            gen_meta=False,
            scene_params=[[8.0, 10.0], [8.0, 10.0], [8.0, 10.0]],
            abs_point=False,
            eval_ratio=10000000.0,
            dataf='./data/data_RiceGrip',
            n_rollout=5000,
            time_step=41,
            time_step_clip=0,
            attn_mask=8,
            dt=0.016666666666666666,
            nf_relation=300,
            nf_particle=200,
            nf_effect=200,
            train_valid_ratio=0.9,
            n_instance=1,
            n_stages=4,
            n_his=3,
            shape_state_dim=14,
            attr_dim=7,
            state_dim=34,
            position_dim=6,
            relation_dim=1,
            neighbor_radius=0.08,
            pstep=2,
            phases_dict=dict(
                root_num=[[30]],
                root_sib_radius=[[5.0]],
                root_des_radius=[[0.2]],
                root_pstep=[[2]],
                instance=['rice'],
                material=['fluid'])),
        verbose=False))
optimizer = dict(
    type='Adam', lr=0.0008, betas=(0.9, 0.999), weight_decay=0, amsgrad=False)
optimizer_config = dict(grad_clip=None)
lr_config = dict(policy='Plateau', mode='min', factor=0.8, patience=3)
runner = dict(type='EpochBasedRunner', max_epochs=20)
checkpoint_config = dict(interval=1)
log_config = dict(interval=100, hooks=[dict(type='TextLoggerHook')])
dist_params = dict(backend='nccl', port='29511')
log_level = 'INFO'
load_from = None
resume_from = None
workflow = [('train', 1)]
find_unused_parameters = True
num_abs_token = 2
work_dir = 'work_dirs/tga_tpi_ricegrip/'
gpu_ids = range(0, 1)

2025-05-07 21:41:04,023 - sim - INFO - Model parameters: 884312
2025-05-07 21:41:04,878 - sim - INFO - Start running, host: zbl@lab601-2, work_dir: /home/zbl/sim/TIE_ECCV2022/work_dirs/tga_tpi_ricegrip
2025-05-07 21:41:04,879 - sim - INFO - Hooks will be executed in the following order:
before_run:
(VERY_HIGH   ) PlateauLrUpdaterHook               
(NORMAL      ) CheckpointHook                     
(VERY_LOW    ) TextLoggerHook                     
 -------------------- 
before_train_epoch:
(VERY_HIGH   ) PlateauLrUpdaterHook               
(NORMAL      ) MSEAccuracy                        
(LOW         ) IterTimerHook                      
(VERY_LOW    ) TextLoggerHook                     
 -------------------- 
before_train_iter:
(VERY_HIGH   ) PlateauLrUpdaterHook               
(LOW         ) IterTimerHook                      
 -------------------- 
after_train_iter:
(ABOVE_NORMAL) OptimizerHook                      
(NORMAL      ) CheckpointHook                     
(LOW         ) IterTimerHook                      
(VERY_LOW    ) TextLoggerHook                     
 -------------------- 
after_train_epoch:
(NORMAL      ) CheckpointHook                     
(VERY_LOW    ) TextLoggerHook                     
 -------------------- 
before_val_epoch:
(NORMAL      ) MSEAccuracy                        
(LOW         ) IterTimerHook                      
(VERY_LOW    ) TextLoggerHook                     
 -------------------- 
before_val_iter:
(LOW         ) IterTimerHook                      
 -------------------- 
after_val_iter:
(LOW         ) IterTimerHook                      
 -------------------- 
after_val_epoch:
(VERY_LOW    ) TextLoggerHook                     
 -------------------- 
after_run:
(VERY_LOW    ) TextLoggerHook                     
 -------------------- 
2025-05-07 21:41:04,879 - sim - INFO - workflow: [('train', 1)], max: 20 epochs
2025-05-07 21:41:04,879 - sim - INFO - Checkpoints will be saved to /home/zbl/sim/TIE_ECCV2022/work_dirs/tga_tpi_ricegrip by HardDiskBackend.
2025-05-07 21:41:28,668 - sim - INFO - Epoch [1][100/45000]	lr: 8.000e-04, eta: 2 days, 11:27:46, time: 0.238, data_time: 0.078, memory: 4515, loss: 0.6334, Batch std: 0.5744, Agg std: 0.6436
2025-05-07 21:41:46,396 - sim - INFO - Epoch [1][200/45000]	lr: 8.000e-04, eta: 2 days, 3:52:52, time: 0.177, data_time: 0.020, memory: 4549, loss: 0.5027, Batch std: 0.5382, Agg std: 0.5659
2025-05-07 21:42:02,884 - sim - INFO - Epoch [1][300/45000]	lr: 8.000e-04, eta: 2 days, 0:19:07, time: 0.165, data_time: 0.003, memory: 4549, loss: 0.5492, Batch std: 0.4921, Agg std: 0.5473
2025-05-07 21:42:19,932 - sim - INFO - Epoch [1][400/45000]	lr: 8.000e-04, eta: 1 day, 22:53:04, time: 0.170, data_time: 0.007, memory: 4549, loss: 0.5071, Batch std: 0.5167, Agg std: 0.5323
2025-05-07 21:42:37,555 - sim - INFO - Epoch [1][500/45000]	lr: 8.000e-04, eta: 1 day, 22:18:36, time: 0.176, data_time: 0.009, memory: 4755, loss: 0.3398, Batch std: 0.4215, Agg std: 0.5175
2025-05-07 21:42:55,962 - sim - INFO - Epoch [1][600/45000]	lr: 8.000e-04, eta: 1 day, 22:15:05, time: 0.184, data_time: 0.009, memory: 4755, loss: 0.6224, Batch std: 0.5485, Agg std: 0.5114
2025-05-07 21:43:17,933 - sim - INFO - Epoch [1][700/45000]	lr: 8.000e-04, eta: 1 day, 23:28:48, time: 0.220, data_time: 0.048, memory: 4755, loss: 0.3661, Batch std: 0.4255, Agg std: 0.5077
2025-05-07 21:43:36,326 - sim - INFO - Epoch [1][800/45000]	lr: 8.000e-04, eta: 1 day, 23:16:59, time: 0.184, data_time: 0.007, memory: 4755, loss: 0.5012, Batch std: 0.4833, Agg std: 0.5014
2025-05-07 21:43:57,792 - sim - INFO - Epoch [1][900/45000]	lr: 8.000e-04, eta: 1 day, 23:58:53, time: 0.215, data_time: 0.043, memory: 4755, loss: 0.4690, Batch std: 0.4917, Agg std: 0.5016
2025-05-07 21:44:19,036 - sim - INFO - Epoch [1][1000/45000]	lr: 8.000e-04, eta: 2 days, 0:29:00, time: 0.212, data_time: 0.033, memory: 4755, loss: 0.3366, Batch std: 0.4118, Agg std: 0.4959
2025-05-07 21:44:39,440 - sim - INFO - Epoch [1][1100/45000]	lr: 8.000e-04, eta: 2 days, 0:42:09, time: 0.204, data_time: 0.025, memory: 4755, loss: 0.4374, Batch std: 0.4776, Agg std: 0.4896
2025-05-07 21:44:58,232 - sim - INFO - Epoch [1][1200/45000]	lr: 8.000e-04, eta: 2 days, 0:32:54, time: 0.188, data_time: 0.009, memory: 4755, loss: 0.3899, Batch std: 0.4418, Agg std: 0.4876
2025-05-07 21:45:17,600 - sim - INFO - Epoch [1][1300/45000]	lr: 8.000e-04, eta: 2 days, 0:31:41, time: 0.194, data_time: 0.012, memory: 4755, loss: 0.3502, Batch std: 0.4245, Agg std: 0.4827
2025-05-07 21:45:36,879 - sim - INFO - Epoch [1][1400/45000]	lr: 8.000e-04, eta: 2 days, 0:29:38, time: 0.193, data_time: 0.011, memory: 4755, loss: 0.3555, Batch std: 0.4353, Agg std: 0.4782
2025-05-07 21:45:55,132 - sim - INFO - Epoch [1][1500/45000]	lr: 8.000e-04, eta: 2 days, 0:17:35, time: 0.183, data_time: 0.003, memory: 4755, loss: 0.4576, Batch std: 0.4424, Agg std: 0.4759
2025-05-07 21:46:13,909 - sim - INFO - Epoch [1][1600/45000]	lr: 8.000e-04, eta: 2 days, 0:11:54, time: 0.188, data_time: 0.005, memory: 4755, loss: 0.3518, Batch std: 0.4240, Agg std: 0.4738
2025-05-07 21:46:32,603 - sim - INFO - Epoch [1][1700/45000]	lr: 8.000e-04, eta: 2 days, 0:06:07, time: 0.187, data_time: 0.004, memory: 4755, loss: 0.2997, Batch std: 0.3838, Agg std: 0.4687
2025-05-07 21:46:51,396 - sim - INFO - Epoch [1][1800/45000]	lr: 8.000e-04, eta: 2 days, 0:01:46, time: 0.188, data_time: 0.005, memory: 4755, loss: 0.4379, Batch std: 0.4548, Agg std: 0.4670
2025-05-07 21:47:10,152 - sim - INFO - Epoch [1][1900/45000]	lr: 8.000e-04, eta: 1 day, 23:57:33, time: 0.188, data_time: 0.003, memory: 4755, loss: 0.3091, Batch std: 0.3768, Agg std: 0.4638
2025-05-07 21:47:28,892 - sim - INFO - Epoch [1][2000/45000]	lr: 8.000e-04, eta: 1 day, 23:53:36, time: 0.187, data_time: 0.003, memory: 4755, loss: 0.3933, Batch std: 0.4294, Agg std: 0.4603
2025-05-07 21:47:47,972 - sim - INFO - Epoch [1][2100/45000]	lr: 8.000e-04, eta: 1 day, 23:52:25, time: 0.191, data_time: 0.003, memory: 4755, loss: 0.4633, Batch std: 0.4374, Agg std: 0.4598
2025-05-07 21:48:07,077 - sim - INFO - Epoch [1][2200/45000]	lr: 8.000e-04, eta: 1 day, 23:51:29, time: 0.191, data_time: 0.004, memory: 4755, loss: 0.2477, Batch std: 0.3761, Agg std: 0.4571
2025-05-07 21:48:26,085 - sim - INFO - Epoch [1][2300/45000]	lr: 8.000e-04, eta: 1 day, 23:49:58, time: 0.190, data_time: 0.003, memory: 4755, loss: 0.4030, Batch std: 0.4625, Agg std: 0.4551
2025-05-07 21:48:45,256 - sim - INFO - Epoch [1][2400/45000]	lr: 8.000e-04, eta: 1 day, 23:49:35, time: 0.192, data_time: 0.006, memory: 4755, loss: 0.3465, Batch std: 0.4189, Agg std: 0.4545
2025-05-07 21:49:04,085 - sim - INFO - Epoch [1][2500/45000]	lr: 8.000e-04, eta: 1 day, 23:47:09, time: 0.188, data_time: 0.003, memory: 4755, loss: 0.3717, Batch std: 0.4397, Agg std: 0.4537
2025-05-07 21:49:22,831 - sim - INFO - Epoch [1][2600/45000]	lr: 8.000e-04, eta: 1 day, 23:44:24, time: 0.187, data_time: 0.005, memory: 4755, loss: 0.4904, Batch std: 0.4305, Agg std: 0.4526
2025-05-07 21:49:42,461 - sim - INFO - Epoch [1][2700/45000]	lr: 8.000e-04, eta: 1 day, 23:46:43, time: 0.196, data_time: 0.003, memory: 4755, loss: 0.3912, Batch std: 0.4343, Agg std: 0.4521
2025-05-07 21:50:01,582 - sim - INFO - Epoch [1][2800/45000]	lr: 8.000e-04, eta: 1 day, 23:46:09, time: 0.191, data_time: 0.005, memory: 4755, loss: 0.4030, Batch std: 0.3972, Agg std: 0.4506
2025-05-07 21:50:20,602 - sim - INFO - Epoch [1][2900/45000]	lr: 8.000e-04, eta: 1 day, 23:45:04, time: 0.190, data_time: 0.003, memory: 4755, loss: 0.4729, Batch std: 0.4588, Agg std: 0.4504
2025-05-07 21:50:39,951 - sim - INFO - Epoch [1][3000/45000]	lr: 8.000e-04, eta: 1 day, 23:45:41, time: 0.193, data_time: 0.003, memory: 4755, loss: 0.3612, Batch std: 0.4257, Agg std: 0.4493
2025-05-07 21:50:59,610 - sim - INFO - Epoch [1][3100/45000]	lr: 8.000e-04, eta: 1 day, 23:47:43, time: 0.197, data_time: 0.003, memory: 4755, loss: 0.3025, Batch std: 0.3952, Agg std: 0.4484
2025-05-07 21:51:18,914 - sim - INFO - Epoch [1][3200/45000]	lr: 8.000e-04, eta: 1 day, 23:47:58, time: 0.193, data_time: 0.003, memory: 4755, loss: 0.3169, Batch std: 0.3771, Agg std: 0.4463
2025-05-07 21:51:38,859 - sim - INFO - Epoch [1][3300/45000]	lr: 8.000e-04, eta: 1 day, 23:51:04, time: 0.199, data_time: 0.006, memory: 4755, loss: 0.5603, Batch std: 0.4355, Agg std: 0.4442
2025-05-07 21:51:58,419 - sim - INFO - Epoch [1][3400/45000]	lr: 8.000e-04, eta: 1 day, 23:52:17, time: 0.196, data_time: 0.003, memory: 4755, loss: 0.5354, Batch std: 0.4667, Agg std: 0.4456
2025-05-07 21:52:18,052 - sim - INFO - Epoch [1][3500/45000]	lr: 8.000e-04, eta: 1 day, 23:53:43, time: 0.196, data_time: 0.003, memory: 4755, loss: 0.4118, Batch std: 0.4086, Agg std: 0.4446
2025-05-07 21:52:37,281 - sim - INFO - Epoch [1][3600/45000]	lr: 8.000e-04, eta: 1 day, 23:53:23, time: 0.192, data_time: 0.003, memory: 4755, loss: 0.3349, Batch std: 0.3958, Agg std: 0.4436
2025-05-07 21:52:56,647 - sim - INFO - Epoch [1][3700/45000]	lr: 8.000e-04, eta: 1 day, 23:53:36, time: 0.194, data_time: 0.003, memory: 4755, loss: 0.3326, Batch std: 0.3821, Agg std: 0.4423
2025-05-07 21:53:16,346 - sim - INFO - Epoch [1][3800/45000]	lr: 8.000e-04, eta: 1 day, 23:55:05, time: 0.197, data_time: 0.003, memory: 4755, loss: 0.3501, Batch std: 0.4205, Agg std: 0.4407
2025-05-07 21:53:35,945 - sim - INFO - Epoch [1][3900/45000]	lr: 8.000e-04, eta: 1 day, 23:56:06, time: 0.196, data_time: 0.005, memory: 4755, loss: 0.3607, Batch std: 0.4258, Agg std: 0.4406
2025-05-07 21:53:55,566 - sim - INFO - Epoch [1][4000/45000]	lr: 8.000e-04, eta: 1 day, 23:57:08, time: 0.196, data_time: 0.005, memory: 4755, loss: 0.2630, Batch std: 0.3684, Agg std: 0.4400
2025-05-07 21:54:15,473 - sim - INFO - Epoch [1][4100/45000]	lr: 8.000e-04, eta: 1 day, 23:59:09, time: 0.199, data_time: 0.003, memory: 4755, loss: 0.3698, Batch std: 0.3925, Agg std: 0.4383
2025-05-07 21:54:35,120 - sim - INFO - Epoch [1][4200/45000]	lr: 8.000e-04, eta: 2 days, 0:00:07, time: 0.196, data_time: 0.003, memory: 4755, loss: 0.3531, Batch std: 0.4223, Agg std: 0.4375
2025-05-07 21:54:54,740 - sim - INFO - Epoch [1][4300/45000]	lr: 8.000e-04, eta: 2 days, 0:00:57, time: 0.196, data_time: 0.003, memory: 4755, loss: 0.3902, Batch std: 0.3938, Agg std: 0.4366
2025-05-07 21:55:14,383 - sim - INFO - Epoch [1][4400/45000]	lr: 8.000e-04, eta: 2 days, 0:01:47, time: 0.196, data_time: 0.003, memory: 4755, loss: 0.3575, Batch std: 0.3962, Agg std: 0.4359
2025-05-07 21:55:33,941 - sim - INFO - Epoch [1][4500/45000]	lr: 8.000e-04, eta: 2 days, 0:02:18, time: 0.196, data_time: 0.003, memory: 4755, loss: 0.3130, Batch std: 0.3717, Agg std: 0.4346
2025-05-07 21:55:53,265 - sim - INFO - Epoch [1][4600/45000]	lr: 8.000e-04, eta: 2 days, 0:02:01, time: 0.193, data_time: 0.003, memory: 4755, loss: 0.3176, Batch std: 0.3806, Agg std: 0.4333
2025-05-07 21:56:12,879 - sim - INFO - Epoch [1][4700/45000]	lr: 8.000e-04, eta: 2 days, 0:02:39, time: 0.196, data_time: 0.003, memory: 4755, loss: 0.3409, Batch std: 0.4150, Agg std: 0.4326
2025-05-07 21:56:32,538 - sim - INFO - Epoch [1][4800/45000]	lr: 8.000e-04, eta: 2 days, 0:03:23, time: 0.197, data_time: 0.003, memory: 4755, loss: 0.2708, Batch std: 0.3801, Agg std: 0.4317
2025-05-07 21:56:52,531 - sim - INFO - Epoch [1][4900/45000]	lr: 8.000e-04, eta: 2 days, 0:05:06, time: 0.200, data_time: 0.003, memory: 4755, loss: 0.3509, Batch std: 0.4158, Agg std: 0.4311
2025-05-07 21:57:12,161 - sim - INFO - Epoch [1][5000/45000]	lr: 8.000e-04, eta: 2 days, 0:05:38, time: 0.196, data_time: 0.003, memory: 4755, loss: 0.3677, Batch std: 0.4114, Agg std: 0.4309
2025-05-07 21:57:31,877 - sim - INFO - Epoch [1][5100/45000]	lr: 8.000e-04, eta: 2 days, 0:06:24, time: 0.197, data_time: 0.003, memory: 4755, loss: 0.2499, Batch std: 0.3576, Agg std: 0.4300
2025-05-07 21:57:51,714 - sim - INFO - Epoch [1][5200/45000]	lr: 8.000e-04, eta: 2 days, 0:07:28, time: 0.198, data_time: 0.003, memory: 4755, loss: 0.2743, Batch std: 0.3662, Agg std: 0.4286
2025-05-07 21:58:11,465 - sim - INFO - Epoch [1][5300/45000]	lr: 8.000e-04, eta: 2 days, 0:08:14, time: 0.197, data_time: 0.003, memory: 4755, loss: 0.2267, Batch std: 0.3509, Agg std: 0.4272
2025-05-07 21:58:31,337 - sim - INFO - Epoch [1][5400/45000]	lr: 8.000e-04, eta: 2 days, 0:09:18, time: 0.199, data_time: 0.003, memory: 4755, loss: 0.5725, Batch std: 0.4459, Agg std: 0.4270
2025-05-07 21:58:51,084 - sim - INFO - Epoch [1][5500/45000]	lr: 8.000e-04, eta: 2 days, 0:09:59, time: 0.197, data_time: 0.003, memory: 4755, loss: 0.3895, Batch std: 0.4164, Agg std: 0.4268
2025-05-07 21:59:10,744 - sim - INFO - Epoch [1][5600/45000]	lr: 8.000e-04, eta: 2 days, 0:10:23, time: 0.197, data_time: 0.003, memory: 4755, loss: 0.2146, Batch std: 0.3497, Agg std: 0.4260
2025-05-07 21:59:30,556 - sim - INFO - Epoch [1][5700/45000]	lr: 8.000e-04, eta: 2 days, 0:11:10, time: 0.198, data_time: 0.003, memory: 4755, loss: 0.3520, Batch std: 0.3916, Agg std: 0.4252
2025-05-07 21:59:50,736 - sim - INFO - Epoch [1][5800/45000]	lr: 8.000e-04, eta: 2 days, 0:12:51, time: 0.202, data_time: 0.003, memory: 4755, loss: 0.2517, Batch std: 0.3530, Agg std: 0.4241
2025-05-07 22:00:10,778 - sim - INFO - Epoch [1][5900/45000]	lr: 8.000e-04, eta: 2 days, 0:14:07, time: 0.200, data_time: 0.003, memory: 4755, loss: 0.2367, Batch std: 0.3465, Agg std: 0.4227
2025-05-07 22:00:30,717 - sim - INFO - Epoch [1][6000/45000]	lr: 8.000e-04, eta: 2 days, 0:15:05, time: 0.199, data_time: 0.003, memory: 4755, loss: 0.5510, Batch std: 0.4316, Agg std: 0.4223
2025-05-07 22:00:50,667 - sim - INFO - Epoch [1][6100/45000]	lr: 8.000e-04, eta: 2 days, 0:16:01, time: 0.199, data_time: 0.003, memory: 4755, loss: 0.3128, Batch std: 0.3892, Agg std: 0.4219
2025-05-07 22:01:10,532 - sim - INFO - Epoch [1][6200/45000]	lr: 8.000e-04, eta: 2 days, 0:16:43, time: 0.199, data_time: 0.003, memory: 4755, loss: 0.2111, Batch std: 0.3294, Agg std: 0.4212
2025-05-07 22:01:30,247 - sim - INFO - Epoch [1][6300/45000]	lr: 8.000e-04, eta: 2 days, 0:17:02, time: 0.197, data_time: 0.003, memory: 4755, loss: 0.4555, Batch std: 0.4188, Agg std: 0.4204
2025-05-07 22:01:49,881 - sim - INFO - Epoch [1][6400/45000]	lr: 8.000e-04, eta: 2 days, 0:17:08, time: 0.196, data_time: 0.003, memory: 4755, loss: 0.3425, Batch std: 0.3980, Agg std: 0.4202
2025-05-07 22:02:09,514 - sim - INFO - Epoch [1][6500/45000]	lr: 8.000e-04, eta: 2 days, 0:17:14, time: 0.196, data_time: 0.003, memory: 4755, loss: 0.3393, Batch std: 0.3950, Agg std: 0.4196
2025-05-07 22:02:29,312 - sim - INFO - Epoch [1][6600/45000]	lr: 8.000e-04, eta: 2 days, 0:17:41, time: 0.198, data_time: 0.003, memory: 4755, loss: 0.3219, Batch std: 0.3433, Agg std: 0.4190
2025-05-07 22:02:49,436 - sim - INFO - Epoch [1][6700/45000]	lr: 8.000e-04, eta: 2 days, 0:18:50, time: 0.201, data_time: 0.003, memory: 4755, loss: 0.2613, Batch std: 0.3500, Agg std: 0.4180
2025-05-07 22:03:09,163 - sim - INFO - Epoch [1][6800/45000]	lr: 8.000e-04, eta: 2 days, 0:19:04, time: 0.197, data_time: 0.003, memory: 4755, loss: 0.3551, Batch std: 0.4040, Agg std: 0.4172
2025-05-07 22:03:28,791 - sim - INFO - Epoch [1][6900/45000]	lr: 8.000e-04, eta: 2 days, 0:19:04, time: 0.196, data_time: 0.003, memory: 4755, loss: 0.3505, Batch std: 0.3855, Agg std: 0.4170
2025-05-07 22:03:48,761 - sim - INFO - Epoch [1][7000/45000]	lr: 8.000e-04, eta: 2 days, 0:19:48, time: 0.200, data_time: 0.003, memory: 4755, loss: 0.4397, Batch std: 0.4044, Agg std: 0.4166
2025-05-07 22:04:08,734 - sim - INFO - Epoch [1][7100/45000]	lr: 8.000e-04, eta: 2 days, 0:20:30, time: 0.200, data_time: 0.003, memory: 4755, loss: 0.3075, Batch std: 0.3775, Agg std: 0.4162
2025-05-07 22:04:28,349 - sim - INFO - Epoch [1][7200/45000]	lr: 8.000e-04, eta: 2 days, 0:20:25, time: 0.196, data_time: 0.003, memory: 4755, loss: 0.2293, Batch std: 0.3416, Agg std: 0.4154
2025-05-07 22:04:48,133 - sim - INFO - Epoch [1][7300/45000]	lr: 8.000e-04, eta: 2 days, 0:20:41, time: 0.198, data_time: 0.003, memory: 4755, loss: 0.3190, Batch std: 0.4040, Agg std: 0.4150
2025-05-07 22:05:07,866 - sim - INFO - Epoch [1][7400/45000]	lr: 8.000e-04, eta: 2 days, 0:20:51, time: 0.197, data_time: 0.003, memory: 4755, loss: 0.3241, Batch std: 0.3898, Agg std: 0.4147
2025-05-07 22:05:27,959 - sim - INFO - Epoch [1][7500/45000]	lr: 8.000e-04, eta: 2 days, 0:21:41, time: 0.201, data_time: 0.003, memory: 4755, loss: 0.3102, Batch std: 0.3963, Agg std: 0.4145
2025-05-07 22:05:48,131 - sim - INFO - Epoch [1][7600/45000]	lr: 8.000e-04, eta: 2 days, 0:22:40, time: 0.202, data_time: 0.003, memory: 4755, loss: 0.3526, Batch std: 0.3800, Agg std: 0.4140
2025-05-07 22:06:08,211 - sim - INFO - Epoch [1][7700/45000]	lr: 8.000e-04, eta: 2 days, 0:23:26, time: 0.201, data_time: 0.003, memory: 4755, loss: 0.3154, Batch std: 0.3720, Agg std: 0.4135
2025-05-07 22:06:27,869 - sim - INFO - Epoch [1][7800/45000]	lr: 8.000e-04, eta: 2 days, 0:23:22, time: 0.197, data_time: 0.003, memory: 4755, loss: 0.2283, Batch std: 0.3488, Agg std: 0.4129
2025-05-07 22:06:47,701 - sim - INFO - Epoch [1][7900/45000]	lr: 8.000e-04, eta: 2 days, 0:23:37, time: 0.198, data_time: 0.003, memory: 4755, loss: 0.3383, Batch std: 0.3836, Agg std: 0.4121
2025-05-07 22:07:07,556 - sim - INFO - Epoch [1][8000/45000]	lr: 8.000e-04, eta: 2 days, 0:23:54, time: 0.199, data_time: 0.003, memory: 4755, loss: 0.3662, Batch std: 0.3886, Agg std: 0.4118
2025-05-07 22:07:27,533 - sim - INFO - Epoch [1][8100/45000]	lr: 8.000e-04, eta: 2 days, 0:24:23, time: 0.200, data_time: 0.003, memory: 4755, loss: 0.2350, Batch std: 0.3582, Agg std: 0.4114
2025-05-07 22:07:47,427 - sim - INFO - Epoch [1][8200/45000]	lr: 8.000e-04, eta: 2 days, 0:24:42, time: 0.199, data_time: 0.003, memory: 4755, loss: 0.3047, Batch std: 0.3775, Agg std: 0.4109
2025-05-07 22:08:07,173 - sim - INFO - Epoch [1][8300/45000]	lr: 8.000e-04, eta: 2 days, 0:24:44, time: 0.197, data_time: 0.005, memory: 4755, loss: 0.3045, Batch std: 0.3778, Agg std: 0.4104
2025-05-07 22:08:26,836 - sim - INFO - Epoch [1][8400/45000]	lr: 8.000e-04, eta: 2 days, 0:24:37, time: 0.197, data_time: 0.003, memory: 4755, loss: 0.4141, Batch std: 0.3845, Agg std: 0.4100
2025-05-07 22:08:46,754 - sim - INFO - Epoch [1][8500/45000]	lr: 8.000e-04, eta: 2 days, 0:24:57, time: 0.199, data_time: 0.003, memory: 4755, loss: 0.2983, Batch std: 0.3751, Agg std: 0.4098
2025-05-07 22:09:06,412 - sim - INFO - Epoch [1][8600/45000]	lr: 8.000e-04, eta: 2 days, 0:24:48, time: 0.197, data_time: 0.003, memory: 4755, loss: 0.3637, Batch std: 0.4001, Agg std: 0.4095
2025-05-07 22:09:26,169 - sim - INFO - Epoch [1][8700/45000]	lr: 8.000e-04, eta: 2 days, 0:24:49, time: 0.198, data_time: 0.003, memory: 4755, loss: 0.2716, Batch std: 0.3614, Agg std: 0.4091
2025-05-07 22:09:46,145 - sim - INFO - Epoch [1][8800/45000]	lr: 8.000e-04, eta: 2 days, 0:25:13, time: 0.200, data_time: 0.003, memory: 4755, loss: 0.3093, Batch std: 0.3698, Agg std: 0.4088
2025-05-07 22:10:05,796 - sim - INFO - Epoch [1][8900/45000]	lr: 8.000e-04, eta: 2 days, 0:25:02, time: 0.196, data_time: 0.003, memory: 4755, loss: 0.3884, Batch std: 0.3940, Agg std: 0.4085
2025-05-07 22:10:25,887 - sim - INFO - Epoch [1][9000/45000]	lr: 8.000e-04, eta: 2 days, 0:25:35, time: 0.201, data_time: 0.003, memory: 4755, loss: 0.4282, Batch std: 0.3766, Agg std: 0.4081
2025-05-07 22:10:45,781 - sim - INFO - Epoch [1][9100/45000]	lr: 8.000e-04, eta: 2 days, 0:25:48, time: 0.199, data_time: 0.003, memory: 4755, loss: 0.3326, Batch std: 0.3656, Agg std: 0.4077
2025-05-07 22:11:05,574 - sim - INFO - Epoch [1][9200/45000]	lr: 8.000e-04, eta: 2 days, 0:25:49, time: 0.198, data_time: 0.003, memory: 4755, loss: 0.3465, Batch std: 0.3666, Agg std: 0.4072
2025-05-07 22:11:25,566 - sim - INFO - Epoch [1][9300/45000]	lr: 8.000e-04, eta: 2 days, 0:26:10, time: 0.200, data_time: 0.003, memory: 4755, loss: 0.5700, Batch std: 0.4711, Agg std: 0.4074
2025-05-07 22:11:45,719 - sim - INFO - Epoch [1][9400/45000]	lr: 8.000e-04, eta: 2 days, 0:26:45, time: 0.202, data_time: 0.003, memory: 4755, loss: 0.3260, Batch std: 0.3815, Agg std: 0.4077
2025-05-07 22:12:05,433 - sim - INFO - Epoch [1][9500/45000]	lr: 8.000e-04, eta: 2 days, 0:26:38, time: 0.197, data_time: 0.003, memory: 4755, loss: 0.3459, Batch std: 0.3953, Agg std: 0.4074
2025-05-07 22:12:25,614 - sim - INFO - Epoch [1][9600/45000]	lr: 8.000e-04, eta: 2 days, 0:27:13, time: 0.202, data_time: 0.003, memory: 4755, loss: 0.3204, Batch std: 0.3684, Agg std: 0.4071
2025-05-07 22:12:45,651 - sim - INFO - Epoch [1][9700/45000]	lr: 8.000e-04, eta: 2 days, 0:27:35, time: 0.200, data_time: 0.003, memory: 4755, loss: 0.2441, Batch std: 0.3267, Agg std: 0.4065
2025-05-07 22:13:05,972 - sim - INFO - Epoch [1][9800/45000]	lr: 8.000e-04, eta: 2 days, 0:28:21, time: 0.203, data_time: 0.003, memory: 4755, loss: 0.3525, Batch std: 0.3682, Agg std: 0.4059
2025-05-07 22:13:25,995 - sim - INFO - Epoch [1][9900/45000]	lr: 8.000e-04, eta: 2 days, 0:28:39, time: 0.200, data_time: 0.003, memory: 4755, loss: 0.3819, Batch std: 0.3798, Agg std: 0.4054
2025-05-07 22:13:46,137 - sim - INFO - Epoch [1][10000/45000]	lr: 8.000e-04, eta: 2 days, 0:29:07, time: 0.201, data_time: 0.003, memory: 4755, loss: 0.2327, Batch std: 0.3489, Agg std: 0.4053
2025-05-07 22:14:05,955 - sim - INFO - Epoch [1][10100/45000]	lr: 8.000e-04, eta: 2 days, 0:29:06, time: 0.198, data_time: 0.003, memory: 4755, loss: 0.2250, Batch std: 0.3387, Agg std: 0.4046
2025-05-07 22:14:25,974 - sim - INFO - Epoch [1][10200/45000]	lr: 8.000e-04, eta: 2 days, 0:29:21, time: 0.200, data_time: 0.003, memory: 4755, loss: 0.2941, Batch std: 0.3751, Agg std: 0.4042
2025-05-07 22:14:46,143 - sim - INFO - Epoch [1][10300/45000]	lr: 8.000e-04, eta: 2 days, 0:29:49, time: 0.202, data_time: 0.003, memory: 4755, loss: 0.2392, Batch std: 0.3404, Agg std: 0.4036
2025-05-07 22:15:06,232 - sim - INFO - Epoch [1][10400/45000]	lr: 8.000e-04, eta: 2 days, 0:30:09, time: 0.201, data_time: 0.003, memory: 4755, loss: 0.3640, Batch std: 0.3642, Agg std: 0.4032
2025-05-07 22:15:26,323 - sim - INFO - Epoch [1][10500/45000]	lr: 8.000e-04, eta: 2 days, 0:30:29, time: 0.201, data_time: 0.003, memory: 4755, loss: 0.2976, Batch std: 0.3581, Agg std: 0.4027
2025-05-07 22:15:46,522 - sim - INFO - Epoch [1][10600/45000]	lr: 8.000e-04, eta: 2 days, 0:30:57, time: 0.202, data_time: 0.003, memory: 4755, loss: 0.2157, Batch std: 0.3411, Agg std: 0.4021
2025-05-07 22:16:06,817 - sim - INFO - Epoch [1][10700/45000]	lr: 8.000e-04, eta: 2 days, 0:31:32, time: 0.203, data_time: 0.003, memory: 4755, loss: 0.2225, Batch std: 0.3184, Agg std: 0.4015
2025-05-07 22:16:26,887 - sim - INFO - Epoch [1][10800/45000]	lr: 8.000e-04, eta: 2 days, 0:31:47, time: 0.201, data_time: 0.003, memory: 4755, loss: 0.2656, Batch std: 0.3594, Agg std: 0.4009
2025-05-07 22:16:46,779 - sim - INFO - Epoch [1][10900/45000]	lr: 8.000e-04, eta: 2 days, 0:31:48, time: 0.199, data_time: 0.003, memory: 4755, loss: 0.4632, Batch std: 0.4268, Agg std: 0.4008
2025-05-07 22:17:06,588 - sim - INFO - Epoch [1][11000/45000]	lr: 8.000e-04, eta: 2 days, 0:31:41, time: 0.198, data_time: 0.003, memory: 4755, loss: 0.4052, Batch std: 0.3987, Agg std: 0.4010
2025-05-07 22:17:26,768 - sim - INFO - Epoch [1][11100/45000]	lr: 8.000e-04, eta: 2 days, 0:32:03, time: 0.202, data_time: 0.003, memory: 4755, loss: 0.2257, Batch std: 0.3455, Agg std: 0.4008
2025-05-07 22:17:46,735 - sim - INFO - Epoch [1][11200/45000]	lr: 8.000e-04, eta: 2 days, 0:32:08, time: 0.200, data_time: 0.003, memory: 4755, loss: 0.3609, Batch std: 0.3639, Agg std: 0.4003
2025-05-07 22:18:07,138 - sim - INFO - Epoch [1][11300/45000]	lr: 8.000e-04, eta: 2 days, 0:32:47, time: 0.204, data_time: 0.003, memory: 4755, loss: 0.2551, Batch std: 0.3469, Agg std: 0.3999
2025-05-07 22:18:26,959 - sim - INFO - Epoch [1][11400/45000]	lr: 8.000e-04, eta: 2 days, 0:32:40, time: 0.198, data_time: 0.003, memory: 4755, loss: 0.3195, Batch std: 0.3446, Agg std: 0.3993
2025-05-07 22:18:47,214 - sim - INFO - Epoch [1][11500/45000]	lr: 8.000e-04, eta: 2 days, 0:33:05, time: 0.203, data_time: 0.003, memory: 4755, loss: 0.3011, Batch std: 0.3597, Agg std: 0.3991
2025-05-07 22:19:07,248 - sim - INFO - Epoch [1][11600/45000]	lr: 8.000e-04, eta: 2 days, 0:33:13, time: 0.200, data_time: 0.003, memory: 4755, loss: 0.2026, Batch std: 0.3202, Agg std: 0.3985
2025-05-07 22:19:27,259 - sim - INFO - Epoch [1][11700/45000]	lr: 8.000e-04, eta: 2 days, 0:33:19, time: 0.200, data_time: 0.003, memory: 4755, loss: 0.2952, Batch std: 0.3803, Agg std: 0.3981
2025-05-07 22:19:47,660 - sim - INFO - Epoch [1][11800/45000]	lr: 8.000e-04, eta: 2 days, 0:33:54, time: 0.204, data_time: 0.003, memory: 4755, loss: 0.2129, Batch std: 0.3367, Agg std: 0.3978
2025-05-07 22:20:07,850 - sim - INFO - Epoch [1][11900/45000]	lr: 8.000e-04, eta: 2 days, 0:34:12, time: 0.202, data_time: 0.003, memory: 4755, loss: 0.2837, Batch std: 0.3396, Agg std: 0.3972
2025-05-07 22:20:27,891 - sim - INFO - Epoch [1][12000/45000]	lr: 8.000e-04, eta: 2 days, 0:34:18, time: 0.200, data_time: 0.003, memory: 4755, loss: 0.3502, Batch std: 0.3749, Agg std: 0.3969
2025-05-07 22:20:47,747 - sim - INFO - Epoch [1][12100/45000]	lr: 8.000e-04, eta: 2 days, 0:34:11, time: 0.199, data_time: 0.003, memory: 4755, loss: 0.4078, Batch std: 0.4022, Agg std: 0.3969
2025-05-07 22:21:07,725 - sim - INFO - Epoch [1][12200/45000]	lr: 8.000e-04, eta: 2 days, 0:34:12, time: 0.200, data_time: 0.003, memory: 4755, loss: 0.2921, Batch std: 0.3376, Agg std: 0.3967
2025-05-07 22:21:27,871 - sim - INFO - Epoch [1][12300/45000]	lr: 8.000e-04, eta: 2 days, 0:34:24, time: 0.201, data_time: 0.003, memory: 4755, loss: 0.4422, Batch std: 0.4094, Agg std: 0.3964
2025-05-07 22:21:48,436 - sim - INFO - Epoch [1][12400/45000]	lr: 8.000e-04, eta: 2 days, 0:35:07, time: 0.206, data_time: 0.003, memory: 4755, loss: 0.2984, Batch std: 0.3520, Agg std: 0.3964
2025-05-07 22:22:08,489 - sim - INFO - Epoch [1][12500/45000]	lr: 8.000e-04, eta: 2 days, 0:35:12, time: 0.201, data_time: 0.003, memory: 4755, loss: 0.4327, Batch std: 0.4077, Agg std: 0.3962
2025-05-07 22:22:28,623 - sim - INFO - Epoch [1][12600/45000]	lr: 8.000e-04, eta: 2 days, 0:35:22, time: 0.201, data_time: 0.003, memory: 4755, loss: 0.3113, Batch std: 0.3655, Agg std: 0.3961
2025-05-07 22:22:48,594 - sim - INFO - Epoch [1][12700/45000]	lr: 8.000e-04, eta: 2 days, 0:35:20, time: 0.200, data_time: 0.003, memory: 4755, loss: 0.2242, Batch std: 0.3425, Agg std: 0.3958
2025-05-07 22:23:08,679 - sim - INFO - Epoch [1][12800/45000]	lr: 8.000e-04, eta: 2 days, 0:35:26, time: 0.201, data_time: 0.003, memory: 4755, loss: 0.1880, Batch std: 0.3235, Agg std: 0.3953
2025-05-07 22:23:28,832 - sim - INFO - Epoch [1][12900/45000]	lr: 8.000e-04, eta: 2 days, 0:35:36, time: 0.201, data_time: 0.003, memory: 4755, loss: 0.2227, Batch std: 0.3405, Agg std: 0.3948
2025-05-07 22:23:48,828 - sim - INFO - Epoch [1][13000/45000]	lr: 8.000e-04, eta: 2 days, 0:35:36, time: 0.200, data_time: 0.003, memory: 4755, loss: 0.2958, Batch std: 0.3462, Agg std: 0.3944
2025-05-07 22:24:09,117 - sim - INFO - Epoch [1][13100/45000]	lr: 8.000e-04, eta: 2 days, 0:35:54, time: 0.203, data_time: 0.003, memory: 4755, loss: 0.5347, Batch std: 0.3979, Agg std: 0.3941
2025-05-07 22:24:28,915 - sim - INFO - Epoch [1][13200/45000]	lr: 8.000e-04, eta: 2 days, 0:35:39, time: 0.198, data_time: 0.003, memory: 4755, loss: 0.2254, Batch std: 0.3339, Agg std: 0.3940
2025-05-07 22:24:49,337 - sim - INFO - Epoch [1][13300/45000]	lr: 8.000e-04, eta: 2 days, 0:36:06, time: 0.204, data_time: 0.003, memory: 4755, loss: 0.2763, Batch std: 0.3689, Agg std: 0.3937
2025-05-07 22:25:09,684 - sim - INFO - Epoch [1][13400/45000]	lr: 8.000e-04, eta: 2 days, 0:36:27, time: 0.203, data_time: 0.003, memory: 4755, loss: 0.3974, Batch std: 0.3963, Agg std: 0.3936
2025-05-07 22:25:30,024 - sim - INFO - Epoch [1][13500/45000]	lr: 8.000e-04, eta: 2 days, 0:36:47, time: 0.203, data_time: 0.003, memory: 4755, loss: 0.2541, Batch std: 0.3523, Agg std: 0.3935
2025-05-07 22:25:50,045 - sim - INFO - Epoch [1][13600/45000]	lr: 8.000e-04, eta: 2 days, 0:36:45, time: 0.200, data_time: 0.003, memory: 4755, loss: 0.3069, Batch std: 0.3654, Agg std: 0.3932
2025-05-07 22:26:09,936 - sim - INFO - Epoch [1][13700/45000]	lr: 8.000e-04, eta: 2 days, 0:36:35, time: 0.199, data_time: 0.003, memory: 4755, loss: 0.2692, Batch std: 0.3433, Agg std: 0.3929
2025-05-07 22:26:29,951 - sim - INFO - Epoch [1][13800/45000]	lr: 8.000e-04, eta: 2 days, 0:36:32, time: 0.200, data_time: 0.003, memory: 4755, loss: 0.2371, Batch std: 0.3317, Agg std: 0.3926
2025-05-07 22:26:49,918 - sim - INFO - Epoch [1][13900/45000]	lr: 8.000e-04, eta: 2 days, 0:36:27, time: 0.200, data_time: 0.003, memory: 4755, loss: 0.3123, Batch std: 0.3527, Agg std: 0.3922
2025-05-07 22:27:09,895 - sim - INFO - Epoch [1][14000/45000]	lr: 8.000e-04, eta: 2 days, 0:36:21, time: 0.200, data_time: 0.003, memory: 4755, loss: 0.2345, Batch std: 0.3225, Agg std: 0.3917
2025-05-07 22:27:30,236 - sim - INFO - Epoch [1][14100/45000]	lr: 8.000e-04, eta: 2 days, 0:36:39, time: 0.203, data_time: 0.003, memory: 4755, loss: 0.3110, Batch std: 0.3724, Agg std: 0.3915
2025-05-07 22:27:50,382 - sim - INFO - Epoch [1][14200/45000]	lr: 8.000e-04, eta: 2 days, 0:36:44, time: 0.201, data_time: 0.003, memory: 4755, loss: 0.3460, Batch std: 0.3362, Agg std: 0.3911
2025-05-07 22:28:10,853 - sim - INFO - Epoch [1][14300/45000]	lr: 8.000e-04, eta: 2 days, 0:37:08, time: 0.205, data_time: 0.003, memory: 4755, loss: 0.2775, Batch std: 0.3455, Agg std: 0.3909
2025-05-07 22:28:30,556 - sim - INFO - Epoch [1][14400/45000]	lr: 8.000e-04, eta: 2 days, 0:36:45, time: 0.197, data_time: 0.003, memory: 4755, loss: 0.3157, Batch std: 0.3718, Agg std: 0.3906
2025-05-07 22:28:50,122 - sim - INFO - Epoch [1][14500/45000]	lr: 8.000e-04, eta: 2 days, 0:36:13, time: 0.196, data_time: 0.003, memory: 4755, loss: 0.3939, Batch std: 0.3711, Agg std: 0.3905
2025-05-07 22:29:10,069 - sim - INFO - Epoch [1][14600/45000]	lr: 8.000e-04, eta: 2 days, 0:36:04, time: 0.199, data_time: 0.003, memory: 4755, loss: 0.4005, Batch std: 0.3921, Agg std: 0.3904
2025-05-07 22:29:30,602 - sim - INFO - Epoch [1][14700/45000]	lr: 8.000e-04, eta: 2 days, 0:36:31, time: 0.205, data_time: 0.003, memory: 4755, loss: 0.3194, Batch std: 0.3691, Agg std: 0.3903
2025-05-07 22:29:50,795 - sim - INFO - Epoch [1][14800/45000]	lr: 8.000e-04, eta: 2 days, 0:36:37, time: 0.202, data_time: 0.003, memory: 4755, loss: 0.2567, Batch std: 0.3626, Agg std: 0.3903
2025-05-07 22:30:10,904 - sim - INFO - Epoch [1][14900/45000]	lr: 8.000e-04, eta: 2 days, 0:36:37, time: 0.201, data_time: 0.003, memory: 4755, loss: 0.2767, Batch std: 0.3456, Agg std: 0.3899
2025-05-07 22:30:31,159 - sim - INFO - Epoch [1][15000/45000]	lr: 8.000e-04, eta: 2 days, 0:36:46, time: 0.203, data_time: 0.003, memory: 4755, loss: 0.2822, Batch std: 0.3280, Agg std: 0.3896
2025-05-07 22:30:51,143 - sim - INFO - Epoch [1][15100/45000]	lr: 8.000e-04, eta: 2 days, 0:36:38, time: 0.200, data_time: 0.003, memory: 4755, loss: 0.3663, Batch std: 0.3945, Agg std: 0.3894
2025-05-07 22:31:11,289 - sim - INFO - Epoch [1][15200/45000]	lr: 8.000e-04, eta: 2 days, 0:36:40, time: 0.201, data_time: 0.003, memory: 4755, loss: 0.2567, Batch std: 0.3429, Agg std: 0.3892
2025-05-07 22:31:31,127 - sim - INFO - Epoch [1][15300/45000]	lr: 8.000e-04, eta: 2 days, 0:36:24, time: 0.198, data_time: 0.003, memory: 4755, loss: 0.2407, Batch std: 0.3420, Agg std: 0.3889
2025-05-07 22:31:51,165 - sim - INFO - Epoch [1][15400/45000]	lr: 8.000e-04, eta: 2 days, 0:36:19, time: 0.200, data_time: 0.003, memory: 4755, loss: 0.3481, Batch std: 0.3694, Agg std: 0.3888
2025-05-07 22:32:11,379 - sim - INFO - Epoch [1][15500/45000]	lr: 8.000e-04, eta: 2 days, 0:36:24, time: 0.202, data_time: 0.003, memory: 4755, loss: 0.2555, Batch std: 0.3617, Agg std: 0.3886
2025-05-07 22:32:31,405 - sim - INFO - Epoch [1][15600/45000]	lr: 8.000e-04, eta: 2 days, 0:36:18, time: 0.200, data_time: 0.003, memory: 4755, loss: 0.1752, Batch std: 0.3033, Agg std: 0.3882
2025-05-07 22:32:51,237 - sim - INFO - Epoch [1][15700/45000]	lr: 8.000e-04, eta: 2 days, 0:36:01, time: 0.198, data_time: 0.003, memory: 4755, loss: 0.2011, Batch std: 0.3152, Agg std: 0.3877
2025-05-07 22:33:11,654 - sim - INFO - Epoch [1][15800/45000]	lr: 8.000e-04, eta: 2 days, 0:36:16, time: 0.204, data_time: 0.003, memory: 4755, loss: 0.2913, Batch std: 0.3480, Agg std: 0.3874
2025-05-07 22:33:32,224 - sim - INFO - Epoch [1][15900/45000]	lr: 8.000e-04, eta: 2 days, 0:36:40, time: 0.206, data_time: 0.003, memory: 4755, loss: 0.3901, Batch std: 0.3780, Agg std: 0.3873
2025-05-07 22:33:52,650 - sim - INFO - Epoch [1][16000/45000]	lr: 8.000e-04, eta: 2 days, 0:36:55, time: 0.204, data_time: 0.003, memory: 4755, loss: 0.3171, Batch std: 0.3702, Agg std: 0.3872
2025-05-07 22:34:12,805 - sim - INFO - Epoch [1][16100/45000]	lr: 8.000e-04, eta: 2 days, 0:36:55, time: 0.202, data_time: 0.003, memory: 4755, loss: 0.2142, Batch std: 0.3210, Agg std: 0.3869
2025-05-07 22:34:32,686 - sim - INFO - Epoch [1][16200/45000]	lr: 8.000e-04, eta: 2 days, 0:36:39, time: 0.199, data_time: 0.003, memory: 4755, loss: 0.2384, Batch std: 0.3294, Agg std: 0.3865
2025-05-07 22:34:52,546 - sim - INFO - Epoch [1][16300/45000]	lr: 8.000e-04, eta: 2 days, 0:36:23, time: 0.199, data_time: 0.003, memory: 4755, loss: 0.2217, Batch std: 0.3269, Agg std: 0.3861
2025-05-07 22:35:12,759 - sim - INFO - Epoch [1][16400/45000]	lr: 8.000e-04, eta: 2 days, 0:36:25, time: 0.202, data_time: 0.003, memory: 4755, loss: 0.3678, Batch std: 0.3818, Agg std: 0.3859
2025-05-07 22:35:32,756 - sim - INFO - Epoch [1][16500/45000]	lr: 8.000e-04, eta: 2 days, 0:36:16, time: 0.200, data_time: 0.003, memory: 4755, loss: 0.2751, Batch std: 0.3237, Agg std: 0.3857
2025-05-07 22:35:52,854 - sim - INFO - Epoch [1][16600/45000]	lr: 8.000e-04, eta: 2 days, 0:36:11, time: 0.201, data_time: 0.003, memory: 4755, loss: 0.3981, Batch std: 0.3623, Agg std: 0.3855
2025-05-07 22:36:12,639 - sim - INFO - Epoch [1][16700/45000]	lr: 8.000e-04, eta: 2 days, 0:35:50, time: 0.198, data_time: 0.003, memory: 4755, loss: 0.2112, Batch std: 0.3266, Agg std: 0.3852
2025-05-07 22:36:32,750 - sim - INFO - Epoch [1][16800/45000]	lr: 8.000e-04, eta: 2 days, 0:35:47, time: 0.201, data_time: 0.003, memory: 4755, loss: 0.2305, Batch std: 0.3335, Agg std: 0.3849
2025-05-07 22:36:53,147 - sim - INFO - Epoch [1][16900/45000]	lr: 8.000e-04, eta: 2 days, 0:35:57, time: 0.204, data_time: 0.003, memory: 4755, loss: 0.3551, Batch std: 0.3481, Agg std: 0.3846
2025-05-07 22:37:13,540 - sim - INFO - Epoch [1][17000/45000]	lr: 8.000e-04, eta: 2 days, 0:36:08, time: 0.204, data_time: 0.004, memory: 4755, loss: 0.3266, Batch std: 0.3802, Agg std: 0.3845
2025-05-07 22:37:33,471 - sim - INFO - Epoch [1][17100/45000]	lr: 8.000e-04, eta: 2 days, 0:35:54, time: 0.199, data_time: 0.003, memory: 4755, loss: 0.2911, Batch std: 0.3595, Agg std: 0.3844
2025-05-07 22:37:53,548 - sim - INFO - Epoch [1][17200/45000]	lr: 8.000e-04, eta: 2 days, 0:35:47, time: 0.201, data_time: 0.003, memory: 4755, loss: 0.2349, Batch std: 0.3497, Agg std: 0.3843
2025-05-07 22:38:13,405 - sim - INFO - Epoch [1][17300/45000]	lr: 8.000e-04, eta: 2 days, 0:35:30, time: 0.199, data_time: 0.003, memory: 4755, loss: 0.3039, Batch std: 0.3630, Agg std: 0.3841
2025-05-07 22:38:33,429 - sim - INFO - Epoch [1][17400/45000]	lr: 8.000e-04, eta: 2 days, 0:35:20, time: 0.200, data_time: 0.003, memory: 4755, loss: 0.2391, Batch std: 0.3168, Agg std: 0.3839
2025-05-07 22:38:53,588 - sim - INFO - Epoch [1][17500/45000]	lr: 8.000e-04, eta: 2 days, 0:35:18, time: 0.202, data_time: 0.003, memory: 4755, loss: 0.2850, Batch std: 0.3545, Agg std: 0.3835
2025-05-07 22:39:13,900 - sim - INFO - Epoch [1][17600/45000]	lr: 8.000e-04, eta: 2 days, 0:35:22, time: 0.203, data_time: 0.003, memory: 4755, loss: 0.2617, Batch std: 0.3376, Agg std: 0.3834
2025-05-07 22:39:34,178 - sim - INFO - Epoch [1][17700/45000]	lr: 8.000e-04, eta: 2 days, 0:35:25, time: 0.203, data_time: 0.003, memory: 4755, loss: 0.2052, Batch std: 0.3156, Agg std: 0.3830
2025-05-07 22:39:54,234 - sim - INFO - Epoch [1][17800/45000]	lr: 8.000e-04, eta: 2 days, 0:35:17, time: 0.201, data_time: 0.003, memory: 4755, loss: 0.3231, Batch std: 0.3820, Agg std: 0.3829
2025-05-07 22:40:14,851 - sim - INFO - Epoch [1][17900/45000]	lr: 8.000e-04, eta: 2 days, 0:35:36, time: 0.206, data_time: 0.003, memory: 4755, loss: 0.2813, Batch std: 0.3550, Agg std: 0.3828
2025-05-07 22:40:35,067 - sim - INFO - Epoch [1][18000/45000]	lr: 8.000e-04, eta: 2 days, 0:35:35, time: 0.202, data_time: 0.003, memory: 4755, loss: 0.2088, Batch std: 0.3217, Agg std: 0.3825
2025-05-07 22:40:54,834 - sim - INFO - Epoch [1][18100/45000]	lr: 8.000e-04, eta: 2 days, 0:35:12, time: 0.198, data_time: 0.003, memory: 4755, loss: 0.1979, Batch std: 0.2910, Agg std: 0.3821
2025-05-07 22:41:14,597 - sim - INFO - Epoch [1][18200/45000]	lr: 8.000e-04, eta: 2 days, 0:34:48, time: 0.198, data_time: 0.003, memory: 4755, loss: 0.3370, Batch std: 0.3835, Agg std: 0.3819
2025-05-07 22:41:34,470 - sim - INFO - Epoch [1][18300/45000]	lr: 8.000e-04, eta: 2 days, 0:34:30, time: 0.199, data_time: 0.003, memory: 4755, loss: 0.2822, Batch std: 0.3304, Agg std: 0.3817
2025-05-07 22:41:54,550 - sim - INFO - Epoch [1][18400/45000]	lr: 8.000e-04, eta: 2 days, 0:34:22, time: 0.201, data_time: 0.003, memory: 4755, loss: 0.2371, Batch std: 0.3256, Agg std: 0.3814
2025-05-07 22:42:14,060 - sim - INFO - Epoch [1][18500/45000]	lr: 8.000e-04, eta: 2 days, 0:33:47, time: 0.195, data_time: 0.003, memory: 4755, loss: 0.2745, Batch std: 0.3360, Agg std: 0.3811
2025-05-07 22:42:34,268 - sim - INFO - Epoch [1][18600/45000]	lr: 8.000e-04, eta: 2 days, 0:33:45, time: 0.202, data_time: 0.003, memory: 4755, loss: 0.2485, Batch std: 0.3221, Agg std: 0.3808
2025-05-07 22:42:54,225 - sim - INFO - Epoch [1][18700/45000]	lr: 8.000e-04, eta: 2 days, 0:33:31, time: 0.200, data_time: 0.003, memory: 4755, loss: 0.2439, Batch std: 0.3471, Agg std: 0.3805
2025-05-07 22:43:14,502 - sim - INFO - Epoch [1][18800/45000]	lr: 8.000e-04, eta: 2 days, 0:33:32, time: 0.203, data_time: 0.003, memory: 4755, loss: 0.3856, Batch std: 0.3550, Agg std: 0.3805
2025-05-07 22:43:34,587 - sim - INFO - Epoch [1][18900/45000]	lr: 8.000e-04, eta: 2 days, 0:33:23, time: 0.201, data_time: 0.003, memory: 4755, loss: 0.2641, Batch std: 0.3155, Agg std: 0.3802
2025-05-07 22:43:54,935 - sim - INFO - Epoch [1][19000/45000]	lr: 8.000e-04, eta: 2 days, 0:33:27, time: 0.203, data_time: 0.003, memory: 4755, loss: 0.2851, Batch std: 0.3334, Agg std: 0.3799
2025-05-07 22:44:14,889 - sim - INFO - Epoch [1][19100/45000]	lr: 8.000e-04, eta: 2 days, 0:33:12, time: 0.200, data_time: 0.003, memory: 4755, loss: 0.2999, Batch std: 0.3413, Agg std: 0.3796
2025-05-07 22:44:34,876 - sim - INFO - Epoch [1][19200/45000]	lr: 8.000e-04, eta: 2 days, 0:32:59, time: 0.200, data_time: 0.003, memory: 4755, loss: 0.2070, Batch std: 0.3377, Agg std: 0.3795
2025-05-07 22:44:54,823 - sim - INFO - Epoch [1][19300/45000]	lr: 8.000e-04, eta: 2 days, 0:32:44, time: 0.199, data_time: 0.003, memory: 4755, loss: 0.3725, Batch std: 0.3550, Agg std: 0.3793
2025-05-07 22:45:14,943 - sim - INFO - Epoch [1][19400/45000]	lr: 8.000e-04, eta: 2 days, 0:32:37, time: 0.201, data_time: 0.003, memory: 4755, loss: 0.2231, Batch std: 0.3236, Agg std: 0.3791
2025-05-07 22:45:34,712 - sim - INFO - Epoch [1][19500/45000]	lr: 8.000e-04, eta: 2 days, 0:32:13, time: 0.198, data_time: 0.003, memory: 4755, loss: 0.2238, Batch std: 0.3185, Agg std: 0.3788
2025-05-07 22:45:54,845 - sim - INFO - Epoch [1][19600/45000]	lr: 8.000e-04, eta: 2 days, 0:32:06, time: 0.201, data_time: 0.003, memory: 4755, loss: 0.2498, Batch std: 0.3368, Agg std: 0.3786
2025-05-07 22:46:15,716 - sim - INFO - Epoch [1][19700/45000]	lr: 8.000e-04, eta: 2 days, 0:32:32, time: 0.209, data_time: 0.003, memory: 4755, loss: 0.4752, Batch std: 0.3874, Agg std: 0.3785
2025-05-07 22:46:35,994 - sim - INFO - Epoch [1][19800/45000]	lr: 8.000e-04, eta: 2 days, 0:32:31, time: 0.203, data_time: 0.003, memory: 4755, loss: 0.2901, Batch std: 0.3245, Agg std: 0.3784
2025-05-07 22:46:56,465 - sim - INFO - Epoch [1][19900/45000]	lr: 8.000e-04, eta: 2 days, 0:32:39, time: 0.205, data_time: 0.003, memory: 4755, loss: 0.3059, Batch std: 0.3557, Agg std: 0.3782
2025-05-07 22:47:16,591 - sim - INFO - Epoch [1][20000/45000]	lr: 8.000e-04, eta: 2 days, 0:32:31, time: 0.201, data_time: 0.003, memory: 4755, loss: 0.4470, Batch std: 0.3858, Agg std: 0.3781
2025-05-07 22:47:37,027 - sim - INFO - Epoch [1][20100/45000]	lr: 8.000e-04, eta: 2 days, 0:32:36, time: 0.204, data_time: 0.003, memory: 4755, loss: 0.3319, Batch std: 0.3730, Agg std: 0.3781
2025-05-07 22:47:57,314 - sim - INFO - Epoch [1][20200/45000]	lr: 8.000e-04, eta: 2 days, 0:32:35, time: 0.203, data_time: 0.003, memory: 4755, loss: 0.2726, Batch std: 0.3332, Agg std: 0.3780
2025-05-07 22:48:17,936 - sim - INFO - Epoch [1][20300/45000]	lr: 8.000e-04, eta: 2 days, 0:32:48, time: 0.206, data_time: 0.003, memory: 4755, loss: 0.2913, Batch std: 0.3457, Agg std: 0.3778
2025-05-07 22:48:38,027 - sim - INFO - Epoch [1][20400/45000]	lr: 8.000e-04, eta: 2 days, 0:32:38, time: 0.201, data_time: 0.003, memory: 4755, loss: 0.1743, Batch std: 0.3094, Agg std: 0.3775
2025-05-07 22:48:58,206 - sim - INFO - Epoch [1][20500/45000]	lr: 8.000e-04, eta: 2 days, 0:32:31, time: 0.202, data_time: 0.003, memory: 4755, loss: 0.2467, Batch std: 0.3090, Agg std: 0.3772
2025-05-07 22:49:18,259 - sim - INFO - Epoch [1][20600/45000]	lr: 8.000e-04, eta: 2 days, 0:32:19, time: 0.201, data_time: 0.003, memory: 4755, loss: 0.2660, Batch std: 0.3535, Agg std: 0.3770
2025-05-07 22:49:38,172 - sim - INFO - Epoch [1][20700/45000]	lr: 8.000e-04, eta: 2 days, 0:32:01, time: 0.199, data_time: 0.003, memory: 4755, loss: 0.2245, Batch std: 0.3242, Agg std: 0.3768
2025-05-07 22:49:57,996 - sim - INFO - Epoch [1][20800/45000]	lr: 8.000e-04, eta: 2 days, 0:31:39, time: 0.198, data_time: 0.003, memory: 4755, loss: 0.2089, Batch std: 0.3059, Agg std: 0.3765
2025-05-07 22:50:17,964 - sim - INFO - Epoch [1][20900/45000]	lr: 8.000e-04, eta: 2 days, 0:31:23, time: 0.200, data_time: 0.003, memory: 4755, loss: 0.2740, Batch std: 0.3417, Agg std: 0.3763
2025-05-07 22:50:38,058 - sim - INFO - Epoch [1][21000/45000]	lr: 8.000e-04, eta: 2 days, 0:31:13, time: 0.201, data_time: 0.003, memory: 4755, loss: 0.2847, Batch std: 0.3653, Agg std: 0.3762
2025-05-07 22:50:58,433 - sim - INFO - Epoch [1][21100/45000]	lr: 8.000e-04, eta: 2 days, 0:31:14, time: 0.204, data_time: 0.003, memory: 4755, loss: 0.4914, Batch std: 0.4059, Agg std: 0.3762
2025-05-07 22:51:18,142 - sim - INFO - Epoch [1][21200/45000]	lr: 8.000e-04, eta: 2 days, 0:30:47, time: 0.197, data_time: 0.003, memory: 4755, loss: 0.2161, Batch std: 0.3040, Agg std: 0.3761
2025-05-07 22:51:38,393 - sim - INFO - Epoch [1][21300/45000]	lr: 8.000e-04, eta: 2 days, 0:30:43, time: 0.203, data_time: 0.003, memory: 4755, loss: 0.1809, Batch std: 0.3048, Agg std: 0.3758
2025-05-07 22:51:58,552 - sim - INFO - Epoch [1][21400/45000]	lr: 8.000e-04, eta: 2 days, 0:30:35, time: 0.202, data_time: 0.003, memory: 4755, loss: 0.3318, Batch std: 0.3557, Agg std: 0.3756
2025-05-07 22:52:18,479 - sim - INFO - Epoch [1][21500/45000]	lr: 8.000e-04, eta: 2 days, 0:30:17, time: 0.199, data_time: 0.003, memory: 4755, loss: 0.4512, Batch std: 0.3760, Agg std: 0.3755
2025-05-07 22:52:38,450 - sim - INFO - Epoch [1][21600/45000]	lr: 8.000e-04, eta: 2 days, 0:30:01, time: 0.200, data_time: 0.003, memory: 4755, loss: 0.2171, Batch std: 0.3265, Agg std: 0.3754
2025-05-07 22:52:58,968 - sim - INFO - Epoch [1][21700/45000]	lr: 8.000e-04, eta: 2 days, 0:30:07, time: 0.205, data_time: 0.003, memory: 4755, loss: 0.3374, Batch std: 0.3858, Agg std: 0.3753
2025-05-07 22:53:18,803 - sim - INFO - Epoch [1][21800/45000]	lr: 8.000e-04, eta: 2 days, 0:29:45, time: 0.198, data_time: 0.003, memory: 4755, loss: 0.1821, Batch std: 0.2966, Agg std: 0.3751
2025-05-07 22:53:38,804 - sim - INFO - Epoch [1][21900/45000]	lr: 8.000e-04, eta: 2 days, 0:29:30, time: 0.200, data_time: 0.003, memory: 4755, loss: 0.3766, Batch std: 0.3440, Agg std: 0.3750
2025-05-07 22:53:59,106 - sim - INFO - Epoch [1][22000/45000]	lr: 8.000e-04, eta: 2 days, 0:29:27, time: 0.203, data_time: 0.003, memory: 4755, loss: 0.3649, Batch std: 0.3502, Agg std: 0.3747
2025-05-07 22:54:19,458 - sim - INFO - Epoch [1][22100/45000]	lr: 8.000e-04, eta: 2 days, 0:29:26, time: 0.203, data_time: 0.003, memory: 4755, loss: 0.3577, Batch std: 0.3681, Agg std: 0.3747
2025-05-07 22:54:39,590 - sim - INFO - Epoch [1][22200/45000]	lr: 8.000e-04, eta: 2 days, 0:29:16, time: 0.201, data_time: 0.003, memory: 4755, loss: 0.2347, Batch std: 0.3288, Agg std: 0.3746
2025-05-07 22:54:59,300 - sim - INFO - Epoch [1][22300/45000]	lr: 8.000e-04, eta: 2 days, 0:28:49, time: 0.197, data_time: 0.003, memory: 4755, loss: 0.2485, Batch std: 0.3314, Agg std: 0.3743
2025-05-07 22:55:19,684 - sim - INFO - Epoch [1][22400/45000]	lr: 8.000e-04, eta: 2 days, 0:28:49, time: 0.204, data_time: 0.003, memory: 4755, loss: 0.2351, Batch std: 0.3387, Agg std: 0.3742
2025-05-07 22:55:39,768 - sim - INFO - Epoch [1][22500/45000]	lr: 8.000e-04, eta: 2 days, 0:28:36, time: 0.201, data_time: 0.003, memory: 4755, loss: 0.3441, Batch std: 0.3316, Agg std: 0.3741
2025-05-07 22:55:59,737 - sim - INFO - Epoch [1][22600/45000]	lr: 8.000e-04, eta: 2 days, 0:28:20, time: 0.200, data_time: 0.003, memory: 4755, loss: 0.3197, Batch std: 0.3389, Agg std: 0.3738
2025-05-07 22:56:19,971 - sim - INFO - Epoch [1][22700/45000]	lr: 8.000e-04, eta: 2 days, 0:28:13, time: 0.202, data_time: 0.003, memory: 4755, loss: 0.3149, Batch std: 0.3845, Agg std: 0.3739
2025-05-07 22:56:40,251 - sim - INFO - Epoch [1][22800/45000]	lr: 8.000e-04, eta: 2 days, 0:28:08, time: 0.203, data_time: 0.003, memory: 4755, loss: 0.2989, Batch std: 0.3449, Agg std: 0.3738
2025-05-07 22:57:00,021 - sim - INFO - Epoch [1][22900/45000]	lr: 8.000e-04, eta: 2 days, 0:27:44, time: 0.198, data_time: 0.003, memory: 4755, loss: 0.2366, Batch std: 0.3259, Agg std: 0.3736
2025-05-07 22:57:20,289 - sim - INFO - Epoch [1][23000/45000]	lr: 8.000e-04, eta: 2 days, 0:27:38, time: 0.203, data_time: 0.003, memory: 4755, loss: 0.2817, Batch std: 0.3531, Agg std: 0.3734
2025-05-07 22:57:40,557 - sim - INFO - Epoch [1][23100/45000]	lr: 8.000e-04, eta: 2 days, 0:27:32, time: 0.203, data_time: 0.003, memory: 4755, loss: 0.2866, Batch std: 0.3404, Agg std: 0.3733
2025-05-07 22:58:00,735 - sim - INFO - Epoch [1][23200/45000]	lr: 8.000e-04, eta: 2 days, 0:27:23, time: 0.202, data_time: 0.003, memory: 4755, loss: 0.4206, Batch std: 0.3790, Agg std: 0.3733
2025-05-07 22:58:20,924 - sim - INFO - Epoch [1][23300/45000]	lr: 8.000e-04, eta: 2 days, 0:27:14, time: 0.202, data_time: 0.003, memory: 4755, loss: 0.4118, Batch std: 0.3769, Agg std: 0.3733
2025-05-07 22:58:40,880 - sim - INFO - Epoch [1][23400/45000]	lr: 8.000e-04, eta: 2 days, 0:26:57, time: 0.200, data_time: 0.003, memory: 4755, loss: 0.2842, Batch std: 0.3490, Agg std: 0.3732
2025-05-07 22:59:01,145 - sim - INFO - Epoch [1][23500/45000]	lr: 8.000e-04, eta: 2 days, 0:26:50, time: 0.203, data_time: 0.003, memory: 4755, loss: 0.3150, Batch std: 0.3353, Agg std: 0.3731
2025-05-07 22:59:21,519 - sim - INFO - Epoch [1][23600/45000]	lr: 8.000e-04, eta: 2 days, 0:26:48, time: 0.204, data_time: 0.003, memory: 4755, loss: 0.3003, Batch std: 0.3651, Agg std: 0.3730
2025-05-07 22:59:41,706 - sim - INFO - Epoch [1][23700/45000]	lr: 8.000e-04, eta: 2 days, 0:26:39, time: 0.202, data_time: 0.003, memory: 4755, loss: 0.2833, Batch std: 0.3392, Agg std: 0.3730
2025-05-07 23:00:01,738 - sim - INFO - Epoch [1][23800/45000]	lr: 8.000e-04, eta: 2 days, 0:26:24, time: 0.200, data_time: 0.003, memory: 4755, loss: 0.3137, Batch std: 0.3420, Agg std: 0.3728
2025-05-07 23:00:21,330 - sim - INFO - Epoch [1][23900/45000]	lr: 8.000e-04, eta: 2 days, 0:25:52, time: 0.196, data_time: 0.003, memory: 4755, loss: 0.3209, Batch std: 0.3392, Agg std: 0.3726
2025-05-07 23:00:41,061 - sim - INFO - Epoch [1][24000/45000]	lr: 8.000e-04, eta: 2 days, 0:25:26, time: 0.197, data_time: 0.003, memory: 4755, loss: 0.2225, Batch std: 0.3218, Agg std: 0.3725
2025-05-07 23:01:01,273 - sim - INFO - Epoch [1][24100/45000]	lr: 8.000e-04, eta: 2 days, 0:25:18, time: 0.202, data_time: 0.003, memory: 4755, loss: 0.2265, Batch std: 0.3146, Agg std: 0.3722
2025-05-07 23:01:21,259 - sim - INFO - Epoch [1][24200/45000]	lr: 8.000e-04, eta: 2 days, 0:25:01, time: 0.200, data_time: 0.003, memory: 4755, loss: 0.2738, Batch std: 0.3357, Agg std: 0.3720
2025-05-07 23:01:41,279 - sim - INFO - Epoch [1][24300/45000]	lr: 8.000e-04, eta: 2 days, 0:24:45, time: 0.200, data_time: 0.003, memory: 4755, loss: 0.3051, Batch std: 0.3347, Agg std: 0.3719
2025-05-07 23:02:01,238 - sim - INFO - Epoch [1][24400/45000]	lr: 8.000e-04, eta: 2 days, 0:24:27, time: 0.200, data_time: 0.003, memory: 4755, loss: 0.3820, Batch std: 0.3566, Agg std: 0.3718
2025-05-07 23:02:20,949 - sim - INFO - Epoch [1][24500/45000]	lr: 8.000e-04, eta: 2 days, 0:24:01, time: 0.197, data_time: 0.003, memory: 4755, loss: 0.1754, Batch std: 0.3128, Agg std: 0.3717
2025-05-07 23:02:41,251 - sim - INFO - Epoch [1][24600/45000]	lr: 8.000e-04, eta: 2 days, 0:23:55, time: 0.203, data_time: 0.003, memory: 4755, loss: 0.2382, Batch std: 0.3223, Agg std: 0.3714
2025-05-07 23:03:00,955 - sim - INFO - Epoch [1][24700/45000]	lr: 8.000e-04, eta: 2 days, 0:23:28, time: 0.197, data_time: 0.003, memory: 4755, loss: 0.2566, Batch std: 0.3241, Agg std: 0.3712
2025-05-07 23:03:21,533 - sim - INFO - Epoch [1][24800/45000]	lr: 8.000e-04, eta: 2 days, 0:23:32, time: 0.206, data_time: 0.003, memory: 4755, loss: 0.4133, Batch std: 0.3642, Agg std: 0.3711
2025-05-07 23:03:41,531 - sim - INFO - Epoch [1][24900/45000]	lr: 8.000e-04, eta: 2 days, 0:23:15, time: 0.200, data_time: 0.003, memory: 4755, loss: 0.2526, Batch std: 0.3433, Agg std: 0.3710
2025-05-07 23:04:01,687 - sim - INFO - Epoch [1][25000/45000]	lr: 8.000e-04, eta: 2 days, 0:23:04, time: 0.202, data_time: 0.003, memory: 4755, loss: 0.1670, Batch std: 0.3065, Agg std: 0.3709
2025-05-07 23:04:21,684 - sim - INFO - Epoch [1][25100/45000]	lr: 8.000e-04, eta: 2 days, 0:22:47, time: 0.200, data_time: 0.003, memory: 4755, loss: 0.3428, Batch std: 0.3630, Agg std: 0.3707
2025-05-07 23:04:41,918 - sim - INFO - Epoch [1][25200/45000]	lr: 8.000e-04, eta: 2 days, 0:22:39, time: 0.202, data_time: 0.003, memory: 4755, loss: 0.4326, Batch std: 0.3584, Agg std: 0.3706
2025-05-07 23:05:01,991 - sim - INFO - Epoch [1][25300/45000]	lr: 8.000e-04, eta: 2 days, 0:22:24, time: 0.201, data_time: 0.003, memory: 4755, loss: 0.2484, Batch std: 0.3331, Agg std: 0.3706
2025-05-07 23:05:22,102 - sim - INFO - Epoch [1][25400/45000]	lr: 8.000e-04, eta: 2 days, 0:22:11, time: 0.201, data_time: 0.003, memory: 4755, loss: 0.2525, Batch std: 0.3127, Agg std: 0.3704
2025-05-07 23:05:42,011 - sim - INFO - Epoch [1][25500/45000]	lr: 8.000e-04, eta: 2 days, 0:21:52, time: 0.199, data_time: 0.003, memory: 4755, loss: 0.2073, Batch std: 0.3196, Agg std: 0.3702
2025-05-07 23:06:02,154 - sim - INFO - Epoch [1][25600/45000]	lr: 8.000e-04, eta: 2 days, 0:21:40, time: 0.201, data_time: 0.003, memory: 4755, loss: 0.2097, Batch std: 0.3210, Agg std: 0.3700
2025-05-07 23:06:22,091 - sim - INFO - Epoch [1][25700/45000]	lr: 8.000e-04, eta: 2 days, 0:21:21, time: 0.199, data_time: 0.003, memory: 4755, loss: 0.3705, Batch std: 0.3753, Agg std: 0.3699
2025-05-07 23:06:41,915 - sim - INFO - Epoch [1][25800/45000]	lr: 8.000e-04, eta: 2 days, 0:20:58, time: 0.198, data_time: 0.003, memory: 4755, loss: 0.3193, Batch std: 0.3584, Agg std: 0.3699
2025-05-07 23:07:01,617 - sim - INFO - Epoch [1][25900/45000]	lr: 8.000e-04, eta: 2 days, 0:20:31, time: 0.197, data_time: 0.003, memory: 4755, loss: 0.2983, Batch std: 0.3378, Agg std: 0.3698
2025-05-07 23:07:21,861 - sim - INFO - Epoch [1][26000/45000]	lr: 8.000e-04, eta: 2 days, 0:20:22, time: 0.202, data_time: 0.003, memory: 4755, loss: 0.4703, Batch std: 0.4006, Agg std: 0.3698
2025-05-07 23:07:41,914 - sim - INFO - Epoch [1][26100/45000]	lr: 8.000e-04, eta: 2 days, 0:20:07, time: 0.201, data_time: 0.003, memory: 4755, loss: 0.2209, Batch std: 0.3131, Agg std: 0.3697
2025-05-07 23:08:02,309 - sim - INFO - Epoch [1][26200/45000]	lr: 8.000e-04, eta: 2 days, 0:20:03, time: 0.204, data_time: 0.003, memory: 4755, loss: 0.3030, Batch std: 0.3443, Agg std: 0.3696
2025-05-07 23:08:22,790 - sim - INFO - Epoch [1][26300/45000]	lr: 8.000e-04, eta: 2 days, 0:20:02, time: 0.205, data_time: 0.003, memory: 4755, loss: 0.3421, Batch std: 0.3546, Agg std: 0.3695
2025-05-07 23:08:43,021 - sim - INFO - Epoch [1][26400/45000]	lr: 8.000e-04, eta: 2 days, 0:19:53, time: 0.202, data_time: 0.003, memory: 4755, loss: 0.3149, Batch std: 0.3539, Agg std: 0.3695
2025-05-07 23:09:03,241 - sim - INFO - Epoch [1][26500/45000]	lr: 8.000e-04, eta: 2 days, 0:19:43, time: 0.202, data_time: 0.003, memory: 4755, loss: 0.3807, Batch std: 0.3657, Agg std: 0.3695
2025-05-07 23:09:23,255 - sim - INFO - Epoch [1][26600/45000]	lr: 8.000e-04, eta: 2 days, 0:19:26, time: 0.200, data_time: 0.003, memory: 4755, loss: 0.3043, Batch std: 0.3474, Agg std: 0.3694
2025-05-07 23:09:43,265 - sim - INFO - Epoch [1][26700/45000]	lr: 8.000e-04, eta: 2 days, 0:19:09, time: 0.200, data_time: 0.003, memory: 4755, loss: 0.2189, Batch std: 0.3083, Agg std: 0.3692
2025-05-07 23:10:03,498 - sim - INFO - Epoch [1][26800/45000]	lr: 8.000e-04, eta: 2 days, 0:18:59, time: 0.202, data_time: 0.003, memory: 4755, loss: 0.2206, Batch std: 0.3141, Agg std: 0.3690
2025-05-07 23:10:23,930 - sim - INFO - Epoch [1][26900/45000]	lr: 8.000e-04, eta: 2 days, 0:18:56, time: 0.204, data_time: 0.003, memory: 4755, loss: 0.2534, Batch std: 0.3340, Agg std: 0.3688
2025-05-07 23:10:44,244 - sim - INFO - Epoch [1][27000/45000]	lr: 8.000e-04, eta: 2 days, 0:18:49, time: 0.203, data_time: 0.003, memory: 4755, loss: 0.3685, Batch std: 0.3838, Agg std: 0.3688
2025-05-07 23:11:04,184 - sim - INFO - Epoch [1][27100/45000]	lr: 8.000e-04, eta: 2 days, 0:18:29, time: 0.199, data_time: 0.003, memory: 4755, loss: 0.2249, Batch std: 0.3206, Agg std: 0.3687
2025-05-07 23:11:24,316 - sim - INFO - Epoch [1][27200/45000]	lr: 8.000e-04, eta: 2 days, 0:18:16, time: 0.201, data_time: 0.003, memory: 4755, loss: 0.3435, Batch std: 0.3307, Agg std: 0.3686
2025-05-07 23:11:44,859 - sim - INFO - Epoch [1][27300/45000]	lr: 8.000e-04, eta: 2 days, 0:18:16, time: 0.205, data_time: 0.003, memory: 4755, loss: 0.2503, Batch std: 0.3258, Agg std: 0.3684
2025-05-07 23:12:04,963 - sim - INFO - Epoch [1][27400/45000]	lr: 8.000e-04, eta: 2 days, 0:18:01, time: 0.201, data_time: 0.003, memory: 4755, loss: 0.1874, Batch std: 0.2948, Agg std: 0.3682
2025-05-07 23:12:25,483 - sim - INFO - Epoch [1][27500/45000]	lr: 8.000e-04, eta: 2 days, 0:18:00, time: 0.205, data_time: 0.003, memory: 4755, loss: 0.3289, Batch std: 0.3444, Agg std: 0.3681
2025-05-07 23:12:45,737 - sim - INFO - Epoch [1][27600/45000]	lr: 8.000e-04, eta: 2 days, 0:17:51, time: 0.203, data_time: 0.003, memory: 4755, loss: 0.2359, Batch std: 0.3128, Agg std: 0.3679
2025-05-07 23:13:06,042 - sim - INFO - Epoch [1][27700/45000]	lr: 8.000e-04, eta: 2 days, 0:17:43, time: 0.203, data_time: 0.003, memory: 4755, loss: 0.2405, Batch std: 0.3256, Agg std: 0.3677
2025-05-07 23:13:26,582 - sim - INFO - Epoch [1][27800/45000]	lr: 8.000e-04, eta: 2 days, 0:17:42, time: 0.205, data_time: 0.003, memory: 4755, loss: 0.3642, Batch std: 0.3690, Agg std: 0.3677
2025-05-07 23:13:46,979 - sim - INFO - Epoch [1][27900/45000]	lr: 8.000e-04, eta: 2 days, 0:17:36, time: 0.204, data_time: 0.003, memory: 4755, loss: 0.1843, Batch std: 0.3051, Agg std: 0.3676
2025-05-07 23:14:06,998 - sim - INFO - Epoch [1][28000/45000]	lr: 8.000e-04, eta: 2 days, 0:17:19, time: 0.200, data_time: 0.003, memory: 4755, loss: 0.3159, Batch std: 0.3298, Agg std: 0.3674
2025-05-07 23:14:27,001 - sim - INFO - Epoch [1][28100/45000]	lr: 8.000e-04, eta: 2 days, 0:17:01, time: 0.200, data_time: 0.003, memory: 4755, loss: 0.2499, Batch std: 0.3078, Agg std: 0.3672
2025-05-07 23:14:46,498 - sim - INFO - Epoch [1][28200/45000]	lr: 8.000e-04, eta: 2 days, 0:16:28, time: 0.195, data_time: 0.003, memory: 4755, loss: 0.2209, Batch std: 0.3099, Agg std: 0.3670
2025-05-07 23:15:06,865 - sim - INFO - Epoch [1][28300/45000]	lr: 8.000e-04, eta: 2 days, 0:16:21, time: 0.204, data_time: 0.003, memory: 4755, loss: 0.2337, Batch std: 0.3221, Agg std: 0.3668
2025-05-07 23:15:27,074 - sim - INFO - Epoch [1][28400/45000]	lr: 8.000e-04, eta: 2 days, 0:16:09, time: 0.202, data_time: 0.003, memory: 4755, loss: 0.2559, Batch std: 0.3066, Agg std: 0.3666
2025-05-07 23:15:47,174 - sim - INFO - Epoch [1][28500/45000]	lr: 8.000e-04, eta: 2 days, 0:15:54, time: 0.201, data_time: 0.003, memory: 4755, loss: 0.2405, Batch std: 0.3298, Agg std: 0.3664
2025-05-07 23:16:07,916 - sim - INFO - Epoch [1][28600/45000]	lr: 8.000e-04, eta: 2 days, 0:15:59, time: 0.207, data_time: 0.003, memory: 4755, loss: 0.2671, Batch std: 0.3230, Agg std: 0.3663
2025-05-07 23:16:28,231 - sim - INFO - Epoch [1][28700/45000]	lr: 8.000e-04, eta: 2 days, 0:15:50, time: 0.203, data_time: 0.003, memory: 4755, loss: 0.3256, Batch std: 0.3527, Agg std: 0.3662
2025-05-07 23:16:49,100 - sim - INFO - Epoch [1][28800/45000]	lr: 8.000e-04, eta: 2 days, 0:15:58, time: 0.209, data_time: 0.003, memory: 4755, loss: 0.4276, Batch std: 0.3924, Agg std: 0.3662
2025-05-07 23:17:09,341 - sim - INFO - Epoch [1][28900/45000]	lr: 8.000e-04, eta: 2 days, 0:15:47, time: 0.202, data_time: 0.003, memory: 4755, loss: 0.2222, Batch std: 0.3211, Agg std: 0.3662
2025-05-07 23:17:29,599 - sim - INFO - Epoch [1][29000/45000]	lr: 8.000e-04, eta: 2 days, 0:15:37, time: 0.203, data_time: 0.003, memory: 4755, loss: 0.1845, Batch std: 0.2988, Agg std: 0.3660
2025-05-07 23:17:50,169 - sim - INFO - Epoch [1][29100/45000]	lr: 8.000e-04, eta: 2 days, 0:15:36, time: 0.206, data_time: 0.003, memory: 4755, loss: 0.2586, Batch std: 0.3339, Agg std: 0.3659
2025-05-07 23:18:10,706 - sim - INFO - Epoch [1][29200/45000]	lr: 8.000e-04, eta: 2 days, 0:15:33, time: 0.205, data_time: 0.003, memory: 4755, loss: 0.3331, Batch std: 0.3369, Agg std: 0.3657
2025-05-07 23:18:30,649 - sim - INFO - Epoch [1][29300/45000]	lr: 8.000e-04, eta: 2 days, 0:15:13, time: 0.199, data_time: 0.003, memory: 4755, loss: 0.3593, Batch std: 0.3501, Agg std: 0.3657
2025-05-07 23:18:50,805 - sim - INFO - Epoch [1][29400/45000]	lr: 8.000e-04, eta: 2 days, 0:14:59, time: 0.202, data_time: 0.003, memory: 4755, loss: 0.3652, Batch std: 0.3750, Agg std: 0.3657
2025-05-07 23:19:10,839 - sim - INFO - Epoch [1][29500/45000]	lr: 8.000e-04, eta: 2 days, 0:14:42, time: 0.200, data_time: 0.003, memory: 4755, loss: 0.2026, Batch std: 0.3273, Agg std: 0.3656
2025-05-07 23:19:30,902 - sim - INFO - Epoch [1][29600/45000]	lr: 8.000e-04, eta: 2 days, 0:14:25, time: 0.201, data_time: 0.003, memory: 4755, loss: 0.1647, Batch std: 0.2653, Agg std: 0.3653
2025-05-07 23:19:51,059 - sim - INFO - Epoch [1][29700/45000]	lr: 8.000e-04, eta: 2 days, 0:14:11, time: 0.202, data_time: 0.003, memory: 4755, loss: 0.2340, Batch std: 0.3265, Agg std: 0.3651
2025-05-07 23:20:11,260 - sim - INFO - Epoch [1][29800/45000]	lr: 8.000e-04, eta: 2 days, 0:13:58, time: 0.202, data_time: 0.003, memory: 4755, loss: 0.2714, Batch std: 0.3237, Agg std: 0.3650
2025-05-07 23:20:31,330 - sim - INFO - Epoch [1][29900/45000]	lr: 8.000e-04, eta: 2 days, 0:13:42, time: 0.201, data_time: 0.003, memory: 4755, loss: 0.2197, Batch std: 0.3202, Agg std: 0.3649
2025-05-07 23:20:51,824 - sim - INFO - Epoch [1][30000/45000]	lr: 8.000e-04, eta: 2 days, 0:13:37, time: 0.205, data_time: 0.003, memory: 4755, loss: 0.2231, Batch std: 0.3096, Agg std: 0.3647
2025-05-07 23:21:12,224 - sim - INFO - Epoch [1][30100/45000]	lr: 8.000e-04, eta: 2 days, 0:13:30, time: 0.204, data_time: 0.003, memory: 4755, loss: 0.2266, Batch std: 0.3087, Agg std: 0.3645
2025-05-07 23:21:32,358 - sim - INFO - Epoch [1][30200/45000]	lr: 8.000e-04, eta: 2 days, 0:13:15, time: 0.201, data_time: 0.003, memory: 4755, loss: 0.1741, Batch std: 0.2919, Agg std: 0.3643
2025-05-07 23:21:52,644 - sim - INFO - Epoch [1][30300/45000]	lr: 8.000e-04, eta: 2 days, 0:13:05, time: 0.203, data_time: 0.003, memory: 4755, loss: 0.2187, Batch std: 0.3216, Agg std: 0.3641
2025-05-07 23:22:12,921 - sim - INFO - Epoch [1][30400/45000]	lr: 8.000e-04, eta: 2 days, 0:12:54, time: 0.203, data_time: 0.003, memory: 4755, loss: 0.2341, Batch std: 0.3247, Agg std: 0.3640
2025-05-07 23:22:32,820 - sim - INFO - Epoch [1][30500/45000]	lr: 8.000e-04, eta: 2 days, 0:12:32, time: 0.199, data_time: 0.003, memory: 4755, loss: 0.3512, Batch std: 0.3573, Agg std: 0.3639
2025-05-07 23:22:52,795 - sim - INFO - Epoch [1][30600/45000]	lr: 8.000e-04, eta: 2 days, 0:12:13, time: 0.200, data_time: 0.003, memory: 4755, loss: 0.2191, Batch std: 0.3185, Agg std: 0.3638
2025-05-07 23:23:13,067 - sim - INFO - Epoch [1][30700/45000]	lr: 8.000e-04, eta: 2 days, 0:12:01, time: 0.203, data_time: 0.003, memory: 4755, loss: 0.2467, Batch std: 0.3459, Agg std: 0.3637
2025-05-07 23:23:32,978 - sim - INFO - Epoch [1][30800/45000]	lr: 8.000e-04, eta: 2 days, 0:11:40, time: 0.199, data_time: 0.003, memory: 4755, loss: 0.2507, Batch std: 0.3500, Agg std: 0.3637
2025-05-07 23:23:53,171 - sim - INFO - Epoch [1][30900/45000]	lr: 8.000e-04, eta: 2 days, 0:11:27, time: 0.202, data_time: 0.003, memory: 4755, loss: 0.2026, Batch std: 0.3041, Agg std: 0.3635
2025-05-07 23:24:13,712 - sim - INFO - Epoch [1][31000/45000]	lr: 8.000e-04, eta: 2 days, 0:11:23, time: 0.205, data_time: 0.003, memory: 4755, loss: 0.2175, Batch std: 0.3192, Agg std: 0.3633
2025-05-07 23:24:33,701 - sim - INFO - Epoch [1][31100/45000]	lr: 8.000e-04, eta: 2 days, 0:11:04, time: 0.200, data_time: 0.003, memory: 4755, loss: 0.3649, Batch std: 0.3571, Agg std: 0.3633
2025-05-07 23:24:54,190 - sim - INFO - Epoch [1][31200/45000]	lr: 8.000e-04, eta: 2 days, 0:10:58, time: 0.205, data_time: 0.003, memory: 4755, loss: 0.3482, Batch std: 0.3526, Agg std: 0.3633
2025-05-07 23:25:14,245 - sim - INFO - Epoch [1][31300/45000]	lr: 8.000e-04, eta: 2 days, 0:10:41, time: 0.201, data_time: 0.003, memory: 4755, loss: 0.1906, Batch std: 0.2935, Agg std: 0.3631
2025-05-07 23:25:33,957 - sim - INFO - Epoch [1][31400/45000]	lr: 8.000e-04, eta: 2 days, 0:10:14, time: 0.197, data_time: 0.003, memory: 4755, loss: 0.2196, Batch std: 0.3088, Agg std: 0.3629
2025-05-07 23:25:54,035 - sim - INFO - Epoch [1][31500/45000]	lr: 8.000e-04, eta: 2 days, 0:09:57, time: 0.201, data_time: 0.003, memory: 4755, loss: 0.2819, Batch std: 0.3449, Agg std: 0.3628
2025-05-07 23:26:14,526 - sim - INFO - Epoch [1][31600/45000]	lr: 8.000e-04, eta: 2 days, 0:09:51, time: 0.205, data_time: 0.003, memory: 4755, loss: 0.2008, Batch std: 0.3013, Agg std: 0.3627
2025-05-07 23:26:34,739 - sim - INFO - Epoch [1][31700/45000]	lr: 8.000e-04, eta: 2 days, 0:09:38, time: 0.202, data_time: 0.003, memory: 4755, loss: 0.1637, Batch std: 0.2805, Agg std: 0.3624
2025-05-07 23:26:54,972 - sim - INFO - Epoch [1][31800/45000]	lr: 8.000e-04, eta: 2 days, 0:09:25, time: 0.202, data_time: 0.003, memory: 4755, loss: 0.1917, Batch std: 0.2901, Agg std: 0.3622
2025-05-07 23:27:15,174 - sim - INFO - Epoch [1][31900/45000]	lr: 8.000e-04, eta: 2 days, 0:09:12, time: 0.202, data_time: 0.003, memory: 4755, loss: 0.4272, Batch std: 0.3853, Agg std: 0.3621
2025-05-07 23:27:35,603 - sim - INFO - Epoch [1][32000/45000]	lr: 8.000e-04, eta: 2 days, 0:09:04, time: 0.204, data_time: 0.003, memory: 4755, loss: 0.3899, Batch std: 0.3776, Agg std: 0.3622
2025-05-07 23:27:55,785 - sim - INFO - Epoch [1][32100/45000]	lr: 8.000e-04, eta: 2 days, 0:08:50, time: 0.202, data_time: 0.003, memory: 4755, loss: 0.1896, Batch std: 0.3015, Agg std: 0.3621
2025-05-07 23:28:15,851 - sim - INFO - Epoch [1][32200/45000]	lr: 8.000e-04, eta: 2 days, 0:08:33, time: 0.201, data_time: 0.003, memory: 4755, loss: 0.3409, Batch std: 0.3336, Agg std: 0.3620
2025-05-07 23:28:35,966 - sim - INFO - Epoch [1][32300/45000]	lr: 8.000e-04, eta: 2 days, 0:08:16, time: 0.201, data_time: 0.003, memory: 4755, loss: 0.1740, Batch std: 0.2959, Agg std: 0.3618
2025-05-07 23:28:56,303 - sim - INFO - Epoch [1][32400/45000]	lr: 8.000e-04, eta: 2 days, 0:08:06, time: 0.203, data_time: 0.003, memory: 4755, loss: 0.3033, Batch std: 0.3462, Agg std: 0.3617
2025-05-07 23:29:16,603 - sim - INFO - Epoch [1][32500/45000]	lr: 8.000e-04, eta: 2 days, 0:07:55, time: 0.203, data_time: 0.003, memory: 4755, loss: 0.3898, Batch std: 0.3545, Agg std: 0.3617
2025-05-07 23:29:36,854 - sim - INFO - Epoch [1][32600/45000]	lr: 8.000e-04, eta: 2 days, 0:07:42, time: 0.203, data_time: 0.003, memory: 4755, loss: 0.2943, Batch std: 0.3363, Agg std: 0.3616
2025-05-07 23:29:56,807 - sim - INFO - Epoch [1][32700/45000]	lr: 8.000e-04, eta: 2 days, 0:07:22, time: 0.200, data_time: 0.003, memory: 4755, loss: 0.2450, Batch std: 0.3274, Agg std: 0.3615
2025-05-07 23:30:16,896 - sim - INFO - Epoch [1][32800/45000]	lr: 8.000e-04, eta: 2 days, 0:07:05, time: 0.201, data_time: 0.003, memory: 4755, loss: 0.1749, Batch std: 0.2919, Agg std: 0.3614
2025-05-07 23:30:37,285 - sim - INFO - Epoch [1][32900/45000]	lr: 8.000e-04, eta: 2 days, 0:06:56, time: 0.204, data_time: 0.003, memory: 4755, loss: 0.2184, Batch std: 0.3095, Agg std: 0.3612
2025-05-07 23:30:57,542 - sim - INFO - Epoch [1][33000/45000]	lr: 8.000e-04, eta: 2 days, 0:06:43, time: 0.203, data_time: 0.003, memory: 4755, loss: 0.3299, Batch std: 0.3293, Agg std: 0.3611
2025-05-07 23:31:17,780 - sim - INFO - Epoch [1][33100/45000]	lr: 8.000e-04, eta: 2 days, 0:06:30, time: 0.202, data_time: 0.003, memory: 4755, loss: 0.3421, Batch std: 0.3385, Agg std: 0.3610
2025-05-07 23:31:38,152 - sim - INFO - Epoch [1][33200/45000]	lr: 8.000e-04, eta: 2 days, 0:06:20, time: 0.204, data_time: 0.003, memory: 4755, loss: 0.3242, Batch std: 0.3624, Agg std: 0.3610
2025-05-07 23:31:58,090 - sim - INFO - Epoch [1][33300/45000]	lr: 8.000e-04, eta: 2 days, 0:05:59, time: 0.199, data_time: 0.003, memory: 4755, loss: 0.3164, Batch std: 0.3503, Agg std: 0.3609
2025-05-07 23:32:18,422 - sim - INFO - Epoch [1][33400/45000]	lr: 8.000e-04, eta: 2 days, 0:05:48, time: 0.203, data_time: 0.003, memory: 4755, loss: 0.2342, Batch std: 0.3183, Agg std: 0.3609
2025-05-07 23:32:38,900 - sim - INFO - Epoch [1][33500/45000]	lr: 8.000e-04, eta: 2 days, 0:05:41, time: 0.205, data_time: 0.003, memory: 4755, loss: 0.2948, Batch std: 0.3403, Agg std: 0.3608
2025-05-07 23:32:59,056 - sim - INFO - Epoch [1][33600/45000]	lr: 8.000e-04, eta: 2 days, 0:05:26, time: 0.202, data_time: 0.003, memory: 4755, loss: 0.2967, Batch std: 0.3276, Agg std: 0.3607
2025-05-07 23:33:18,670 - sim - INFO - Epoch [1][33700/45000]	lr: 8.000e-04, eta: 2 days, 0:04:56, time: 0.196, data_time: 0.003, memory: 4755, loss: 0.2948, Batch std: 0.3255, Agg std: 0.3606
2025-05-07 23:33:38,734 - sim - INFO - Epoch [1][33800/45000]	lr: 8.000e-04, eta: 2 days, 0:04:38, time: 0.201, data_time: 0.003, memory: 4755, loss: 0.3187, Batch std: 0.3206, Agg std: 0.3604
2025-05-07 23:33:59,066 - sim - INFO - Epoch [1][33900/45000]	lr: 8.000e-04, eta: 2 days, 0:04:27, time: 0.203, data_time: 0.003, memory: 4755, loss: 0.2378, Batch std: 0.3138, Agg std: 0.3603
2025-05-07 23:34:19,203 - sim - INFO - Epoch [1][34000/45000]	lr: 8.000e-04, eta: 2 days, 0:04:11, time: 0.201, data_time: 0.003, memory: 4755, loss: 0.1526, Batch std: 0.2816, Agg std: 0.3602
2025-05-07 23:34:39,541 - sim - INFO - Epoch [1][34100/45000]	lr: 8.000e-04, eta: 2 days, 0:04:00, time: 0.203, data_time: 0.003, memory: 4755, loss: 0.2459, Batch std: 0.3021, Agg std: 0.3600
2025-05-07 23:34:59,777 - sim - INFO - Epoch [1][34200/45000]	lr: 8.000e-04, eta: 2 days, 0:03:47, time: 0.202, data_time: 0.003, memory: 4755, loss: 0.1925, Batch std: 0.3033, Agg std: 0.3598
2025-05-07 23:35:19,947 - sim - INFO - Epoch [1][34300/45000]	lr: 8.000e-04, eta: 2 days, 0:03:31, time: 0.202, data_time: 0.003, memory: 4755, loss: 0.1889, Batch std: 0.2893, Agg std: 0.3596
2025-05-07 23:35:39,931 - sim - INFO - Epoch [1][34400/45000]	lr: 8.000e-04, eta: 2 days, 0:03:11, time: 0.200, data_time: 0.003, memory: 4755, loss: 0.2918, Batch std: 0.3428, Agg std: 0.3594
2025-05-07 23:36:00,208 - sim - INFO - Epoch [1][34500/45000]	lr: 8.000e-04, eta: 2 days, 0:02:59, time: 0.203, data_time: 0.003, memory: 4755, loss: 0.2570, Batch std: 0.3206, Agg std: 0.3594
2025-05-07 23:36:20,159 - sim - INFO - Epoch [1][34600/45000]	lr: 8.000e-04, eta: 2 days, 0:02:38, time: 0.199, data_time: 0.003, memory: 4755, loss: 0.2368, Batch std: 0.3176, Agg std: 0.3593
2025-05-07 23:36:40,671 - sim - INFO - Epoch [1][34700/45000]	lr: 8.000e-04, eta: 2 days, 0:02:31, time: 0.205, data_time: 0.003, memory: 4755, loss: 0.1675, Batch std: 0.2897, Agg std: 0.3591
2025-05-07 23:37:01,014 - sim - INFO - Epoch [1][34800/45000]	lr: 8.000e-04, eta: 2 days, 0:02:20, time: 0.203, data_time: 0.003, memory: 4755, loss: 0.2641, Batch std: 0.3010, Agg std: 0.3589
2025-05-07 23:37:21,358 - sim - INFO - Epoch [1][34900/45000]	lr: 8.000e-04, eta: 2 days, 0:02:09, time: 0.203, data_time: 0.003, memory: 4755, loss: 0.2471, Batch std: 0.3279, Agg std: 0.3588
2025-05-07 23:37:41,338 - sim - INFO - Epoch [1][35000/45000]	lr: 8.000e-04, eta: 2 days, 0:01:48, time: 0.200, data_time: 0.003, memory: 4755, loss: 0.2022, Batch std: 0.3013, Agg std: 0.3587
2025-05-07 23:38:01,069 - sim - INFO - Epoch [1][35100/45000]	lr: 8.000e-04, eta: 2 days, 0:01:22, time: 0.197, data_time: 0.003, memory: 4755, loss: 0.2595, Batch std: 0.3176, Agg std: 0.3585
2025-05-07 23:38:21,098 - sim - INFO - Epoch [1][35200/45000]	lr: 8.000e-04, eta: 2 days, 0:01:03, time: 0.200, data_time: 0.003, memory: 4755, loss: 0.2977, Batch std: 0.3155, Agg std: 0.3584
2025-05-07 23:38:40,973 - sim - INFO - Epoch [1][35300/45000]	lr: 8.000e-04, eta: 2 days, 0:00:40, time: 0.199, data_time: 0.003, memory: 4755, loss: 0.2690, Batch std: 0.3305, Agg std: 0.3583
2025-05-07 23:39:01,161 - sim - INFO - Epoch [1][35400/45000]	lr: 8.000e-04, eta: 2 days, 0:00:25, time: 0.202, data_time: 0.003, memory: 4755, loss: 0.2374, Batch std: 0.3306, Agg std: 0.3582
2025-05-07 23:39:21,417 - sim - INFO - Epoch [1][35500/45000]	lr: 8.000e-04, eta: 2 days, 0:00:12, time: 0.203, data_time: 0.003, memory: 4755, loss: 0.2503, Batch std: 0.3285, Agg std: 0.3582
2025-05-07 23:39:41,429 - sim - INFO - Epoch [1][35600/45000]	lr: 8.000e-04, eta: 1 day, 23:59:52, time: 0.200, data_time: 0.003, memory: 4755, loss: 0.2779, Batch std: 0.3372, Agg std: 0.3581
2025-05-07 23:40:01,294 - sim - INFO - Epoch [1][35700/45000]	lr: 8.000e-04, eta: 1 day, 23:59:29, time: 0.199, data_time: 0.003, memory: 4755, loss: 0.4416, Batch std: 0.3518, Agg std: 0.3580
2025-05-07 23:40:21,583 - sim - INFO - Epoch [1][35800/45000]	lr: 8.000e-04, eta: 1 day, 23:59:16, time: 0.203, data_time: 0.003, memory: 4755, loss: 0.3391, Batch std: 0.3637, Agg std: 0.3580
2025-05-07 23:40:41,551 - sim - INFO - Epoch [1][35900/45000]	lr: 8.000e-04, eta: 1 day, 23:58:56, time: 0.200, data_time: 0.003, memory: 4755, loss: 0.1847, Batch std: 0.2914, Agg std: 0.3580
2025-05-07 23:41:01,469 - sim - INFO - Epoch [1][36000/45000]	lr: 8.000e-04, eta: 1 day, 23:58:34, time: 0.199, data_time: 0.003, memory: 4755, loss: 0.1861, Batch std: 0.2832, Agg std: 0.3578
2025-05-07 23:41:21,626 - sim - INFO - Epoch [1][36100/45000]	lr: 8.000e-04, eta: 1 day, 23:58:18, time: 0.202, data_time: 0.003, memory: 4755, loss: 0.3261, Batch std: 0.3336, Agg std: 0.3576
2025-05-07 23:41:41,457 - sim - INFO - Epoch [1][36200/45000]	lr: 8.000e-04, eta: 1 day, 23:57:54, time: 0.198, data_time: 0.003, memory: 4755, loss: 0.2871, Batch std: 0.3239, Agg std: 0.3575
2025-05-07 23:42:02,001 - sim - INFO - Epoch [1][36300/45000]	lr: 8.000e-04, eta: 1 day, 23:57:47, time: 0.205, data_time: 0.003, memory: 4755, loss: 0.2505, Batch std: 0.3164, Agg std: 0.3575
2025-05-07 23:42:21,581 - sim - INFO - Epoch [1][36400/45000]	lr: 8.000e-04, eta: 1 day, 23:57:18, time: 0.196, data_time: 0.003, memory: 4755, loss: 0.2404, Batch std: 0.3096, Agg std: 0.3573
2025-05-07 23:42:41,611 - sim - INFO - Epoch [1][36500/45000]	lr: 8.000e-04, eta: 1 day, 23:56:59, time: 0.200, data_time: 0.003, memory: 4755, loss: 0.2634, Batch std: 0.3224, Agg std: 0.3572
2025-05-07 23:43:01,516 - sim - INFO - Epoch [1][36600/45000]	lr: 8.000e-04, eta: 1 day, 23:56:37, time: 0.199, data_time: 0.003, memory: 4755, loss: 0.2334, Batch std: 0.3090, Agg std: 0.3571
2025-05-07 23:43:21,547 - sim - INFO - Epoch [1][36700/45000]	lr: 8.000e-04, eta: 1 day, 23:56:18, time: 0.200, data_time: 0.003, memory: 4755, loss: 0.2324, Batch std: 0.3398, Agg std: 0.3570
2025-05-07 23:43:41,896 - sim - INFO - Epoch [1][36800/45000]	lr: 8.000e-04, eta: 1 day, 23:56:06, time: 0.203, data_time: 0.003, memory: 4755, loss: 0.1638, Batch std: 0.2870, Agg std: 0.3569
2025-05-07 23:44:02,601 - sim - INFO - Epoch [1][36900/45000]	lr: 8.000e-04, eta: 1 day, 23:56:03, time: 0.207, data_time: 0.003, memory: 4755, loss: 0.3159, Batch std: 0.3252, Agg std: 0.3568
2025-05-07 23:44:22,832 - sim - INFO - Epoch [1][37000/45000]	lr: 8.000e-04, eta: 1 day, 23:55:48, time: 0.202, data_time: 0.003, memory: 4755, loss: 0.2544, Batch std: 0.3291, Agg std: 0.3567
2025-05-07 23:44:42,628 - sim - INFO - Epoch [1][37100/45000]	lr: 8.000e-04, eta: 1 day, 23:55:24, time: 0.198, data_time: 0.003, memory: 4755, loss: 0.2404, Batch std: 0.3135, Agg std: 0.3566
2025-05-07 23:45:02,849 - sim - INFO - Epoch [1][37200/45000]	lr: 8.000e-04, eta: 1 day, 23:55:09, time: 0.202, data_time: 0.003, memory: 4755, loss: 0.2035, Batch std: 0.3109, Agg std: 0.3565
2025-05-07 23:45:22,704 - sim - INFO - Epoch [1][37300/45000]	lr: 8.000e-04, eta: 1 day, 23:54:46, time: 0.199, data_time: 0.003, memory: 4755, loss: 0.3282, Batch std: 0.3370, Agg std: 0.3564
2025-05-07 23:45:42,211 - sim - INFO - Epoch [1][37400/45000]	lr: 8.000e-04, eta: 1 day, 23:54:14, time: 0.195, data_time: 0.003, memory: 4755, loss: 0.2834, Batch std: 0.3293, Agg std: 0.3563
2025-05-07 23:46:02,444 - sim - INFO - Epoch [1][37500/45000]	lr: 8.000e-04, eta: 1 day, 23:54:00, time: 0.202, data_time: 0.003, memory: 4755, loss: 0.2384, Batch std: 0.3228, Agg std: 0.3562
2025-05-07 23:46:22,245 - sim - INFO - Epoch [1][37600/45000]	lr: 8.000e-04, eta: 1 day, 23:53:36, time: 0.198, data_time: 0.003, memory: 4755, loss: 0.2835, Batch std: 0.3269, Agg std: 0.3562
2025-05-07 23:46:42,613 - sim - INFO - Epoch [1][37700/45000]	lr: 8.000e-04, eta: 1 day, 23:53:24, time: 0.204, data_time: 0.003, memory: 4755, loss: 0.1588, Batch std: 0.2914, Agg std: 0.3560
2025-05-07 23:47:02,495 - sim - INFO - Epoch [1][37800/45000]	lr: 8.000e-04, eta: 1 day, 23:53:02, time: 0.199, data_time: 0.003, memory: 4755, loss: 0.1446, Batch std: 0.2663, Agg std: 0.3558
2025-05-07 23:47:22,565 - sim - INFO - Epoch [1][37900/45000]	lr: 8.000e-04, eta: 1 day, 23:52:43, time: 0.201, data_time: 0.003, memory: 4755, loss: 0.3052, Batch std: 0.3321, Agg std: 0.3557
2025-05-07 23:47:42,743 - sim - INFO - Epoch [1][38000/45000]	lr: 8.000e-04, eta: 1 day, 23:52:27, time: 0.202, data_time: 0.003, memory: 4755, loss: 0.2377, Batch std: 0.3211, Agg std: 0.3556
2025-05-07 23:48:02,678 - sim - INFO - Epoch [1][38100/45000]	lr: 8.000e-04, eta: 1 day, 23:52:06, time: 0.199, data_time: 0.003, memory: 4755, loss: 0.2199, Batch std: 0.2898, Agg std: 0.3555
2025-05-07 23:48:22,813 - sim - INFO - Epoch [1][38200/45000]	lr: 8.000e-04, eta: 1 day, 23:51:49, time: 0.201, data_time: 0.003, memory: 4755, loss: 0.3544, Batch std: 0.3448, Agg std: 0.3554
2025-05-07 23:48:43,184 - sim - INFO - Epoch [1][38300/45000]	lr: 8.000e-04, eta: 1 day, 23:51:38, time: 0.204, data_time: 0.003, memory: 4755, loss: 0.3793, Batch std: 0.3406, Agg std: 0.3553
2025-05-07 23:49:02,853 - sim - INFO - Epoch [1][38400/45000]	lr: 8.000e-04, eta: 1 day, 23:51:11, time: 0.197, data_time: 0.003, memory: 4755, loss: 0.3483, Batch std: 0.3472, Agg std: 0.3553
2025-05-07 23:49:22,581 - sim - INFO - Epoch [1][38500/45000]	lr: 8.000e-04, eta: 1 day, 23:50:45, time: 0.197, data_time: 0.003, memory: 4755, loss: 0.2884, Batch std: 0.3192, Agg std: 0.3552
2025-05-07 23:49:42,374 - sim - INFO - Epoch [1][38600/45000]	lr: 8.000e-04, eta: 1 day, 23:50:20, time: 0.198, data_time: 0.003, memory: 4755, loss: 0.2794, Batch std: 0.3377, Agg std: 0.3552
2025-05-07 23:50:02,216 - sim - INFO - Epoch [1][38700/45000]	lr: 8.000e-04, eta: 1 day, 23:49:57, time: 0.198, data_time: 0.003, memory: 4755, loss: 0.3305, Batch std: 0.3061, Agg std: 0.3551
2025-05-07 23:50:22,328 - sim - INFO - Epoch [1][38800/45000]	lr: 8.000e-04, eta: 1 day, 23:49:39, time: 0.201, data_time: 0.003, memory: 4755, loss: 0.3008, Batch std: 0.3306, Agg std: 0.3550
2025-05-07 23:50:42,741 - sim - INFO - Epoch [1][38900/45000]	lr: 8.000e-04, eta: 1 day, 23:49:29, time: 0.204, data_time: 0.003, memory: 4755, loss: 0.1765, Batch std: 0.3002, Agg std: 0.3549
2025-05-07 23:51:02,962 - sim - INFO - Epoch [1][39000/45000]	lr: 8.000e-04, eta: 1 day, 23:49:14, time: 0.202, data_time: 0.003, memory: 4755, loss: 0.3115, Batch std: 0.3238, Agg std: 0.3548
2025-05-07 23:51:23,251 - sim - INFO - Epoch [1][39100/45000]	lr: 8.000e-04, eta: 1 day, 23:49:00, time: 0.203, data_time: 0.003, memory: 4755, loss: 0.2947, Batch std: 0.3188, Agg std: 0.3547
2025-05-07 23:51:43,323 - sim - INFO - Epoch [1][39200/45000]	lr: 8.000e-04, eta: 1 day, 23:48:42, time: 0.201, data_time: 0.003, memory: 4755, loss: 0.3572, Batch std: 0.3594, Agg std: 0.3547
2025-05-07 23:52:03,988 - sim - INFO - Epoch [1][39300/45000]	lr: 8.000e-04, eta: 1 day, 23:48:36, time: 0.207, data_time: 0.003, memory: 4755, loss: 0.3122, Batch std: 0.3318, Agg std: 0.3546
2025-05-07 23:52:23,919 - sim - INFO - Epoch [1][39400/45000]	lr: 8.000e-04, eta: 1 day, 23:48:15, time: 0.199, data_time: 0.003, memory: 4755, loss: 0.2852, Batch std: 0.3354, Agg std: 0.3546
2025-05-07 23:52:43,897 - sim - INFO - Epoch [1][39500/45000]	lr: 8.000e-04, eta: 1 day, 23:47:55, time: 0.200, data_time: 0.003, memory: 4755, loss: 0.2657, Batch std: 0.3316, Agg std: 0.3545
2025-05-07 23:53:03,946 - sim - INFO - Epoch [1][39600/45000]	lr: 8.000e-04, eta: 1 day, 23:47:36, time: 0.200, data_time: 0.003, memory: 4755, loss: 0.2518, Batch std: 0.3153, Agg std: 0.3545
2025-05-07 23:53:23,885 - sim - INFO - Epoch [1][39700/45000]	lr: 8.000e-04, eta: 1 day, 23:47:14, time: 0.199, data_time: 0.003, memory: 4755, loss: 0.2834, Batch std: 0.3205, Agg std: 0.3544
2025-05-07 23:53:43,549 - sim - INFO - Epoch [1][39800/45000]	lr: 8.000e-04, eta: 1 day, 23:46:47, time: 0.197, data_time: 0.003, memory: 4755, loss: 0.2215, Batch std: 0.3148, Agg std: 0.3543
2025-05-07 23:54:03,469 - sim - INFO - Epoch [1][39900/45000]	lr: 8.000e-04, eta: 1 day, 23:46:26, time: 0.199, data_time: 0.003, memory: 4755, loss: 0.3466, Batch std: 0.3207, Agg std: 0.3541
2025-05-07 23:54:24,074 - sim - INFO - Epoch [1][40000/45000]	lr: 8.000e-04, eta: 1 day, 23:46:19, time: 0.206, data_time: 0.003, memory: 4755, loss: 0.2139, Batch std: 0.3165, Agg std: 0.3541
2025-05-07 23:54:43,513 - sim - INFO - Epoch [1][40100/45000]	lr: 8.000e-04, eta: 1 day, 23:45:47, time: 0.194, data_time: 0.003, memory: 4755, loss: 0.3642, Batch std: 0.3339, Agg std: 0.3540
2025-05-07 23:55:03,466 - sim - INFO - Epoch [1][40200/45000]	lr: 8.000e-04, eta: 1 day, 23:45:26, time: 0.200, data_time: 0.003, memory: 4755, loss: 0.3301, Batch std: 0.3434, Agg std: 0.3540
2025-05-07 23:55:23,642 - sim - INFO - Epoch [1][40300/45000]	lr: 8.000e-04, eta: 1 day, 23:45:10, time: 0.202, data_time: 0.003, memory: 4755, loss: 0.2786, Batch std: 0.3358, Agg std: 0.3539
2025-05-07 23:55:43,824 - sim - INFO - Epoch [1][40400/45000]	lr: 8.000e-04, eta: 1 day, 23:44:54, time: 0.202, data_time: 0.003, memory: 4755, loss: 0.2574, Batch std: 0.3376, Agg std: 0.3539
2025-05-07 23:56:04,068 - sim - INFO - Epoch [1][40500/45000]	lr: 8.000e-04, eta: 1 day, 23:44:39, time: 0.202, data_time: 0.003, memory: 4755, loss: 0.2060, Batch std: 0.3007, Agg std: 0.3538
2025-05-07 23:56:24,155 - sim - INFO - Epoch [1][40600/45000]	lr: 8.000e-04, eta: 1 day, 23:44:21, time: 0.201, data_time: 0.003, memory: 4755, loss: 0.1829, Batch std: 0.2883, Agg std: 0.3537
2025-05-07 23:56:44,237 - sim - INFO - Epoch [1][40700/45000]	lr: 8.000e-04, eta: 1 day, 23:44:02, time: 0.201, data_time: 0.003, memory: 4755, loss: 0.3292, Batch std: 0.3473, Agg std: 0.3536
2025-05-07 23:57:04,411 - sim - INFO - Epoch [1][40800/45000]	lr: 8.000e-04, eta: 1 day, 23:43:46, time: 0.202, data_time: 0.003, memory: 4755, loss: 0.2334, Batch std: 0.3232, Agg std: 0.3535
2025-05-07 23:57:24,108 - sim - INFO - Epoch [1][40900/45000]	lr: 8.000e-04, eta: 1 day, 23:43:20, time: 0.197, data_time: 0.003, memory: 4755, loss: 0.3333, Batch std: 0.3328, Agg std: 0.3535
2025-05-07 23:57:43,936 - sim - INFO - Epoch [1][41000/45000]	lr: 8.000e-04, eta: 1 day, 23:42:56, time: 0.198, data_time: 0.003, memory: 4755, loss: 0.2537, Batch std: 0.3039, Agg std: 0.3534
2025-05-07 23:58:03,789 - sim - INFO - Epoch [1][41100/45000]	lr: 8.000e-04, eta: 1 day, 23:42:33, time: 0.199, data_time: 0.003, memory: 4755, loss: 0.2835, Batch std: 0.3303, Agg std: 0.3533
2025-05-07 23:58:23,765 - sim - INFO - Epoch [1][41200/45000]	lr: 8.000e-04, eta: 1 day, 23:42:13, time: 0.200, data_time: 0.003, memory: 4755, loss: 0.2954, Batch std: 0.3452, Agg std: 0.3533
2025-05-07 23:58:43,919 - sim - INFO - Epoch [1][41300/45000]	lr: 8.000e-04, eta: 1 day, 23:41:56, time: 0.202, data_time: 0.003, memory: 4755, loss: 0.2676, Batch std: 0.3378, Agg std: 0.3533
2025-05-07 23:59:03,695 - sim - INFO - Epoch [1][41400/45000]	lr: 8.000e-04, eta: 1 day, 23:41:31, time: 0.198, data_time: 0.003, memory: 4755, loss: 0.2020, Batch std: 0.2992, Agg std: 0.3531
2025-05-07 23:59:23,672 - sim - INFO - Epoch [1][41500/45000]	lr: 8.000e-04, eta: 1 day, 23:41:11, time: 0.200, data_time: 0.003, memory: 4755, loss: 0.5200, Batch std: 0.3714, Agg std: 0.3531
2025-05-07 23:59:43,795 - sim - INFO - Epoch [1][41600/45000]	lr: 8.000e-04, eta: 1 day, 23:40:54, time: 0.201, data_time: 0.003, memory: 4755, loss: 0.2262, Batch std: 0.3060, Agg std: 0.3531
2025-05-08 00:00:03,799 - sim - INFO - Epoch [1][41700/45000]	lr: 8.000e-04, eta: 1 day, 23:40:34, time: 0.200, data_time: 0.003, memory: 4755, loss: 0.3019, Batch std: 0.3344, Agg std: 0.3530
2025-05-08 00:00:23,845 - sim - INFO - Epoch [1][41800/45000]	lr: 8.000e-04, eta: 1 day, 23:40:15, time: 0.200, data_time: 0.003, memory: 4755, loss: 0.2532, Batch std: 0.3135, Agg std: 0.3529
2025-05-08 00:00:43,880 - sim - INFO - Epoch [1][41900/45000]	lr: 8.000e-04, eta: 1 day, 23:39:56, time: 0.200, data_time: 0.003, memory: 4755, loss: 0.1909, Batch std: 0.3014, Agg std: 0.3528
2025-05-08 00:01:03,927 - sim - INFO - Epoch [1][42000/45000]	lr: 8.000e-04, eta: 1 day, 23:39:37, time: 0.200, data_time: 0.003, memory: 4755, loss: 0.2722, Batch std: 0.2951, Agg std: 0.3527
2025-05-08 00:01:24,110 - sim - INFO - Epoch [1][42100/45000]	lr: 8.000e-04, eta: 1 day, 23:39:20, time: 0.202, data_time: 0.003, memory: 4755, loss: 0.2448, Batch std: 0.3157, Agg std: 0.3526
2025-05-08 00:01:43,629 - sim - INFO - Epoch [1][42200/45000]	lr: 8.000e-04, eta: 1 day, 23:38:51, time: 0.195, data_time: 0.003, memory: 4755, loss: 0.3603, Batch std: 0.3305, Agg std: 0.3525
2025-05-08 00:02:03,290 - sim - INFO - Epoch [1][42300/45000]	lr: 8.000e-04, eta: 1 day, 23:38:24, time: 0.197, data_time: 0.003, memory: 4755, loss: 0.1681, Batch std: 0.3001, Agg std: 0.3524
2025-05-08 00:02:23,339 - sim - INFO - Epoch [1][42400/45000]	lr: 8.000e-04, eta: 1 day, 23:38:05, time: 0.200, data_time: 0.003, memory: 4755, loss: 0.3927, Batch std: 0.3402, Agg std: 0.3523
2025-05-08 00:02:43,275 - sim - INFO - Epoch [1][42500/45000]	lr: 8.000e-04, eta: 1 day, 23:37:44, time: 0.199, data_time: 0.003, memory: 4755, loss: 0.3429, Batch std: 0.3227, Agg std: 0.3523
2025-05-08 00:03:03,242 - sim - INFO - Epoch [1][42600/45000]	lr: 8.000e-04, eta: 1 day, 23:37:23, time: 0.200, data_time: 0.003, memory: 4755, loss: 0.2636, Batch std: 0.3027, Agg std: 0.3522
2025-05-08 00:03:23,066 - sim - INFO - Epoch [1][42700/45000]	lr: 8.000e-04, eta: 1 day, 23:37:00, time: 0.198, data_time: 0.003, memory: 4755, loss: 0.2333, Batch std: 0.3503, Agg std: 0.3521
2025-05-08 00:03:43,046 - sim - INFO - Epoch [1][42800/45000]	lr: 8.000e-04, eta: 1 day, 23:36:39, time: 0.200, data_time: 0.003, memory: 4755, loss: 0.1551, Batch std: 0.2822, Agg std: 0.3520
2025-05-08 00:04:02,838 - sim - INFO - Epoch [1][42900/45000]	lr: 8.000e-04, eta: 1 day, 23:36:15, time: 0.198, data_time: 0.003, memory: 4755, loss: 0.3499, Batch std: 0.3421, Agg std: 0.3520
2025-05-08 00:04:22,907 - sim - INFO - Epoch [1][43000/45000]	lr: 8.000e-04, eta: 1 day, 23:35:57, time: 0.201, data_time: 0.003, memory: 4755, loss: 0.2850, Batch std: 0.3152, Agg std: 0.3519
2025-05-08 00:04:42,397 - sim - INFO - Epoch [1][43100/45000]	lr: 8.000e-04, eta: 1 day, 23:35:27, time: 0.195, data_time: 0.003, memory: 4755, loss: 0.3657, Batch std: 0.3379, Agg std: 0.3518
2025-05-08 00:05:02,380 - sim - INFO - Epoch [1][43200/45000]	lr: 8.000e-04, eta: 1 day, 23:35:06, time: 0.200, data_time: 0.003, memory: 4755, loss: 0.2793, Batch std: 0.3252, Agg std: 0.3518
2025-05-08 00:05:22,487 - sim - INFO - Epoch [1][43300/45000]	lr: 8.000e-04, eta: 1 day, 23:34:49, time: 0.201, data_time: 0.003, memory: 4755, loss: 0.3889, Batch std: 0.3382, Agg std: 0.3517
2025-05-08 00:05:42,605 - sim - INFO - Epoch [1][43400/45000]	lr: 8.000e-04, eta: 1 day, 23:34:31, time: 0.201, data_time: 0.003, memory: 4755, loss: 0.2163, Batch std: 0.3172, Agg std: 0.3517
2025-05-08 00:06:02,473 - sim - INFO - Epoch [1][43500/45000]	lr: 8.000e-04, eta: 1 day, 23:34:09, time: 0.199, data_time: 0.003, memory: 4755, loss: 0.2421, Batch std: 0.3358, Agg std: 0.3516
2025-05-08 00:06:22,199 - sim - INFO - Epoch [1][43600/45000]	lr: 8.000e-04, eta: 1 day, 23:33:43, time: 0.197, data_time: 0.003, memory: 4755, loss: 0.3042, Batch std: 0.3242, Agg std: 0.3516
2025-05-08 00:06:41,861 - sim - INFO - Epoch [1][43700/45000]	lr: 8.000e-04, eta: 1 day, 23:33:17, time: 0.197, data_time: 0.003, memory: 4755, loss: 0.2960, Batch std: 0.3568, Agg std: 0.3515
2025-05-08 00:07:01,662 - sim - INFO - Epoch [1][43800/45000]	lr: 8.000e-04, eta: 1 day, 23:32:53, time: 0.198, data_time: 0.003, memory: 4755, loss: 0.2270, Batch std: 0.3392, Agg std: 0.3516
2025-05-08 00:07:21,514 - sim - INFO - Epoch [1][43900/45000]	lr: 8.000e-04, eta: 1 day, 23:32:30, time: 0.198, data_time: 0.003, memory: 4755, loss: 0.1671, Batch std: 0.2784, Agg std: 0.3515
2025-05-08 00:07:41,669 - sim - INFO - Epoch [1][44000/45000]	lr: 8.000e-04, eta: 1 day, 23:32:14, time: 0.202, data_time: 0.003, memory: 4755, loss: 0.2766, Batch std: 0.3038, Agg std: 0.3513
2025-05-08 00:08:01,430 - sim - INFO - Epoch [1][44100/45000]	lr: 8.000e-04, eta: 1 day, 23:31:49, time: 0.198, data_time: 0.003, memory: 4755, loss: 0.2295, Batch std: 0.2855, Agg std: 0.3512
2025-05-08 00:08:21,407 - sim - INFO - Epoch [1][44200/45000]	lr: 8.000e-04, eta: 1 day, 23:31:29, time: 0.200, data_time: 0.003, memory: 4755, loss: 0.1408, Batch std: 0.2775, Agg std: 0.3510
2025-05-08 00:08:41,225 - sim - INFO - Epoch [1][44300/45000]	lr: 8.000e-04, eta: 1 day, 23:31:05, time: 0.198, data_time: 0.003, memory: 4755, loss: 0.3115, Batch std: 0.3499, Agg std: 0.3509
2025-05-08 00:09:01,103 - sim - INFO - Epoch [1][44400/45000]	lr: 8.000e-04, eta: 1 day, 23:30:43, time: 0.199, data_time: 0.003, memory: 4755, loss: 0.3684, Batch std: 0.3350, Agg std: 0.3509
2025-05-08 00:09:20,994 - sim - INFO - Epoch [1][44500/45000]	lr: 8.000e-04, eta: 1 day, 23:30:21, time: 0.199, data_time: 0.003, memory: 4755, loss: 0.3255, Batch std: 0.3748, Agg std: 0.3509
2025-05-08 00:09:40,774 - sim - INFO - Epoch [1][44600/45000]	lr: 8.000e-04, eta: 1 day, 23:29:57, time: 0.198, data_time: 0.003, memory: 4755, loss: 0.3145, Batch std: 0.3344, Agg std: 0.3510
2025-05-08 00:10:00,759 - sim - INFO - Epoch [1][44700/45000]	lr: 8.000e-04, eta: 1 day, 23:29:37, time: 0.200, data_time: 0.003, memory: 4755, loss: 0.4674, Batch std: 0.3579, Agg std: 0.3509
2025-05-08 00:10:20,873 - sim - INFO - Epoch [1][44800/45000]	lr: 8.000e-04, eta: 1 day, 23:29:20, time: 0.201, data_time: 0.003, memory: 4755, loss: 0.4630, Batch std: 0.3768, Agg std: 0.3510
2025-05-08 00:10:40,594 - sim - INFO - Epoch [1][44900/45000]	lr: 8.000e-04, eta: 1 day, 23:28:54, time: 0.197, data_time: 0.003, memory: 4755, loss: 0.2358, Batch std: 0.3174, Agg std: 0.3510
2025-05-08 00:11:01,160 - sim - INFO - Epoch [1][45000/45000]	lr: 8.000e-04, eta: 1 day, 23:28:45, time: 0.206, data_time: 0.003, memory: 4755, loss: 0.2789, Batch std: 0.3333, Agg std: 0.3509
2025-05-08 00:11:01,214 - sim - INFO - Saving checkpoint at 1 epochs
2025-05-08 00:11:23,511 - sim - INFO - Epoch [2][100/45000]	lr: 8.000e-04, eta: 1 day, 23:29:08, time: 0.223, data_time: 0.029, memory: 4755, loss: 0.2090, Batch std: 0.3174, Agg std: 0.3508
2025-05-08 00:11:43,208 - sim - INFO - Epoch [2][200/45000]	lr: 8.000e-04, eta: 1 day, 23:28:43, time: 0.197, data_time: 0.003, memory: 4755, loss: 0.3202, Batch std: 0.3464, Agg std: 0.3508
2025-05-08 00:12:03,693 - sim - INFO - Epoch [2][300/45000]	lr: 8.000e-04, eta: 1 day, 23:28:32, time: 0.205, data_time: 0.003, memory: 4755, loss: 0.4304, Batch std: 0.3594, Agg std: 0.3508
2025-05-08 00:12:23,954 - sim - INFO - Epoch [2][400/45000]	lr: 8.000e-04, eta: 1 day, 23:28:17, time: 0.203, data_time: 0.003, memory: 4755, loss: 0.2814, Batch std: 0.3231, Agg std: 0.3508
2025-05-08 00:12:43,738 - sim - INFO - Epoch [2][500/45000]	lr: 8.000e-04, eta: 1 day, 23:27:53, time: 0.198, data_time: 0.003, memory: 4755, loss: 0.1759, Batch std: 0.2942, Agg std: 0.3507
2025-05-08 00:13:03,781 - sim - INFO - Epoch [2][600/45000]	lr: 8.000e-04, eta: 1 day, 23:27:34, time: 0.200, data_time: 0.003, memory: 4755, loss: 0.2209, Batch std: 0.3056, Agg std: 0.3506
