2025-02-27 09:55:55,518 - sim - INFO - Namespace(checkpoint='work_dirs/tga_res_ricegrip/epoch_9.pth', config='configs/tga/tga_abs_ricegrip.py', debug=0, device='cuda:0', tar_rollout=-1, val_rollout=-1, work_dir='predict/tga_res_ricegrip')
2025-02-27 09:55:55,587 - sim - INFO - Number of parameters: 912993
2025-02-27 09:55:55,587 - sim - INFO - Loading network from work_dirs/tga_res_ricegrip/epoch_9.pth
2025-02-27 09:55:57,049 - sim - INFO - Rollout 0 / 500
2025-02-27 09:56:00,242 - sim - INFO - Step 10 / 40: time per frame 0.259445
2025-02-27 09:56:00,646 - sim - INFO - Step 20 / 40: time per frame 0.138402
2025-02-27 09:56:01,120 - sim - INFO - Step 30 / 40: time per frame 0.101217
2025-02-27 09:56:01,485 - sim - INFO - MSE: 0.0011901226826012135
2025-02-27 09:56:01,485 - sim - INFO - Materials MSE: 0.0011868748115375638
2025-02-27 09:56:01,485 - sim - INFO - Time per frame: 0.0842522194511012
2025-02-27 09:56:01,486 - sim - INFO - Rollout 1 / 500
2025-02-27 09:56:02,727 - sim - INFO - Step 10 / 40: time per frame 0.029271
2025-02-27 09:56:03,183 - sim - INFO - Step 20 / 40: time per frame 0.029255
2025-02-27 09:56:03,695 - sim - INFO - Step 30 / 40: time per frame 0.030766
2025-02-27 09:56:04,122 - sim - INFO - MSE: 0.0015899606514722109
2025-02-27 09:56:04,123 - sim - INFO - Materials MSE: 0.001587887411005795
2025-02-27 09:56:04,123 - sim - INFO - Time per frame: 0.030346362214339406
2025-02-27 09:56:04,124 - sim - INFO - Rollout 2 / 500
2025-02-27 09:56:05,419 - sim - INFO - Step 10 / 40: time per frame 0.030440
2025-02-27 09:56:05,824 - sim - INFO - Step 20 / 40: time per frame 0.030069
2025-02-27 09:56:06,262 - sim - INFO - Step 30 / 40: time per frame 0.030769
2025-02-27 09:56:06,630 - sim - INFO - MSE: 0.0002783801464829594
2025-02-27 09:56:06,631 - sim - INFO - Materials MSE: 0.0002733629080466926
2025-02-27 09:56:06,631 - sim - INFO - Time per frame: 0.030601401078073603
2025-02-27 09:56:06,632 - sim - INFO - Rollout 3 / 500
2025-02-27 09:56:07,835 - sim - INFO - Step 10 / 40: time per frame 0.032089
2025-02-27 09:56:08,267 - sim - INFO - Step 20 / 40: time per frame 0.030457
2025-02-27 09:56:08,684 - sim - INFO - Step 30 / 40: time per frame 0.030515
2025-02-27 09:56:09,051 - sim - INFO - MSE: 0.0011452086037024856
2025-02-27 09:56:09,051 - sim - INFO - Materials MSE: 0.0011389219434931874
2025-02-27 09:56:09,051 - sim - INFO - Time per frame: 0.030371979663246555
2025-02-27 09:56:09,052 - sim - INFO - Rollout 4 / 500
2025-02-27 09:56:10,506 - sim - INFO - Step 10 / 40: time per frame 0.036130
2025-02-27 09:56:10,937 - sim - INFO - Step 20 / 40: time per frame 0.033698
2025-02-27 09:56:11,427 - sim - INFO - Step 30 / 40: time per frame 0.032337
2025-02-27 09:56:11,830 - sim - INFO - MSE: 0.003344113938510418
2025-02-27 09:56:11,830 - sim - INFO - Materials MSE: 0.0033429288305342197
2025-02-27 09:56:11,830 - sim - INFO - Time per frame: 0.03214962231485467
2025-02-27 09:56:11,831 - sim - INFO - Rollout 5 / 500
2025-02-27 09:56:12,976 - sim - INFO - Step 10 / 40: time per frame 0.029859
2025-02-27 09:56:13,446 - sim - INFO - Step 20 / 40: time per frame 0.029840
2025-02-27 09:56:14,020 - sim - INFO - Step 30 / 40: time per frame 0.029718
2025-02-27 09:56:14,452 - sim - INFO - MSE: 0.0023329798132181168
2025-02-27 09:56:14,452 - sim - INFO - Materials MSE: 0.0023297446314245462
2025-02-27 09:56:14,452 - sim - INFO - Time per frame: 0.029691784005416066
2025-02-27 09:56:14,453 - sim - INFO - Rollout 6 / 500
2025-02-27 09:56:16,094 - sim - INFO - Step 10 / 40: time per frame 0.032615
2025-02-27 09:56:16,637 - sim - INFO - Step 20 / 40: time per frame 0.034549
2025-02-27 09:56:17,123 - sim - INFO - Step 30 / 40: time per frame 0.034716
2025-02-27 09:56:17,548 - sim - INFO - MSE: 0.0007188601884990931
2025-02-27 09:56:17,549 - sim - INFO - Materials MSE: 0.0007123902905732393
2025-02-27 09:56:17,549 - sim - INFO - Time per frame: 0.034672210091038755
2025-02-27 09:56:17,550 - sim - INFO - Rollout 7 / 500
2025-02-27 09:56:18,724 - sim - INFO - Step 10 / 40: time per frame 0.033617
2025-02-27 09:56:19,201 - sim - INFO - Step 20 / 40: time per frame 0.033903
2025-02-27 09:56:19,725 - sim - INFO - Step 30 / 40: time per frame 0.034040
2025-02-27 09:56:20,152 - sim - INFO - MSE: 0.0005742281791754067
2025-02-27 09:56:20,153 - sim - INFO - Materials MSE: 0.0005699292523786426
2025-02-27 09:56:20,153 - sim - INFO - Time per frame: 0.034211234042519016
2025-02-27 09:56:20,154 - sim - INFO - Rollout 8 / 500
2025-02-27 09:56:21,516 - sim - INFO - Step 10 / 40: time per frame 0.036230
2025-02-27 09:56:21,984 - sim - INFO - Step 20 / 40: time per frame 0.035213
2025-02-27 09:56:22,493 - sim - INFO - Step 30 / 40: time per frame 0.035068
2025-02-27 09:56:22,920 - sim - INFO - MSE: 0.001928674173541367
2025-02-27 09:56:22,921 - sim - INFO - Materials MSE: 0.0019243796123191714
2025-02-27 09:56:22,921 - sim - INFO - Time per frame: 0.035019253429613616
2025-02-27 09:56:22,922 - sim - INFO - Rollout 9 / 500
2025-02-27 09:56:24,225 - sim - INFO - Step 10 / 40: time per frame 0.030508
2025-02-27 09:56:24,630 - sim - INFO - Step 20 / 40: time per frame 0.029575
2025-02-27 09:56:24,879 - sim - INFO - Step 30 / 40: time per frame 0.023872
2025-02-27 09:56:25,312 - sim - INFO - MSE: 0.0005786891561001539
2025-02-27 09:56:25,312 - sim - INFO - Materials MSE: 0.0005721862544305623
2025-02-27 09:56:25,312 - sim - INFO - Time per frame: 0.02698114043787906
2025-02-27 09:56:25,313 - sim - INFO - Rollout 10 / 500
2025-02-27 09:56:26,174 - sim - INFO - Step 10 / 40: time per frame 0.010977
2025-02-27 09:56:26,393 - sim - INFO - Step 20 / 40: time per frame 0.010954
2025-02-27 09:56:26,633 - sim - INFO - Step 30 / 40: time per frame 0.011148
2025-02-27 09:56:26,827 - sim - INFO - MSE: 0.00021766606369055808
2025-02-27 09:56:26,827 - sim - INFO - Materials MSE: 0.00021102206665091217
2025-02-27 09:56:26,827 - sim - INFO - Time per frame: 0.011077052668521279
2025-02-27 09:56:26,828 - sim - INFO - Rollout 11 / 500
2025-02-27 09:56:27,722 - sim - INFO - Step 10 / 40: time per frame 0.010973
2025-02-27 09:56:27,946 - sim - INFO - Step 20 / 40: time per frame 0.010979
2025-02-27 09:56:28,168 - sim - INFO - Step 30 / 40: time per frame 0.010975
2025-02-27 09:56:28,369 - sim - INFO - MSE: 0.0006968399975448847
2025-02-27 09:56:28,369 - sim - INFO - Materials MSE: 0.0006912387325428426
2025-02-27 09:56:28,369 - sim - INFO - Time per frame: 0.010988950729370117
2025-02-27 09:56:28,370 - sim - INFO - Rollout 12 / 500
2025-02-27 09:56:29,351 - sim - INFO - Step 10 / 40: time per frame 0.013421
2025-02-27 09:56:29,626 - sim - INFO - Step 20 / 40: time per frame 0.013288
2025-02-27 09:56:29,886 - sim - INFO - Step 30 / 40: time per frame 0.013200
2025-02-27 09:56:30,117 - sim - INFO - MSE: 0.003958785440772772
2025-02-27 09:56:30,117 - sim - INFO - Materials MSE: 0.00396032864227891
2025-02-27 09:56:30,118 - sim - INFO - Time per frame: 0.013147768221403422
2025-02-27 09:56:30,119 - sim - INFO - Rollout 13 / 500
2025-02-27 09:56:31,106 - sim - INFO - Step 10 / 40: time per frame 0.013085
2025-02-27 09:56:31,391 - sim - INFO - Step 20 / 40: time per frame 0.013823
2025-02-27 09:56:31,678 - sim - INFO - Step 30 / 40: time per frame 0.013597
2025-02-27 09:56:31,906 - sim - INFO - MSE: 0.0002767273981589824
2025-02-27 09:56:31,906 - sim - INFO - Materials MSE: 0.00027234203298576176
2025-02-27 09:56:31,906 - sim - INFO - Time per frame: 0.013459205627441406
2025-02-27 09:56:31,907 - sim - INFO - Rollout 14 / 500
2025-02-27 09:56:32,839 - sim - INFO - Step 10 / 40: time per frame 0.013043
2025-02-27 09:56:33,099 - sim - INFO - Step 20 / 40: time per frame 0.013051
2025-02-27 09:56:33,371 - sim - INFO - Step 30 / 40: time per frame 0.013098
2025-02-27 09:56:33,689 - sim - INFO - MSE: 0.00927154254168272
2025-02-27 09:56:33,689 - sim - INFO - Materials MSE: 0.009287654422223568
2025-02-27 09:56:33,689 - sim - INFO - Time per frame: 0.01336653609024851
2025-02-27 09:56:33,690 - sim - INFO - Rollout 15 / 500
2025-02-27 09:56:34,502 - sim - INFO - Step 10 / 40: time per frame 0.011095
2025-02-27 09:56:34,756 - sim - INFO - Step 20 / 40: time per frame 0.011073
2025-02-27 09:56:34,978 - sim - INFO - Step 30 / 40: time per frame 0.011047
2025-02-27 09:56:35,177 - sim - INFO - MSE: 0.0005581646109931171
2025-02-27 09:56:35,177 - sim - INFO - Materials MSE: 0.0005528732435777783
2025-02-27 09:56:35,177 - sim - INFO - Time per frame: 0.011032010379590486
2025-02-27 09:56:35,178 - sim - INFO - Rollout 16 / 500
2025-02-27 09:56:36,196 - sim - INFO - Step 10 / 40: time per frame 0.011109
2025-02-27 09:56:36,418 - sim - INFO - Step 20 / 40: time per frame 0.011069
2025-02-27 09:56:36,713 - sim - INFO - Step 30 / 40: time per frame 0.012467
2025-02-27 09:56:36,914 - sim - INFO - MSE: 0.0005683519993908703
2025-02-27 09:56:36,914 - sim - INFO - Materials MSE: 0.000563444453291595
2025-02-27 09:56:36,914 - sim - INFO - Time per frame: 0.012122499315362228
2025-02-27 09:56:36,915 - sim - INFO - Rollout 17 / 500
2025-02-27 09:56:37,805 - sim - INFO - Step 10 / 40: time per frame 0.011011
2025-02-27 09:56:38,027 - sim - INFO - Step 20 / 40: time per frame 0.011027
2025-02-27 09:56:38,249 - sim - INFO - Step 30 / 40: time per frame 0.011062
2025-02-27 09:56:38,454 - sim - INFO - MSE: 0.0008149934583343565
2025-02-27 09:56:38,454 - sim - INFO - Materials MSE: 0.0008115980308502913
2025-02-27 09:56:38,454 - sim - INFO - Time per frame: 0.011059629289727462
2025-02-27 09:56:38,455 - sim - INFO - Rollout 18 / 500
2025-02-27 09:56:39,271 - sim - INFO - Step 10 / 40: time per frame 0.010169
2025-02-27 09:56:39,477 - sim - INFO - Step 20 / 40: time per frame 0.010194
2025-02-27 09:56:39,727 - sim - INFO - Step 30 / 40: time per frame 0.010235
2025-02-27 09:56:39,917 - sim - INFO - MSE: 0.001283474382944405
2025-02-27 09:56:39,917 - sim - INFO - Materials MSE: 0.0012798059033229947
2025-02-27 09:56:39,917 - sim - INFO - Time per frame: 0.010256704531217875
2025-02-27 09:56:39,918 - sim - INFO - Rollout 19 / 500
2025-02-27 09:56:40,758 - sim - INFO - Step 10 / 40: time per frame 0.010365
2025-02-27 09:56:40,964 - sim - INFO - Step 20 / 40: time per frame 0.010355
2025-02-27 09:56:41,170 - sim - INFO - Step 30 / 40: time per frame 0.010282
2025-02-27 09:56:41,365 - sim - INFO - MSE: 0.0007031025597825646
2025-02-27 09:56:41,366 - sim - INFO - Materials MSE: 0.000698750140145421
2025-02-27 09:56:41,366 - sim - INFO - Time per frame: 0.01042318344116211
2025-02-27 09:56:41,367 - sim - INFO - Rollout 20 / 500
2025-02-27 09:56:42,190 - sim - INFO - Step 10 / 40: time per frame 0.010301
2025-02-27 09:56:42,395 - sim - INFO - Step 20 / 40: time per frame 0.010233
2025-02-27 09:56:42,630 - sim - INFO - Step 30 / 40: time per frame 0.010263
2025-02-27 09:56:42,815 - sim - INFO - MSE: 0.0003525835054460913
2025-02-27 09:56:42,815 - sim - INFO - Materials MSE: 0.00034445372875779867
2025-02-27 09:56:42,815 - sim - INFO - Time per frame: 0.010236708741439017
2025-02-27 09:56:42,816 - sim - INFO - Rollout 21 / 500
2025-02-27 09:56:43,835 - sim - INFO - Step 10 / 40: time per frame 0.014931
2025-02-27 09:56:44,099 - sim - INFO - Step 20 / 40: time per frame 0.013397
2025-02-27 09:56:44,339 - sim - INFO - Step 30 / 40: time per frame 0.012899
2025-02-27 09:56:44,570 - sim - INFO - MSE: 0.0012902463786303997
2025-02-27 09:56:44,570 - sim - INFO - Materials MSE: 0.001286973711103201
2025-02-27 09:56:44,570 - sim - INFO - Time per frame: 0.012688398361206055
2025-02-27 09:56:44,571 - sim - INFO - Rollout 22 / 500
2025-02-27 09:56:45,594 - sim - INFO - Step 10 / 40: time per frame 0.012589
2025-02-27 09:56:45,856 - sim - INFO - Step 20 / 40: time per frame 0.012605
2025-02-27 09:56:46,144 - sim - INFO - Step 30 / 40: time per frame 0.012590
2025-02-27 09:56:46,370 - sim - INFO - MSE: 0.006009602453559637
2025-02-27 09:56:46,370 - sim - INFO - Materials MSE: 0.006019105203449726
2025-02-27 09:56:46,370 - sim - INFO - Time per frame: 0.01262928937610827
2025-02-27 09:56:46,371 - sim - INFO - Rollout 23 / 500
2025-02-27 09:56:47,664 - sim - INFO - Step 10 / 40: time per frame 0.029924
2025-02-27 09:56:48,101 - sim - INFO - Step 20 / 40: time per frame 0.030148
2025-02-27 09:56:48,534 - sim - INFO - Step 30 / 40: time per frame 0.030314
2025-02-27 09:56:48,913 - sim - INFO - MSE: 0.002321474952623248
2025-02-27 09:56:48,913 - sim - INFO - Materials MSE: 0.0023200775031000376
2025-02-27 09:56:48,913 - sim - INFO - Time per frame: 0.030103018409327456
2025-02-27 09:56:48,914 - sim - INFO - Rollout 24 / 500
2025-02-27 09:56:50,086 - sim - INFO - Step 10 / 40: time per frame 0.029476
2025-02-27 09:56:50,519 - sim - INFO - Step 20 / 40: time per frame 0.030181
2025-02-27 09:56:50,946 - sim - INFO - Step 30 / 40: time per frame 0.029877
2025-02-27 09:56:51,314 - sim - INFO - MSE: 0.008629972115159035
2025-02-27 09:56:51,315 - sim - INFO - Materials MSE: 0.008647807873785496
2025-02-27 09:56:51,315 - sim - INFO - Time per frame: 0.029740477863110994
2025-02-27 09:56:51,316 - sim - INFO - Rollout 25 / 500
2025-02-27 09:56:52,491 - sim - INFO - Step 10 / 40: time per frame 0.029746
2025-02-27 09:56:52,942 - sim - INFO - Step 20 / 40: time per frame 0.029597
2025-02-27 09:56:53,493 - sim - INFO - Step 30 / 40: time per frame 0.030510
2025-02-27 09:56:53,948 - sim - INFO - MSE: 0.0024167723022401333
2025-02-27 09:56:53,948 - sim - INFO - Materials MSE: 0.002413940615952015
2025-02-27 09:56:53,948 - sim - INFO - Time per frame: 0.03035699066362883
2025-02-27 09:56:53,949 - sim - INFO - Rollout 26 / 500
2025-02-27 09:56:55,196 - sim - INFO - Step 10 / 40: time per frame 0.029747
2025-02-27 09:56:55,681 - sim - INFO - Step 20 / 40: time per frame 0.030179
2025-02-27 09:56:56,111 - sim - INFO - Step 30 / 40: time per frame 0.029790
2025-02-27 09:56:56,483 - sim - INFO - MSE: 0.005823648534715176
2025-02-27 09:56:56,483 - sim - INFO - Materials MSE: 0.005830811802297831
2025-02-27 09:56:56,483 - sim - INFO - Time per frame: 0.029604786320736532
2025-02-27 09:56:56,484 - sim - INFO - Rollout 27 / 500
2025-02-27 09:56:57,558 - sim - INFO - Step 10 / 40: time per frame 0.029215
2025-02-27 09:56:58,016 - sim - INFO - Step 20 / 40: time per frame 0.029641
2025-02-27 09:56:58,416 - sim - INFO - Step 30 / 40: time per frame 0.029386
2025-02-27 09:56:58,801 - sim - INFO - MSE: 0.0010282940929755569
2025-02-27 09:56:58,801 - sim - INFO - Materials MSE: 0.0010252433130517602
2025-02-27 09:56:58,802 - sim - INFO - Time per frame: 0.029490094435842412
2025-02-27 09:56:58,803 - sim - INFO - Rollout 28 / 500
2025-02-27 09:57:00,127 - sim - INFO - Step 10 / 40: time per frame 0.029596
2025-02-27 09:57:00,537 - sim - INFO - Step 20 / 40: time per frame 0.029314
2025-02-27 09:57:00,962 - sim - INFO - Step 30 / 40: time per frame 0.029096
2025-02-27 09:57:01,331 - sim - INFO - MSE: 0.0014214119873940945
2025-02-27 09:57:01,331 - sim - INFO - Materials MSE: 0.0014161206781864166
2025-02-27 09:57:01,331 - sim - INFO - Time per frame: 0.029212048179224917
2025-02-27 09:57:01,332 - sim - INFO - Rollout 29 / 500
2025-02-27 09:57:02,506 - sim - INFO - Step 10 / 40: time per frame 0.028973
2025-02-27 09:57:02,913 - sim - INFO - Step 20 / 40: time per frame 0.029150
2025-02-27 09:57:03,332 - sim - INFO - Step 30 / 40: time per frame 0.029273
2025-02-27 09:57:03,699 - sim - INFO - MSE: 0.0007240755949169397
2025-02-27 09:57:03,700 - sim - INFO - Materials MSE: 0.000720192096196115
2025-02-27 09:57:03,700 - sim - INFO - Time per frame: 0.029367070449026006
2025-02-27 09:57:03,701 - sim - INFO - Rollout 30 / 500
2025-02-27 09:57:04,654 - sim - INFO - Step 10 / 40: time per frame 0.024399
2025-02-27 09:57:05,046 - sim - INFO - Step 20 / 40: time per frame 0.025291
2025-02-27 09:57:05,386 - sim - INFO - Step 30 / 40: time per frame 0.025022
2025-02-27 09:57:05,777 - sim - INFO - MSE: 0.0011390279978513718
2025-02-27 09:57:05,778 - sim - INFO - Materials MSE: 0.0011310199042782187
2025-02-27 09:57:05,778 - sim - INFO - Time per frame: 0.02614742203762657
2025-02-27 09:57:05,778 - sim - INFO - Rollout 31 / 500
2025-02-27 09:57:06,912 - sim - INFO - Step 10 / 40: time per frame 0.024474
2025-02-27 09:57:07,257 - sim - INFO - Step 20 / 40: time per frame 0.024462
2025-02-27 09:57:07,598 - sim - INFO - Step 30 / 40: time per frame 0.024472
2025-02-27 09:57:07,903 - sim - INFO - MSE: 0.0006845446187071502
2025-02-27 09:57:07,904 - sim - INFO - Materials MSE: 0.0006796818925067782
2025-02-27 09:57:07,904 - sim - INFO - Time per frame: 0.024429948706375926
2025-02-27 09:57:07,905 - sim - INFO - Rollout 32 / 500
2025-02-27 09:57:08,985 - sim - INFO - Step 10 / 40: time per frame 0.024461
2025-02-27 09:57:09,399 - sim - INFO - Step 20 / 40: time per frame 0.026821
2025-02-27 09:57:09,788 - sim - INFO - Step 30 / 40: time per frame 0.026186
2025-02-27 09:57:10,098 - sim - INFO - MSE: 0.0006376547389663756
2025-02-27 09:57:10,098 - sim - INFO - Materials MSE: 0.0006296092178672552
2025-02-27 09:57:10,099 - sim - INFO - Time per frame: 0.025756503406323884
2025-02-27 09:57:10,100 - sim - INFO - Rollout 33 / 500
2025-02-27 09:57:11,644 - sim - INFO - Step 10 / 40: time per frame 0.033718
2025-02-27 09:57:12,051 - sim - INFO - Step 20 / 40: time per frame 0.031598
2025-02-27 09:57:12,474 - sim - INFO - Step 30 / 40: time per frame 0.030955
2025-02-27 09:57:12,847 - sim - INFO - MSE: 0.0025404554326087236
2025-02-27 09:57:12,847 - sim - INFO - Materials MSE: 0.0025374884717166424
2025-02-27 09:57:12,847 - sim - INFO - Time per frame: 0.03077132450906854
2025-02-27 09:57:12,848 - sim - INFO - Rollout 34 / 500
2025-02-27 09:57:14,052 - sim - INFO - Step 10 / 40: time per frame 0.029364
2025-02-27 09:57:14,606 - sim - INFO - Step 20 / 40: time per frame 0.032163
2025-02-27 09:57:15,018 - sim - INFO - Step 30 / 40: time per frame 0.031358
2025-02-27 09:57:15,405 - sim - INFO - MSE: 0.000805312825832516
2025-02-27 09:57:15,405 - sim - INFO - Materials MSE: 0.0008014820050448179
2025-02-27 09:57:15,405 - sim - INFO - Time per frame: 0.0311361363059596
2025-02-27 09:57:15,406 - sim - INFO - Rollout 35 / 500
2025-02-27 09:57:16,514 - sim - INFO - Step 10 / 40: time per frame 0.028903
2025-02-27 09:57:16,957 - sim - INFO - Step 20 / 40: time per frame 0.029390
2025-02-27 09:57:17,414 - sim - INFO - Step 30 / 40: time per frame 0.029636
2025-02-27 09:57:17,789 - sim - INFO - MSE: 0.004858782980591059
2025-02-27 09:57:17,789 - sim - INFO - Materials MSE: 0.004865674767643213
2025-02-27 09:57:17,789 - sim - INFO - Time per frame: 0.029783631625928376
2025-02-27 09:57:17,790 - sim - INFO - Rollout 36 / 500
2025-02-27 09:57:18,815 - sim - INFO - Step 10 / 40: time per frame 0.029155
2025-02-27 09:57:19,222 - sim - INFO - Step 20 / 40: time per frame 0.029490
2025-02-27 09:57:19,641 - sim - INFO - Step 30 / 40: time per frame 0.029628
2025-02-27 09:57:20,016 - sim - INFO - MSE: 0.00035531827597878873
2025-02-27 09:57:20,016 - sim - INFO - Materials MSE: 0.00034889596281573176
2025-02-27 09:57:20,017 - sim - INFO - Time per frame: 0.02971164803755911
2025-02-27 09:57:20,018 - sim - INFO - Rollout 37 / 500
2025-02-27 09:57:21,131 - sim - INFO - Step 10 / 40: time per frame 0.028643
2025-02-27 09:57:21,549 - sim - INFO - Step 20 / 40: time per frame 0.028820
2025-02-27 09:57:21,973 - sim - INFO - Step 30 / 40: time per frame 0.029067
2025-02-27 09:57:22,383 - sim - INFO - MSE: 0.0004792445106431842
2025-02-27 09:57:22,383 - sim - INFO - Materials MSE: 0.00047285095206461847
2025-02-27 09:57:22,383 - sim - INFO - Time per frame: 0.029099332658868087
2025-02-27 09:57:22,384 - sim - INFO - Rollout 38 / 500
2025-02-27 09:57:23,576 - sim - INFO - Step 10 / 40: time per frame 0.029608
2025-02-27 09:57:23,978 - sim - INFO - Step 20 / 40: time per frame 0.029533
2025-02-27 09:57:24,385 - sim - INFO - Step 30 / 40: time per frame 0.029496
2025-02-27 09:57:24,768 - sim - INFO - MSE: 0.0004706268082372844
2025-02-27 09:57:24,768 - sim - INFO - Materials MSE: 0.00046257732901722193
2025-02-27 09:57:24,768 - sim - INFO - Time per frame: 0.029541925380104465
2025-02-27 09:57:24,769 - sim - INFO - Rollout 39 / 500
2025-02-27 09:57:25,838 - sim - INFO - Step 10 / 40: time per frame 0.029552
2025-02-27 09:57:26,243 - sim - INFO - Step 20 / 40: time per frame 0.029477
2025-02-27 09:57:26,666 - sim - INFO - Step 30 / 40: time per frame 0.029786
2025-02-27 09:57:27,041 - sim - INFO - MSE: 0.0028008311055600643
2025-02-27 09:57:27,042 - sim - INFO - Materials MSE: 0.0027990895323455334
2025-02-27 09:57:27,042 - sim - INFO - Time per frame: 0.029860760036267732
2025-02-27 09:57:27,043 - sim - INFO - Rollout 40 / 500
2025-02-27 09:57:28,081 - sim - INFO - Step 10 / 40: time per frame 0.029336
2025-02-27 09:57:28,499 - sim - INFO - Step 20 / 40: time per frame 0.029833
2025-02-27 09:57:28,964 - sim - INFO - Step 30 / 40: time per frame 0.030253
2025-02-27 09:57:29,349 - sim - INFO - MSE: 0.001582750934176147
2025-02-27 09:57:29,349 - sim - INFO - Materials MSE: 0.0015814602375030518
2025-02-27 09:57:29,349 - sim - INFO - Time per frame: 0.03041295001381322
2025-02-27 09:57:29,350 - sim - INFO - Rollout 41 / 500
