2025-02-28 22:56:38,369 - sim - INFO - Namespace(checkpoint='work_dirs/tga_res_ricegrip/epoch_15.pth', config='configs/tga/tga_abs_fluidshake.py', debug=0, device='cuda:0', tar_rollout=-1, val_rollout=-1, work_dir='predict/tga_res_ricegrip')
2025-02-28 22:56:38,443 - sim - INFO - Number of parameters: 901412
2025-02-28 22:56:38,444 - sim - INFO - Loading network from work_dirs/tga_res_ricegrip/epoch_15.pth
2025-02-28 22:56:39,607 - sim - INFO - Rollout 0 / 200
2025-02-28 22:56:45,515 - sim - INFO - Step 10 / 300: time per frame 0.218485
2025-02-28 22:56:45,940 - sim - INFO - Step 20 / 300: time per frame 0.115980
2025-02-28 22:56:46,388 - sim - INFO - Step 30 / 300: time per frame 0.084564
2025-02-28 22:56:46,888 - sim - INFO - Step 40 / 300: time per frame 0.070431
2025-02-28 22:56:47,243 - sim - INFO - Step 50 / 300: time per frame 0.061274
2025-02-28 22:56:47,659 - sim - INFO - Step 60 / 300: time per frame 0.055505
2025-02-28 22:56:48,160 - sim - INFO - Step 70 / 300: time per frame 0.051741
2025-02-28 22:56:48,542 - sim - INFO - Step 80 / 300: time per frame 0.047899
2025-02-28 22:56:48,949 - sim - INFO - Step 90 / 300: time per frame 0.045671
2025-02-28 22:56:49,342 - sim - INFO - Step 100 / 300: time per frame 0.043827
2025-02-28 22:56:49,857 - sim - INFO - Step 110 / 300: time per frame 0.042537
2025-02-28 22:56:50,240 - sim - INFO - Step 120 / 300: time per frame 0.041334
2025-02-28 22:56:50,720 - sim - INFO - Step 130 / 300: time per frame 0.040603
2025-02-28 22:56:51,091 - sim - INFO - Step 140 / 300: time per frame 0.039450
2025-02-28 22:56:51,483 - sim - INFO - Step 150 / 300: time per frame 0.038335
2025-02-28 22:56:51,846 - sim - INFO - Step 160 / 300: time per frame 0.037576
2025-02-28 22:56:52,314 - sim - INFO - Step 170 / 300: time per frame 0.037112
2025-02-28 22:56:52,703 - sim - INFO - Step 180 / 300: time per frame 0.036469
2025-02-28 22:56:53,038 - sim - INFO - Step 190 / 300: time per frame 0.035832
2025-02-28 22:56:53,407 - sim - INFO - Step 200 / 300: time per frame 0.035337
2025-02-28 22:56:53,775 - sim - INFO - Step 210 / 300: time per frame 0.034881
2025-02-28 22:56:54,291 - sim - INFO - Step 220 / 300: time per frame 0.034731
2025-02-28 22:56:54,707 - sim - INFO - Step 230 / 300: time per frame 0.034401
2025-02-28 22:56:55,076 - sim - INFO - Step 240 / 300: time per frame 0.034053
2025-02-28 22:56:55,471 - sim - INFO - Step 250 / 300: time per frame 0.033832
2025-02-28 22:56:55,885 - sim - INFO - Step 260 / 300: time per frame 0.033478
2025-02-28 22:56:56,237 - sim - INFO - Step 270 / 300: time per frame 0.033173
2025-02-28 22:56:56,590 - sim - INFO - Step 280 / 300: time per frame 0.032905
2025-02-28 22:56:56,963 - sim - INFO - Step 290 / 300: time per frame 0.032698
2025-02-28 22:56:57,382 - sim - INFO - MSE: 0.1768493354320526
2025-02-28 22:56:57,382 - sim - INFO - Materials MSE: 0.1784006506204605
2025-02-28 22:56:57,382 - sim - INFO - Time per frame: 0.03268234841775574
2025-02-28 22:56:57,385 - sim - INFO - Rollout 1 / 200
