2024-11-24 21:35:20,822 - sim - INFO - Namespace(config='configs/transformer/transformer_boxbath.py', save_dir='render_out/transformer_boxbath/', show_only=False, src_dir='predict/transformer_boxbath/', tar_rollout=-1, val_rollout=-1)
2024-11-24 21:35:20,822 - sim - INFO - Loading rollouts from predict/transformer_boxbath/
2024-11-24 21:35:21,597 - sim - INFO - Rollout 0 / 10
2024-11-24 21:35:21,608 - sim - INFO - Separate Materials MSE: [0.01486849398917267, 0.014622729304425694]
2024-11-24 21:35:21,608 - sim - INFO - MSE: 0.01456696185379564
2024-11-24 21:35:21,608 - sim - INFO - Materials MSE: 0.014745611646799182
2024-11-24 21:35:21,608 - sim - INFO - Time per frame per particle: 6.024623265976671e-06
2024-11-24 21:35:21,609 - sim - INFO - n_particles 1024
2024-11-24 21:35:21,609 - sim - INFO - n_shapes 0
2024-11-24 21:35:32,128 - sim - INFO - Rollout 1 / 10
2024-11-24 21:35:32,148 - sim - INFO - Separate Materials MSE: [0.01348049693034593, 0.014469458798805042]
2024-11-24 21:35:32,148 - sim - INFO - MSE: 0.014337640670937787
2024-11-24 21:35:32,149 - sim - INFO - Materials MSE: 0.013974977864575487
2024-11-24 21:35:32,149 - sim - INFO - Time per frame per particle: 5.595995217410648e-06
2024-11-24 21:35:32,153 - sim - INFO - n_particles 1024
2024-11-24 21:35:32,154 - sim - INFO - n_shapes 0
2024-11-24 21:35:42,672 - sim - INFO - Rollout 2 / 10
2024-11-24 21:35:42,682 - sim - INFO - Separate Materials MSE: [0.02126393143588702, 0.01392856648286359]
2024-11-24 21:35:42,682 - sim - INFO - MSE: 0.014317118984884176
2024-11-24 21:35:42,682 - sim - INFO - Materials MSE: 0.017596248959375303
2024-11-24 21:35:42,682 - sim - INFO - Time per frame per particle: 5.575435035658876e-06
2024-11-24 21:35:42,683 - sim - INFO - n_particles 1024
2024-11-24 21:35:42,683 - sim - INFO - n_shapes 0
2024-11-24 21:35:53,197 - sim - INFO - Rollout 3 / 10
2024-11-24 21:35:53,219 - sim - INFO - Separate Materials MSE: [0.007220182213331167, 0.014482480272213704]
2024-11-24 21:35:53,219 - sim - INFO - MSE: 0.013960420527675751
2024-11-24 21:35:53,219 - sim - INFO - Materials MSE: 0.010851331242772436
2024-11-24 21:35:53,220 - sim - INFO - Time per frame per particle: 5.655621779687334e-06
2024-11-24 21:35:53,223 - sim - INFO - n_particles 1024
2024-11-24 21:35:53,224 - sim - INFO - n_shapes 0
2024-11-24 21:36:03,741 - sim - INFO - Rollout 4 / 10
2024-11-24 21:36:03,762 - sim - INFO - Separate Materials MSE: [0.029520944646324085, 0.014463142327885618]
2024-11-24 21:36:03,762 - sim - INFO - MSE: 0.015329404365534432
2024-11-24 21:36:03,762 - sim - INFO - Materials MSE: 0.021992043487104852
2024-11-24 21:36:03,763 - sim - INFO - Time per frame per particle: 5.638250594374179e-06
2024-11-24 21:36:03,767 - sim - INFO - n_particles 1024
2024-11-24 21:36:03,767 - sim - INFO - n_shapes 0
2024-11-24 21:36:14,292 - sim - INFO - Rollout 5 / 10
2024-11-24 21:36:14,310 - sim - INFO - Separate Materials MSE: [0.014648937800635104, 0.014236234193691483]
2024-11-24 21:36:14,310 - sim - INFO - MSE: 0.014192727740704052
2024-11-24 21:36:14,311 - sim - INFO - Materials MSE: 0.014442585997163294
2024-11-24 21:36:14,311 - sim - INFO - Time per frame per particle: 5.6410763865056005e-06
2024-11-24 21:36:14,315 - sim - INFO - n_particles 1024
2024-11-24 21:36:14,316 - sim - INFO - n_shapes 0
2024-11-24 21:36:24,852 - sim - INFO - Rollout 6 / 10
2024-11-24 21:36:24,874 - sim - INFO - Separate Materials MSE: [0.014503756916064536, 0.014557145541388719]
2024-11-24 21:36:24,874 - sim - INFO - MSE: 0.014483090536794266
2024-11-24 21:36:24,875 - sim - INFO - Materials MSE: 0.014530451228726628
2024-11-24 21:36:24,875 - sim - INFO - Time per frame per particle: 5.639424746229341e-06
2024-11-24 21:36:24,879 - sim - INFO - n_particles 1024
2024-11-24 21:36:24,880 - sim - INFO - n_shapes 0
2024-11-24 21:36:35,394 - sim - INFO - Rollout 7 / 10
2024-11-24 21:36:35,412 - sim - INFO - Separate Materials MSE: [0.01206486547388017, 0.014210561595201326]
2024-11-24 21:36:35,412 - sim - INFO - MSE: 0.014008056872421383
2024-11-24 21:36:35,413 - sim - INFO - Materials MSE: 0.013137713534540747
2024-11-24 21:36:35,413 - sim - INFO - Time per frame per particle: 5.658405302351969e-06
2024-11-24 21:36:35,418 - sim - INFO - n_particles 1024
2024-11-24 21:36:35,418 - sim - INFO - n_shapes 0
2024-11-24 21:36:45,949 - sim - INFO - Rollout 8 / 10
2024-11-24 21:36:45,957 - sim - INFO - Separate Materials MSE: [0.011701856698889335, 0.013831219890846475]
2024-11-24 21:36:45,958 - sim - INFO - MSE: 0.013631574270108391
2024-11-24 21:36:45,958 - sim - INFO - Materials MSE: 0.012766538294867905
2024-11-24 21:36:45,958 - sim - INFO - Time per frame per particle: 5.60356927964434e-06
2024-11-24 21:36:45,959 - sim - INFO - n_particles 1024
2024-11-24 21:36:45,959 - sim - INFO - n_shapes 0
2024-11-24 21:36:56,466 - sim - INFO - Rollout 9 / 10
2024-11-24 21:36:56,486 - sim - INFO - Separate Materials MSE: [0.014556128754466484, 0.01451938029208852]
2024-11-24 21:36:56,486 - sim - INFO - MSE: 0.014451114986094103
2024-11-24 21:36:56,486 - sim - INFO - Materials MSE: 0.014537754523277501
2024-11-24 21:36:56,487 - sim - INFO - Time per frame per particle: 5.622520090586637e-06
2024-11-24 21:36:56,491 - sim - INFO - n_particles 1024
2024-11-24 21:36:56,492 - sim - INFO - n_shapes 0
2024-11-24 21:37:07,036 - sim - INFO - Mean pos MSE: 0.014327811080894998, std 0.00042896625533435633
2024-11-24 21:37:07,037 - sim - INFO - Mean pos Materials MSE: 0.014857525677920336, std 0.004109302013445409
2024-11-24 21:37:07,037 - sim - INFO - Mean pos Separate Materials MSE: [0.01538296 0.01433209], std [0.00575794 0.00025817]
2024-11-24 21:37:07,037 - sim - INFO - Time per frame per particle MSE: 5.665492169842559e-06, std 1.2237716074811565e-07
