2025-03-18 00:36:56,250 - sim - INFO - Namespace(checkpoint='work_dirs/tga_tpi_fluidfall/epoch_1.pth', config='configs/tga/tga_abs_fluidfall.py', debug=0, device='cuda:0', tar_rollout=-1, val_rollout=-1, work_dir='predict/tga_tpi_fluidfall')
2025-03-18 00:36:56,325 - sim - INFO - Number of parameters: 871573
2025-03-18 00:36:56,325 - sim - INFO - Loading network from work_dirs/tga_tpi_fluidfall/epoch_1.pth
2025-03-18 00:36:57,151 - sim - INFO - Rollout 0 / 300
2025-03-18 00:36:59,019 - sim - INFO - Step 10 / 120: time per frame 0.071171
2025-03-18 00:36:59,261 - sim - INFO - Step 20 / 120: time per frame 0.042750
2025-03-18 00:36:59,467 - sim - INFO - Step 30 / 120: time per frame 0.033684
2025-03-18 00:36:59,717 - sim - INFO - Step 40 / 120: time per frame 0.029667
2025-03-18 00:36:59,916 - sim - INFO - Step 50 / 120: time per frame 0.026819
2025-03-18 00:37:00,153 - sim - INFO - Step 60 / 120: time per frame 0.025316
2025-03-18 00:37:00,472 - sim - INFO - Step 70 / 120: time per frame 0.024236
2025-03-18 00:37:00,905 - sim - INFO - Step 80 / 120: time per frame 0.024462
2025-03-18 00:37:01,285 - sim - INFO - Step 90 / 120: time per frame 0.023883
2025-03-18 00:37:01,495 - sim - INFO - Step 100 / 120: time per frame 0.022969
2025-03-18 00:37:01,704 - sim - INFO - Step 110 / 120: time per frame 0.022143
2025-03-18 00:37:01,942 - sim - INFO - MSE: 0.0025292932543955235
2025-03-18 00:37:01,942 - sim - INFO - Materials MSE: 0.002542675758387034
2025-03-18 00:37:01,942 - sim - INFO - Time per frame: 0.02152061058303057
2025-03-18 00:37:01,943 - sim - INFO - Rollout 1 / 300
2025-03-18 00:37:03,576 - sim - INFO - Step 10 / 120: time per frame 0.022946
2025-03-18 00:37:03,826 - sim - INFO - Step 20 / 120: time per frame 0.020898
2025-03-18 00:37:04,057 - sim - INFO - Step 30 / 120: time per frame 0.019721
2025-03-18 00:37:04,428 - sim - INFO - Step 40 / 120: time per frame 0.020493
2025-03-18 00:37:04,652 - sim - INFO - Step 50 / 120: time per frame 0.019327
2025-03-18 00:37:04,847 - sim - INFO - Step 60 / 120: time per frame 0.018542
2025-03-18 00:37:05,107 - sim - INFO - Step 70 / 120: time per frame 0.018100
2025-03-18 00:37:05,352 - sim - INFO - Step 80 / 120: time per frame 0.017854
2025-03-18 00:37:05,608 - sim - INFO - Step 90 / 120: time per frame 0.017535
2025-03-18 00:37:05,930 - sim - INFO - Step 100 / 120: time per frame 0.017596
2025-03-18 00:37:06,144 - sim - INFO - Step 110 / 120: time per frame 0.017329
2025-03-18 00:37:06,357 - sim - INFO - MSE: 0.001976208286748686
2025-03-18 00:37:06,357 - sim - INFO - Materials MSE: 0.0019866644152500023
2025-03-18 00:37:06,358 - sim - INFO - Time per frame: 0.017156063500097244
2025-03-18 00:37:06,359 - sim - INFO - Rollout 2 / 300
2025-03-18 00:37:07,453 - sim - INFO - Step 10 / 120: time per frame 0.021546
2025-03-18 00:37:07,849 - sim - INFO - Step 20 / 120: time per frame 0.023957
2025-03-18 00:37:08,190 - sim - INFO - Step 30 / 120: time per frame 0.023550
2025-03-18 00:37:08,409 - sim - INFO - Step 40 / 120: time per frame 0.021562
2025-03-18 00:37:08,624 - sim - INFO - Step 50 / 120: time per frame 0.019970
2025-03-18 00:37:08,828 - sim - INFO - Step 60 / 120: time per frame 0.019210
2025-03-18 00:37:09,048 - sim - INFO - Step 70 / 120: time per frame 0.018779
2025-03-18 00:37:09,273 - sim - INFO - Step 80 / 120: time per frame 0.018610
2025-03-18 00:37:09,526 - sim - INFO - Step 90 / 120: time per frame 0.018448
2025-03-18 00:37:09,731 - sim - INFO - Step 100 / 120: time per frame 0.018192
2025-03-18 00:37:09,945 - sim - INFO - Step 110 / 120: time per frame 0.018055
2025-03-18 00:37:10,133 - sim - INFO - MSE: 0.002352440796871182
2025-03-18 00:37:10,133 - sim - INFO - Materials MSE: 0.0023648875735742046
2025-03-18 00:37:10,133 - sim - INFO - Time per frame: 0.017910886619050624
2025-03-18 00:37:10,134 - sim - INFO - Rollout 3 / 300
2025-03-18 00:37:11,391 - sim - INFO - Step 10 / 120: time per frame 0.019149
2025-03-18 00:37:11,627 - sim - INFO - Step 20 / 120: time per frame 0.018530
2025-03-18 00:37:11,883 - sim - INFO - Step 30 / 120: time per frame 0.019027
2025-03-18 00:37:12,127 - sim - INFO - Step 40 / 120: time per frame 0.019256
2025-03-18 00:37:12,488 - sim - INFO - Step 50 / 120: time per frame 0.018895
2025-03-18 00:37:12,707 - sim - INFO - Step 60 / 120: time per frame 0.018660
2025-03-18 00:37:12,986 - sim - INFO - Step 70 / 120: time per frame 0.018813
2025-03-18 00:37:13,210 - sim - INFO - Step 80 / 120: time per frame 0.018578
2025-03-18 00:37:13,452 - sim - INFO - Step 90 / 120: time per frame 0.018288
2025-03-18 00:37:13,752 - sim - INFO - Step 100 / 120: time per frame 0.018430
2025-03-18 00:37:14,086 - sim - INFO - Step 110 / 120: time per frame 0.018645
2025-03-18 00:37:14,381 - sim - INFO - MSE: 0.0010478030056517303
2025-03-18 00:37:14,381 - sim - INFO - Materials MSE: 0.0010533469368985647
2025-03-18 00:37:14,381 - sim - INFO - Time per frame: 0.019082637156470347
2025-03-18 00:37:14,382 - sim - INFO - Rollout 4 / 300
2025-03-18 00:37:15,469 - sim - INFO - Step 10 / 120: time per frame 0.017909
2025-03-18 00:37:15,727 - sim - INFO - Step 20 / 120: time per frame 0.018693
2025-03-18 00:37:16,102 - sim - INFO - Step 30 / 120: time per frame 0.019007
2025-03-18 00:37:16,369 - sim - INFO - Step 40 / 120: time per frame 0.018848
2025-03-18 00:37:16,680 - sim - INFO - Step 50 / 120: time per frame 0.019180
2025-03-18 00:37:17,092 - sim - INFO - Step 60 / 120: time per frame 0.019094
2025-03-18 00:37:17,418 - sim - INFO - Step 70 / 120: time per frame 0.018891
2025-03-18 00:37:17,758 - sim - INFO - Step 80 / 120: time per frame 0.019192
2025-03-18 00:37:18,142 - sim - INFO - Step 90 / 120: time per frame 0.019889
2025-03-18 00:37:18,484 - sim - INFO - Step 100 / 120: time per frame 0.020570
2025-03-18 00:37:18,818 - sim - INFO - Step 110 / 120: time per frame 0.020751
2025-03-18 00:37:19,127 - sim - INFO - MSE: 0.0008693147702282501
2025-03-18 00:37:19,127 - sim - INFO - Materials MSE: 0.0008739143192770772
2025-03-18 00:37:19,127 - sim - INFO - Time per frame: 0.020846354759345622
2025-03-18 00:37:19,128 - sim - INFO - Rollout 5 / 300
2025-03-18 00:37:20,876 - sim - INFO - Step 10 / 120: time per frame 0.020853
2025-03-18 00:37:21,079 - sim - INFO - Step 20 / 120: time per frame 0.018273
2025-03-18 00:37:21,312 - sim - INFO - Step 30 / 120: time per frame 0.017340
2025-03-18 00:37:21,587 - sim - INFO - Step 40 / 120: time per frame 0.016954
2025-03-18 00:37:21,925 - sim - INFO - Step 50 / 120: time per frame 0.017827
2025-03-18 00:37:22,172 - sim - INFO - Step 60 / 120: time per frame 0.017699
2025-03-18 00:37:22,389 - sim - INFO - Step 70 / 120: time per frame 0.017434
2025-03-18 00:37:22,648 - sim - INFO - Step 80 / 120: time per frame 0.017266
2025-03-18 00:37:22,860 - sim - INFO - Step 90 / 120: time per frame 0.017226
2025-03-18 00:37:23,088 - sim - INFO - Step 100 / 120: time per frame 0.017231
2025-03-18 00:37:23,317 - sim - INFO - Step 110 / 120: time per frame 0.017304
2025-03-18 00:37:23,547 - sim - INFO - MSE: 0.0037694158617233536
2025-03-18 00:37:23,547 - sim - INFO - Materials MSE: 0.0037893598609917314
2025-03-18 00:37:23,547 - sim - INFO - Time per frame: 0.01734345848277464
2025-03-18 00:37:23,548 - sim - INFO - Rollout 6 / 300
2025-03-18 00:37:24,400 - sim - INFO - Step 10 / 120: time per frame 0.016707
2025-03-18 00:37:24,669 - sim - INFO - Step 20 / 120: time per frame 0.017404
2025-03-18 00:37:25,029 - sim - INFO - Step 30 / 120: time per frame 0.019817
2025-03-18 00:37:25,303 - sim - INFO - Step 40 / 120: time per frame 0.019447
2025-03-18 00:37:25,509 - sim - INFO - Step 50 / 120: time per frame 0.018779
2025-03-18 00:37:25,756 - sim - INFO - Step 60 / 120: time per frame 0.018426
2025-03-18 00:37:25,995 - sim - INFO - Step 70 / 120: time per frame 0.018393
2025-03-18 00:37:26,246 - sim - INFO - Step 80 / 120: time per frame 0.018469
2025-03-18 00:37:26,501 - sim - INFO - Step 90 / 120: time per frame 0.018608
2025-03-18 00:37:26,751 - sim - INFO - Step 100 / 120: time per frame 0.018315
2025-03-18 00:37:26,953 - sim - INFO - Step 110 / 120: time per frame 0.018105
2025-03-18 00:37:27,247 - sim - INFO - MSE: 0.002469412480403479
2025-03-18 00:37:27,247 - sim - INFO - Materials MSE: 0.0024824781549029683
2025-03-18 00:37:27,247 - sim - INFO - Time per frame: 0.01819414203449831
2025-03-18 00:37:27,248 - sim - INFO - Rollout 7 / 300
2025-03-18 00:37:28,831 - sim - INFO - Step 10 / 120: time per frame 0.016181
2025-03-18 00:37:29,119 - sim - INFO - Step 20 / 120: time per frame 0.016790
2025-03-18 00:37:29,401 - sim - INFO - Step 30 / 120: time per frame 0.016956
2025-03-18 00:37:29,647 - sim - INFO - Step 40 / 120: time per frame 0.017458
2025-03-18 00:37:29,879 - sim - INFO - Step 50 / 120: time per frame 0.017666
2025-03-18 00:37:30,207 - sim - INFO - Step 60 / 120: time per frame 0.018544
2025-03-18 00:37:30,537 - sim - INFO - Step 70 / 120: time per frame 0.019007
2025-03-18 00:37:30,965 - sim - INFO - Step 80 / 120: time per frame 0.019372
2025-03-18 00:37:31,318 - sim - INFO - Step 90 / 120: time per frame 0.019356
2025-03-18 00:37:31,578 - sim - INFO - Step 100 / 120: time per frame 0.019286
2025-03-18 00:37:31,945 - sim - INFO - Step 110 / 120: time per frame 0.019782
2025-03-18 00:37:32,251 - sim - INFO - MSE: 0.0006529266317058003
2025-03-18 00:37:32,251 - sim - INFO - Materials MSE: 0.0006563812699687939
2025-03-18 00:37:32,251 - sim - INFO - Time per frame: 0.020119262953936044
2025-03-18 00:37:32,252 - sim - INFO - Rollout 8 / 300
2025-03-18 00:37:34,107 - sim - INFO - Step 10 / 120: time per frame 0.028348
2025-03-18 00:37:34,521 - sim - INFO - Step 20 / 120: time per frame 0.025091
2025-03-18 00:37:34,850 - sim - INFO - Step 30 / 120: time per frame 0.022855
2025-03-18 00:37:35,078 - sim - INFO - Step 40 / 120: time per frame 0.021082
2025-03-18 00:37:35,311 - sim - INFO - Step 50 / 120: time per frame 0.020488
2025-03-18 00:37:35,658 - sim - INFO - Step 60 / 120: time per frame 0.019863
2025-03-18 00:37:36,031 - sim - INFO - Step 70 / 120: time per frame 0.020329
2025-03-18 00:37:36,366 - sim - INFO - Step 80 / 120: time per frame 0.020557
2025-03-18 00:37:36,619 - sim - INFO - Step 90 / 120: time per frame 0.020070
2025-03-18 00:37:36,882 - sim - INFO - Step 100 / 120: time per frame 0.019590
2025-03-18 00:37:37,121 - sim - INFO - Step 110 / 120: time per frame 0.019142
2025-03-18 00:37:37,336 - sim - INFO - MSE: 0.0016536565309660202
2025-03-18 00:37:37,336 - sim - INFO - Materials MSE: 0.001662406036420867
2025-03-18 00:37:37,336 - sim - INFO - Time per frame: 0.018854327121023404
2025-03-18 00:37:37,337 - sim - INFO - Rollout 9 / 300
2025-03-18 00:37:39,162 - sim - INFO - Step 10 / 120: time per frame 0.030473
2025-03-18 00:37:39,470 - sim - INFO - Step 20 / 120: time per frame 0.024458
2025-03-18 00:37:39,899 - sim - INFO - Step 30 / 120: time per frame 0.024363
2025-03-18 00:37:40,179 - sim - INFO - Step 40 / 120: time per frame 0.022785
2025-03-18 00:37:40,593 - sim - INFO - Step 50 / 120: time per frame 0.024434
2025-03-18 00:37:40,910 - sim - INFO - Step 60 / 120: time per frame 0.022959
2025-03-18 00:37:41,354 - sim - INFO - Step 70 / 120: time per frame 0.021985
2025-03-18 00:37:41,614 - sim - INFO - Step 80 / 120: time per frame 0.021681
2025-03-18 00:37:41,963 - sim - INFO - Step 90 / 120: time per frame 0.021207
2025-03-18 00:37:42,308 - sim - INFO - Step 100 / 120: time per frame 0.020546
2025-03-18 00:37:42,611 - sim - INFO - Step 110 / 120: time per frame 0.020320
2025-03-18 00:37:42,812 - sim - INFO - MSE: 0.0007303057382033464
2025-03-18 00:37:42,812 - sim - INFO - Materials MSE: 0.0007341697897282318
2025-03-18 00:37:42,812 - sim - INFO - Time per frame: 0.020073472443273514
2025-03-18 00:37:42,813 - sim - INFO - Rollout 10 / 300
2025-03-18 00:37:44,387 - sim - INFO - Step 10 / 120: time per frame 0.017092
2025-03-18 00:37:44,603 - sim - INFO - Step 20 / 120: time per frame 0.016825
2025-03-18 00:37:44,809 - sim - INFO - Step 30 / 120: time per frame 0.016645
2025-03-18 00:37:45,286 - sim - INFO - Step 40 / 120: time per frame 0.019475
2025-03-18 00:37:45,497 - sim - INFO - Step 50 / 120: time per frame 0.018852
2025-03-18 00:37:45,719 - sim - INFO - Step 60 / 120: time per frame 0.018589
2025-03-18 00:37:45,952 - sim - INFO - Step 70 / 120: time per frame 0.018503
2025-03-18 00:37:46,321 - sim - INFO - Step 80 / 120: time per frame 0.019230
2025-03-18 00:37:46,534 - sim - INFO - Step 90 / 120: time per frame 0.018870
2025-03-18 00:37:46,741 - sim - INFO - Step 100 / 120: time per frame 0.018621
2025-03-18 00:37:47,079 - sim - INFO - Step 110 / 120: time per frame 0.018401
2025-03-18 00:37:47,403 - sim - INFO - MSE: 0.001114575383789051
2025-03-18 00:37:47,403 - sim - INFO - Materials MSE: 0.0011204726080419032
2025-03-18 00:37:47,403 - sim - INFO - Time per frame: 0.018714037992186464
2025-03-18 00:37:47,404 - sim - INFO - Rollout 11 / 300
2025-03-18 00:37:49,372 - sim - INFO - Step 10 / 120: time per frame 0.026592
2025-03-18 00:37:49,781 - sim - INFO - Step 20 / 120: time per frame 0.025442
2025-03-18 00:37:50,054 - sim - INFO - Step 30 / 120: time per frame 0.024339
2025-03-18 00:37:50,293 - sim - INFO - Step 40 / 120: time per frame 0.022797
2025-03-18 00:37:50,644 - sim - INFO - Step 50 / 120: time per frame 0.023052
2025-03-18 00:37:51,013 - sim - INFO - Step 60 / 120: time per frame 0.023898
2025-03-18 00:37:51,328 - sim - INFO - Step 70 / 120: time per frame 0.023702
2025-03-18 00:37:51,568 - sim - INFO - Step 80 / 120: time per frame 0.022546
2025-03-18 00:37:51,771 - sim - INFO - Step 90 / 120: time per frame 0.021802
2025-03-18 00:37:52,122 - sim - INFO - Step 100 / 120: time per frame 0.021357
2025-03-18 00:37:52,501 - sim - INFO - Step 110 / 120: time per frame 0.020978
2025-03-18 00:37:52,823 - sim - INFO - MSE: 0.0008487605399995111
2025-03-18 00:37:52,823 - sim - INFO - Materials MSE: 0.0008532513365074451
2025-03-18 00:37:52,823 - sim - INFO - Time per frame: 0.021337280839176503
2025-03-18 00:37:52,824 - sim - INFO - Rollout 12 / 300
2025-03-18 00:37:53,801 - sim - INFO - Step 10 / 120: time per frame 0.015528
2025-03-18 00:37:54,030 - sim - INFO - Step 20 / 120: time per frame 0.016298
2025-03-18 00:37:54,358 - sim - INFO - Step 30 / 120: time per frame 0.018764
2025-03-18 00:37:54,587 - sim - INFO - Step 40 / 120: time per frame 0.018432
2025-03-18 00:37:54,797 - sim - INFO - Step 50 / 120: time per frame 0.018103
2025-03-18 00:37:55,073 - sim - INFO - Step 60 / 120: time per frame 0.018168
2025-03-18 00:37:55,441 - sim - INFO - Step 70 / 120: time per frame 0.018200
2025-03-18 00:37:55,725 - sim - INFO - Step 80 / 120: time per frame 0.018574
2025-03-18 00:37:56,086 - sim - INFO - Step 90 / 120: time per frame 0.018670
2025-03-18 00:37:56,306 - sim - INFO - Step 100 / 120: time per frame 0.018318
2025-03-18 00:37:56,532 - sim - INFO - Step 110 / 120: time per frame 0.017916
2025-03-18 00:37:56,807 - sim - INFO - MSE: 0.0018183266887948568
2025-03-18 00:37:56,807 - sim - INFO - Materials MSE: 0.001827947464926046
2025-03-18 00:37:56,807 - sim - INFO - Time per frame: 0.017811407477168712
2025-03-18 00:37:56,808 - sim - INFO - Rollout 13 / 300
2025-03-18 00:37:58,332 - sim - INFO - Step 10 / 120: time per frame 0.020549
2025-03-18 00:37:58,535 - sim - INFO - Step 20 / 120: time per frame 0.018103
2025-03-18 00:37:58,739 - sim - INFO - Step 30 / 120: time per frame 0.017420
2025-03-18 00:37:58,953 - sim - INFO - Step 40 / 120: time per frame 0.017121
2025-03-18 00:37:59,208 - sim - INFO - Step 50 / 120: time per frame 0.017097
2025-03-18 00:37:59,400 - sim - INFO - Step 60 / 120: time per frame 0.016562
2025-03-18 00:37:59,684 - sim - INFO - Step 70 / 120: time per frame 0.016677
2025-03-18 00:37:59,965 - sim - INFO - Step 80 / 120: time per frame 0.016765
2025-03-18 00:38:00,268 - sim - INFO - Step 90 / 120: time per frame 0.016903
2025-03-18 00:38:00,481 - sim - INFO - Step 100 / 120: time per frame 0.016742
2025-03-18 00:38:00,721 - sim - INFO - Step 110 / 120: time per frame 0.016595
2025-03-18 00:38:01,076 - sim - INFO - MSE: 0.0011025761552745756
2025-03-18 00:38:01,076 - sim - INFO - Materials MSE: 0.0011084098915458696
2025-03-18 00:38:01,076 - sim - INFO - Time per frame: 0.01722536652775134
2025-03-18 00:38:01,077 - sim - INFO - Rollout 14 / 300
2025-03-18 00:38:02,656 - sim - INFO - Step 10 / 120: time per frame 0.019710
2025-03-18 00:38:02,957 - sim - INFO - Step 20 / 120: time per frame 0.019727
2025-03-18 00:38:03,277 - sim - INFO - Step 30 / 120: time per frame 0.020362
2025-03-18 00:38:03,597 - sim - INFO - Step 40 / 120: time per frame 0.020584
2025-03-18 00:38:03,825 - sim - INFO - Step 50 / 120: time per frame 0.019881
2025-03-18 00:38:04,034 - sim - INFO - Step 60 / 120: time per frame 0.019339
2025-03-18 00:38:04,278 - sim - INFO - Step 70 / 120: time per frame 0.018856
2025-03-18 00:38:04,492 - sim - INFO - Step 80 / 120: time per frame 0.018584
2025-03-18 00:38:04,705 - sim - INFO - Step 90 / 120: time per frame 0.018398
2025-03-18 00:38:04,914 - sim - INFO - Step 100 / 120: time per frame 0.018187
2025-03-18 00:38:05,141 - sim - INFO - Step 110 / 120: time per frame 0.018063
2025-03-18 00:38:05,407 - sim - INFO - MSE: 0.002126215405977807
2025-03-18 00:38:05,407 - sim - INFO - Materials MSE: 0.0021374652229406523
2025-03-18 00:38:05,407 - sim - INFO - Time per frame: 0.01805023217605332
2025-03-18 00:38:05,408 - sim - INFO - Rollout 15 / 300
2025-03-18 00:38:06,800 - sim - INFO - Step 10 / 120: time per frame 0.026172
2025-03-18 00:38:07,125 - sim - INFO - Step 20 / 120: time per frame 0.023326
2025-03-18 00:38:07,413 - sim - INFO - Step 30 / 120: time per frame 0.021614
2025-03-18 00:38:07,672 - sim - INFO - Step 40 / 120: time per frame 0.020784
2025-03-18 00:38:07,880 - sim - INFO - Step 50 / 120: time per frame 0.019936
2025-03-18 00:38:08,138 - sim - INFO - Step 60 / 120: time per frame 0.019127
2025-03-18 00:38:08,442 - sim - INFO - Step 70 / 120: time per frame 0.019216
2025-03-18 00:38:08,679 - sim - INFO - Step 80 / 120: time per frame 0.018927
2025-03-18 00:38:08,878 - sim - INFO - Step 90 / 120: time per frame 0.018549
2025-03-18 00:38:09,150 - sim - INFO - Step 100 / 120: time per frame 0.018758
2025-03-18 00:38:09,394 - sim - INFO - Step 110 / 120: time per frame 0.018626
2025-03-18 00:38:09,673 - sim - INFO - MSE: 0.0016237281756733475
2025-03-18 00:38:09,673 - sim - INFO - Materials MSE: 0.0016323193300419895
2025-03-18 00:38:09,673 - sim - INFO - Time per frame: 0.018706804614956097
2025-03-18 00:38:09,674 - sim - INFO - Rollout 16 / 300
2025-03-18 00:38:10,805 - sim - INFO - Step 10 / 120: time per frame 0.016087
2025-03-18 00:38:11,026 - sim - INFO - Step 20 / 120: time per frame 0.016571
2025-03-18 00:38:11,271 - sim - INFO - Step 30 / 120: time per frame 0.016798
2025-03-18 00:38:11,546 - sim - INFO - Step 40 / 120: time per frame 0.017121
2025-03-18 00:38:11,814 - sim - INFO - Step 50 / 120: time per frame 0.017453
2025-03-18 00:38:12,052 - sim - INFO - Step 60 / 120: time per frame 0.017758
2025-03-18 00:38:12,235 - sim - INFO - Step 70 / 120: time per frame 0.017242
2025-03-18 00:38:12,444 - sim - INFO - Step 80 / 120: time per frame 0.017039
2025-03-18 00:38:12,671 - sim - INFO - Step 90 / 120: time per frame 0.017067
2025-03-18 00:38:12,882 - sim - INFO - Step 100 / 120: time per frame 0.017063
2025-03-18 00:38:13,093 - sim - INFO - Step 110 / 120: time per frame 0.017022
2025-03-18 00:38:13,285 - sim - INFO - MSE: 0.0015869385966750396
2025-03-18 00:38:13,286 - sim - INFO - Materials MSE: 0.001595335097186548
2025-03-18 00:38:13,286 - sim - INFO - Time per frame: 0.017032687946901482
2025-03-18 00:38:13,287 - sim - INFO - Rollout 17 / 300
2025-03-18 00:38:15,053 - sim - INFO - Step 10 / 120: time per frame 0.019057
2025-03-18 00:38:15,468 - sim - INFO - Step 20 / 120: time per frame 0.018673
2025-03-18 00:38:15,826 - sim - INFO - Step 30 / 120: time per frame 0.018008
2025-03-18 00:38:16,139 - sim - INFO - Step 40 / 120: time per frame 0.019301
2025-03-18 00:38:16,494 - sim - INFO - Step 50 / 120: time per frame 0.020616
2025-03-18 00:38:16,814 - sim - INFO - Step 60 / 120: time per frame 0.021381
2025-03-18 00:38:17,099 - sim - INFO - Step 70 / 120: time per frame 0.021257
2025-03-18 00:38:17,316 - sim - INFO - Step 80 / 120: time per frame 0.020774
2025-03-18 00:38:17,624 - sim - INFO - Step 90 / 120: time per frame 0.020667
2025-03-18 00:38:17,852 - sim - INFO - Step 100 / 120: time per frame 0.020127
2025-03-18 00:38:18,047 - sim - INFO - Step 110 / 120: time per frame 0.019700
2025-03-18 00:38:18,350 - sim - INFO - MSE: 0.0017539200435835226
2025-03-18 00:38:18,351 - sim - INFO - Materials MSE: 0.001763200043814123
2025-03-18 00:38:18,351 - sim - INFO - Time per frame: 0.01945191722805217
2025-03-18 00:38:18,352 - sim - INFO - Rollout 18 / 300
2025-03-18 00:38:19,645 - sim - INFO - Step 10 / 120: time per frame 0.022704
2025-03-18 00:38:19,867 - sim - INFO - Step 20 / 120: time per frame 0.019254
2025-03-18 00:38:20,124 - sim - INFO - Step 30 / 120: time per frame 0.018564
2025-03-18 00:38:20,410 - sim - INFO - Step 40 / 120: time per frame 0.018096
2025-03-18 00:38:20,727 - sim - INFO - Step 50 / 120: time per frame 0.018754
2025-03-18 00:38:20,940 - sim - INFO - Step 60 / 120: time per frame 0.018081
2025-03-18 00:38:21,149 - sim - INFO - Step 70 / 120: time per frame 0.017691
2025-03-18 00:38:21,384 - sim - INFO - Step 80 / 120: time per frame 0.017211
2025-03-18 00:38:21,657 - sim - INFO - Step 90 / 120: time per frame 0.016994
2025-03-18 00:38:21,906 - sim - INFO - Step 100 / 120: time per frame 0.016735
2025-03-18 00:38:22,135 - sim - INFO - Step 110 / 120: time per frame 0.016713
2025-03-18 00:38:22,343 - sim - INFO - MSE: 0.0014455949727453774
2025-03-18 00:38:22,343 - sim - INFO - Materials MSE: 0.0014532436233948242
2025-03-18 00:38:22,343 - sim - INFO - Time per frame: 0.016668333845623468
2025-03-18 00:38:22,344 - sim - INFO - Rollout 19 / 300
2025-03-18 00:38:23,596 - sim - INFO - Step 10 / 120: time per frame 0.019181
2025-03-18 00:38:23,882 - sim - INFO - Step 20 / 120: time per frame 0.019941
2025-03-18 00:38:24,159 - sim - INFO - Step 30 / 120: time per frame 0.020273
2025-03-18 00:38:24,503 - sim - INFO - Step 40 / 120: time per frame 0.021292
2025-03-18 00:38:24,817 - sim - INFO - Step 50 / 120: time per frame 0.020263
2025-03-18 00:38:25,265 - sim - INFO - Step 60 / 120: time per frame 0.020147
2025-03-18 00:38:25,491 - sim - INFO - Step 70 / 120: time per frame 0.019651
2025-03-18 00:38:25,728 - sim - INFO - Step 80 / 120: time per frame 0.019302
2025-03-18 00:38:25,938 - sim - INFO - Step 90 / 120: time per frame 0.019008
2025-03-18 00:38:26,244 - sim - INFO - Step 100 / 120: time per frame 0.019292
2025-03-18 00:38:26,454 - sim - INFO - Step 110 / 120: time per frame 0.019058
2025-03-18 00:38:26,702 - sim - INFO - MSE: 0.0017016508253945685
2025-03-18 00:38:26,703 - sim - INFO - Materials MSE: 0.0017106542689151749
2025-03-18 00:38:26,703 - sim - INFO - Time per frame: 0.019145127070152153
2025-03-18 00:38:26,704 - sim - INFO - Rollout 20 / 300
2025-03-18 00:38:28,360 - sim - INFO - Step 10 / 120: time per frame 0.020730
2025-03-18 00:38:28,620 - sim - INFO - Step 20 / 120: time per frame 0.019620
2025-03-18 00:38:28,865 - sim - INFO - Step 30 / 120: time per frame 0.019452
2025-03-18 00:38:29,111 - sim - INFO - Step 40 / 120: time per frame 0.019564
2025-03-18 00:38:29,353 - sim - INFO - Step 50 / 120: time per frame 0.019635
2025-03-18 00:38:29,656 - sim - INFO - Step 60 / 120: time per frame 0.019979
2025-03-18 00:38:30,057 - sim - INFO - Step 70 / 120: time per frame 0.020360
2025-03-18 00:38:30,301 - sim - INFO - Step 80 / 120: time per frame 0.019929
2025-03-18 00:38:30,556 - sim - INFO - Step 90 / 120: time per frame 0.019566
2025-03-18 00:38:30,936 - sim - INFO - Step 100 / 120: time per frame 0.020255
2025-03-18 00:38:31,208 - sim - INFO - Step 110 / 120: time per frame 0.020324
2025-03-18 00:38:31,480 - sim - INFO - MSE: 0.0022247584768333027
2025-03-18 00:38:31,480 - sim - INFO - Materials MSE: 0.002236529685705437
2025-03-18 00:38:31,480 - sim - INFO - Time per frame: 0.020387267662306963
2025-03-18 00:38:31,481 - sim - INFO - Rollout 21 / 300
2025-03-18 00:38:32,919 - sim - INFO - Step 10 / 120: time per frame 0.020071
2025-03-18 00:38:33,206 - sim - INFO - Step 20 / 120: time per frame 0.020648
2025-03-18 00:38:33,447 - sim - INFO - Step 30 / 120: time per frame 0.020130
2025-03-18 00:38:33,734 - sim - INFO - Step 40 / 120: time per frame 0.020543
2025-03-18 00:38:33,948 - sim - INFO - Step 50 / 120: time per frame 0.019683
2025-03-18 00:38:34,156 - sim - INFO - Step 60 / 120: time per frame 0.019149
2025-03-18 00:38:34,364 - sim - INFO - Step 70 / 120: time per frame 0.018724
2025-03-18 00:38:34,626 - sim - INFO - Step 80 / 120: time per frame 0.018781
2025-03-18 00:38:34,841 - sim - INFO - Step 90 / 120: time per frame 0.018550
2025-03-18 00:38:35,048 - sim - INFO - Step 100 / 120: time per frame 0.018352
2025-03-18 00:38:35,251 - sim - INFO - Step 110 / 120: time per frame 0.018165
2025-03-18 00:38:35,478 - sim - INFO - MSE: 0.0010750270132984657
2025-03-18 00:38:35,478 - sim - INFO - Materials MSE: 0.0010807149869138015
2025-03-18 00:38:35,478 - sim - INFO - Time per frame: 0.018227706521244374
2025-03-18 00:38:35,479 - sim - INFO - Rollout 22 / 300
2025-03-18 00:38:36,896 - sim - INFO - Step 10 / 120: time per frame 0.023650
2025-03-18 00:38:37,136 - sim - INFO - Step 20 / 120: time per frame 0.020489
2025-03-18 00:38:37,333 - sim - INFO - Step 30 / 120: time per frame 0.018781
2025-03-18 00:38:37,534 - sim - INFO - Step 40 / 120: time per frame 0.017858
2025-03-18 00:38:37,765 - sim - INFO - Step 50 / 120: time per frame 0.017501
2025-03-18 00:38:38,016 - sim - INFO - Step 60 / 120: time per frame 0.017466
2025-03-18 00:38:38,276 - sim - INFO - Step 70 / 120: time per frame 0.017857
2025-03-18 00:38:38,513 - sim - INFO - Step 80 / 120: time per frame 0.017912
2025-03-18 00:38:38,906 - sim - INFO - Step 90 / 120: time per frame 0.018683
2025-03-18 00:38:39,237 - sim - INFO - Step 100 / 120: time per frame 0.019267
2025-03-18 00:38:39,463 - sim - INFO - Step 110 / 120: time per frame 0.019008
2025-03-18 00:38:39,695 - sim - INFO - MSE: 0.0019056895553611346
2025-03-18 00:38:39,696 - sim - INFO - Materials MSE: 0.0019157725688815639
2025-03-18 00:38:39,696 - sim - INFO - Time per frame: 0.019034220000444833
2025-03-18 00:38:39,697 - sim - INFO - Rollout 23 / 300
2025-03-18 00:38:41,316 - sim - INFO - Step 10 / 120: time per frame 0.014759
2025-03-18 00:38:41,525 - sim - INFO - Step 20 / 120: time per frame 0.015677
2025-03-18 00:38:41,760 - sim - INFO - Step 30 / 120: time per frame 0.016206
2025-03-18 00:38:42,074 - sim - INFO - Step 40 / 120: time per frame 0.016868
2025-03-18 00:38:42,461 - sim - INFO - Step 50 / 120: time per frame 0.017387
2025-03-18 00:38:42,825 - sim - INFO - Step 60 / 120: time per frame 0.017767
2025-03-18 00:38:43,045 - sim - INFO - Step 70 / 120: time per frame 0.017462
2025-03-18 00:38:43,316 - sim - INFO - Step 80 / 120: time per frame 0.017448
2025-03-18 00:38:43,564 - sim - INFO - Step 90 / 120: time per frame 0.017523
2025-03-18 00:38:43,921 - sim - INFO - Step 100 / 120: time per frame 0.018279
2025-03-18 00:38:44,198 - sim - INFO - Step 110 / 120: time per frame 0.018073
2025-03-18 00:38:44,495 - sim - INFO - MSE: 0.00123367536249522
2025-03-18 00:38:44,495 - sim - INFO - Materials MSE: 0.001240202745365565
2025-03-18 00:38:44,496 - sim - INFO - Time per frame: 0.018035805831521243
2025-03-18 00:38:44,497 - sim - INFO - Rollout 24 / 300
2025-03-18 00:38:45,867 - sim - INFO - Step 10 / 120: time per frame 0.014750
2025-03-18 00:38:46,145 - sim - INFO - Step 20 / 120: time per frame 0.015966
2025-03-18 00:38:46,379 - sim - INFO - Step 30 / 120: time per frame 0.017032
2025-03-18 00:38:46,592 - sim - INFO - Step 40 / 120: time per frame 0.016704
2025-03-18 00:38:46,833 - sim - INFO - Step 50 / 120: time per frame 0.016951
2025-03-18 00:38:47,318 - sim - INFO - Step 60 / 120: time per frame 0.019479
2025-03-18 00:38:47,609 - sim - INFO - Step 70 / 120: time per frame 0.019443
2025-03-18 00:38:47,823 - sim - INFO - Step 80 / 120: time per frame 0.019086
2025-03-18 00:38:48,108 - sim - INFO - Step 90 / 120: time per frame 0.019034
2025-03-18 00:38:48,320 - sim - INFO - Step 100 / 120: time per frame 0.018832
2025-03-18 00:38:48,563 - sim - INFO - Step 110 / 120: time per frame 0.018822
2025-03-18 00:38:48,800 - sim - INFO - MSE: 0.0033299155029156186
2025-03-18 00:38:48,801 - sim - INFO - Materials MSE: 0.003347534103460145
2025-03-18 00:38:48,801 - sim - INFO - Time per frame: 0.01869599293854277
2025-03-18 00:38:48,802 - sim - INFO - Rollout 25 / 300
2025-03-18 00:38:50,275 - sim - INFO - Step 10 / 120: time per frame 0.021640
2025-03-18 00:38:50,507 - sim - INFO - Step 20 / 120: time per frame 0.017918
2025-03-18 00:38:50,760 - sim - INFO - Step 30 / 120: time per frame 0.017183
2025-03-18 00:38:51,085 - sim - INFO - Step 40 / 120: time per frame 0.018176
2025-03-18 00:38:51,289 - sim - INFO - Step 50 / 120: time per frame 0.017700
2025-03-18 00:38:51,500 - sim - INFO - Step 60 / 120: time per frame 0.017571
2025-03-18 00:38:51,693 - sim - INFO - Step 70 / 120: time per frame 0.017222
2025-03-18 00:38:51,913 - sim - INFO - Step 80 / 120: time per frame 0.017281
2025-03-18 00:38:52,176 - sim - INFO - Step 90 / 120: time per frame 0.017308
2025-03-18 00:38:52,411 - sim - INFO - Step 100 / 120: time per frame 0.017470
2025-03-18 00:38:52,615 - sim - INFO - Step 110 / 120: time per frame 0.017298
2025-03-18 00:38:52,835 - sim - INFO - MSE: 0.001646391979892352
2025-03-18 00:38:52,835 - sim - INFO - Materials MSE: 0.0016551030485690312
2025-03-18 00:38:52,835 - sim - INFO - Time per frame: 0.017341894618535445
2025-03-18 00:38:52,836 - sim - INFO - Rollout 26 / 300
2025-03-18 00:38:54,279 - sim - INFO - Step 10 / 120: time per frame 0.017344
2025-03-18 00:38:54,515 - sim - INFO - Step 20 / 120: time per frame 0.016497
2025-03-18 00:38:54,751 - sim - INFO - Step 30 / 120: time per frame 0.016589
2025-03-18 00:38:55,106 - sim - INFO - Step 40 / 120: time per frame 0.016342
2025-03-18 00:38:55,388 - sim - INFO - Step 50 / 120: time per frame 0.016530
2025-03-18 00:38:55,788 - sim - INFO - Step 60 / 120: time per frame 0.016668
2025-03-18 00:38:56,156 - sim - INFO - Step 70 / 120: time per frame 0.016702
2025-03-18 00:38:56,450 - sim - INFO - Step 80 / 120: time per frame 0.016686
2025-03-18 00:38:56,818 - sim - INFO - Step 90 / 120: time per frame 0.016692
2025-03-18 00:38:57,141 - sim - INFO - Step 100 / 120: time per frame 0.016840
2025-03-18 00:38:57,490 - sim - INFO - Step 110 / 120: time per frame 0.016780
2025-03-18 00:38:57,666 - sim - INFO - MSE: 0.0006190720840314571
2025-03-18 00:38:57,666 - sim - INFO - Materials MSE: 0.0006223475977035811
2025-03-18 00:38:57,667 - sim - INFO - Time per frame: 0.016602097931554764
2025-03-18 00:38:57,667 - sim - INFO - Rollout 27 / 300
2025-03-18 00:38:59,298 - sim - INFO - Step 10 / 120: time per frame 0.031830
2025-03-18 00:38:59,547 - sim - INFO - Step 20 / 120: time per frame 0.024659
2025-03-18 00:38:59,813 - sim - INFO - Step 30 / 120: time per frame 0.022832
2025-03-18 00:39:00,276 - sim - INFO - Step 40 / 120: time per frame 0.022927
2025-03-18 00:39:00,722 - sim - INFO - Step 50 / 120: time per frame 0.023028
2025-03-18 00:39:01,055 - sim - INFO - Step 60 / 120: time per frame 0.022887
2025-03-18 00:39:01,372 - sim - INFO - Step 70 / 120: time per frame 0.022697
2025-03-18 00:39:01,828 - sim - INFO - Step 80 / 120: time per frame 0.023678
2025-03-18 00:39:02,206 - sim - INFO - Step 90 / 120: time per frame 0.023244
2025-03-18 00:39:02,629 - sim - INFO - Step 100 / 120: time per frame 0.023943
2025-03-18 00:39:02,852 - sim - INFO - Step 110 / 120: time per frame 0.023363
2025-03-18 00:39:03,057 - sim - INFO - MSE: 0.0016651422368958039
2025-03-18 00:39:03,058 - sim - INFO - Materials MSE: 0.0016739525132814963
2025-03-18 00:39:03,058 - sim - INFO - Time per frame: 0.02293881117287329
2025-03-18 00:39:03,059 - sim - INFO - Rollout 28 / 300
2025-03-18 00:39:04,302 - sim - INFO - Step 10 / 120: time per frame 0.018850
2025-03-18 00:39:04,603 - sim - INFO - Step 20 / 120: time per frame 0.020584
2025-03-18 00:39:04,943 - sim - INFO - Step 30 / 120: time per frame 0.021891
2025-03-18 00:39:05,228 - sim - INFO - Step 40 / 120: time per frame 0.021242
2025-03-18 00:39:05,576 - sim - INFO - Step 50 / 120: time per frame 0.021908
2025-03-18 00:39:05,926 - sim - INFO - Step 60 / 120: time per frame 0.022025
2025-03-18 00:39:06,287 - sim - INFO - Step 70 / 120: time per frame 0.021915
2025-03-18 00:39:06,587 - sim - INFO - Step 80 / 120: time per frame 0.021845
2025-03-18 00:39:06,955 - sim - INFO - Step 90 / 120: time per frame 0.021378
2025-03-18 00:39:07,297 - sim - INFO - Step 100 / 120: time per frame 0.020937
2025-03-18 00:39:07,620 - sim - INFO - Step 110 / 120: time per frame 0.020512
2025-03-18 00:39:07,961 - sim - INFO - MSE: 0.0007677419187691284
2025-03-18 00:39:07,961 - sim - INFO - Materials MSE: 0.0007718040453234624
2025-03-18 00:39:07,961 - sim - INFO - Time per frame: 0.02074573403697903
2025-03-18 00:39:07,962 - sim - INFO - Rollout 29 / 300
2025-03-18 00:39:10,127 - sim - INFO - Step 10 / 120: time per frame 0.023725
2025-03-18 00:39:10,555 - sim - INFO - Step 20 / 120: time per frame 0.022553
2025-03-18 00:39:10,924 - sim - INFO - Step 30 / 120: time per frame 0.022164
2025-03-18 00:39:11,203 - sim - INFO - Step 40 / 120: time per frame 0.020491
2025-03-18 00:39:11,436 - sim - INFO - Step 50 / 120: time per frame 0.019798
2025-03-18 00:39:11,727 - sim - INFO - Step 60 / 120: time per frame 0.019429
2025-03-18 00:39:12,009 - sim - INFO - Step 70 / 120: time per frame 0.019675
2025-03-18 00:39:12,232 - sim - INFO - Step 80 / 120: time per frame 0.019374
2025-03-18 00:39:12,464 - sim - INFO - Step 90 / 120: time per frame 0.018967
2025-03-18 00:39:12,676 - sim - INFO - Step 100 / 120: time per frame 0.018769
2025-03-18 00:39:12,878 - sim - INFO - Step 110 / 120: time per frame 0.018528
2025-03-18 00:39:13,075 - sim - INFO - MSE: 0.0006910358316205978
2025-03-18 00:39:13,077 - sim - INFO - Materials MSE: 0.0006946921058619767
2025-03-18 00:39:13,077 - sim - INFO - Time per frame: 0.018475811360246043
2025-03-18 00:39:13,078 - sim - INFO - Rollout 30 / 300
2025-03-18 00:39:14,103 - sim - INFO - Step 10 / 120: time per frame 0.017707
2025-03-18 00:39:14,370 - sim - INFO - Step 20 / 120: time per frame 0.017946
2025-03-18 00:39:14,592 - sim - INFO - Step 30 / 120: time per frame 0.017849
2025-03-18 00:39:14,794 - sim - INFO - Step 40 / 120: time per frame 0.017393
2025-03-18 00:39:15,020 - sim - INFO - Step 50 / 120: time per frame 0.017415
2025-03-18 00:39:15,263 - sim - INFO - Step 60 / 120: time per frame 0.017505
2025-03-18 00:39:15,594 - sim - INFO - Step 70 / 120: time per frame 0.017762
2025-03-18 00:39:15,925 - sim - INFO - Step 80 / 120: time per frame 0.018639
2025-03-18 00:39:16,269 - sim - INFO - Step 90 / 120: time per frame 0.019373
2025-03-18 00:39:16,517 - sim - INFO - Step 100 / 120: time per frame 0.019004
2025-03-18 00:39:16,716 - sim - INFO - Step 110 / 120: time per frame 0.018700
2025-03-18 00:39:16,893 - sim - INFO - MSE: 0.0025292932543955235
2025-03-18 00:39:16,893 - sim - INFO - Materials MSE: 0.002542675758387034
2025-03-18 00:39:16,893 - sim - INFO - Time per frame: 0.018446924322742527
2025-03-18 00:39:16,894 - sim - INFO - Rollout 31 / 300
2025-03-18 00:39:18,257 - sim - INFO - Step 10 / 120: time per frame 0.019350
2025-03-18 00:39:18,616 - sim - INFO - Step 20 / 120: time per frame 0.021560
2025-03-18 00:39:18,868 - sim - INFO - Step 30 / 120: time per frame 0.020855
2025-03-18 00:39:19,113 - sim - INFO - Step 40 / 120: time per frame 0.019909
2025-03-18 00:39:19,351 - sim - INFO - Step 50 / 120: time per frame 0.019679
2025-03-18 00:39:19,639 - sim - INFO - Step 60 / 120: time per frame 0.019902
2025-03-18 00:39:19,879 - sim - INFO - Step 70 / 120: time per frame 0.019713
2025-03-18 00:39:20,128 - sim - INFO - Step 80 / 120: time per frame 0.019678
2025-03-18 00:39:20,373 - sim - INFO - Step 90 / 120: time per frame 0.019592
2025-03-18 00:39:20,614 - sim - INFO - Step 100 / 120: time per frame 0.019543
2025-03-18 00:39:20,850 - sim - INFO - Step 110 / 120: time per frame 0.019464
2025-03-18 00:39:21,069 - sim - INFO - MSE: 0.0024173388039657696
2025-03-18 00:39:21,073 - sim - INFO - Materials MSE: 0.002430128956367705
2025-03-18 00:39:21,073 - sim - INFO - Time per frame: 0.019454802496958586
2025-03-18 00:39:21,074 - sim - INFO - Rollout 32 / 300
2025-03-18 00:39:22,734 - sim - INFO - Step 10 / 120: time per frame 0.028833
2025-03-18 00:39:23,019 - sim - INFO - Step 20 / 120: time per frame 0.022285
2025-03-18 00:39:23,364 - sim - INFO - Step 30 / 120: time per frame 0.021616
2025-03-18 00:39:23,726 - sim - INFO - Step 40 / 120: time per frame 0.022170
2025-03-18 00:39:23,977 - sim - INFO - Step 50 / 120: time per frame 0.021017
2025-03-18 00:39:24,304 - sim - INFO - Step 60 / 120: time per frame 0.020541
2025-03-18 00:39:24,590 - sim - INFO - Step 70 / 120: time per frame 0.020108
2025-03-18 00:39:24,885 - sim - INFO - Step 80 / 120: time per frame 0.020308
2025-03-18 00:39:25,350 - sim - INFO - Step 90 / 120: time per frame 0.021925
2025-03-18 00:39:25,888 - sim - INFO - Step 100 / 120: time per frame 0.023458
2025-03-18 00:39:26,160 - sim - INFO - Step 110 / 120: time per frame 0.023078
2025-03-18 00:39:26,346 - sim - INFO - MSE: 0.0013374772655682645
2025-03-18 00:39:26,346 - sim - INFO - Materials MSE: 0.0013445538648569856
2025-03-18 00:39:26,347 - sim - INFO - Time per frame: 0.022578989045094637
2025-03-18 00:39:26,348 - sim - INFO - Rollout 33 / 300
2025-03-18 00:39:27,726 - sim - INFO - Step 10 / 120: time per frame 0.020751
2025-03-18 00:39:28,074 - sim - INFO - Step 20 / 120: time per frame 0.023412
2025-03-18 00:39:28,433 - sim - INFO - Step 30 / 120: time per frame 0.023433
2025-03-18 00:39:28,832 - sim - INFO - Step 40 / 120: time per frame 0.023313
2025-03-18 00:39:29,179 - sim - INFO - Step 50 / 120: time per frame 0.023686
2025-03-18 00:39:29,672 - sim - INFO - Step 60 / 120: time per frame 0.025130
2025-03-18 00:39:29,999 - sim - INFO - Step 70 / 120: time per frame 0.025016
2025-03-18 00:39:30,212 - sim - INFO - Step 80 / 120: time per frame 0.023884
2025-03-18 00:39:30,538 - sim - INFO - Step 90 / 120: time per frame 0.022917
2025-03-18 00:39:30,769 - sim - INFO - Step 100 / 120: time per frame 0.022158
2025-03-18 00:39:30,993 - sim - INFO - Step 110 / 120: time per frame 0.021462
2025-03-18 00:39:31,622 - sim - INFO - MSE: 0.0010478030056517303
2025-03-18 00:39:31,623 - sim - INFO - Materials MSE: 0.0010533469368985647
2025-03-18 00:39:31,623 - sim - INFO - Time per frame: 0.022696351600905596
2025-03-18 00:39:31,625 - sim - INFO - Rollout 34 / 300
2025-03-18 00:39:33,493 - sim - INFO - Step 10 / 120: time per frame 0.022270
2025-03-18 00:39:33,979 - sim - INFO - Step 20 / 120: time per frame 0.021721
2025-03-18 00:39:34,203 - sim - INFO - Step 30 / 120: time per frame 0.020326
2025-03-18 00:39:34,412 - sim - INFO - Step 40 / 120: time per frame 0.019278
2025-03-18 00:39:34,680 - sim - INFO - Step 50 / 120: time per frame 0.018689
2025-03-18 00:39:34,921 - sim - INFO - Step 60 / 120: time per frame 0.018793
2025-03-18 00:39:35,135 - sim - INFO - Step 70 / 120: time per frame 0.018489
2025-03-18 00:39:35,339 - sim - INFO - Step 80 / 120: time per frame 0.018184
2025-03-18 00:39:35,562 - sim - INFO - Step 90 / 120: time per frame 0.018061
2025-03-18 00:39:35,828 - sim - INFO - Step 100 / 120: time per frame 0.018084
2025-03-18 00:39:36,035 - sim - INFO - Step 110 / 120: time per frame 0.017936
2025-03-18 00:39:36,235 - sim - INFO - MSE: 0.0016086057737038305
2025-03-18 00:39:36,235 - sim - INFO - Materials MSE: 0.0016171169153636387
2025-03-18 00:39:36,235 - sim - INFO - Time per frame: 0.01789718765323445
2025-03-18 00:39:36,236 - sim - INFO - Rollout 35 / 300
2025-03-18 00:39:37,732 - sim - INFO - Step 10 / 120: time per frame 0.018026
2025-03-18 00:39:37,939 - sim - INFO - Step 20 / 120: time per frame 0.016650
2025-03-18 00:39:38,337 - sim - INFO - Step 30 / 120: time per frame 0.017887
2025-03-18 00:39:38,557 - sim - INFO - Step 40 / 120: time per frame 0.017652
2025-03-18 00:39:38,806 - sim - INFO - Step 50 / 120: time per frame 0.017405
2025-03-18 00:39:39,049 - sim - INFO - Step 60 / 120: time per frame 0.017782
2025-03-18 00:39:39,254 - sim - INFO - Step 70 / 120: time per frame 0.017571
2025-03-18 00:39:39,467 - sim - INFO - Step 80 / 120: time per frame 0.017523
2025-03-18 00:39:39,705 - sim - INFO - Step 90 / 120: time per frame 0.017637
2025-03-18 00:39:40,019 - sim - INFO - Step 100 / 120: time per frame 0.018045
2025-03-18 00:39:40,339 - sim - INFO - Step 110 / 120: time per frame 0.018373
2025-03-18 00:39:40,603 - sim - INFO - MSE: 0.0007826412278176079
2025-03-18 00:39:40,603 - sim - INFO - Materials MSE: 0.0007867821866949497
2025-03-18 00:39:40,603 - sim - INFO - Time per frame: 0.018601468053914733
2025-03-18 00:39:40,605 - sim - INFO - Rollout 36 / 300
2025-03-18 00:39:42,165 - sim - INFO - Step 10 / 120: time per frame 0.029091
2025-03-18 00:39:42,407 - sim - INFO - Step 20 / 120: time per frame 0.023349
2025-03-18 00:39:42,643 - sim - INFO - Step 30 / 120: time per frame 0.020462
2025-03-18 00:39:42,985 - sim - INFO - Step 40 / 120: time per frame 0.020652
2025-03-18 00:39:43,228 - sim - INFO - Step 50 / 120: time per frame 0.019623
2025-03-18 00:39:43,428 - sim - INFO - Step 60 / 120: time per frame 0.018844
2025-03-18 00:39:43,616 - sim - INFO - Step 70 / 120: time per frame 0.018183
2025-03-18 00:39:43,936 - sim - INFO - Step 80 / 120: time per frame 0.017982
2025-03-18 00:39:44,136 - sim - INFO - Step 90 / 120: time per frame 0.017643
2025-03-18 00:39:44,367 - sim - INFO - Step 100 / 120: time per frame 0.017349
2025-03-18 00:39:44,711 - sim - INFO - Step 110 / 120: time per frame 0.018067
2025-03-18 00:39:44,989 - sim - INFO - MSE: 0.002469412480403479
2025-03-18 00:39:44,989 - sim - INFO - Materials MSE: 0.0024824781549029683
2025-03-18 00:39:44,989 - sim - INFO - Time per frame: 0.018108018374038956
2025-03-18 00:39:44,990 - sim - INFO - Rollout 37 / 300
2025-03-18 00:39:46,471 - sim - INFO - Step 10 / 120: time per frame 0.016886
2025-03-18 00:39:46,737 - sim - INFO - Step 20 / 120: time per frame 0.016630
2025-03-18 00:39:46,970 - sim - INFO - Step 30 / 120: time per frame 0.017066
2025-03-18 00:39:47,170 - sim - INFO - Step 40 / 120: time per frame 0.016761
2025-03-18 00:39:47,376 - sim - INFO - Step 50 / 120: time per frame 0.016671
2025-03-18 00:39:47,586 - sim - INFO - Step 60 / 120: time per frame 0.016668
2025-03-18 00:39:47,856 - sim - INFO - Step 70 / 120: time per frame 0.017231
2025-03-18 00:39:48,115 - sim - INFO - Step 80 / 120: time per frame 0.017608
2025-03-18 00:39:48,353 - sim - INFO - Step 90 / 120: time per frame 0.017710
2025-03-18 00:39:48,672 - sim - INFO - Step 100 / 120: time per frame 0.017840
2025-03-18 00:39:48,983 - sim - INFO - Step 110 / 120: time per frame 0.018101
2025-03-18 00:39:49,184 - sim - INFO - MSE: 0.0006529266317058003
2025-03-18 00:39:49,184 - sim - INFO - Materials MSE: 0.0006563812699687939
2025-03-18 00:39:49,184 - sim - INFO - Time per frame: 0.017966017884723212
2025-03-18 00:39:49,185 - sim - INFO - Rollout 38 / 300
2025-03-18 00:39:50,749 - sim - INFO - Step 10 / 120: time per frame 0.016703
2025-03-18 00:39:50,966 - sim - INFO - Step 20 / 120: time per frame 0.016891
2025-03-18 00:39:51,225 - sim - INFO - Step 30 / 120: time per frame 0.018209
2025-03-18 00:39:51,428 - sim - INFO - Step 40 / 120: time per frame 0.017679
2025-03-18 00:39:51,758 - sim - INFO - Step 50 / 120: time per frame 0.018946
2025-03-18 00:39:52,050 - sim - INFO - Step 60 / 120: time per frame 0.019258
2025-03-18 00:39:52,319 - sim - INFO - Step 70 / 120: time per frame 0.019284
2025-03-18 00:39:52,777 - sim - INFO - Step 80 / 120: time per frame 0.020758
2025-03-18 00:39:53,025 - sim - INFO - Step 90 / 120: time per frame 0.020171
2025-03-18 00:39:53,249 - sim - INFO - Step 100 / 120: time per frame 0.019750
2025-03-18 00:39:53,492 - sim - INFO - Step 110 / 120: time per frame 0.019486
2025-03-18 00:39:53,675 - sim - INFO - MSE: 0.002395389113652723
2025-03-18 00:39:53,675 - sim - INFO - Materials MSE: 0.002408063130127076
2025-03-18 00:39:53,675 - sim - INFO - Time per frame: 0.019232863086765094
2025-03-18 00:39:53,676 - sim - INFO - Rollout 39 / 300
2025-03-18 00:39:55,386 - sim - INFO - Step 10 / 120: time per frame 0.018101
2025-03-18 00:39:55,684 - sim - INFO - Step 20 / 120: time per frame 0.016707
2025-03-18 00:39:56,033 - sim - INFO - Step 30 / 120: time per frame 0.017441
2025-03-18 00:39:56,366 - sim - INFO - Step 40 / 120: time per frame 0.017600
2025-03-18 00:39:56,656 - sim - INFO - Step 50 / 120: time per frame 0.017055
2025-03-18 00:39:57,045 - sim - INFO - Step 60 / 120: time per frame 0.017417
2025-03-18 00:39:57,473 - sim - INFO - Step 70 / 120: time per frame 0.017908
2025-03-18 00:39:57,846 - sim - INFO - Step 80 / 120: time per frame 0.018057
2025-03-18 00:39:58,190 - sim - INFO - Step 90 / 120: time per frame 0.018695
2025-03-18 00:39:58,556 - sim - INFO - Step 100 / 120: time per frame 0.019284
2025-03-18 00:39:58,786 - sim - INFO - Step 110 / 120: time per frame 0.019174
2025-03-18 00:39:59,037 - sim - INFO - MSE: 0.0021334048023491136
2025-03-18 00:39:59,037 - sim - INFO - Materials MSE: 0.0021446926584461987
2025-03-18 00:39:59,037 - sim - INFO - Time per frame: 0.018929493629326253
2025-03-18 00:39:59,038 - sim - INFO - Rollout 40 / 300
2025-03-18 00:40:00,390 - sim - INFO - Step 10 / 120: time per frame 0.021182
2025-03-18 00:40:00,888 - sim - INFO - Step 20 / 120: time per frame 0.026382
2025-03-18 00:40:01,137 - sim - INFO - Step 30 / 120: time per frame 0.022982
2025-03-18 00:40:01,474 - sim - INFO - Step 40 / 120: time per frame 0.022647
2025-03-18 00:40:01,737 - sim - INFO - Step 50 / 120: time per frame 0.021193
2025-03-18 00:40:02,022 - sim - INFO - Step 60 / 120: time per frame 0.020240
2025-03-18 00:40:02,246 - sim - INFO - Step 70 / 120: time per frame 0.019502
2025-03-18 00:40:02,449 - sim - INFO - Step 80 / 120: time per frame 0.019060
2025-03-18 00:40:02,657 - sim - INFO - Step 90 / 120: time per frame 0.018783
2025-03-18 00:40:02,864 - sim - INFO - Step 100 / 120: time per frame 0.018533
2025-03-18 00:40:03,124 - sim - INFO - Step 110 / 120: time per frame 0.018389
2025-03-18 00:40:03,318 - sim - INFO - MSE: 0.001114575383789051
2025-03-18 00:40:03,318 - sim - INFO - Materials MSE: 0.0011204726080419032
2025-03-18 00:40:03,318 - sim - INFO - Time per frame: 0.018290145922515353
2025-03-18 00:40:03,319 - sim - INFO - Rollout 41 / 300
2025-03-18 00:40:04,584 - sim - INFO - Step 10 / 120: time per frame 0.023852
2025-03-18 00:40:04,879 - sim - INFO - Step 20 / 120: time per frame 0.023828
2025-03-18 00:40:05,239 - sim - INFO - Step 30 / 120: time per frame 0.023308
2025-03-18 00:40:05,634 - sim - INFO - Step 40 / 120: time per frame 0.024009
2025-03-18 00:40:06,002 - sim - INFO - Step 50 / 120: time per frame 0.024658
2025-03-18 00:40:06,473 - sim - INFO - Step 60 / 120: time per frame 0.026749
2025-03-18 00:40:06,683 - sim - INFO - Step 70 / 120: time per frame 0.025290
2025-03-18 00:40:06,903 - sim - INFO - Step 80 / 120: time per frame 0.024037
2025-03-18 00:40:07,105 - sim - INFO - Step 90 / 120: time per frame 0.023040
2025-03-18 00:40:07,312 - sim - INFO - Step 100 / 120: time per frame 0.022378
2025-03-18 00:40:07,518 - sim - INFO - Step 110 / 120: time per frame 0.021845
2025-03-18 00:40:07,719 - sim - INFO - MSE: 0.0009087765231736505
2025-03-18 00:40:07,720 - sim - INFO - Materials MSE: 0.0009135848645661036
2025-03-18 00:40:07,720 - sim - INFO - Time per frame: 0.02151934373176704
2025-03-18 00:40:07,721 - sim - INFO - Rollout 42 / 300
2025-03-18 00:40:08,804 - sim - INFO - Step 10 / 120: time per frame 0.023146
2025-03-18 00:40:09,083 - sim - INFO - Step 20 / 120: time per frame 0.019543
2025-03-18 00:40:09,323 - sim - INFO - Step 30 / 120: time per frame 0.018855
2025-03-18 00:40:09,656 - sim - INFO - Step 40 / 120: time per frame 0.019203
2025-03-18 00:40:10,032 - sim - INFO - Step 50 / 120: time per frame 0.020099
2025-03-18 00:40:10,289 - sim - INFO - Step 60 / 120: time per frame 0.019705
2025-03-18 00:40:10,519 - sim - INFO - Step 70 / 120: time per frame 0.019461
2025-03-18 00:40:10,733 - sim - INFO - Step 80 / 120: time per frame 0.019098
2025-03-18 00:40:10,933 - sim - INFO - Step 90 / 120: time per frame 0.018746
2025-03-18 00:40:11,162 - sim - INFO - Step 100 / 120: time per frame 0.018617
2025-03-18 00:40:11,480 - sim - INFO - Step 110 / 120: time per frame 0.018673
2025-03-18 00:40:11,883 - sim - INFO - MSE: 0.0018960779121804858
2025-03-18 00:40:11,884 - sim - INFO - Materials MSE: 0.0019061100704459908
2025-03-18 00:40:11,884 - sim - INFO - Time per frame: 0.019286386037276962
2025-03-18 00:40:11,885 - sim - INFO - Rollout 43 / 300
2025-03-18 00:40:13,266 - sim - INFO - Step 10 / 120: time per frame 0.016447
2025-03-18 00:40:13,497 - sim - INFO - Step 20 / 120: time per frame 0.016096
2025-03-18 00:40:13,803 - sim - INFO - Step 30 / 120: time per frame 0.016275
2025-03-18 00:40:14,184 - sim - INFO - Step 40 / 120: time per frame 0.017111
2025-03-18 00:40:14,443 - sim - INFO - Step 50 / 120: time per frame 0.016927
2025-03-18 00:40:14,717 - sim - INFO - Step 60 / 120: time per frame 0.016799
2025-03-18 00:40:15,009 - sim - INFO - Step 70 / 120: time per frame 0.016791
2025-03-18 00:40:15,359 - sim - INFO - Step 80 / 120: time per frame 0.016865
2025-03-18 00:40:15,713 - sim - INFO - Step 90 / 120: time per frame 0.018055
2025-03-18 00:40:16,068 - sim - INFO - Step 100 / 120: time per frame 0.018706
2025-03-18 00:40:16,300 - sim - INFO - Step 110 / 120: time per frame 0.018617
2025-03-18 00:40:16,662 - sim - INFO - MSE: 0.0011025761552745756
2025-03-18 00:40:16,662 - sim - INFO - Materials MSE: 0.0011084098915458696
2025-03-18 00:40:16,662 - sim - INFO - Time per frame: 0.01847092377937446
2025-03-18 00:40:16,663 - sim - INFO - Rollout 44 / 300
2025-03-18 00:40:18,748 - sim - INFO - Step 10 / 120: time per frame 0.040732
2025-03-18 00:40:19,093 - sim - INFO - Step 20 / 120: time per frame 0.032287
2025-03-18 00:40:19,393 - sim - INFO - Step 30 / 120: time per frame 0.028537
2025-03-18 00:40:19,644 - sim - INFO - Step 40 / 120: time per frame 0.026276
2025-03-18 00:40:19,983 - sim - INFO - Step 50 / 120: time per frame 0.026177
2025-03-18 00:40:20,413 - sim - INFO - Step 60 / 120: time per frame 0.026450
2025-03-18 00:40:20,788 - sim - INFO - Step 70 / 120: time per frame 0.026566
2025-03-18 00:40:21,055 - sim - INFO - Step 80 / 120: time per frame 0.025103
2025-03-18 00:40:21,500 - sim - INFO - Step 90 / 120: time per frame 0.024228
2025-03-18 00:40:21,715 - sim - INFO - Step 100 / 120: time per frame 0.023235
2025-03-18 00:40:22,057 - sim - INFO - Step 110 / 120: time per frame 0.022764
2025-03-18 00:40:22,454 - sim - INFO - MSE: 0.0009679758032386234
2025-03-18 00:40:22,455 - sim - INFO - Materials MSE: 0.0009730973683351238
2025-03-18 00:40:22,455 - sim - INFO - Time per frame: 0.0226715661711612
2025-03-18 00:40:22,456 - sim - INFO - Rollout 45 / 300
2025-03-18 00:40:23,688 - sim - INFO - Step 10 / 120: time per frame 0.014301
2025-03-18 00:40:23,984 - sim - INFO - Step 20 / 120: time per frame 0.014748
2025-03-18 00:40:24,253 - sim - INFO - Step 30 / 120: time per frame 0.015136
2025-03-18 00:40:24,540 - sim - INFO - Step 40 / 120: time per frame 0.015758
2025-03-18 00:40:24,776 - sim - INFO - Step 50 / 120: time per frame 0.015304
2025-03-18 00:40:24,999 - sim - INFO - Step 60 / 120: time per frame 0.015396
2025-03-18 00:40:25,344 - sim - INFO - Step 70 / 120: time per frame 0.015791
2025-03-18 00:40:25,605 - sim - INFO - Step 80 / 120: time per frame 0.015900
2025-03-18 00:40:25,796 - sim - INFO - Step 90 / 120: time per frame 0.015728
2025-03-18 00:40:26,025 - sim - INFO - Step 100 / 120: time per frame 0.015881
2025-03-18 00:40:26,417 - sim - INFO - Step 110 / 120: time per frame 0.016035
2025-03-18 00:40:26,745 - sim - INFO - MSE: 0.0016570574374033442
2025-03-18 00:40:26,745 - sim - INFO - Materials MSE: 0.001665824937072145
2025-03-18 00:40:26,745 - sim - INFO - Time per frame: 0.016280810711747508
2025-03-18 00:40:26,746 - sim - INFO - Rollout 46 / 300
2025-03-18 00:40:28,527 - sim - INFO - Step 10 / 120: time per frame 0.036045
2025-03-18 00:40:28,744 - sim - INFO - Step 20 / 120: time per frame 0.025271
2025-03-18 00:40:28,953 - sim - INFO - Step 30 / 120: time per frame 0.022175
2025-03-18 00:40:29,160 - sim - INFO - Step 40 / 120: time per frame 0.020729
2025-03-18 00:40:29,376 - sim - INFO - Step 50 / 120: time per frame 0.019992
2025-03-18 00:40:29,615 - sim - INFO - Step 60 / 120: time per frame 0.019537
2025-03-18 00:40:29,831 - sim - INFO - Step 70 / 120: time per frame 0.019200
2025-03-18 00:40:30,086 - sim - INFO - Step 80 / 120: time per frame 0.019090
2025-03-18 00:40:30,339 - sim - INFO - Step 90 / 120: time per frame 0.018818
2025-03-18 00:40:30,576 - sim - INFO - Step 100 / 120: time per frame 0.018664
2025-03-18 00:40:30,859 - sim - INFO - Step 110 / 120: time per frame 0.018928
2025-03-18 00:40:31,173 - sim - INFO - MSE: 0.0015869385966750396
2025-03-18 00:40:31,174 - sim - INFO - Materials MSE: 0.001595335097186548
2025-03-18 00:40:31,174 - sim - INFO - Time per frame: 0.019543037576190497
2025-03-18 00:40:31,175 - sim - INFO - Rollout 47 / 300
2025-03-18 00:40:32,530 - sim - INFO - Step 10 / 120: time per frame 0.019005
2025-03-18 00:40:32,740 - sim - INFO - Step 20 / 120: time per frame 0.017747
2025-03-18 00:40:32,944 - sim - INFO - Step 30 / 120: time per frame 0.016823
2025-03-18 00:40:33,213 - sim - INFO - Step 40 / 120: time per frame 0.016859
2025-03-18 00:40:33,403 - sim - INFO - Step 50 / 120: time per frame 0.016461
2025-03-18 00:40:33,623 - sim - INFO - Step 60 / 120: time per frame 0.016426
2025-03-18 00:40:33,835 - sim - INFO - Step 70 / 120: time per frame 0.016440
2025-03-18 00:40:34,145 - sim - INFO - Step 80 / 120: time per frame 0.017085
2025-03-18 00:40:34,351 - sim - INFO - Step 90 / 120: time per frame 0.017010
2025-03-18 00:40:34,605 - sim - INFO - Step 100 / 120: time per frame 0.016910
2025-03-18 00:40:34,817 - sim - INFO - Step 110 / 120: time per frame 0.016895
2025-03-18 00:40:35,216 - sim - INFO - MSE: 0.0017539200435835226
2025-03-18 00:40:35,216 - sim - INFO - Materials MSE: 0.001763200043814123
2025-03-18 00:40:35,217 - sim - INFO - Time per frame: 0.017776125568454548
2025-03-18 00:40:35,217 - sim - INFO - Rollout 48 / 300
2025-03-18 00:40:36,540 - sim - INFO - Step 10 / 120: time per frame 0.021073
2025-03-18 00:40:36,752 - sim - INFO - Step 20 / 120: time per frame 0.018729
2025-03-18 00:40:36,963 - sim - INFO - Step 30 / 120: time per frame 0.017658
2025-03-18 00:40:37,164 - sim - INFO - Step 40 / 120: time per frame 0.016938
2025-03-18 00:40:37,358 - sim - INFO - Step 50 / 120: time per frame 0.016347
2025-03-18 00:40:37,660 - sim - INFO - Step 60 / 120: time per frame 0.016254
2025-03-18 00:40:37,980 - sim - INFO - Step 70 / 120: time per frame 0.016287
2025-03-18 00:40:38,294 - sim - INFO - Step 80 / 120: time per frame 0.016245
2025-03-18 00:40:38,511 - sim - INFO - Step 90 / 120: time per frame 0.016325
2025-03-18 00:40:38,759 - sim - INFO - Step 100 / 120: time per frame 0.016476
2025-03-18 00:40:39,091 - sim - INFO - Step 110 / 120: time per frame 0.016934
2025-03-18 00:40:39,295 - sim - INFO - MSE: 0.0017839280749830726
2025-03-18 00:40:39,295 - sim - INFO - Materials MSE: 0.0017933668478665812
2025-03-18 00:40:39,295 - sim - INFO - Time per frame: 0.016845553608263952
2025-03-18 00:40:39,296 - sim - INFO - Rollout 49 / 300
2025-03-18 00:40:41,013 - sim - INFO - Step 10 / 120: time per frame 0.025907
2025-03-18 00:40:41,228 - sim - INFO - Step 20 / 120: time per frame 0.020991
2025-03-18 00:40:41,447 - sim - INFO - Step 30 / 120: time per frame 0.019725
2025-03-18 00:40:41,668 - sim - INFO - Step 40 / 120: time per frame 0.018980
2025-03-18 00:40:41,963 - sim - INFO - Step 50 / 120: time per frame 0.019635
2025-03-18 00:40:42,289 - sim - INFO - Step 60 / 120: time per frame 0.019745
2025-03-18 00:40:42,637 - sim - INFO - Step 70 / 120: time per frame 0.019442
2025-03-18 00:40:42,983 - sim - INFO - Step 80 / 120: time per frame 0.019441
2025-03-18 00:40:43,329 - sim - INFO - Step 90 / 120: time per frame 0.019733
2025-03-18 00:40:43,547 - sim - INFO - Step 100 / 120: time per frame 0.019385
2025-03-18 00:40:43,809 - sim - INFO - Step 110 / 120: time per frame 0.019211
2025-03-18 00:40:44,094 - sim - INFO - MSE: 0.0017016508253945685
2025-03-18 00:40:44,095 - sim - INFO - Materials MSE: 0.0017106542689151749
2025-03-18 00:40:44,095 - sim - INFO - Time per frame: 0.01893210209022134
2025-03-18 00:40:44,096 - sim - INFO - Rollout 50 / 300
2025-03-18 00:40:45,781 - sim - INFO - Step 10 / 120: time per frame 0.017500
2025-03-18 00:40:46,008 - sim - INFO - Step 20 / 120: time per frame 0.018077
2025-03-18 00:40:46,248 - sim - INFO - Step 30 / 120: time per frame 0.017341
2025-03-18 00:40:46,447 - sim - INFO - Step 40 / 120: time per frame 0.016896
2025-03-18 00:40:46,740 - sim - INFO - Step 50 / 120: time per frame 0.017335
2025-03-18 00:40:47,285 - sim - INFO - Step 60 / 120: time per frame 0.019753
2025-03-18 00:40:47,530 - sim - INFO - Step 70 / 120: time per frame 0.019490
2025-03-18 00:40:47,774 - sim - INFO - Step 80 / 120: time per frame 0.019148
2025-03-18 00:40:47,979 - sim - INFO - Step 90 / 120: time per frame 0.018821
2025-03-18 00:40:48,293 - sim - INFO - Step 100 / 120: time per frame 0.019056
2025-03-18 00:40:48,644 - sim - INFO - Step 110 / 120: time per frame 0.019442
2025-03-18 00:40:48,866 - sim - INFO - MSE: 0.0022247584768333027
2025-03-18 00:40:48,867 - sim - INFO - Materials MSE: 0.002236529685705437
2025-03-18 00:40:48,867 - sim - INFO - Time per frame: 0.01939173674179336
2025-03-18 00:40:48,868 - sim - INFO - Rollout 51 / 300
2025-03-18 00:40:49,908 - sim - INFO - Step 10 / 120: time per frame 0.016044
2025-03-18 00:40:50,215 - sim - INFO - Step 20 / 120: time per frame 0.018738
2025-03-18 00:40:50,506 - sim - INFO - Step 30 / 120: time per frame 0.018675
2025-03-18 00:40:50,741 - sim - INFO - Step 40 / 120: time per frame 0.018674
2025-03-18 00:40:51,046 - sim - INFO - Step 50 / 120: time per frame 0.019344
2025-03-18 00:40:51,318 - sim - INFO - Step 60 / 120: time per frame 0.019261
2025-03-18 00:40:51,604 - sim - INFO - Step 70 / 120: time per frame 0.018945
2025-03-18 00:40:51,860 - sim - INFO - Step 80 / 120: time per frame 0.018731
2025-03-18 00:40:52,097 - sim - INFO - Step 90 / 120: time per frame 0.018333
2025-03-18 00:40:52,344 - sim - INFO - Step 100 / 120: time per frame 0.018103
2025-03-18 00:40:52,659 - sim - INFO - Step 110 / 120: time per frame 0.017966
2025-03-18 00:40:52,993 - sim - INFO - MSE: 0.001511273949972662
2025-03-18 00:40:52,994 - sim - INFO - Materials MSE: 0.001519270108438126
2025-03-18 00:40:52,994 - sim - INFO - Time per frame: 0.01823680481668246
2025-03-18 00:40:52,995 - sim - INFO - Rollout 52 / 300
2025-03-18 00:40:54,107 - sim - INFO - Step 10 / 120: time per frame 0.016749
2025-03-18 00:40:54,325 - sim - INFO - Step 20 / 120: time per frame 0.016662
2025-03-18 00:40:54,537 - sim - INFO - Step 30 / 120: time per frame 0.016107
2025-03-18 00:40:54,787 - sim - INFO - Step 40 / 120: time per frame 0.015858
2025-03-18 00:40:55,106 - sim - INFO - Step 50 / 120: time per frame 0.015699
2025-03-18 00:40:55,364 - sim - INFO - Step 60 / 120: time per frame 0.015821
2025-03-18 00:40:55,590 - sim - INFO - Step 70 / 120: time per frame 0.016169
2025-03-18 00:40:55,936 - sim - INFO - Step 80 / 120: time per frame 0.016484
2025-03-18 00:40:56,299 - sim - INFO - Step 90 / 120: time per frame 0.017273
2025-03-18 00:40:56,537 - sim - INFO - Step 100 / 120: time per frame 0.017199
2025-03-18 00:40:56,806 - sim - INFO - Step 110 / 120: time per frame 0.017287
2025-03-18 00:40:57,039 - sim - INFO - MSE: 0.0021879398471769825
2025-03-18 00:40:57,040 - sim - INFO - Materials MSE: 0.0021995162484847973
2025-03-18 00:40:57,040 - sim - INFO - Time per frame: 0.017330345460924053
2025-03-18 00:40:57,041 - sim - INFO - Rollout 53 / 300
2025-03-18 00:40:58,529 - sim - INFO - Step 10 / 120: time per frame 0.016661
2025-03-18 00:40:58,764 - sim - INFO - Step 20 / 120: time per frame 0.016156
2025-03-18 00:40:59,046 - sim - INFO - Step 30 / 120: time per frame 0.017125
2025-03-18 00:40:59,368 - sim - INFO - Step 40 / 120: time per frame 0.018491
2025-03-18 00:40:59,660 - sim - INFO - Step 50 / 120: time per frame 0.018321
2025-03-18 00:40:59,975 - sim - INFO - Step 60 / 120: time per frame 0.018551
2025-03-18 00:41:00,255 - sim - INFO - Step 70 / 120: time per frame 0.018559
2025-03-18 00:41:00,497 - sim - INFO - Step 80 / 120: time per frame 0.018431
2025-03-18 00:41:00,732 - sim - INFO - Step 90 / 120: time per frame 0.018280
2025-03-18 00:41:00,999 - sim - INFO - Step 100 / 120: time per frame 0.018197
2025-03-18 00:41:01,209 - sim - INFO - Step 110 / 120: time per frame 0.018050
2025-03-18 00:41:01,398 - sim - INFO - MSE: 0.00123367536249522
2025-03-18 00:41:01,398 - sim - INFO - Materials MSE: 0.001240202745365565
2025-03-18 00:41:01,398 - sim - INFO - Time per frame: 0.017954533382997673
2025-03-18 00:41:01,400 - sim - INFO - Rollout 54 / 300
2025-03-18 00:41:02,772 - sim - INFO - Step 10 / 120: time per frame 0.018054
2025-03-18 00:41:03,048 - sim - INFO - Step 20 / 120: time per frame 0.018147
2025-03-18 00:41:03,258 - sim - INFO - Step 30 / 120: time per frame 0.017529
2025-03-18 00:41:03,473 - sim - INFO - Step 40 / 120: time per frame 0.017312
2025-03-18 00:41:03,692 - sim - INFO - Step 50 / 120: time per frame 0.017275
2025-03-18 00:41:03,907 - sim - INFO - Step 60 / 120: time per frame 0.017271
2025-03-18 00:41:04,312 - sim - INFO - Step 70 / 120: time per frame 0.018851
2025-03-18 00:41:04,690 - sim - INFO - Step 80 / 120: time per frame 0.018725
2025-03-18 00:41:04,990 - sim - INFO - Step 90 / 120: time per frame 0.018918
2025-03-18 00:41:05,209 - sim - INFO - Step 100 / 120: time per frame 0.018734
2025-03-18 00:41:05,437 - sim - INFO - Step 110 / 120: time per frame 0.018676
2025-03-18 00:41:05,676 - sim - INFO - MSE: 0.0033299155029156186
2025-03-18 00:41:05,677 - sim - INFO - Materials MSE: 0.003347534103460145
2025-03-18 00:41:05,677 - sim - INFO - Time per frame: 0.018755581419346697
2025-03-18 00:41:05,678 - sim - INFO - Rollout 55 / 300
2025-03-18 00:41:06,756 - sim - INFO - Step 10 / 120: time per frame 0.015725
2025-03-18 00:41:06,986 - sim - INFO - Step 20 / 120: time per frame 0.015075
2025-03-18 00:41:07,237 - sim - INFO - Step 30 / 120: time per frame 0.015215
2025-03-18 00:41:07,481 - sim - INFO - Step 40 / 120: time per frame 0.016233
2025-03-18 00:41:07,713 - sim - INFO - Step 50 / 120: time per frame 0.016718
2025-03-18 00:41:07,975 - sim - INFO - Step 60 / 120: time per frame 0.016460
2025-03-18 00:41:08,306 - sim - INFO - Step 70 / 120: time per frame 0.016546
2025-03-18 00:41:08,522 - sim - INFO - Step 80 / 120: time per frame 0.016615
2025-03-18 00:41:08,734 - sim - INFO - Step 90 / 120: time per frame 0.016643
2025-03-18 00:41:08,940 - sim - INFO - Step 100 / 120: time per frame 0.016622
2025-03-18 00:41:09,182 - sim - INFO - Step 110 / 120: time per frame 0.016664
2025-03-18 00:41:09,381 - sim - INFO - MSE: 0.002109135422303749
2025-03-18 00:41:09,381 - sim - INFO - Materials MSE: 0.002120294868982604
2025-03-18 00:41:09,381 - sim - INFO - Time per frame: 0.01670296111349332
2025-03-18 00:41:09,382 - sim - INFO - Rollout 56 / 300
2025-03-18 00:41:10,532 - sim - INFO - Step 10 / 120: time per frame 0.017096
2025-03-18 00:41:10,888 - sim - INFO - Step 20 / 120: time per frame 0.017528
2025-03-18 00:41:11,175 - sim - INFO - Step 30 / 120: time per frame 0.017866
2025-03-18 00:41:11,519 - sim - INFO - Step 40 / 120: time per frame 0.018365
2025-03-18 00:41:11,968 - sim - INFO - Step 50 / 120: time per frame 0.021182
2025-03-18 00:41:12,358 - sim - INFO - Step 60 / 120: time per frame 0.022444
2025-03-18 00:41:12,628 - sim - INFO - Step 70 / 120: time per frame 0.022296
2025-03-18 00:41:13,044 - sim - INFO - Step 80 / 120: time per frame 0.023476
2025-03-18 00:41:13,333 - sim - INFO - Step 90 / 120: time per frame 0.023349
2025-03-18 00:41:13,708 - sim - INFO - Step 100 / 120: time per frame 0.023157
2025-03-18 00:41:14,189 - sim - INFO - Step 110 / 120: time per frame 0.022995
2025-03-18 00:41:14,477 - sim - INFO - MSE: 0.0006190720840314571
2025-03-18 00:41:14,477 - sim - INFO - Materials MSE: 0.0006223475977035811
2025-03-18 00:41:14,477 - sim - INFO - Time per frame: 0.022673766491776805
2025-03-18 00:41:14,478 - sim - INFO - Rollout 57 / 300
2025-03-18 00:41:16,085 - sim - INFO - Step 10 / 120: time per frame 0.020346
2025-03-18 00:41:16,358 - sim - INFO - Step 20 / 120: time per frame 0.019876
2025-03-18 00:41:16,672 - sim - INFO - Step 30 / 120: time per frame 0.020054
2025-03-18 00:41:16,976 - sim - INFO - Step 40 / 120: time per frame 0.019942
2025-03-18 00:41:17,409 - sim - INFO - Step 50 / 120: time per frame 0.021452
2025-03-18 00:41:17,688 - sim - INFO - Step 60 / 120: time per frame 0.021324
2025-03-18 00:41:17,941 - sim - INFO - Step 70 / 120: time per frame 0.020487
2025-03-18 00:41:18,158 - sim - INFO - Step 80 / 120: time per frame 0.020030
2025-03-18 00:41:18,407 - sim - INFO - Step 90 / 120: time per frame 0.019753
2025-03-18 00:41:18,611 - sim - INFO - Step 100 / 120: time per frame 0.019376
2025-03-18 00:41:18,817 - sim - INFO - Step 110 / 120: time per frame 0.019105
2025-03-18 00:41:18,995 - sim - INFO - MSE: 0.0016651422368958039
2025-03-18 00:41:18,995 - sim - INFO - Materials MSE: 0.0016739525132814963
2025-03-18 00:41:18,996 - sim - INFO - Time per frame: 0.018846618927131267
2025-03-18 00:41:18,997 - sim - INFO - Rollout 58 / 300
2025-03-18 00:41:20,493 - sim - INFO - Step 10 / 120: time per frame 0.018813
2025-03-18 00:41:20,708 - sim - INFO - Step 20 / 120: time per frame 0.017100
2025-03-18 00:41:20,902 - sim - INFO - Step 30 / 120: time per frame 0.016444
2025-03-18 00:41:21,188 - sim - INFO - Step 40 / 120: time per frame 0.017988
2025-03-18 00:41:21,454 - sim - INFO - Step 50 / 120: time per frame 0.017995
2025-03-18 00:41:21,804 - sim - INFO - Step 60 / 120: time per frame 0.019027
2025-03-18 00:41:22,089 - sim - INFO - Step 70 / 120: time per frame 0.019423
2025-03-18 00:41:22,423 - sim - INFO - Step 80 / 120: time per frame 0.019602
2025-03-18 00:41:22,786 - sim - INFO - Step 90 / 120: time per frame 0.020160
2025-03-18 00:41:22,994 - sim - INFO - Step 100 / 120: time per frame 0.019814
2025-03-18 00:41:23,236 - sim - INFO - Step 110 / 120: time per frame 0.019277
2025-03-18 00:41:23,464 - sim - INFO - MSE: 0.0011092240144999206
2025-03-18 00:41:23,464 - sim - INFO - Materials MSE: 0.0011150929246295496
2025-03-18 00:41:23,464 - sim - INFO - Time per frame: 0.01892460402795824
2025-03-18 00:41:23,465 - sim - INFO - Rollout 59 / 300
2025-03-18 00:41:24,671 - sim - INFO - Step 10 / 120: time per frame 0.015531
2025-03-18 00:41:24,886 - sim - INFO - Step 20 / 120: time per frame 0.016338
2025-03-18 00:41:25,135 - sim - INFO - Step 30 / 120: time per frame 0.017025
2025-03-18 00:41:25,378 - sim - INFO - Step 40 / 120: time per frame 0.016869
2025-03-18 00:41:25,672 - sim - INFO - Step 50 / 120: time per frame 0.016527
2025-03-18 00:41:26,000 - sim - INFO - Step 60 / 120: time per frame 0.017146
2025-03-18 00:41:26,436 - sim - INFO - Step 70 / 120: time per frame 0.017211
2025-03-18 00:41:26,821 - sim - INFO - Step 80 / 120: time per frame 0.017394
2025-03-18 00:41:27,108 - sim - INFO - Step 90 / 120: time per frame 0.017519
2025-03-18 00:41:27,407 - sim - INFO - Step 100 / 120: time per frame 0.017538
2025-03-18 00:41:27,692 - sim - INFO - Step 110 / 120: time per frame 0.017434
2025-03-18 00:41:28,020 - sim - INFO - MSE: 0.0006910358316205978
2025-03-18 00:41:28,021 - sim - INFO - Materials MSE: 0.0006946921058619767
2025-03-18 00:41:28,021 - sim - INFO - Time per frame: 0.017556095527390302
2025-03-18 00:41:28,022 - sim - INFO - Rollout 60 / 300
2025-03-18 00:41:29,424 - sim - INFO - Step 10 / 120: time per frame 0.031232
2025-03-18 00:41:29,788 - sim - INFO - Step 20 / 120: time per frame 0.026182
2025-03-18 00:41:30,074 - sim - INFO - Step 30 / 120: time per frame 0.022673
2025-03-18 00:41:30,284 - sim - INFO - Step 40 / 120: time per frame 0.021142
2025-03-18 00:41:30,538 - sim - INFO - Step 50 / 120: time per frame 0.020508
2025-03-18 00:41:30,796 - sim - INFO - Step 60 / 120: time per frame 0.020203
2025-03-18 00:41:31,123 - sim - INFO - Step 70 / 120: time per frame 0.020064
2025-03-18 00:41:31,386 - sim - INFO - Step 80 / 120: time per frame 0.019568
2025-03-18 00:41:31,696 - sim - INFO - Step 90 / 120: time per frame 0.019161
2025-03-18 00:41:31,939 - sim - INFO - Step 100 / 120: time per frame 0.018932
2025-03-18 00:41:32,255 - sim - INFO - Step 110 / 120: time per frame 0.019335
2025-03-18 00:41:32,533 - sim - INFO - MSE: 0.0022328006861888085
2025-03-18 00:41:32,533 - sim - INFO - Materials MSE: 0.0022446144464331936
2025-03-18 00:41:32,533 - sim - INFO - Time per frame: 0.019431847636982545
2025-03-18 00:41:32,534 - sim - INFO - Rollout 61 / 300
2025-03-18 00:41:34,065 - sim - INFO - Step 10 / 120: time per frame 0.023159
2025-03-18 00:41:34,421 - sim - INFO - Step 20 / 120: time per frame 0.022688
2025-03-18 00:41:34,744 - sim - INFO - Step 30 / 120: time per frame 0.022689
2025-03-18 00:41:35,077 - sim - INFO - Step 40 / 120: time per frame 0.022455
2025-03-18 00:41:35,428 - sim - INFO - Step 50 / 120: time per frame 0.022752
2025-03-18 00:41:35,675 - sim - INFO - Step 60 / 120: time per frame 0.021700
2025-03-18 00:41:36,019 - sim - INFO - Step 70 / 120: time per frame 0.021103
2025-03-18 00:41:36,291 - sim - INFO - Step 80 / 120: time per frame 0.020806
2025-03-18 00:41:36,544 - sim - INFO - Step 90 / 120: time per frame 0.020114
2025-03-18 00:41:36,767 - sim - INFO - Step 100 / 120: time per frame 0.019545
2025-03-18 00:41:36,980 - sim - INFO - Step 110 / 120: time per frame 0.019038
2025-03-18 00:41:37,203 - sim - INFO - MSE: 0.002352440796871182
2025-03-18 00:41:37,203 - sim - INFO - Materials MSE: 0.0023648875735742046
2025-03-18 00:41:37,203 - sim - INFO - Time per frame: 0.018799357495065463
2025-03-18 00:41:37,204 - sim - INFO - Rollout 62 / 300
2025-03-18 00:41:38,758 - sim - INFO - Step 10 / 120: time per frame 0.027568
2025-03-18 00:41:38,980 - sim - INFO - Step 20 / 120: time per frame 0.021692
2025-03-18 00:41:39,186 - sim - INFO - Step 30 / 120: time per frame 0.019822
2025-03-18 00:41:39,386 - sim - INFO - Step 40 / 120: time per frame 0.018814
2025-03-18 00:41:39,634 - sim - INFO - Step 50 / 120: time per frame 0.018656
2025-03-18 00:41:39,838 - sim - INFO - Step 60 / 120: time per frame 0.018156
2025-03-18 00:41:40,038 - sim - INFO - Step 70 / 120: time per frame 0.017830
2025-03-18 00:41:40,245 - sim - INFO - Step 80 / 120: time per frame 0.017618
2025-03-18 00:41:40,448 - sim - INFO - Step 90 / 120: time per frame 0.017443
2025-03-18 00:41:40,740 - sim - INFO - Step 100 / 120: time per frame 0.017754
2025-03-18 00:41:41,016 - sim - INFO - Step 110 / 120: time per frame 0.017780
2025-03-18 00:41:41,286 - sim - INFO - MSE: 0.0010432858327986707
2025-03-18 00:41:41,286 - sim - INFO - Materials MSE: 0.0010488058636600392
2025-03-18 00:41:41,286 - sim - INFO - Time per frame: 0.018155623290498378
2025-03-18 00:41:41,287 - sim - INFO - Rollout 63 / 300
2025-03-18 00:41:42,661 - sim - INFO - Step 10 / 120: time per frame 0.018772
2025-03-18 00:41:42,921 - sim - INFO - Step 20 / 120: time per frame 0.019689
2025-03-18 00:41:43,160 - sim - INFO - Step 30 / 120: time per frame 0.019311
2025-03-18 00:41:43,372 - sim - INFO - Step 40 / 120: time per frame 0.018390
2025-03-18 00:41:43,777 - sim - INFO - Step 50 / 120: time per frame 0.018669
2025-03-18 00:41:43,992 - sim - INFO - Step 60 / 120: time per frame 0.018198
2025-03-18 00:41:44,268 - sim - INFO - Step 70 / 120: time per frame 0.018235
2025-03-18 00:41:44,551 - sim - INFO - Step 80 / 120: time per frame 0.018727
2025-03-18 00:41:44,881 - sim - INFO - Step 90 / 120: time per frame 0.018783
2025-03-18 00:41:45,294 - sim - INFO - Step 100 / 120: time per frame 0.018838
2025-03-18 00:41:45,600 - sim - INFO - Step 110 / 120: time per frame 0.018727
2025-03-18 00:41:45,842 - sim - INFO - MSE: 0.0010658186816482795
2025-03-18 00:41:45,842 - sim - INFO - Materials MSE: 0.0010714579339321329
2025-03-18 00:41:45,843 - sim - INFO - Time per frame: 0.018551557751025183
2025-03-18 00:41:45,844 - sim - INFO - Rollout 64 / 300
2025-03-18 00:41:47,244 - sim - INFO - Step 10 / 120: time per frame 0.014890
2025-03-18 00:41:47,624 - sim - INFO - Step 20 / 120: time per frame 0.018557
2025-03-18 00:41:48,012 - sim - INFO - Step 30 / 120: time per frame 0.021257
2025-03-18 00:41:48,352 - sim - INFO - Step 40 / 120: time per frame 0.022415
2025-03-18 00:41:48,650 - sim - INFO - Step 50 / 120: time per frame 0.021770
2025-03-18 00:41:48,966 - sim - INFO - Step 60 / 120: time per frame 0.020796
2025-03-18 00:41:49,280 - sim - INFO - Step 70 / 120: time per frame 0.020353
2025-03-18 00:41:49,722 - sim - INFO - Step 80 / 120: time per frame 0.020486
2025-03-18 00:41:50,007 - sim - INFO - Step 90 / 120: time per frame 0.020181
2025-03-18 00:41:50,332 - sim - INFO - Step 100 / 120: time per frame 0.020275
2025-03-18 00:41:50,544 - sim - INFO - Step 110 / 120: time per frame 0.019858
2025-03-18 00:41:50,795 - sim - INFO - MSE: 0.0037694158617233536
2025-03-18 00:41:50,795 - sim - INFO - Materials MSE: 0.0037893598609917314
2025-03-18 00:41:50,795 - sim - INFO - Time per frame: 0.019778492087024754
2025-03-18 00:41:50,796 - sim - INFO - Rollout 65 / 300
2025-03-18 00:41:52,029 - sim - INFO - Step 10 / 120: time per frame 0.016179
2025-03-18 00:41:52,424 - sim - INFO - Step 20 / 120: time per frame 0.023111
2025-03-18 00:41:52,856 - sim - INFO - Step 30 / 120: time per frame 0.026279
2025-03-18 00:41:53,191 - sim - INFO - Step 40 / 120: time per frame 0.025189
2025-03-18 00:41:53,503 - sim - INFO - Step 50 / 120: time per frame 0.024937
2025-03-18 00:41:53,822 - sim - INFO - Step 60 / 120: time per frame 0.024353
2025-03-18 00:41:54,029 - sim - INFO - Step 70 / 120: time per frame 0.023068
2025-03-18 00:41:54,354 - sim - INFO - Step 80 / 120: time per frame 0.022396
2025-03-18 00:41:54,649 - sim - INFO - Step 90 / 120: time per frame 0.021840
2025-03-18 00:41:54,988 - sim - INFO - Step 100 / 120: time per frame 0.021795
2025-03-18 00:41:55,284 - sim - INFO - Step 110 / 120: time per frame 0.021777
2025-03-18 00:41:55,478 - sim - INFO - MSE: 0.0016672633846173159
2025-03-18 00:41:55,478 - sim - INFO - Materials MSE: 0.0016760848840068252
2025-03-18 00:41:55,478 - sim - INFO - Time per frame: 0.021311828645609193
2025-03-18 00:41:55,479 - sim - INFO - Rollout 66 / 300
2025-03-18 00:41:56,783 - sim - INFO - Step 10 / 120: time per frame 0.024827
2025-03-18 00:41:57,086 - sim - INFO - Step 20 / 120: time per frame 0.023184
2025-03-18 00:41:57,449 - sim - INFO - Step 30 / 120: time per frame 0.024199
2025-03-18 00:41:57,782 - sim - INFO - Step 40 / 120: time per frame 0.024002
2025-03-18 00:41:58,167 - sim - INFO - Step 50 / 120: time per frame 0.023868
2025-03-18 00:41:58,519 - sim - INFO - Step 60 / 120: time per frame 0.023928
2025-03-18 00:41:58,921 - sim - INFO - Step 70 / 120: time per frame 0.024764
2025-03-18 00:41:59,275 - sim - INFO - Step 80 / 120: time per frame 0.024814
2025-03-18 00:41:59,527 - sim - INFO - Step 90 / 120: time per frame 0.024278
2025-03-18 00:41:59,732 - sim - INFO - Step 100 / 120: time per frame 0.023192
2025-03-18 00:42:00,111 - sim - INFO - Step 110 / 120: time per frame 0.023404
2025-03-18 00:42:00,409 - sim - INFO - MSE: 0.0006850356511384467
2025-03-18 00:42:00,409 - sim - INFO - Materials MSE: 0.0006886601783931475
2025-03-18 00:42:00,410 - sim - INFO - Time per frame: 0.022959284863229526
2025-03-18 00:42:00,411 - sim - INFO - Rollout 67 / 300
2025-03-18 00:42:02,445 - sim - INFO - Step 10 / 120: time per frame 0.020659
2025-03-18 00:42:02,708 - sim - INFO - Step 20 / 120: time per frame 0.019102
2025-03-18 00:42:03,128 - sim - INFO - Step 30 / 120: time per frame 0.020183
2025-03-18 00:42:03,393 - sim - INFO - Step 40 / 120: time per frame 0.019459
2025-03-18 00:42:03,647 - sim - INFO - Step 50 / 120: time per frame 0.019065
2025-03-18 00:42:03,874 - sim - INFO - Step 60 / 120: time per frame 0.018807
2025-03-18 00:42:04,108 - sim - INFO - Step 70 / 120: time per frame 0.018613
2025-03-18 00:42:04,387 - sim - INFO - Step 80 / 120: time per frame 0.018354
2025-03-18 00:42:04,726 - sim - INFO - Step 90 / 120: time per frame 0.018274
2025-03-18 00:42:05,162 - sim - INFO - Step 100 / 120: time per frame 0.018945
2025-03-18 00:42:05,755 - sim - INFO - Step 110 / 120: time per frame 0.020815
2025-03-18 00:42:06,143 - sim - INFO - MSE: 0.0016536565309660202
2025-03-18 00:42:06,144 - sim - INFO - Materials MSE: 0.001662406036420867
2025-03-18 00:42:06,144 - sim - INFO - Time per frame: 0.020896610567125225
2025-03-18 00:42:06,145 - sim - INFO - Rollout 68 / 300
2025-03-18 00:42:07,649 - sim - INFO - Step 10 / 120: time per frame 0.021374
2025-03-18 00:42:07,864 - sim - INFO - Step 20 / 120: time per frame 0.018879
2025-03-18 00:42:08,115 - sim - INFO - Step 30 / 120: time per frame 0.017940
2025-03-18 00:42:08,329 - sim - INFO - Step 40 / 120: time per frame 0.017583
2025-03-18 00:42:08,567 - sim - INFO - Step 50 / 120: time per frame 0.016846
2025-03-18 00:42:08,777 - sim - INFO - Step 60 / 120: time per frame 0.016511
2025-03-18 00:42:09,018 - sim - INFO - Step 70 / 120: time per frame 0.016544
2025-03-18 00:42:09,235 - sim - INFO - Step 80 / 120: time per frame 0.016548
2025-03-18 00:42:09,449 - sim - INFO - Step 90 / 120: time per frame 0.016596
2025-03-18 00:42:09,678 - sim - INFO - Step 100 / 120: time per frame 0.016785
2025-03-18 00:42:09,916 - sim - INFO - Step 110 / 120: time per frame 0.017019
2025-03-18 00:42:10,176 - sim - INFO - MSE: 0.0007303057382033464
2025-03-18 00:42:10,176 - sim - INFO - Materials MSE: 0.0007341697897282318
2025-03-18 00:42:10,177 - sim - INFO - Time per frame: 0.01727507882199045
2025-03-18 00:42:10,178 - sim - INFO - Rollout 69 / 300
2025-03-18 00:42:11,690 - sim - INFO - Step 10 / 120: time per frame 0.014098
2025-03-18 00:42:11,922 - sim - INFO - Step 20 / 120: time per frame 0.014837
2025-03-18 00:42:12,160 - sim - INFO - Step 30 / 120: time per frame 0.015108
2025-03-18 00:42:12,521 - sim - INFO - Step 40 / 120: time per frame 0.016077
2025-03-18 00:42:12,740 - sim - INFO - Step 50 / 120: time per frame 0.016388
2025-03-18 00:42:12,961 - sim - INFO - Step 60 / 120: time per frame 0.016483
2025-03-18 00:42:13,293 - sim - INFO - Step 70 / 120: time per frame 0.017365
2025-03-18 00:42:13,526 - sim - INFO - Step 80 / 120: time per frame 0.017493
2025-03-18 00:42:13,828 - sim - INFO - Step 90 / 120: time per frame 0.017928
2025-03-18 00:42:14,213 - sim - INFO - Step 100 / 120: time per frame 0.018523
2025-03-18 00:42:14,531 - sim - INFO - Step 110 / 120: time per frame 0.018969
2025-03-18 00:42:14,823 - sim - INFO - MSE: 0.0020315042022670863
2025-03-18 00:42:14,823 - sim - INFO - Materials MSE: 0.002042252901749981
2025-03-18 00:42:14,824 - sim - INFO - Time per frame: 0.019265338525933734
2025-03-18 00:42:14,825 - sim - INFO - Rollout 70 / 300
2025-03-18 00:42:16,128 - sim - INFO - Step 10 / 120: time per frame 0.022796
2025-03-18 00:42:16,332 - sim - INFO - Step 20 / 120: time per frame 0.018785
2025-03-18 00:42:16,541 - sim - INFO - Step 30 / 120: time per frame 0.017511
2025-03-18 00:42:16,995 - sim - INFO - Step 40 / 120: time per frame 0.020624
2025-03-18 00:42:17,419 - sim - INFO - Step 50 / 120: time per frame 0.020920
2025-03-18 00:42:17,801 - sim - INFO - Step 60 / 120: time per frame 0.021912
2025-03-18 00:42:18,104 - sim - INFO - Step 70 / 120: time per frame 0.022119
2025-03-18 00:42:18,349 - sim - INFO - Step 80 / 120: time per frame 0.021579
2025-03-18 00:42:18,553 - sim - INFO - Step 90 / 120: time per frame 0.020845
2025-03-18 00:42:18,757 - sim - INFO - Step 100 / 120: time per frame 0.020238
2025-03-18 00:42:18,957 - sim - INFO - Step 110 / 120: time per frame 0.019839
2025-03-18 00:42:19,180 - sim - INFO - MSE: 0.0010197604122453422
2025-03-18 00:42:19,180 - sim - INFO - Materials MSE: 0.0010251559699820901
2025-03-18 00:42:19,180 - sim - INFO - Time per frame: 0.019636923983945686
2025-03-18 00:42:19,181 - sim - INFO - Rollout 71 / 300
2025-03-18 00:42:20,298 - sim - INFO - Step 10 / 120: time per frame 0.020457
2025-03-18 00:42:20,660 - sim - INFO - Step 20 / 120: time per frame 0.022059
2025-03-18 00:42:20,999 - sim - INFO - Step 30 / 120: time per frame 0.022332
2025-03-18 00:42:21,340 - sim - INFO - Step 40 / 120: time per frame 0.022635
2025-03-18 00:42:21,538 - sim - INFO - Step 50 / 120: time per frame 0.021114
2025-03-18 00:42:21,798 - sim - INFO - Step 60 / 120: time per frame 0.020965
2025-03-18 00:42:22,051 - sim - INFO - Step 70 / 120: time per frame 0.020761
2025-03-18 00:42:22,287 - sim - INFO - Step 80 / 120: time per frame 0.020333
2025-03-18 00:42:22,515 - sim - INFO - Step 90 / 120: time per frame 0.020124
2025-03-18 00:42:22,731 - sim - INFO - Step 100 / 120: time per frame 0.019777
2025-03-18 00:42:22,947 - sim - INFO - Step 110 / 120: time per frame 0.019540
2025-03-18 00:42:23,145 - sim - INFO - MSE: 0.0018183266887948568
2025-03-18 00:42:23,145 - sim - INFO - Materials MSE: 0.001827947464926046
2025-03-18 00:42:23,145 - sim - INFO - Time per frame: 0.019384848869453044
2025-03-18 00:42:23,146 - sim - INFO - Rollout 72 / 300
2025-03-18 00:42:24,281 - sim - INFO - Step 10 / 120: time per frame 0.024279
2025-03-18 00:42:24,551 - sim - INFO - Step 20 / 120: time per frame 0.020492
2025-03-18 00:42:24,813 - sim - INFO - Step 30 / 120: time per frame 0.019911
2025-03-18 00:42:25,172 - sim - INFO - Step 40 / 120: time per frame 0.019713
2025-03-18 00:42:25,444 - sim - INFO - Step 50 / 120: time per frame 0.019619
2025-03-18 00:42:25,694 - sim - INFO - Step 60 / 120: time per frame 0.019461
2025-03-18 00:42:25,905 - sim - INFO - Step 70 / 120: time per frame 0.019089
2025-03-18 00:42:26,122 - sim - INFO - Step 80 / 120: time per frame 0.018851
2025-03-18 00:42:26,374 - sim - INFO - Step 90 / 120: time per frame 0.018577
2025-03-18 00:42:26,595 - sim - INFO - Step 100 / 120: time per frame 0.018451
2025-03-18 00:42:26,802 - sim - INFO - Step 110 / 120: time per frame 0.018279
2025-03-18 00:42:27,002 - sim - INFO - MSE: 0.0009097705058031307
2025-03-18 00:42:27,002 - sim - INFO - Materials MSE: 0.0009145841063629356
2025-03-18 00:42:27,002 - sim - INFO - Time per frame: 0.018183235394752632
2025-03-18 00:42:27,003 - sim - INFO - Rollout 73 / 300
2025-03-18 00:42:28,113 - sim - INFO - Step 10 / 120: time per frame 0.018479
2025-03-18 00:42:28,407 - sim - INFO - Step 20 / 120: time per frame 0.018153
2025-03-18 00:42:28,664 - sim - INFO - Step 30 / 120: time per frame 0.019262
2025-03-18 00:42:28,909 - sim - INFO - Step 40 / 120: time per frame 0.019532
2025-03-18 00:42:29,199 - sim - INFO - Step 50 / 120: time per frame 0.019740
2025-03-18 00:42:29,520 - sim - INFO - Step 60 / 120: time per frame 0.019713
2025-03-18 00:42:29,803 - sim - INFO - Step 70 / 120: time per frame 0.019863
2025-03-18 00:42:30,081 - sim - INFO - Step 80 / 120: time per frame 0.019902
2025-03-18 00:42:30,348 - sim - INFO - Step 90 / 120: time per frame 0.019736
2025-03-18 00:42:30,609 - sim - INFO - Step 100 / 120: time per frame 0.019478
2025-03-18 00:42:30,869 - sim - INFO - Step 110 / 120: time per frame 0.019114
2025-03-18 00:42:31,100 - sim - INFO - MSE: 0.001839757299545438
2025-03-18 00:42:31,101 - sim - INFO - Materials MSE: 0.001849491465151499
2025-03-18 00:42:31,101 - sim - INFO - Time per frame: 0.01915349394588147
2025-03-18 00:42:31,102 - sim - INFO - Rollout 74 / 300
2025-03-18 00:42:32,667 - sim - INFO - Step 10 / 120: time per frame 0.021823
2025-03-18 00:42:32,916 - sim - INFO - Step 20 / 120: time per frame 0.018222
2025-03-18 00:42:33,227 - sim - INFO - Step 30 / 120: time per frame 0.017605
2025-03-18 00:42:33,484 - sim - INFO - Step 40 / 120: time per frame 0.017073
2025-03-18 00:42:33,773 - sim - INFO - Step 50 / 120: time per frame 0.016551
2025-03-18 00:42:33,998 - sim - INFO - Step 60 / 120: time per frame 0.016774
2025-03-18 00:42:34,209 - sim - INFO - Step 70 / 120: time per frame 0.016472
2025-03-18 00:42:34,476 - sim - INFO - Step 80 / 120: time per frame 0.016481
2025-03-18 00:42:34,711 - sim - INFO - Step 90 / 120: time per frame 0.016384
2025-03-18 00:42:35,003 - sim - INFO - Step 100 / 120: time per frame 0.016710
2025-03-18 00:42:35,457 - sim - INFO - Step 110 / 120: time per frame 0.016748
2025-03-18 00:42:35,855 - sim - INFO - MSE: 0.0016237281756733475
2025-03-18 00:42:35,855 - sim - INFO - Materials MSE: 0.0016323193300419895
2025-03-18 00:42:35,855 - sim - INFO - Time per frame: 0.01742783643431583
2025-03-18 00:42:35,856 - sim - INFO - Rollout 75 / 300
2025-03-18 00:42:37,765 - sim - INFO - Step 10 / 120: time per frame 0.018531
2025-03-18 00:42:38,053 - sim - INFO - Step 20 / 120: time per frame 0.020194
2025-03-18 00:42:38,265 - sim - INFO - Step 30 / 120: time per frame 0.019137
2025-03-18 00:42:38,538 - sim - INFO - Step 40 / 120: time per frame 0.018734
2025-03-18 00:42:38,871 - sim - INFO - Step 50 / 120: time per frame 0.018748
2025-03-18 00:42:39,254 - sim - INFO - Step 60 / 120: time per frame 0.018536
2025-03-18 00:42:39,587 - sim - INFO - Step 70 / 120: time per frame 0.018118
2025-03-18 00:42:39,858 - sim - INFO - Step 80 / 120: time per frame 0.018298
2025-03-18 00:42:40,106 - sim - INFO - Step 90 / 120: time per frame 0.018386
2025-03-18 00:42:40,337 - sim - INFO - Step 100 / 120: time per frame 0.018118
2025-03-18 00:42:40,586 - sim - INFO - Step 110 / 120: time per frame 0.017935
2025-03-18 00:42:40,786 - sim - INFO - MSE: 0.0013764576024702527
2025-03-18 00:42:40,786 - sim - INFO - Materials MSE: 0.001383740446927767
2025-03-18 00:42:40,786 - sim - INFO - Time per frame: 0.017795304120597193
2025-03-18 00:42:40,788 - sim - INFO - Rollout 76 / 300
2025-03-18 00:42:42,350 - sim - INFO - Step 10 / 120: time per frame 0.019975
2025-03-18 00:42:42,582 - sim - INFO - Step 20 / 120: time per frame 0.017199
2025-03-18 00:42:42,869 - sim - INFO - Step 30 / 120: time per frame 0.017899
2025-03-18 00:42:43,187 - sim - INFO - Step 40 / 120: time per frame 0.017808
2025-03-18 00:42:43,430 - sim - INFO - Step 50 / 120: time per frame 0.017140
2025-03-18 00:42:43,766 - sim - INFO - Step 60 / 120: time per frame 0.017304
2025-03-18 00:42:44,027 - sim - INFO - Step 70 / 120: time per frame 0.017213
2025-03-18 00:42:44,353 - sim - INFO - Step 80 / 120: time per frame 0.017942
2025-03-18 00:42:44,661 - sim - INFO - Step 90 / 120: time per frame 0.018000
2025-03-18 00:42:45,036 - sim - INFO - Step 100 / 120: time per frame 0.018574
2025-03-18 00:42:45,348 - sim - INFO - Step 110 / 120: time per frame 0.018918
2025-03-18 00:42:45,610 - sim - INFO - MSE: 0.001486396029737526
2025-03-18 00:42:45,610 - sim - INFO - Materials MSE: 0.0014942605589953965
2025-03-18 00:42:45,610 - sim - INFO - Time per frame: 0.01895705522116968
2025-03-18 00:42:45,611 - sim - INFO - Rollout 77 / 300
2025-03-18 00:42:47,129 - sim - INFO - Step 10 / 120: time per frame 0.014454
2025-03-18 00:42:47,494 - sim - INFO - Step 20 / 120: time per frame 0.016728
2025-03-18 00:42:47,824 - sim - INFO - Step 30 / 120: time per frame 0.017939
2025-03-18 00:42:48,192 - sim - INFO - Step 40 / 120: time per frame 0.019078
2025-03-18 00:42:48,521 - sim - INFO - Step 50 / 120: time per frame 0.019713
2025-03-18 00:42:48,820 - sim - INFO - Step 60 / 120: time per frame 0.019627
2025-03-18 00:42:49,152 - sim - INFO - Step 70 / 120: time per frame 0.019109
2025-03-18 00:42:49,480 - sim - INFO - Step 80 / 120: time per frame 0.019682
2025-03-18 00:42:49,770 - sim - INFO - Step 90 / 120: time per frame 0.019530
2025-03-18 00:42:50,098 - sim - INFO - Step 100 / 120: time per frame 0.020137
2025-03-18 00:42:50,308 - sim - INFO - Step 110 / 120: time per frame 0.019756
2025-03-18 00:42:50,491 - sim - INFO - MSE: 0.0014455949727453774
2025-03-18 00:42:50,491 - sim - INFO - Materials MSE: 0.0014532436233948242
2025-03-18 00:42:50,491 - sim - INFO - Time per frame: 0.019475102424621582
2025-03-18 00:42:50,492 - sim - INFO - Rollout 78 / 300
2025-03-18 00:42:52,195 - sim - INFO - Step 10 / 120: time per frame 0.019240
2025-03-18 00:42:52,454 - sim - INFO - Step 20 / 120: time per frame 0.018511
2025-03-18 00:42:52,755 - sim - INFO - Step 30 / 120: time per frame 0.020196
2025-03-18 00:42:53,112 - sim - INFO - Step 40 / 120: time per frame 0.021343
2025-03-18 00:42:53,448 - sim - INFO - Step 50 / 120: time per frame 0.021848
2025-03-18 00:42:53,742 - sim - INFO - Step 60 / 120: time per frame 0.021946
2025-03-18 00:42:53,953 - sim - INFO - Step 70 / 120: time per frame 0.021221
2025-03-18 00:42:54,167 - sim - INFO - Step 80 / 120: time per frame 0.020635
2025-03-18 00:42:54,375 - sim - INFO - Step 90 / 120: time per frame 0.020188
2025-03-18 00:42:54,625 - sim - INFO - Step 100 / 120: time per frame 0.020055
2025-03-18 00:42:54,917 - sim - INFO - Step 110 / 120: time per frame 0.019924
2025-03-18 00:42:55,150 - sim - INFO - MSE: 0.0018808988836627352
2025-03-18 00:42:55,151 - sim - INFO - Materials MSE: 0.001890850729608041
2025-03-18 00:42:55,151 - sim - INFO - Time per frame: 0.01996466264886371
2025-03-18 00:42:55,152 - sim - INFO - Rollout 79 / 300
2025-03-18 00:42:57,009 - sim - INFO - Step 10 / 120: time per frame 0.023407
2025-03-18 00:42:57,221 - sim - INFO - Step 20 / 120: time per frame 0.019855
2025-03-18 00:42:57,439 - sim - INFO - Step 30 / 120: time per frame 0.018749
2025-03-18 00:42:57,664 - sim - INFO - Step 40 / 120: time per frame 0.018378
2025-03-18 00:42:58,040 - sim - INFO - Step 50 / 120: time per frame 0.019275
2025-03-18 00:42:58,411 - sim - INFO - Step 60 / 120: time per frame 0.020784
2025-03-18 00:42:58,696 - sim - INFO - Step 70 / 120: time per frame 0.020198
2025-03-18 00:42:58,993 - sim - INFO - Step 80 / 120: time per frame 0.019591
2025-03-18 00:42:59,266 - sim - INFO - Step 90 / 120: time per frame 0.019118
2025-03-18 00:42:59,540 - sim - INFO - Step 100 / 120: time per frame 0.018736
2025-03-18 00:42:59,762 - sim - INFO - Step 110 / 120: time per frame 0.018391
2025-03-18 00:42:59,937 - sim - INFO - MSE: 0.0023198748381109764
2025-03-18 00:42:59,938 - sim - INFO - Materials MSE: 0.0023321493081538917
2025-03-18 00:42:59,938 - sim - INFO - Time per frame: 0.01803624427924722
2025-03-18 00:42:59,939 - sim - INFO - Rollout 80 / 300
2025-03-18 00:43:01,357 - sim - INFO - Step 10 / 120: time per frame 0.019163
2025-03-18 00:43:01,709 - sim - INFO - Step 20 / 120: time per frame 0.021016
2025-03-18 00:43:01,944 - sim - INFO - Step 30 / 120: time per frame 0.019220
2025-03-18 00:43:02,201 - sim - INFO - Step 40 / 120: time per frame 0.018277
2025-03-18 00:43:02,450 - sim - INFO - Step 50 / 120: time per frame 0.018235
2025-03-18 00:43:02,677 - sim - INFO - Step 60 / 120: time per frame 0.018189
2025-03-18 00:43:02,907 - sim - INFO - Step 70 / 120: time per frame 0.017530
2025-03-18 00:43:03,119 - sim - INFO - Step 80 / 120: time per frame 0.017271
2025-03-18 00:43:03,444 - sim - INFO - Step 90 / 120: time per frame 0.017842
2025-03-18 00:43:03,815 - sim - INFO - Step 100 / 120: time per frame 0.018753
2025-03-18 00:43:04,117 - sim - INFO - Step 110 / 120: time per frame 0.019078
2025-03-18 00:43:04,489 - sim - INFO - MSE: 0.0010750270132984657
2025-03-18 00:43:04,489 - sim - INFO - Materials MSE: 0.0010807149869138015
2025-03-18 00:43:04,489 - sim - INFO - Time per frame: 0.01963924149335441
2025-03-18 00:43:04,490 - sim - INFO - Rollout 81 / 300
2025-03-18 00:43:06,026 - sim - INFO - Step 10 / 120: time per frame 0.019688
2025-03-18 00:43:06,365 - sim - INFO - Step 20 / 120: time per frame 0.018416
2025-03-18 00:43:06,722 - sim - INFO - Step 30 / 120: time per frame 0.019504
2025-03-18 00:43:07,084 - sim - INFO - Step 40 / 120: time per frame 0.019703
2025-03-18 00:43:07,446 - sim - INFO - Step 50 / 120: time per frame 0.019149
2025-03-18 00:43:07,723 - sim - INFO - Step 60 / 120: time per frame 0.019332
2025-03-18 00:43:08,008 - sim - INFO - Step 70 / 120: time per frame 0.019718
2025-03-18 00:43:08,323 - sim - INFO - Step 80 / 120: time per frame 0.020331
2025-03-18 00:43:08,610 - sim - INFO - Step 90 / 120: time per frame 0.020315
2025-03-18 00:43:09,053 - sim - INFO - Step 100 / 120: time per frame 0.020819
2025-03-18 00:43:09,503 - sim - INFO - Step 110 / 120: time per frame 0.021592
2025-03-18 00:43:09,805 - sim - INFO - MSE: 0.0019056895553611346
2025-03-18 00:43:09,806 - sim - INFO - Materials MSE: 0.0019157725688815639
2025-03-18 00:43:09,806 - sim - INFO - Time per frame: 0.021634936332702637
2025-03-18 00:43:09,807 - sim - INFO - Rollout 82 / 300
2025-03-18 00:43:11,410 - sim - INFO - Step 10 / 120: time per frame 0.016715
2025-03-18 00:43:11,624 - sim - INFO - Step 20 / 120: time per frame 0.016099
2025-03-18 00:43:11,834 - sim - INFO - Step 30 / 120: time per frame 0.016191
2025-03-18 00:43:12,073 - sim - INFO - Step 40 / 120: time per frame 0.016523
2025-03-18 00:43:12,287 - sim - INFO - Step 50 / 120: time per frame 0.016553
2025-03-18 00:43:12,567 - sim - INFO - Step 60 / 120: time per frame 0.017239
2025-03-18 00:43:12,779 - sim - INFO - Step 70 / 120: time per frame 0.017128
2025-03-18 00:43:12,998 - sim - INFO - Step 80 / 120: time per frame 0.016936
2025-03-18 00:43:13,202 - sim - INFO - Step 90 / 120: time per frame 0.016860
2025-03-18 00:43:13,405 - sim - INFO - Step 100 / 120: time per frame 0.016778
2025-03-18 00:43:13,615 - sim - INFO - Step 110 / 120: time per frame 0.016733
2025-03-18 00:43:13,809 - sim - INFO - MSE: 0.0007517314469461621
2025-03-18 00:43:13,810 - sim - INFO - Materials MSE: 0.0007557088620093693
2025-03-18 00:43:13,810 - sim - INFO - Time per frame: 0.0167639093883967
2025-03-18 00:43:13,811 - sim - INFO - Rollout 83 / 300
2025-03-18 00:43:14,946 - sim - INFO - Step 10 / 120: time per frame 0.021307
2025-03-18 00:43:15,268 - sim - INFO - Step 20 / 120: time per frame 0.020800
2025-03-18 00:43:15,520 - sim - INFO - Step 30 / 120: time per frame 0.020263
2025-03-18 00:43:15,722 - sim - INFO - Step 40 / 120: time per frame 0.019191
2025-03-18 00:43:15,928 - sim - INFO - Step 50 / 120: time per frame 0.018587
2025-03-18 00:43:16,152 - sim - INFO - Step 60 / 120: time per frame 0.018237
2025-03-18 00:43:16,425 - sim - INFO - Step 70 / 120: time per frame 0.018339
2025-03-18 00:43:16,786 - sim - INFO - Step 80 / 120: time per frame 0.019285
2025-03-18 00:43:17,073 - sim - INFO - Step 90 / 120: time per frame 0.019672
2025-03-18 00:43:17,361 - sim - INFO - Step 100 / 120: time per frame 0.020103
2025-03-18 00:43:17,682 - sim - INFO - Step 110 / 120: time per frame 0.020645
2025-03-18 00:43:17,889 - sim - INFO - MSE: 0.004070883880220043
2025-03-18 00:43:17,890 - sim - INFO - Materials MSE: 0.004092422948369356
2025-03-18 00:43:17,890 - sim - INFO - Time per frame: 0.02030886835971121
2025-03-18 00:43:17,891 - sim - INFO - Rollout 84 / 300
2025-03-18 00:43:19,406 - sim - INFO - Step 10 / 120: time per frame 0.023721
2025-03-18 00:43:19,670 - sim - INFO - Step 20 / 120: time per frame 0.021033
2025-03-18 00:43:19,878 - sim - INFO - Step 30 / 120: time per frame 0.019382
2025-03-18 00:43:20,136 - sim - INFO - Step 40 / 120: time per frame 0.018668
2025-03-18 00:43:20,344 - sim - INFO - Step 50 / 120: time per frame 0.018213
2025-03-18 00:43:20,552 - sim - INFO - Step 60 / 120: time per frame 0.017933
2025-03-18 00:43:20,787 - sim - INFO - Step 70 / 120: time per frame 0.017821
2025-03-18 00:43:21,000 - sim - INFO - Step 80 / 120: time per frame 0.017685
2025-03-18 00:43:21,272 - sim - INFO - Step 90 / 120: time per frame 0.017885
2025-03-18 00:43:21,528 - sim - INFO - Step 100 / 120: time per frame 0.018116
2025-03-18 00:43:21,843 - sim - INFO - Step 110 / 120: time per frame 0.018641
2025-03-18 00:43:22,158 - sim - INFO - MSE: 0.001646391979892352
2025-03-18 00:43:22,158 - sim - INFO - Materials MSE: 0.0016551030485690312
2025-03-18 00:43:22,158 - sim - INFO - Time per frame: 0.01884467723005909
2025-03-18 00:43:22,159 - sim - INFO - Rollout 85 / 300
2025-03-18 00:43:23,553 - sim - INFO - Step 10 / 120: time per frame 0.020152
2025-03-18 00:43:23,865 - sim - INFO - Step 20 / 120: time per frame 0.020718
2025-03-18 00:43:24,170 - sim - INFO - Step 30 / 120: time per frame 0.021463
2025-03-18 00:43:24,440 - sim - INFO - Step 40 / 120: time per frame 0.020111
2025-03-18 00:43:24,667 - sim - INFO - Step 50 / 120: time per frame 0.019710
2025-03-18 00:43:24,921 - sim - INFO - Step 60 / 120: time per frame 0.019777
2025-03-18 00:43:25,147 - sim - INFO - Step 70 / 120: time per frame 0.019444
2025-03-18 00:43:25,369 - sim - INFO - Step 80 / 120: time per frame 0.019166
2025-03-18 00:43:25,579 - sim - INFO - Step 90 / 120: time per frame 0.018888
2025-03-18 00:43:25,803 - sim - INFO - Step 100 / 120: time per frame 0.018759
2025-03-18 00:43:26,028 - sim - INFO - Step 110 / 120: time per frame 0.018651
2025-03-18 00:43:26,307 - sim - INFO - MSE: 0.0009207126825306806
2025-03-18 00:43:26,308 - sim - INFO - Materials MSE: 0.0009255841782054461
2025-03-18 00:43:26,308 - sim - INFO - Time per frame: 0.019195948616933016
2025-03-18 00:43:26,309 - sim - INFO - Rollout 86 / 300
