2024-12-11 17:13:53,705 - sim - INFO - Namespace(checkpoint='work_dirs/tie_boxbath/epoch_4.pth', config='configs/tie/tie_boxbath.py', debug=0, device='cuda:0', tar_rollout=-1, val_rollout=-1, work_dir='predict/tie_boxbath')
2024-12-11 17:13:53,731 - sim - INFO - Number of parameters: 768903
2024-12-11 17:13:53,731 - sim - INFO - Loading network from work_dirs/tie_boxbath/epoch_4.pth
2024-12-11 17:13:55,129 - sim - INFO - Rollout 0 / 300
2024-12-11 17:14:00,932 - sim - INFO - Step 10 / 150: time per frame 0.166293
2024-12-11 17:14:01,633 - sim - INFO - Step 20 / 150: time per frame 0.101745
2024-12-11 17:14:02,363 - sim - INFO - Step 30 / 150: time per frame 0.081933
2024-12-11 17:14:03,012 - sim - INFO - Step 40 / 150: time per frame 0.072176
2024-12-11 17:14:03,818 - sim - INFO - Step 50 / 150: time per frame 0.066607
2024-12-11 17:14:04,614 - sim - INFO - Step 60 / 150: time per frame 0.062872
2024-12-11 17:14:05,400 - sim - INFO - Step 70 / 150: time per frame 0.060133
2024-12-11 17:14:06,148 - sim - INFO - Step 80 / 150: time per frame 0.058015
2024-12-11 17:14:06,926 - sim - INFO - Step 90 / 150: time per frame 0.056516
2024-12-11 17:14:07,639 - sim - INFO - Step 100 / 150: time per frame 0.055277
2024-12-11 17:14:08,439 - sim - INFO - Step 110 / 150: time per frame 0.054384
2024-12-11 17:14:09,190 - sim - INFO - Step 120 / 150: time per frame 0.053443
2024-12-11 17:14:09,945 - sim - INFO - Step 130 / 150: time per frame 0.052824
2024-12-11 17:14:10,686 - sim - INFO - Step 140 / 150: time per frame 0.052232
2024-12-11 17:14:11,267 - sim - INFO - MSE: 0.01353949147479912
2024-12-11 17:14:11,268 - sim - INFO - Materials MSE: 0.011664564466844156
2024-12-11 17:14:11,268 - sim - INFO - Time per frame: 0.05173306368492745
2024-12-11 17:14:11,272 - sim - INFO - Rollout 1 / 300
2024-12-11 17:14:15,434 - sim - INFO - Step 10 / 150: time per frame 0.045537
2024-12-11 17:14:16,173 - sim - INFO - Step 20 / 150: time per frame 0.045333
2024-12-11 17:14:16,855 - sim - INFO - Step 30 / 150: time per frame 0.044830
2024-12-11 17:14:17,581 - sim - INFO - Step 40 / 150: time per frame 0.044694
2024-12-11 17:14:18,324 - sim - INFO - Step 50 / 150: time per frame 0.044545
2024-12-11 17:14:19,095 - sim - INFO - Step 60 / 150: time per frame 0.044460
2024-12-11 17:14:19,752 - sim - INFO - Step 70 / 150: time per frame 0.044491
2024-12-11 17:14:20,510 - sim - INFO - Step 80 / 150: time per frame 0.044557
2024-12-11 17:14:21,269 - sim - INFO - Step 90 / 150: time per frame 0.044415
2024-12-11 17:14:22,032 - sim - INFO - Step 100 / 150: time per frame 0.044382
2024-12-11 17:14:22,791 - sim - INFO - Step 110 / 150: time per frame 0.044391
2024-12-11 17:14:23,557 - sim - INFO - Step 120 / 150: time per frame 0.044423
2024-12-11 17:14:24,280 - sim - INFO - Step 130 / 150: time per frame 0.044404
2024-12-11 17:14:24,955 - sim - INFO - Step 140 / 150: time per frame 0.044225
2024-12-11 17:14:25,675 - sim - INFO - MSE: 0.01292392586612108
2024-12-11 17:14:25,675 - sim - INFO - Materials MSE: 0.009284889267251826
2024-12-11 17:14:25,675 - sim - INFO - Time per frame: 0.04421567755776483
2024-12-11 17:14:25,679 - sim - INFO - Rollout 2 / 300
2024-12-11 17:14:30,047 - sim - INFO - Step 10 / 150: time per frame 0.044816
2024-12-11 17:14:30,820 - sim - INFO - Step 20 / 150: time per frame 0.044811
2024-12-11 17:14:31,536 - sim - INFO - Step 30 / 150: time per frame 0.044407
2024-12-11 17:14:32,317 - sim - INFO - Step 40 / 150: time per frame 0.044294
2024-12-11 17:14:33,054 - sim - INFO - Step 50 / 150: time per frame 0.044393
2024-12-11 17:14:33,755 - sim - INFO - Step 60 / 150: time per frame 0.044369
2024-12-11 17:14:34,401 - sim - INFO - Step 70 / 150: time per frame 0.044273
2024-12-11 17:14:35,060 - sim - INFO - Step 80 / 150: time per frame 0.044290
2024-12-11 17:14:35,799 - sim - INFO - Step 90 / 150: time per frame 0.044218
2024-12-11 17:14:36,462 - sim - INFO - Step 100 / 150: time per frame 0.044135
2024-12-11 17:14:37,104 - sim - INFO - Step 110 / 150: time per frame 0.044175
2024-12-11 17:14:37,784 - sim - INFO - Step 120 / 150: time per frame 0.044172
2024-12-11 17:14:38,439 - sim - INFO - Step 130 / 150: time per frame 0.044206
2024-12-11 17:14:39,161 - sim - INFO - Step 140 / 150: time per frame 0.044246
2024-12-11 17:14:39,826 - sim - INFO - MSE: 0.013392254197011837
2024-12-11 17:14:39,826 - sim - INFO - Materials MSE: 0.012782248918622601
2024-12-11 17:14:39,826 - sim - INFO - Time per frame: 0.04442173725849873
2024-12-11 17:14:39,830 - sim - INFO - Rollout 3 / 300
2024-12-11 17:14:44,909 - sim - INFO - Step 10 / 150: time per frame 0.043969
2024-12-11 17:14:45,619 - sim - INFO - Step 20 / 150: time per frame 0.044746
2024-12-11 17:14:46,388 - sim - INFO - Step 30 / 150: time per frame 0.043544
2024-12-11 17:14:47,106 - sim - INFO - Step 40 / 150: time per frame 0.043911
2024-12-11 17:14:47,764 - sim - INFO - Step 50 / 150: time per frame 0.043860
2024-12-11 17:14:48,427 - sim - INFO - Step 60 / 150: time per frame 0.043981
2024-12-11 17:14:49,136 - sim - INFO - Step 70 / 150: time per frame 0.044043
2024-12-11 17:14:49,888 - sim - INFO - Step 80 / 150: time per frame 0.044097
2024-12-11 17:14:50,602 - sim - INFO - Step 90 / 150: time per frame 0.043949
2024-12-11 17:14:51,383 - sim - INFO - Step 100 / 150: time per frame 0.043993
2024-12-11 17:14:52,134 - sim - INFO - Step 110 / 150: time per frame 0.044054
2024-12-11 17:14:52,891 - sim - INFO - Step 120 / 150: time per frame 0.044101
2024-12-11 17:14:53,720 - sim - INFO - Step 130 / 150: time per frame 0.044142
2024-12-11 17:14:54,566 - sim - INFO - Step 140 / 150: time per frame 0.044154
2024-12-11 17:14:55,262 - sim - INFO - MSE: 0.0127451168509958
2024-12-11 17:14:55,263 - sim - INFO - Materials MSE: 0.008387447851765716
2024-12-11 17:14:55,263 - sim - INFO - Time per frame: 0.044152461193703314
2024-12-11 17:14:55,266 - sim - INFO - Rollout 4 / 300
2024-12-11 17:14:59,074 - sim - INFO - Step 10 / 150: time per frame 0.043951
2024-12-11 17:14:59,786 - sim - INFO - Step 20 / 150: time per frame 0.044262
2024-12-11 17:15:00,558 - sim - INFO - Step 30 / 150: time per frame 0.044284
2024-12-11 17:15:01,339 - sim - INFO - Step 40 / 150: time per frame 0.044286
2024-12-11 17:15:02,227 - sim - INFO - Step 50 / 150: time per frame 0.044418
2024-12-11 17:15:02,955 - sim - INFO - Step 60 / 150: time per frame 0.044482
2024-12-11 17:15:03,661 - sim - INFO - Step 70 / 150: time per frame 0.044522
2024-12-11 17:15:04,311 - sim - INFO - Step 80 / 150: time per frame 0.044313
2024-12-11 17:15:05,083 - sim - INFO - Step 90 / 150: time per frame 0.044211
2024-12-11 17:15:05,835 - sim - INFO - Step 100 / 150: time per frame 0.044159
2024-12-11 17:15:06,543 - sim - INFO - Step 110 / 150: time per frame 0.044157
2024-12-11 17:15:07,257 - sim - INFO - Step 120 / 150: time per frame 0.044178
2024-12-11 17:15:07,976 - sim - INFO - Step 130 / 150: time per frame 0.044208
2024-12-11 17:15:08,650 - sim - INFO - Step 140 / 150: time per frame 0.044219
2024-12-11 17:15:09,362 - sim - INFO - MSE: 0.01317315985092109
2024-12-11 17:15:09,362 - sim - INFO - Materials MSE: 0.007835395442911581
2024-12-11 17:15:09,363 - sim - INFO - Time per frame: 0.044231575888556404
2024-12-11 17:15:09,376 - sim - INFO - Rollout 5 / 300
2024-12-11 17:15:14,129 - sim - INFO - Step 10 / 150: time per frame 0.043257
2024-12-11 17:15:14,892 - sim - INFO - Step 20 / 150: time per frame 0.043961
2024-12-11 17:15:15,656 - sim - INFO - Step 30 / 150: time per frame 0.044165
2024-12-11 17:15:16,426 - sim - INFO - Step 40 / 150: time per frame 0.044208
2024-12-11 17:15:17,132 - sim - INFO - Step 50 / 150: time per frame 0.044137
2024-12-11 17:15:17,830 - sim - INFO - Step 60 / 150: time per frame 0.044147
2024-12-11 17:15:18,560 - sim - INFO - Step 70 / 150: time per frame 0.044280
2024-12-11 17:15:19,327 - sim - INFO - Step 80 / 150: time per frame 0.044339
2024-12-11 17:15:20,108 - sim - INFO - Step 90 / 150: time per frame 0.044512
2024-12-11 17:15:20,850 - sim - INFO - Step 100 / 150: time per frame 0.044570
2024-12-11 17:15:21,645 - sim - INFO - Step 110 / 150: time per frame 0.044759
2024-12-11 17:15:22,529 - sim - INFO - Step 120 / 150: time per frame 0.044874
2024-12-11 17:15:23,223 - sim - INFO - Step 130 / 150: time per frame 0.044870
2024-12-11 17:15:24,003 - sim - INFO - Step 140 / 150: time per frame 0.045085
2024-12-11 17:15:24,683 - sim - INFO - MSE: 0.013916156739814998
2024-12-11 17:15:24,683 - sim - INFO - Materials MSE: 0.011426740469679245
2024-12-11 17:15:24,684 - sim - INFO - Time per frame: 0.04525347658105799
2024-12-11 17:15:24,687 - sim - INFO - Rollout 6 / 300
2024-12-11 17:15:29,149 - sim - INFO - Step 10 / 150: time per frame 0.044237
2024-12-11 17:15:29,942 - sim - INFO - Step 20 / 150: time per frame 0.046068
2024-12-11 17:15:30,747 - sim - INFO - Step 30 / 150: time per frame 0.045813
2024-12-11 17:15:31,483 - sim - INFO - Step 40 / 150: time per frame 0.045097
2024-12-11 17:15:32,210 - sim - INFO - Step 50 / 150: time per frame 0.044795
2024-12-11 17:15:32,971 - sim - INFO - Step 60 / 150: time per frame 0.044783
2024-12-11 17:15:33,743 - sim - INFO - Step 70 / 150: time per frame 0.044809
2024-12-11 17:15:34,504 - sim - INFO - Step 80 / 150: time per frame 0.044752
2024-12-11 17:15:35,228 - sim - INFO - Step 90 / 150: time per frame 0.044767
2024-12-11 17:15:35,924 - sim - INFO - Step 100 / 150: time per frame 0.044692
2024-12-11 17:15:36,666 - sim - INFO - Step 110 / 150: time per frame 0.044628
2024-12-11 17:15:37,415 - sim - INFO - Step 120 / 150: time per frame 0.044636
2024-12-11 17:15:38,133 - sim - INFO - Step 130 / 150: time per frame 0.044741
2024-12-11 17:15:38,813 - sim - INFO - Step 140 / 150: time per frame 0.044702
2024-12-11 17:15:39,381 - sim - INFO - MSE: 0.013045154545502048
2024-12-11 17:15:39,381 - sim - INFO - Materials MSE: 0.007672823411038164
2024-12-11 17:15:39,382 - sim - INFO - Time per frame: 0.044685357325785866
2024-12-11 17:15:39,385 - sim - INFO - Rollout 7 / 300
2024-12-11 17:15:42,948 - sim - INFO - Step 10 / 150: time per frame 0.042416
2024-12-11 17:15:43,581 - sim - INFO - Step 20 / 150: time per frame 0.043166
2024-12-11 17:15:44,213 - sim - INFO - Step 30 / 150: time per frame 0.043520
2024-12-11 17:15:44,852 - sim - INFO - Step 40 / 150: time per frame 0.043719
2024-12-11 17:15:45,502 - sim - INFO - Step 50 / 150: time per frame 0.043937
2024-12-11 17:15:46,185 - sim - INFO - Step 60 / 150: time per frame 0.043636
2024-12-11 17:15:46,929 - sim - INFO - Step 70 / 150: time per frame 0.043772
2024-12-11 17:15:47,621 - sim - INFO - Step 80 / 150: time per frame 0.043830
2024-12-11 17:15:48,347 - sim - INFO - Step 90 / 150: time per frame 0.043939
2024-12-11 17:15:48,994 - sim - INFO - Step 100 / 150: time per frame 0.043828
2024-12-11 17:15:49,619 - sim - INFO - Step 110 / 150: time per frame 0.043803
2024-12-11 17:15:50,369 - sim - INFO - Step 120 / 150: time per frame 0.043940
2024-12-11 17:15:51,131 - sim - INFO - Step 130 / 150: time per frame 0.044026
2024-12-11 17:15:51,855 - sim - INFO - Step 140 / 150: time per frame 0.043931
2024-12-11 17:15:52,488 - sim - INFO - MSE: 0.011889082003427764
2024-12-11 17:15:52,489 - sim - INFO - Materials MSE: 0.007729934921096283
2024-12-11 17:15:52,489 - sim - INFO - Time per frame: 0.04385703318827861
2024-12-11 17:15:52,493 - sim - INFO - Rollout 8 / 300
2024-12-11 17:15:56,427 - sim - INFO - Step 10 / 150: time per frame 0.044230
2024-12-11 17:15:57,098 - sim - INFO - Step 20 / 150: time per frame 0.044332
2024-12-11 17:15:57,817 - sim - INFO - Step 30 / 150: time per frame 0.043888
2024-12-11 17:15:58,591 - sim - INFO - Step 40 / 150: time per frame 0.043895
2024-12-11 17:15:59,302 - sim - INFO - Step 50 / 150: time per frame 0.044095
2024-12-11 17:16:00,065 - sim - INFO - Step 60 / 150: time per frame 0.044083
2024-12-11 17:16:00,840 - sim - INFO - Step 70 / 150: time per frame 0.044070
2024-12-11 17:16:01,477 - sim - INFO - Step 80 / 150: time per frame 0.043989
2024-12-11 17:16:02,154 - sim - INFO - Step 90 / 150: time per frame 0.044142
2024-12-11 17:16:02,884 - sim - INFO - Step 100 / 150: time per frame 0.044105
2024-12-11 17:16:03,589 - sim - INFO - Step 110 / 150: time per frame 0.044239
2024-12-11 17:16:04,303 - sim - INFO - Step 120 / 150: time per frame 0.044223
2024-12-11 17:16:05,056 - sim - INFO - Step 130 / 150: time per frame 0.044296
2024-12-11 17:16:05,826 - sim - INFO - Step 140 / 150: time per frame 0.044197
2024-12-11 17:16:06,634 - sim - INFO - MSE: 0.013546724181180145
2024-12-11 17:16:06,635 - sim - INFO - Materials MSE: 0.008982080201230994
2024-12-11 17:16:06,635 - sim - INFO - Time per frame: 0.04416817748868788
2024-12-11 17:16:06,638 - sim - INFO - Rollout 9 / 300
2024-12-11 17:16:11,464 - sim - INFO - Step 10 / 150: time per frame 0.044101
2024-12-11 17:16:12,235 - sim - INFO - Step 20 / 150: time per frame 0.045381
2024-12-11 17:16:12,988 - sim - INFO - Step 30 / 150: time per frame 0.046495
2024-12-11 17:16:13,740 - sim - INFO - Step 40 / 150: time per frame 0.046496
2024-12-11 17:16:14,492 - sim - INFO - Step 50 / 150: time per frame 0.045825
2024-12-11 17:16:15,216 - sim - INFO - Step 60 / 150: time per frame 0.045689
2024-12-11 17:16:15,914 - sim - INFO - Step 70 / 150: time per frame 0.045610
2024-12-11 17:16:16,606 - sim - INFO - Step 80 / 150: time per frame 0.045475
2024-12-11 17:16:17,319 - sim - INFO - Step 90 / 150: time per frame 0.045391
2024-12-11 17:16:18,008 - sim - INFO - Step 100 / 150: time per frame 0.045306
2024-12-11 17:16:18,711 - sim - INFO - Step 110 / 150: time per frame 0.045240
2024-12-11 17:16:19,475 - sim - INFO - Step 120 / 150: time per frame 0.045298
2024-12-11 17:16:20,194 - sim - INFO - Step 130 / 150: time per frame 0.045207
2024-12-11 17:16:20,905 - sim - INFO - Step 140 / 150: time per frame 0.045153
2024-12-11 17:16:21,613 - sim - INFO - MSE: 0.013774972323091812
2024-12-11 17:16:21,613 - sim - INFO - Materials MSE: 0.0087675473815743
2024-12-11 17:16:21,613 - sim - INFO - Time per frame: 0.04517675573761399
2024-12-11 17:16:21,617 - sim - INFO - Rollout 10 / 300
2024-12-11 17:16:26,009 - sim - INFO - Step 10 / 150: time per frame 0.044306
2024-12-11 17:16:26,677 - sim - INFO - Step 20 / 150: time per frame 0.043649
2024-12-11 17:16:27,425 - sim - INFO - Step 30 / 150: time per frame 0.043816
2024-12-11 17:16:28,148 - sim - INFO - Step 40 / 150: time per frame 0.044069
2024-12-11 17:16:28,789 - sim - INFO - Step 50 / 150: time per frame 0.043948
2024-12-11 17:16:29,406 - sim - INFO - Step 60 / 150: time per frame 0.043985
2024-12-11 17:16:30,152 - sim - INFO - Step 70 / 150: time per frame 0.044136
2024-12-11 17:16:30,880 - sim - INFO - Step 80 / 150: time per frame 0.044219
2024-12-11 17:16:31,607 - sim - INFO - Step 90 / 150: time per frame 0.044270
2024-12-11 17:16:32,303 - sim - INFO - Step 100 / 150: time per frame 0.044310
2024-12-11 17:16:33,026 - sim - INFO - Step 110 / 150: time per frame 0.044365
2024-12-11 17:16:33,733 - sim - INFO - Step 120 / 150: time per frame 0.044398
2024-12-11 17:16:34,462 - sim - INFO - Step 130 / 150: time per frame 0.044501
2024-12-11 17:16:35,235 - sim - INFO - Step 140 / 150: time per frame 0.044510
2024-12-11 17:16:35,917 - sim - INFO - MSE: 0.012907526963137943
2024-12-11 17:16:35,917 - sim - INFO - Materials MSE: 0.010432870307553799
2024-12-11 17:16:35,917 - sim - INFO - Time per frame: 0.0444820168856028
2024-12-11 17:16:35,921 - sim - INFO - Rollout 11 / 300
2024-12-11 17:16:40,324 - sim - INFO - Step 10 / 150: time per frame 0.044354
2024-12-11 17:16:41,121 - sim - INFO - Step 20 / 150: time per frame 0.044442
2024-12-11 17:16:41,934 - sim - INFO - Step 30 / 150: time per frame 0.044518
2024-12-11 17:16:42,705 - sim - INFO - Step 40 / 150: time per frame 0.043951
2024-12-11 17:16:43,449 - sim - INFO - Step 50 / 150: time per frame 0.043906
2024-12-11 17:16:44,252 - sim - INFO - Step 60 / 150: time per frame 0.043950
2024-12-11 17:16:45,023 - sim - INFO - Step 70 / 150: time per frame 0.044407
2024-12-11 17:16:45,771 - sim - INFO - Step 80 / 150: time per frame 0.044494
2024-12-11 17:16:46,540 - sim - INFO - Step 90 / 150: time per frame 0.044755
2024-12-11 17:16:47,320 - sim - INFO - Step 100 / 150: time per frame 0.044910
2024-12-11 17:16:48,128 - sim - INFO - Step 110 / 150: time per frame 0.045034
2024-12-11 17:16:48,936 - sim - INFO - Step 120 / 150: time per frame 0.045196
2024-12-11 17:16:49,676 - sim - INFO - Step 130 / 150: time per frame 0.045151
2024-12-11 17:16:50,420 - sim - INFO - Step 140 / 150: time per frame 0.045282
2024-12-11 17:16:51,116 - sim - INFO - MSE: 0.013748637273822945
2024-12-11 17:16:51,116 - sim - INFO - Materials MSE: 0.011252970947042444
2024-12-11 17:16:51,117 - sim - INFO - Time per frame: 0.0453328731897715
2024-12-11 17:16:51,120 - sim - INFO - Rollout 12 / 300
2024-12-11 17:16:56,216 - sim - INFO - Step 10 / 150: time per frame 0.043470
2024-12-11 17:16:56,906 - sim - INFO - Step 20 / 150: time per frame 0.043313
2024-12-11 17:16:57,640 - sim - INFO - Step 30 / 150: time per frame 0.044018
2024-12-11 17:16:58,424 - sim - INFO - Step 40 / 150: time per frame 0.044096
2024-12-11 17:16:59,086 - sim - INFO - Step 50 / 150: time per frame 0.043829
2024-12-11 17:16:59,979 - sim - INFO - Step 60 / 150: time per frame 0.043871
2024-12-11 17:17:00,739 - sim - INFO - Step 70 / 150: time per frame 0.044141
2024-12-11 17:17:01,477 - sim - INFO - Step 80 / 150: time per frame 0.044186
2024-12-11 17:17:02,145 - sim - INFO - Step 90 / 150: time per frame 0.044226
2024-12-11 17:17:02,851 - sim - INFO - Step 100 / 150: time per frame 0.044266
2024-12-11 17:17:03,562 - sim - INFO - Step 110 / 150: time per frame 0.044328
2024-12-11 17:17:04,281 - sim - INFO - Step 120 / 150: time per frame 0.044327
2024-12-11 17:17:05,085 - sim - INFO - Step 130 / 150: time per frame 0.044457
2024-12-11 17:17:05,794 - sim - INFO - Step 140 / 150: time per frame 0.044495
2024-12-11 17:17:06,495 - sim - INFO - MSE: 0.012925951087452663
2024-12-11 17:17:06,496 - sim - INFO - Materials MSE: 0.01062386096900217
2024-12-11 17:17:06,496 - sim - INFO - Time per frame: 0.044509678273587615
2024-12-11 17:17:06,499 - sim - INFO - Rollout 13 / 300
2024-12-11 17:17:11,302 - sim - INFO - Step 10 / 150: time per frame 0.045413
2024-12-11 17:17:12,083 - sim - INFO - Step 20 / 150: time per frame 0.045183
2024-12-11 17:17:12,729 - sim - INFO - Step 30 / 150: time per frame 0.045022
2024-12-11 17:17:13,416 - sim - INFO - Step 40 / 150: time per frame 0.045076
2024-12-11 17:17:14,073 - sim - INFO - Step 50 / 150: time per frame 0.044909
2024-12-11 17:17:14,711 - sim - INFO - Step 60 / 150: time per frame 0.044911
2024-12-11 17:17:15,470 - sim - INFO - Step 70 / 150: time per frame 0.044898
2024-12-11 17:17:16,225 - sim - INFO - Step 80 / 150: time per frame 0.045051
2024-12-11 17:17:16,886 - sim - INFO - Step 90 / 150: time per frame 0.044963
2024-12-11 17:17:17,637 - sim - INFO - Step 100 / 150: time per frame 0.044932
2024-12-11 17:17:18,353 - sim - INFO - Step 110 / 150: time per frame 0.044943
2024-12-11 17:17:19,191 - sim - INFO - Step 120 / 150: time per frame 0.044888
2024-12-11 17:17:19,949 - sim - INFO - Step 130 / 150: time per frame 0.045159
2024-12-11 17:17:20,759 - sim - INFO - Step 140 / 150: time per frame 0.045259
2024-12-11 17:17:21,465 - sim - INFO - MSE: 0.01369767956920342
2024-12-11 17:17:21,466 - sim - INFO - Materials MSE: 0.008674032345134556
2024-12-11 17:17:21,466 - sim - INFO - Time per frame: 0.04526004275760135
2024-12-11 17:17:21,470 - sim - INFO - Rollout 14 / 300
2024-12-11 17:17:26,029 - sim - INFO - Step 10 / 150: time per frame 0.045603
2024-12-11 17:17:26,755 - sim - INFO - Step 20 / 150: time per frame 0.045727
2024-12-11 17:17:27,529 - sim - INFO - Step 30 / 150: time per frame 0.045208
2024-12-11 17:17:28,294 - sim - INFO - Step 40 / 150: time per frame 0.045439
2024-12-11 17:17:29,005 - sim - INFO - Step 50 / 150: time per frame 0.045351
2024-12-11 17:17:29,714 - sim - INFO - Step 60 / 150: time per frame 0.045187
2024-12-11 17:17:30,447 - sim - INFO - Step 70 / 150: time per frame 0.045366
2024-12-11 17:17:31,155 - sim - INFO - Step 80 / 150: time per frame 0.045242
2024-12-11 17:17:31,841 - sim - INFO - Step 90 / 150: time per frame 0.045183
2024-12-11 17:17:32,575 - sim - INFO - Step 100 / 150: time per frame 0.045228
2024-12-11 17:17:33,276 - sim - INFO - Step 110 / 150: time per frame 0.045168
2024-12-11 17:17:34,010 - sim - INFO - Step 120 / 150: time per frame 0.045016
2024-12-11 17:17:34,729 - sim - INFO - Step 130 / 150: time per frame 0.044980
2024-12-11 17:17:35,503 - sim - INFO - Step 140 / 150: time per frame 0.045054
2024-12-11 17:17:36,142 - sim - INFO - MSE: 0.01269841162607998
2024-12-11 17:17:36,142 - sim - INFO - Materials MSE: 0.008223843927614327
2024-12-11 17:17:36,142 - sim - INFO - Time per frame: 0.04507604483011607
2024-12-11 17:17:36,146 - sim - INFO - Rollout 15 / 300
2024-12-11 17:17:40,126 - sim - INFO - Step 10 / 150: time per frame 0.044742
2024-12-11 17:17:40,864 - sim - INFO - Step 20 / 150: time per frame 0.044592
2024-12-11 17:17:41,540 - sim - INFO - Step 30 / 150: time per frame 0.044737
2024-12-11 17:17:42,294 - sim - INFO - Step 40 / 150: time per frame 0.045590
2024-12-11 17:17:43,052 - sim - INFO - Step 50 / 150: time per frame 0.045798
2024-12-11 17:17:43,802 - sim - INFO - Step 60 / 150: time per frame 0.045883
2024-12-11 17:17:44,589 - sim - INFO - Step 70 / 150: time per frame 0.045987
2024-12-11 17:17:45,235 - sim - INFO - Step 80 / 150: time per frame 0.045856
2024-12-11 17:17:45,978 - sim - INFO - Step 90 / 150: time per frame 0.045799
2024-12-11 17:17:46,746 - sim - INFO - Step 100 / 150: time per frame 0.045746
2024-12-11 17:17:47,413 - sim - INFO - Step 110 / 150: time per frame 0.045600
2024-12-11 17:17:48,128 - sim - INFO - Step 120 / 150: time per frame 0.045553
2024-12-11 17:17:48,870 - sim - INFO - Step 130 / 150: time per frame 0.045445
2024-12-11 17:17:49,649 - sim - INFO - Step 140 / 150: time per frame 0.045480
2024-12-11 17:17:50,331 - sim - INFO - MSE: 0.012630082259360596
2024-12-11 17:17:50,331 - sim - INFO - Materials MSE: 0.009047728993463837
2024-12-11 17:17:50,331 - sim - INFO - Time per frame: 0.04545434101207836
2024-12-11 17:17:50,335 - sim - INFO - Rollout 16 / 300
2024-12-11 17:17:54,490 - sim - INFO - Step 10 / 150: time per frame 0.045228
2024-12-11 17:17:55,205 - sim - INFO - Step 20 / 150: time per frame 0.044674
2024-12-11 17:17:55,989 - sim - INFO - Step 30 / 150: time per frame 0.045056
2024-12-11 17:17:56,707 - sim - INFO - Step 40 / 150: time per frame 0.044776
2024-12-11 17:17:57,449 - sim - INFO - Step 50 / 150: time per frame 0.044769
2024-12-11 17:17:58,147 - sim - INFO - Step 60 / 150: time per frame 0.044669
2024-12-11 17:17:58,822 - sim - INFO - Step 70 / 150: time per frame 0.044615
2024-12-11 17:17:59,462 - sim - INFO - Step 80 / 150: time per frame 0.044619
2024-12-11 17:18:00,099 - sim - INFO - Step 90 / 150: time per frame 0.044586
2024-12-11 17:18:00,738 - sim - INFO - Step 100 / 150: time per frame 0.044540
2024-12-11 17:18:01,369 - sim - INFO - Step 110 / 150: time per frame 0.044543
2024-12-11 17:18:02,027 - sim - INFO - Step 120 / 150: time per frame 0.044414
2024-12-11 17:18:02,760 - sim - INFO - Step 130 / 150: time per frame 0.044414
2024-12-11 17:18:03,393 - sim - INFO - Step 140 / 150: time per frame 0.044436
2024-12-11 17:18:04,003 - sim - INFO - MSE: 0.012775075862537556
2024-12-11 17:18:04,003 - sim - INFO - Materials MSE: 0.009060449775829777
2024-12-11 17:18:04,003 - sim - INFO - Time per frame: 0.044424667551710796
2024-12-11 17:18:04,007 - sim - INFO - Rollout 17 / 300
2024-12-11 17:18:07,999 - sim - INFO - Step 10 / 150: time per frame 0.045204
2024-12-11 17:18:08,761 - sim - INFO - Step 20 / 150: time per frame 0.044858
2024-12-11 17:18:09,455 - sim - INFO - Step 30 / 150: time per frame 0.044676
2024-12-11 17:18:10,195 - sim - INFO - Step 40 / 150: time per frame 0.044699
2024-12-11 17:18:10,935 - sim - INFO - Step 50 / 150: time per frame 0.044664
2024-12-11 17:18:11,630 - sim - INFO - Step 60 / 150: time per frame 0.044697
2024-12-11 17:18:12,353 - sim - INFO - Step 70 / 150: time per frame 0.044654
2024-12-11 17:18:13,055 - sim - INFO - Step 80 / 150: time per frame 0.044689
2024-12-11 17:18:13,811 - sim - INFO - Step 90 / 150: time per frame 0.044747
2024-12-11 17:18:14,544 - sim - INFO - Step 100 / 150: time per frame 0.044764
2024-12-11 17:18:15,310 - sim - INFO - Step 110 / 150: time per frame 0.044848
2024-12-11 17:18:16,020 - sim - INFO - Step 120 / 150: time per frame 0.044841
2024-12-11 17:18:16,778 - sim - INFO - Step 130 / 150: time per frame 0.044849
2024-12-11 17:18:17,503 - sim - INFO - Step 140 / 150: time per frame 0.044850
2024-12-11 17:18:18,180 - sim - INFO - MSE: 0.011920199363021673
2024-12-11 17:18:18,180 - sim - INFO - Materials MSE: 0.008086528049448587
2024-12-11 17:18:18,180 - sim - INFO - Time per frame: 0.04497018053724959
2024-12-11 17:18:18,183 - sim - INFO - Rollout 18 / 300
2024-12-11 17:18:22,579 - sim - INFO - Step 10 / 150: time per frame 0.044956
2024-12-11 17:18:23,341 - sim - INFO - Step 20 / 150: time per frame 0.045270
2024-12-11 17:18:24,068 - sim - INFO - Step 30 / 150: time per frame 0.044213
2024-12-11 17:18:24,699 - sim - INFO - Step 40 / 150: time per frame 0.044340
2024-12-11 17:18:25,352 - sim - INFO - Step 50 / 150: time per frame 0.044386
2024-12-11 17:18:25,975 - sim - INFO - Step 60 / 150: time per frame 0.044347
2024-12-11 17:18:26,694 - sim - INFO - Step 70 / 150: time per frame 0.044317
2024-12-11 17:18:27,348 - sim - INFO - Step 80 / 150: time per frame 0.044328
2024-12-11 17:18:28,004 - sim - INFO - Step 90 / 150: time per frame 0.044391
2024-12-11 17:18:28,646 - sim - INFO - Step 100 / 150: time per frame 0.044412
2024-12-11 17:18:29,287 - sim - INFO - Step 110 / 150: time per frame 0.044465
2024-12-11 17:18:29,923 - sim - INFO - Step 120 / 150: time per frame 0.044452
2024-12-11 17:18:30,609 - sim - INFO - Step 130 / 150: time per frame 0.044505
2024-12-11 17:18:31,354 - sim - INFO - Step 140 / 150: time per frame 0.044501
2024-12-11 17:18:32,008 - sim - INFO - MSE: 0.01415946466077032
2024-12-11 17:18:32,008 - sim - INFO - Materials MSE: 0.010965786006226394
2024-12-11 17:18:32,008 - sim - INFO - Time per frame: 0.04450414954005061
2024-12-11 17:18:32,014 - sim - INFO - Rollout 19 / 300
2024-12-11 17:18:36,146 - sim - INFO - Step 10 / 150: time per frame 0.044702
2024-12-11 17:18:36,837 - sim - INFO - Step 20 / 150: time per frame 0.044517
2024-12-11 17:18:37,531 - sim - INFO - Step 30 / 150: time per frame 0.044302
2024-12-11 17:18:38,198 - sim - INFO - Step 40 / 150: time per frame 0.044328
2024-12-11 17:18:38,877 - sim - INFO - Step 50 / 150: time per frame 0.044451
2024-12-11 17:18:39,541 - sim - INFO - Step 60 / 150: time per frame 0.044459
2024-12-11 17:18:40,204 - sim - INFO - Step 70 / 150: time per frame 0.044406
2024-12-11 17:18:40,929 - sim - INFO - Step 80 / 150: time per frame 0.044517
2024-12-11 17:18:41,638 - sim - INFO - Step 90 / 150: time per frame 0.044454
2024-12-11 17:18:42,328 - sim - INFO - Step 100 / 150: time per frame 0.044412
2024-12-11 17:18:42,934 - sim - INFO - Step 110 / 150: time per frame 0.044120
2024-12-11 17:18:43,591 - sim - INFO - Step 120 / 150: time per frame 0.044102
2024-12-11 17:18:44,237 - sim - INFO - Step 130 / 150: time per frame 0.044201
2024-12-11 17:18:44,880 - sim - INFO - Step 140 / 150: time per frame 0.044203
2024-12-11 17:18:45,525 - sim - INFO - MSE: 0.013025523415958848
2024-12-11 17:18:45,525 - sim - INFO - Materials MSE: 0.01009276791452712
2024-12-11 17:18:45,525 - sim - INFO - Time per frame: 0.04422024778417639
2024-12-11 17:18:45,529 - sim - INFO - Rollout 20 / 300
2024-12-11 17:18:49,654 - sim - INFO - Step 10 / 150: time per frame 0.044422
2024-12-11 17:18:50,509 - sim - INFO - Step 20 / 150: time per frame 0.044056
2024-12-11 17:18:51,277 - sim - INFO - Step 30 / 150: time per frame 0.044497
2024-12-11 17:18:52,017 - sim - INFO - Step 40 / 150: time per frame 0.044546
2024-12-11 17:18:52,743 - sim - INFO - Step 50 / 150: time per frame 0.044622
2024-12-11 17:18:53,510 - sim - INFO - Step 60 / 150: time per frame 0.044753
2024-12-11 17:18:54,270 - sim - INFO - Step 70 / 150: time per frame 0.044977
2024-12-11 17:18:55,107 - sim - INFO - Step 80 / 150: time per frame 0.045239
2024-12-11 17:18:55,776 - sim - INFO - Step 90 / 150: time per frame 0.045098
2024-12-11 17:18:56,512 - sim - INFO - Step 100 / 150: time per frame 0.045093
2024-12-11 17:18:57,193 - sim - INFO - Step 110 / 150: time per frame 0.045077
2024-12-11 17:18:57,858 - sim - INFO - Step 120 / 150: time per frame 0.045057
2024-12-11 17:18:58,490 - sim - INFO - Step 130 / 150: time per frame 0.044973
2024-12-11 17:18:59,224 - sim - INFO - Step 140 / 150: time per frame 0.044926
2024-12-11 17:18:59,894 - sim - INFO - MSE: 0.013416776152212873
2024-12-11 17:18:59,894 - sim - INFO - Materials MSE: 0.008232617435245776
2024-12-11 17:18:59,895 - sim - INFO - Time per frame: 0.04487847476392179
2024-12-11 17:18:59,898 - sim - INFO - Rollout 21 / 300
2024-12-11 17:19:03,868 - sim - INFO - Step 10 / 150: time per frame 0.044095
2024-12-11 17:19:04,529 - sim - INFO - Step 20 / 150: time per frame 0.043784
2024-12-11 17:19:05,223 - sim - INFO - Step 30 / 150: time per frame 0.043682
2024-12-11 17:19:05,946 - sim - INFO - Step 40 / 150: time per frame 0.043891
2024-12-11 17:19:06,644 - sim - INFO - Step 50 / 150: time per frame 0.044106
2024-12-11 17:19:07,337 - sim - INFO - Step 60 / 150: time per frame 0.044291
2024-12-11 17:19:08,033 - sim - INFO - Step 70 / 150: time per frame 0.044361
2024-12-11 17:19:08,728 - sim - INFO - Step 80 / 150: time per frame 0.044434
2024-12-11 17:19:09,420 - sim - INFO - Step 90 / 150: time per frame 0.044485
2024-12-11 17:19:10,161 - sim - INFO - Step 100 / 150: time per frame 0.044454
2024-12-11 17:19:10,913 - sim - INFO - Step 110 / 150: time per frame 0.044498
2024-12-11 17:19:11,668 - sim - INFO - Step 120 / 150: time per frame 0.044549
2024-12-11 17:19:12,357 - sim - INFO - Step 130 / 150: time per frame 0.044565
2024-12-11 17:19:13,160 - sim - INFO - Step 140 / 150: time per frame 0.044667
2024-12-11 17:19:13,848 - sim - INFO - MSE: 0.01294389324787666
2024-12-11 17:19:13,849 - sim - INFO - Materials MSE: 0.007991585636686132
2024-12-11 17:19:13,849 - sim - INFO - Time per frame: 0.04471732474662162
2024-12-11 17:19:13,852 - sim - INFO - Rollout 22 / 300
2024-12-11 17:19:18,462 - sim - INFO - Step 10 / 150: time per frame 0.045036
2024-12-11 17:19:19,155 - sim - INFO - Step 20 / 150: time per frame 0.044347
2024-12-11 17:19:20,011 - sim - INFO - Step 30 / 150: time per frame 0.044364
2024-12-11 17:19:20,778 - sim - INFO - Step 40 / 150: time per frame 0.044739
2024-12-11 17:19:21,480 - sim - INFO - Step 50 / 150: time per frame 0.044972
2024-12-11 17:19:22,180 - sim - INFO - Step 60 / 150: time per frame 0.044960
2024-12-11 17:19:22,875 - sim - INFO - Step 70 / 150: time per frame 0.045019
2024-12-11 17:19:23,632 - sim - INFO - Step 80 / 150: time per frame 0.044944
2024-12-11 17:19:24,353 - sim - INFO - Step 90 / 150: time per frame 0.044790
2024-12-11 17:19:25,110 - sim - INFO - Step 100 / 150: time per frame 0.044641
2024-12-11 17:19:25,789 - sim - INFO - Step 110 / 150: time per frame 0.044650
2024-12-11 17:19:26,542 - sim - INFO - Step 120 / 150: time per frame 0.044689
2024-12-11 17:19:27,333 - sim - INFO - Step 130 / 150: time per frame 0.044808
2024-12-11 17:19:28,014 - sim - INFO - Step 140 / 150: time per frame 0.044523
2024-12-11 17:19:28,751 - sim - INFO - MSE: 0.013447950881155461
2024-12-11 17:19:28,752 - sim - INFO - Materials MSE: 0.008270139455409822
2024-12-11 17:19:28,752 - sim - INFO - Time per frame: 0.044750173349638246
2024-12-11 17:19:28,755 - sim - INFO - Rollout 23 / 300
2024-12-11 17:19:33,338 - sim - INFO - Step 10 / 150: time per frame 0.045314
2024-12-11 17:19:34,116 - sim - INFO - Step 20 / 150: time per frame 0.045080
2024-12-11 17:19:34,869 - sim - INFO - Step 30 / 150: time per frame 0.045343
2024-12-11 17:19:35,646 - sim - INFO - Step 40 / 150: time per frame 0.045299
2024-12-11 17:19:36,326 - sim - INFO - Step 50 / 150: time per frame 0.045276
2024-12-11 17:19:36,983 - sim - INFO - Step 60 / 150: time per frame 0.045183
2024-12-11 17:19:37,625 - sim - INFO - Step 70 / 150: time per frame 0.045076
2024-12-11 17:19:38,329 - sim - INFO - Step 80 / 150: time per frame 0.045183
2024-12-11 17:19:38,968 - sim - INFO - Step 90 / 150: time per frame 0.045057
2024-12-11 17:19:39,620 - sim - INFO - Step 100 / 150: time per frame 0.044966
2024-12-11 17:19:40,321 - sim - INFO - Step 110 / 150: time per frame 0.044984
2024-12-11 17:19:40,962 - sim - INFO - Step 120 / 150: time per frame 0.045073
2024-12-11 17:19:41,617 - sim - INFO - Step 130 / 150: time per frame 0.045066
2024-12-11 17:19:42,353 - sim - INFO - Step 140 / 150: time per frame 0.044984
2024-12-11 17:19:42,920 - sim - INFO - MSE: 0.01316259152345931
2024-12-11 17:19:42,921 - sim - INFO - Materials MSE: 0.009103914241694584
2024-12-11 17:19:42,921 - sim - INFO - Time per frame: 0.044953183547870534
2024-12-11 17:19:42,924 - sim - INFO - Rollout 24 / 300
2024-12-11 17:19:46,860 - sim - INFO - Step 10 / 150: time per frame 0.044921
2024-12-11 17:19:47,606 - sim - INFO - Step 20 / 150: time per frame 0.044963
2024-12-11 17:19:48,396 - sim - INFO - Step 30 / 150: time per frame 0.045019
2024-12-11 17:19:49,124 - sim - INFO - Step 40 / 150: time per frame 0.044925
2024-12-11 17:19:49,890 - sim - INFO - Step 50 / 150: time per frame 0.044910
2024-12-11 17:19:50,664 - sim - INFO - Step 60 / 150: time per frame 0.044962
2024-12-11 17:19:51,435 - sim - INFO - Step 70 / 150: time per frame 0.044971
2024-12-11 17:19:52,219 - sim - INFO - Step 80 / 150: time per frame 0.045289
2024-12-11 17:19:52,985 - sim - INFO - Step 90 / 150: time per frame 0.045255
2024-12-11 17:19:53,764 - sim - INFO - Step 100 / 150: time per frame 0.045203
2024-12-11 17:19:54,528 - sim - INFO - Step 110 / 150: time per frame 0.045307
2024-12-11 17:19:55,237 - sim - INFO - Step 120 / 150: time per frame 0.045269
2024-12-11 17:19:56,033 - sim - INFO - Step 130 / 150: time per frame 0.045344
2024-12-11 17:19:56,758 - sim - INFO - Step 140 / 150: time per frame 0.045312
2024-12-11 17:19:57,486 - sim - INFO - MSE: 0.012648945381945173
2024-12-11 17:19:57,487 - sim - INFO - Materials MSE: 0.007561686899538851
2024-12-11 17:19:57,487 - sim - INFO - Time per frame: 0.04538196647489393
2024-12-11 17:19:57,490 - sim - INFO - Rollout 25 / 300
2024-12-11 17:20:02,306 - sim - INFO - Step 10 / 150: time per frame 0.047210
2024-12-11 17:20:03,094 - sim - INFO - Step 20 / 150: time per frame 0.046723
2024-12-11 17:20:03,878 - sim - INFO - Step 30 / 150: time per frame 0.046539
2024-12-11 17:20:04,631 - sim - INFO - Step 40 / 150: time per frame 0.046190
2024-12-11 17:20:05,335 - sim - INFO - Step 50 / 150: time per frame 0.045986
2024-12-11 17:20:06,121 - sim - INFO - Step 60 / 150: time per frame 0.045955
2024-12-11 17:20:06,895 - sim - INFO - Step 70 / 150: time per frame 0.045796
2024-12-11 17:20:07,659 - sim - INFO - Step 80 / 150: time per frame 0.045711
2024-12-11 17:20:08,431 - sim - INFO - Step 90 / 150: time per frame 0.045658
2024-12-11 17:20:09,185 - sim - INFO - Step 100 / 150: time per frame 0.045588
2024-12-11 17:20:09,961 - sim - INFO - Step 110 / 150: time per frame 0.045528
2024-12-11 17:20:10,740 - sim - INFO - Step 120 / 150: time per frame 0.045611
2024-12-11 17:20:11,519 - sim - INFO - Step 130 / 150: time per frame 0.045561
2024-12-11 17:20:12,303 - sim - INFO - Step 140 / 150: time per frame 0.045508
2024-12-11 17:20:13,009 - sim - INFO - MSE: 0.012832212713594698
2024-12-11 17:20:13,009 - sim - INFO - Materials MSE: 0.00912122475613734
2024-12-11 17:20:13,009 - sim - INFO - Time per frame: 0.04550617772179681
2024-12-11 17:20:13,013 - sim - INFO - Rollout 26 / 300
2024-12-11 17:20:17,386 - sim - INFO - Step 10 / 150: time per frame 0.044961
2024-12-11 17:20:18,078 - sim - INFO - Step 20 / 150: time per frame 0.046724
2024-12-11 17:20:18,729 - sim - INFO - Step 30 / 150: time per frame 0.046166
2024-12-11 17:20:19,382 - sim - INFO - Step 40 / 150: time per frame 0.045718
2024-12-11 17:20:20,019 - sim - INFO - Step 50 / 150: time per frame 0.045379
2024-12-11 17:20:20,644 - sim - INFO - Step 60 / 150: time per frame 0.045231
2024-12-11 17:20:21,320 - sim - INFO - Step 70 / 150: time per frame 0.045169
2024-12-11 17:20:21,996 - sim - INFO - Step 80 / 150: time per frame 0.045083
2024-12-11 17:20:22,632 - sim - INFO - Step 90 / 150: time per frame 0.045019
2024-12-11 17:20:23,265 - sim - INFO - Step 100 / 150: time per frame 0.044876
2024-12-11 17:20:23,920 - sim - INFO - Step 110 / 150: time per frame 0.044909
2024-12-11 17:20:24,687 - sim - INFO - Step 120 / 150: time per frame 0.045005
2024-12-11 17:20:25,410 - sim - INFO - Step 130 / 150: time per frame 0.045194
2024-12-11 17:20:26,141 - sim - INFO - Step 140 / 150: time per frame 0.045139
2024-12-11 17:20:26,773 - sim - INFO - MSE: 0.01330552921251356
2024-12-11 17:20:26,773 - sim - INFO - Materials MSE: 0.01201286274737105
2024-12-11 17:20:26,773 - sim - INFO - Time per frame: 0.045079268313742975
2024-12-11 17:20:26,776 - sim - INFO - Rollout 27 / 300
2024-12-11 17:20:31,028 - sim - INFO - Step 10 / 150: time per frame 0.043055
2024-12-11 17:20:31,714 - sim - INFO - Step 20 / 150: time per frame 0.044076
2024-12-11 17:20:32,598 - sim - INFO - Step 30 / 150: time per frame 0.044562
2024-12-11 17:20:33,358 - sim - INFO - Step 40 / 150: time per frame 0.044507
2024-12-11 17:20:34,134 - sim - INFO - Step 50 / 150: time per frame 0.044684
2024-12-11 17:20:34,867 - sim - INFO - Step 60 / 150: time per frame 0.044715
2024-12-11 17:20:35,629 - sim - INFO - Step 70 / 150: time per frame 0.044678
2024-12-11 17:20:36,337 - sim - INFO - Step 80 / 150: time per frame 0.044856
2024-12-11 17:20:37,024 - sim - INFO - Step 90 / 150: time per frame 0.044904
2024-12-11 17:20:37,819 - sim - INFO - Step 100 / 150: time per frame 0.044926
2024-12-11 17:20:38,594 - sim - INFO - Step 110 / 150: time per frame 0.044938
2024-12-11 17:20:39,375 - sim - INFO - Step 120 / 150: time per frame 0.045025
2024-12-11 17:20:40,145 - sim - INFO - Step 130 / 150: time per frame 0.044972
2024-12-11 17:20:40,966 - sim - INFO - Step 140 / 150: time per frame 0.045098
2024-12-11 17:20:41,684 - sim - INFO - MSE: 0.014382796116750187
2024-12-11 17:20:41,684 - sim - INFO - Materials MSE: 0.010202025120787021
2024-12-11 17:20:41,684 - sim - INFO - Time per frame: 0.04504274838679546
2024-12-11 17:20:41,688 - sim - INFO - Rollout 28 / 300
2024-12-11 17:20:45,476 - sim - INFO - Step 10 / 150: time per frame 0.044793
2024-12-11 17:20:46,125 - sim - INFO - Step 20 / 150: time per frame 0.044803
2024-12-11 17:20:46,798 - sim - INFO - Step 30 / 150: time per frame 0.044705
2024-12-11 17:20:47,444 - sim - INFO - Step 40 / 150: time per frame 0.044600
2024-12-11 17:20:48,095 - sim - INFO - Step 50 / 150: time per frame 0.044687
2024-12-11 17:20:48,730 - sim - INFO - Step 60 / 150: time per frame 0.044627
2024-12-11 17:20:49,380 - sim - INFO - Step 70 / 150: time per frame 0.044612
2024-12-11 17:20:50,030 - sim - INFO - Step 80 / 150: time per frame 0.044651
2024-12-11 17:20:50,707 - sim - INFO - Step 90 / 150: time per frame 0.044630
2024-12-11 17:20:51,403 - sim - INFO - Step 100 / 150: time per frame 0.044460
2024-12-11 17:20:52,172 - sim - INFO - Step 110 / 150: time per frame 0.044433
2024-12-11 17:20:52,891 - sim - INFO - Step 120 / 150: time per frame 0.044335
2024-12-11 17:20:53,732 - sim - INFO - Step 130 / 150: time per frame 0.044467
2024-12-11 17:20:54,532 - sim - INFO - Step 140 / 150: time per frame 0.044481
2024-12-11 17:20:55,186 - sim - INFO - MSE: 0.014248571787015647
2024-12-11 17:20:55,186 - sim - INFO - Materials MSE: 0.012147839803190154
2024-12-11 17:20:55,186 - sim - INFO - Time per frame: 0.04426682639766384
2024-12-11 17:20:55,190 - sim - INFO - Rollout 29 / 300
2024-12-11 17:20:59,664 - sim - INFO - Step 10 / 150: time per frame 0.044927
2024-12-11 17:21:00,373 - sim - INFO - Step 20 / 150: time per frame 0.045159
2024-12-11 17:21:01,063 - sim - INFO - Step 30 / 150: time per frame 0.044857
2024-12-11 17:21:01,782 - sim - INFO - Step 40 / 150: time per frame 0.044730
2024-12-11 17:21:02,489 - sim - INFO - Step 50 / 150: time per frame 0.044749
2024-12-11 17:21:03,218 - sim - INFO - Step 60 / 150: time per frame 0.044765
2024-12-11 17:21:03,912 - sim - INFO - Step 70 / 150: time per frame 0.044792
2024-12-11 17:21:04,598 - sim - INFO - Step 80 / 150: time per frame 0.044945
2024-12-11 17:21:05,298 - sim - INFO - Step 90 / 150: time per frame 0.045007
2024-12-11 17:21:06,050 - sim - INFO - Step 100 / 150: time per frame 0.045134
2024-12-11 17:21:06,829 - sim - INFO - Step 110 / 150: time per frame 0.044894
2024-12-11 17:21:07,668 - sim - INFO - Step 120 / 150: time per frame 0.045130
2024-12-11 17:21:08,438 - sim - INFO - Step 130 / 150: time per frame 0.045099
2024-12-11 17:21:09,271 - sim - INFO - Step 140 / 150: time per frame 0.045139
2024-12-11 17:21:09,918 - sim - INFO - MSE: 0.014002633926539968
2024-12-11 17:21:09,918 - sim - INFO - Materials MSE: 0.011246547221039717
2024-12-11 17:21:09,918 - sim - INFO - Time per frame: 0.04511777291426788
2024-12-11 17:21:09,921 - sim - INFO - Rollout 30 / 300
