2024-11-29 11:30:52,187 - sim - INFO - Namespace(checkpoint='work_dirs/tga_fix_fluidfall/epoch_3.pth', config='configs/tga/tga_fluidfall.py', debug=0, device='cuda:0', tar_rollout=-1, val_rollout=-1, work_dir='predict/tga_fix_fluidfall/')
2024-11-29 11:30:52,237 - sim - INFO - Number of parameters: 878915
2024-11-29 11:30:52,237 - sim - INFO - Loading network from work_dirs/tga_fix_fluidfall/epoch_3.pth
2024-11-29 11:30:52,961 - sim - INFO - Rollout 0 / 300
2024-11-29 11:30:54,230 - sim - INFO - Step 10 / 120: time per frame 0.049460
2024-11-29 11:30:54,306 - sim - INFO - Step 20 / 120: time per frame 0.025235
2024-11-29 11:30:54,396 - sim - INFO - Step 30 / 120: time per frame 0.017724
2024-11-29 11:30:54,495 - sim - INFO - Step 40 / 120: time per frame 0.014231
2024-11-29 11:30:54,590 - sim - INFO - Step 50 / 120: time per frame 0.012209
2024-11-29 11:30:54,685 - sim - INFO - Step 60 / 120: time per frame 0.010737
2024-11-29 11:30:54,781 - sim - INFO - Step 70 / 120: time per frame 0.009760
2024-11-29 11:30:54,878 - sim - INFO - Step 80 / 120: time per frame 0.009060
2024-11-29 11:30:55,038 - sim - INFO - Step 90 / 120: time per frame 0.008657
2024-11-29 11:30:55,125 - sim - INFO - Step 100 / 120: time per frame 0.008231
2024-11-29 11:30:55,216 - sim - INFO - Step 110 / 120: time per frame 0.007913
2024-11-29 11:30:55,302 - sim - INFO - MSE: 0.01306553168961964
2024-11-29 11:30:55,302 - sim - INFO - Materials MSE: 0.013134661486919214
2024-11-29 11:30:55,302 - sim - INFO - Time per frame: 0.007619085958448507
2024-11-29 11:30:55,303 - sim - INFO - Rollout 1 / 300
2024-11-29 11:30:56,169 - sim - INFO - Step 10 / 120: time per frame 0.003521
2024-11-29 11:30:56,262 - sim - INFO - Step 20 / 120: time per frame 0.003733
2024-11-29 11:30:56,356 - sim - INFO - Step 30 / 120: time per frame 0.003797
2024-11-29 11:30:56,449 - sim - INFO - Step 40 / 120: time per frame 0.003924
2024-11-29 11:30:56,541 - sim - INFO - Step 50 / 120: time per frame 0.003840
2024-11-29 11:30:56,661 - sim - INFO - Step 60 / 120: time per frame 0.003888
2024-11-29 11:30:56,763 - sim - INFO - Step 70 / 120: time per frame 0.003833
2024-11-29 11:30:56,871 - sim - INFO - Step 80 / 120: time per frame 0.003827
2024-11-29 11:30:56,976 - sim - INFO - Step 90 / 120: time per frame 0.003853
2024-11-29 11:30:57,092 - sim - INFO - Step 100 / 120: time per frame 0.003849
2024-11-29 11:30:57,195 - sim - INFO - Step 110 / 120: time per frame 0.003838
2024-11-29 11:30:57,289 - sim - INFO - MSE: 0.011755800707236492
2024-11-29 11:30:57,289 - sim - INFO - Materials MSE: 0.011818000710978481
2024-11-29 11:30:57,289 - sim - INFO - Time per frame: 0.0038826465606689453
2024-11-29 11:30:57,290 - sim - INFO - Rollout 2 / 300
