2025-05-09 10:24:26,291 - sim - INFO - Environment info:
------------------------------------------------------------
sys.platform: linux
Python: 3.8.20 (default, Oct  3 2024, 15:24:27) [GCC 11.2.0]
CUDA available: True
GPU 0: NVIDIA GeForce RTX 2080 Ti
CUDA_HOME: /usr/local/cuda-11.3
NVCC: Cuda compilation tools, release 11.3, V11.3.109
GCC: gcc (Ubuntu 6.5.0-2ubuntu1~16.04) 6.5.0 20181026
PyTorch: 1.12.1
PyTorch compiling details: PyTorch built with:
  - GCC 9.3
  - C++ Version: 201402
  - Intel(R) oneAPI Math Kernel Library Version 2023.1-Product Build 20230303 for Intel(R) 64 architecture applications
  - Intel(R) MKL-DNN v2.6.0 (Git Hash 52b5f107dd9cf10910aaa19cb47f3abf9b349815)
  - OpenMP 201511 (a.k.a. OpenMP 4.5)
  - LAPACK is enabled (usually provided by MKL)
  - NNPACK is enabled
  - CPU capability usage: AVX2
  - CUDA Runtime 11.3
  - NVCC architecture flags: -gencode;arch=compute_37,code=sm_37;-gencode;arch=compute_50,code=sm_50;-gencode;arch=compute_60,code=sm_60;-gencode;arch=compute_61,code=sm_61;-gencode;arch=compute_70,code=sm_70;-gencode;arch=compute_75,code=sm_75;-gencode;arch=compute_80,code=sm_80;-gencode;arch=compute_86,code=sm_86;-gencode;arch=compute_37,code=compute_37
  - CuDNN 8.3.2  (built against CUDA 11.5)
  - Magma 2.5.2
  - Build settings: BLAS_INFO=mkl, BUILD_TYPE=Release, CUDA_VERSION=11.3, CUDNN_VERSION=8.3.2, CXX_COMPILER=/opt/rh/devtoolset-9/root/usr/bin/c++, CXX_FLAGS= -fabi-version=11 -Wno-deprecated -fvisibility-inlines-hidden -DUSE_PTHREADPOOL -fopenmp -DNDEBUG -DUSE_KINETO -DUSE_FBGEMM -DUSE_QNNPACK -DUSE_PYTORCH_QNNPACK -DUSE_XNNPACK -DSYMBOLICATE_MOBILE_DEBUG_HANDLE -DEDGE_PROFILER_USE_KINETO -O2 -fPIC -Wno-narrowing -Wall -Wextra -Werror=return-type -Wno-missing-field-initializers -Wno-type-limits -Wno-array-bounds -Wno-unknown-pragmas -Wno-unused-parameter -Wno-unused-function -Wno-unused-result -Wno-unused-local-typedefs -Wno-strict-overflow -Wno-strict-aliasing -Wno-error=deprecated-declarations -Wno-stringop-overflow -Wno-psabi -Wno-error=pedantic -Wno-error=redundant-decls -Wno-error=old-style-cast -fdiagnostics-color=always -faligned-new -Wno-unused-but-set-variable -Wno-maybe-uninitialized -fno-math-errno -fno-trapping-math -Werror=format -Werror=cast-function-type -Wno-stringop-overflow, LAPACK_INFO=mkl, PERF_WITH_AVX=1, PERF_WITH_AVX2=1, PERF_WITH_AVX512=1, TORCH_VERSION=1.12.1, USE_CUDA=ON, USE_CUDNN=ON, USE_EXCEPTION_PTR=1, USE_GFLAGS=OFF, USE_GLOG=OFF, USE_MKL=ON, USE_MKLDNN=OFF, USE_MPI=OFF, USE_NCCL=ON, USE_NNPACK=ON, USE_OPENMP=ON, USE_ROCM=OFF, 

TorchVision: 0.13.1
OpenCV: 4.10.0
MMCV: 1.7.0
MMCV Compiler: GCC 9.3
MMCV CUDA Compiler: 11.3
Simulation: 0.7.0+f573658
------------------------------------------------------------

2025-05-09 10:24:26,291 - sim - INFO - Distributed training: False
2025-05-09 10:24:26,404 - sim - INFO - Config:
model = dict(
    type='ParticleSimulator',
    backbone=dict(
        type='TGA',
        attr_dim=3,
        state_dim=6,
        position_dim=3,
        embed_dim=128,
        attn_dims=(128, 128),
        attn_num_heads=(8, 8),
        gat_hidden_dims=(128, 128),
        gat_num_heads=(8, 8),
        num_layers=1,
        dropouts=(0.2, 0.2),
        output_dim=128,
        num_abs_token=2),
    head=dict(
        type='ParticleHead',
        in_channels=128,
        out_channels=3,
        seperate=False,
        rotation_dim=0,
        weighted=False,
        loss=dict(type='MSELoss', loss_weight=1.0)))
dataset_type = 'PhysicsFleXDataset'
env_cfg = dict(
    env='FluidFall',
    num_abs_token=0,
    baseline=False,
    gen_data=False,
    gen_meta=False,
    hierarchy=False,
    scene_params=[],
    eval_ratio=10000000.0,
    dataf='./data/data_FluidFall',
    n_rollout=3000,
    time_step=121,
    time_step_clip=5,
    attn_mask=8,
    dt=0.016666666666666666,
    nf_relation=300,
    nf_particle=200,
    nf_effect=200,
    train_valid_ratio=0.9,
    n_instance=1,
    n_stages=1,
    n_his=0,
    shape_state_dim=14,
    attr_dim=3,
    state_dim=6,
    position_dim=3,
    relation_dim=1,
    neighbor_radius=0.08,
    pstep=2,
    phases_dict=dict(
        instance_idx=[0, 189],
        root_num=[[]],
        instance=['fluid'],
        material=['fluid']))
data = dict(
    samples_per_gpu=8,
    workers_per_gpu=8,
    train=dict(
        type='PhysicsFleXDataset',
        phase='train',
        env_cfg=dict(
            env='FluidFall',
            num_abs_token=2,
            baseline=False,
            gen_data=False,
            gen_meta=False,
            hierarchy=False,
            scene_params=[],
            eval_ratio=10000000.0,
            dataf='./data/data_FluidFall',
            n_rollout=3000,
            time_step=121,
            time_step_clip=5,
            attn_mask=8,
            dt=0.016666666666666666,
            nf_relation=300,
            nf_particle=200,
            nf_effect=200,
            train_valid_ratio=0.9,
            n_instance=1,
            n_stages=1,
            n_his=0,
            shape_state_dim=14,
            attr_dim=3,
            state_dim=6,
            position_dim=3,
            relation_dim=1,
            neighbor_radius=0.08,
            pstep=2,
            phases_dict=dict(
                instance_idx=[0, 189],
                root_num=[[]],
                instance=['fluid'],
                material=['fluid'])),
        verbose=False),
    val=dict(
        type='PhysicsFleXDataset',
        phase='valid',
        env_cfg=dict(
            env='FluidFall',
            num_abs_token=2,
            baseline=False,
            gen_data=False,
            gen_meta=False,
            hierarchy=False,
            scene_params=[],
            eval_ratio=10000000.0,
            dataf='./data/data_FluidFall',
            n_rollout=3000,
            time_step=121,
            time_step_clip=5,
            attn_mask=8,
            dt=0.016666666666666666,
            nf_relation=300,
            nf_particle=200,
            nf_effect=200,
            train_valid_ratio=0.9,
            n_instance=1,
            n_stages=1,
            n_his=0,
            shape_state_dim=14,
            attr_dim=3,
            state_dim=6,
            position_dim=3,
            relation_dim=1,
            neighbor_radius=0.08,
            pstep=2,
            phases_dict=dict(
                instance_idx=[0, 189],
                root_num=[[]],
                instance=['fluid'],
                material=['fluid'])),
        verbose=False),
    test=dict(
        type='PhysicsFleXDataset',
        phase='valid',
        env_cfg=dict(
            env='FluidFall',
            num_abs_token=2,
            baseline=False,
            gen_data=False,
            gen_meta=False,
            hierarchy=False,
            scene_params=[],
            eval_ratio=10000000.0,
            dataf='./data/data_FluidFall',
            n_rollout=3000,
            time_step=121,
            time_step_clip=5,
            attn_mask=8,
            dt=0.016666666666666666,
            nf_relation=300,
            nf_particle=200,
            nf_effect=200,
            train_valid_ratio=0.9,
            n_instance=1,
            n_stages=1,
            n_his=0,
            shape_state_dim=14,
            attr_dim=3,
            state_dim=6,
            position_dim=3,
            relation_dim=1,
            neighbor_radius=0.08,
            pstep=2,
            phases_dict=dict(
                instance_idx=[0, 189],
                root_num=[[]],
                instance=['fluid'],
                material=['fluid'])),
        verbose=False))
optimizer = dict(
    type='Adam', lr=0.0008, betas=(0.9, 0.999), weight_decay=0, amsgrad=False)
optimizer_config = dict(grad_clip=None)
lr_config = dict(policy='Plateau', mode='min', factor=0.8, patience=3)
runner = dict(type='EpochBasedRunner', max_epochs=13)
checkpoint_config = dict(interval=1)
log_config = dict(interval=100, hooks=[dict(type='TextLoggerHook')])
dist_params = dict(backend='nccl', port='29513')
log_level = 'INFO'
load_from = None
resume_from = None
workflow = [('train', 1)]
find_unused_parameters = True
num_abs_token = 2
work_dir = 'work_dirs/graphsage_fluidfall/'
gpu_ids = range(0, 1)

2025-05-09 10:24:26,445 - sim - INFO - Model parameters: 871189
2025-05-09 10:24:27,151 - sim - INFO - Start running, host: zbl@lab601-2, work_dir: /home/zbl/sim/TIE_ECCV2022/work_dirs/graphsage_fluidfall
2025-05-09 10:24:27,151 - sim - INFO - Hooks will be executed in the following order:
before_run:
(VERY_HIGH   ) PlateauLrUpdaterHook               
(NORMAL      ) CheckpointHook                     
(VERY_LOW    ) TextLoggerHook                     
 -------------------- 
before_train_epoch:
(VERY_HIGH   ) PlateauLrUpdaterHook               
(NORMAL      ) MSEAccuracy                        
(LOW         ) IterTimerHook                      
(VERY_LOW    ) TextLoggerHook                     
 -------------------- 
before_train_iter:
(VERY_HIGH   ) PlateauLrUpdaterHook               
(LOW         ) IterTimerHook                      
 -------------------- 
after_train_iter:
(ABOVE_NORMAL) OptimizerHook                      
(NORMAL      ) CheckpointHook                     
(LOW         ) IterTimerHook                      
(VERY_LOW    ) TextLoggerHook                     
 -------------------- 
after_train_epoch:
(NORMAL      ) CheckpointHook                     
(VERY_LOW    ) TextLoggerHook                     
 -------------------- 
before_val_epoch:
(NORMAL      ) MSEAccuracy                        
(LOW         ) IterTimerHook                      
(VERY_LOW    ) TextLoggerHook                     
 -------------------- 
before_val_iter:
(LOW         ) IterTimerHook                      
 -------------------- 
after_val_iter:
(LOW         ) IterTimerHook                      
 -------------------- 
after_val_epoch:
(VERY_LOW    ) TextLoggerHook                     
 -------------------- 
after_run:
(VERY_LOW    ) TextLoggerHook                     
 -------------------- 
2025-05-09 10:24:27,151 - sim - INFO - workflow: [('train', 1)], max: 13 epochs
2025-05-09 10:24:27,151 - sim - INFO - Checkpoints will be saved to /home/zbl/sim/TIE_ECCV2022/work_dirs/graphsage_fluidfall by HardDiskBackend.
2025-05-09 10:24:34,665 - sim - INFO - Epoch [1][100/40500]	lr: 8.000e-04, eta: 10:59:05, time: 0.075, data_time: 0.032, memory: 438, loss: 0.2833, Batch std: 0.4559, Agg std: 0.5616
2025-05-09 10:24:38,948 - sim - INFO - Epoch [1][200/40500]	lr: 8.000e-04, eta: 8:37:18, time: 0.043, data_time: 0.003, memory: 438, loss: 0.2064, Batch std: 0.3952, Agg std: 0.4381
2025-05-09 10:24:43,248 - sim - INFO - Epoch [1][300/40500]	lr: 8.000e-04, eta: 7:50:28, time: 0.043, data_time: 0.003, memory: 438, loss: 0.2056, Batch std: 0.3908, Agg std: 0.4187
2025-05-09 10:24:47,549 - sim - INFO - Epoch [1][400/40500]	lr: 8.000e-04, eta: 7:27:04, time: 0.043, data_time: 0.003, memory: 438, loss: 0.1726, Batch std: 0.3585, Agg std: 0.4069
2025-05-09 10:24:51,815 - sim - INFO - Epoch [1][500/40500]	lr: 8.000e-04, eta: 7:12:22, time: 0.043, data_time: 0.003, memory: 438, loss: 0.1792, Batch std: 0.3663, Agg std: 0.3962
2025-05-09 10:24:56,082 - sim - INFO - Epoch [1][600/40500]	lr: 8.000e-04, eta: 7:02:34, time: 0.043, data_time: 0.003, memory: 438, loss: 0.1785, Batch std: 0.3665, Agg std: 0.3918
2025-05-09 10:25:00,394 - sim - INFO - Epoch [1][700/40500]	lr: 8.000e-04, eta: 6:56:07, time: 0.043, data_time: 0.003, memory: 438, loss: 0.1702, Batch std: 0.3546, Agg std: 0.3859
2025-05-09 10:25:04,687 - sim - INFO - Epoch [1][800/40500]	lr: 8.000e-04, eta: 6:51:02, time: 0.043, data_time: 0.003, memory: 438, loss: 0.1749, Batch std: 0.3635, Agg std: 0.3826
2025-05-09 10:25:09,029 - sim - INFO - Epoch [1][900/40500]	lr: 8.000e-04, eta: 6:47:33, time: 0.043, data_time: 0.003, memory: 438, loss: 0.1754, Batch std: 0.3624, Agg std: 0.3805
2025-05-09 10:25:13,369 - sim - INFO - Epoch [1][1000/40500]	lr: 8.000e-04, eta: 6:44:44, time: 0.043, data_time: 0.003, memory: 438, loss: 0.1710, Batch std: 0.3567, Agg std: 0.3785
2025-05-09 10:25:17,671 - sim - INFO - Epoch [1][1100/40500]	lr: 8.000e-04, eta: 6:42:07, time: 0.043, data_time: 0.003, memory: 438, loss: 0.1863, Batch std: 0.3663, Agg std: 0.3769
2025-05-09 10:25:22,037 - sim - INFO - Epoch [1][1200/40500]	lr: 8.000e-04, eta: 6:40:23, time: 0.044, data_time: 0.003, memory: 438, loss: 0.1753, Batch std: 0.3572, Agg std: 0.3752
2025-05-09 10:25:26,403 - sim - INFO - Epoch [1][1300/40500]	lr: 8.000e-04, eta: 6:38:55, time: 0.044, data_time: 0.003, memory: 438, loss: 0.1844, Batch std: 0.3707, Agg std: 0.3746
